<?xml version="1.0" encoding="UTF-8"?>
<testsuite xmlns:xsi="http://www.w3.org/2001/XMLSchema-instance" xsi:noNamespaceSchemaLocation="https://maven.apache.org/surefire/maven-failsafe-plugin/xsd/failsafe-test-report-3.0.xsd" version="3.0" name="starter.CucumberTestSuite" time="38.076" tests="3" errors="0" skipped="0" failures="0">
  <properties>
    <property name="java.specification.version" value="19"/>
    <property name="webdriver.chrome.driver" value="src/test/resources/webdriver/chromedriver"/>
    <property name="sun.jnu.encoding" value="UTF-8"/>
    <property name="java.class.path" value="/Users/masgilang/Downloads/Prioritas1WebTestSerenity/target/test-classes:/Users/masgilang/.m2/repository/net/serenity-bdd/serenity-core/3.6.21/serenity-core-3.6.21.jar:/Users/masgilang/.m2/repository/net/serenity-bdd/serenity-model/3.6.21/serenity-model-3.6.21.jar:/Users/masgilang/.m2/repository/org/apache/commons/commons-text/1.10.0/commons-text-1.10.0.jar:/Users/masgilang/.m2/repository/commons-net/commons-net/3.9.0/commons-net-3.9.0.jar:/Users/masgilang/.m2/repository/com/google/guava/guava/31.1-jre/guava-31.1-jre.jar:/Users/masgilang/.m2/repository/com/google/guava/failureaccess/1.0.1/failureaccess-1.0.1.jar:/Users/masgilang/.m2/repository/com/google/guava/listenablefuture/9999.0-empty-to-avoid-conflict-with-guava/listenablefuture-9999.0-empty-to-avoid-conflict-with-guava.jar:/Users/masgilang/.m2/repository/com/google/code/findbugs/jsr305/3.0.2/jsr305-3.0.2.jar:/Users/masgilang/.m2/repository/org/checkerframework/checker-qual/3.12.0/checker-qual-3.12.0.jar:/Users/masgilang/.m2/repository/com/google/errorprone/error_prone_annotations/2.11.0/error_prone_annotations-2.11.0.jar:/Users/masgilang/.m2/repository/com/google/j2objc/j2objc-annotations/1.3/j2objc-annotations-1.3.jar:/Users/masgilang/.m2/repository/com/google/inject/guice/5.1.0/guice-5.1.0.jar:/Users/masgilang/.m2/repository/javax/inject/javax.inject/1/javax.inject-1.jar:/Users/masgilang/.m2/repository/aopalliance/aopalliance/1.0/aopalliance-1.0.jar:/Users/masgilang/.m2/repository/org/jsoup/jsoup/1.14.3/jsoup-1.14.3.jar:/Users/masgilang/.m2/repository/com/thoughtworks/xstream/xstream/1.4.20/xstream-1.4.20.jar:/Users/masgilang/.m2/repository/io/github/x-stream/mxparser/1.2.2/mxparser-1.2.2.jar:/Users/masgilang/.m2/repository/xmlpull/xmlpull/1.1.3.1/xmlpull-1.1.3.1.jar:/Users/masgilang/.m2/repository/com/typesafe/config/1.4.2/config-1.4.2.jar:/Users/masgilang/.m2/repository/org/imgscalr/imgscalr-lib/4.2/imgscalr-lib-4.2.jar:/Users/masgilang/.m2/repository/org/awaitility/awaitility/4.2.0/awaitility-4.2.0.jar:/Users/masgilang/.m2/repository/org/freemarker/freemarker/2.3.31/freemarker-2.3.31.jar:/Users/masgilang/.m2/repository/io/github/classgraph/classgraph/4.8.138/classgraph-4.8.138.jar:/Users/masgilang/.m2/repository/net/sourceforge/jexcelapi/jxl/2.6.12/jxl-2.6.12.jar:/Users/masgilang/.m2/repository/net/bytebuddy/byte-buddy-agent/1.14.2/byte-buddy-agent-1.14.2.jar:/Users/masgilang/.m2/repository/org/objenesis/objenesis/3.3/objenesis-3.3.jar:/Users/masgilang/.m2/repository/net/serenity-bdd/serenity-reports/3.6.21/serenity-reports-3.6.21.jar:/Users/masgilang/.m2/repository/net/serenity-bdd/serenity-stats/3.6.21/serenity-stats-3.6.21.jar:/Users/masgilang/.m2/repository/net/serenity-bdd/serenity-reports-configuration/3.6.21/serenity-reports-configuration-3.6.21.jar:/Users/masgilang/.m2/repository/com/vladsch/flexmark/flexmark-all/0.62.2/flexmark-all-0.62.2.jar:/Users/masgilang/.m2/repository/com/vladsch/flexmark/flexmark/0.62.2/flexmark-0.62.2.jar:/Users/masgilang/.m2/repository/com/vladsch/flexmark/flexmark-ext-abbreviation/0.62.2/flexmark-ext-abbreviation-0.62.2.jar:/Users/masgilang/.m2/repository/com/vladsch/flexmark/flexmark-util/0.62.2/flexmark-util-0.62.2.jar:/Users/masgilang/.m2/repository/com/vladsch/flexmark/flexmark-ext-admonition/0.62.2/flexmark-ext-admonition-0.62.2.jar:/Users/masgilang/.m2/repository/com/vladsch/flexmark/flexmark-ext-anchorlink/0.62.2/flexmark-ext-anchorlink-0.62.2.jar:/Users/masgilang/.m2/repository/com/vladsch/flexmark/flexmark-ext-aside/0.62.2/flexmark-ext-aside-0.62.2.jar:/Users/masgilang/.m2/repository/com/vladsch/flexmark/flexmark-ext-attributes/0.62.2/flexmark-ext-attributes-0.62.2.jar:/Users/masgilang/.m2/repository/com/vladsch/flexmark/flexmark-ext-autolink/0.62.2/flexmark-ext-autolink-0.62.2.jar:/Users/masgilang/.m2/repository/org/nibor/autolink/autolink/0.6.0/autolink-0.6.0.jar:/Users/masgilang/.m2/repository/com/vladsch/flexmark/flexmark-ext-definition/0.62.2/flexmark-ext-definition-0.62.2.jar:/Users/masgilang/.m2/repository/com/vladsch/flexmark/flexmark-ext-emoji/0.62.2/flexmark-ext-emoji-0.62.2.jar:/Users/masgilang/.m2/repository/com/vladsch/flexmark/flexmark-ext-enumerated-reference/0.62.2/flexmark-ext-enumerated-reference-0.62.2.jar:/Users/masgilang/.m2/repository/com/vladsch/flexmark/flexmark-ext-escaped-character/0.62.2/flexmark-ext-escaped-character-0.62.2.jar:/Users/masgilang/.m2/repository/com/vladsch/flexmark/flexmark-ext-footnotes/0.62.2/flexmark-ext-footnotes-0.62.2.jar:/Users/masgilang/.m2/repository/com/vladsch/flexmark/flexmark-ext-gfm-issues/0.62.2/flexmark-ext-gfm-issues-0.62.2.jar:/Users/masgilang/.m2/repository/com/vladsch/flexmark/flexmark-ext-gfm-strikethrough/0.62.2/flexmark-ext-gfm-strikethrough-0.62.2.jar:/Users/masgilang/.m2/repository/com/vladsch/flexmark/flexmark-ext-gfm-tasklist/0.62.2/flexmark-ext-gfm-tasklist-0.62.2.jar:/Users/masgilang/.m2/repository/com/vladsch/flexmark/flexmark-ext-gfm-users/0.62.2/flexmark-ext-gfm-users-0.62.2.jar:/Users/masgilang/.m2/repository/com/vladsch/flexmark/flexmark-ext-gitlab/0.62.2/flexmark-ext-gitlab-0.62.2.jar:/Users/masgilang/.m2/repository/com/vladsch/flexmark/flexmark-ext-jekyll-front-matter/0.62.2/flexmark-ext-jekyll-front-matter-0.62.2.jar:/Users/masgilang/.m2/repository/com/vladsch/flexmark/flexmark-ext-jekyll-tag/0.62.2/flexmark-ext-jekyll-tag-0.62.2.jar:/Users/masgilang/.m2/repository/com/vladsch/flexmark/flexmark-ext-media-tags/0.62.2/flexmark-ext-media-tags-0.62.2.jar:/Users/masgilang/.m2/repository/com/vladsch/flexmark/flexmark-ext-macros/0.62.2/flexmark-ext-macros-0.62.2.jar:/Users/masgilang/.m2/repository/com/vladsch/flexmark/flexmark-ext-ins/0.62.2/flexmark-ext-ins-0.62.2.jar:/Users/masgilang/.m2/repository/com/vladsch/flexmark/flexmark-ext-xwiki-macros/0.62.2/flexmark-ext-xwiki-macros-0.62.2.jar:/Users/masgilang/.m2/repository/com/vladsch/flexmark/flexmark-ext-superscript/0.62.2/flexmark-ext-superscript-0.62.2.jar:/Users/masgilang/.m2/repository/com/vladsch/flexmark/flexmark-ext-tables/0.62.2/flexmark-ext-tables-0.62.2.jar:/Users/masgilang/.m2/repository/com/vladsch/flexmark/flexmark-ext-toc/0.62.2/flexmark-ext-toc-0.62.2.jar:/Users/masgilang/.m2/repository/com/vladsch/flexmark/flexmark-ext-typographic/0.62.2/flexmark-ext-typographic-0.62.2.jar:/Users/masgilang/.m2/repository/com/vladsch/flexmark/flexmark-ext-wikilink/0.62.2/flexmark-ext-wikilink-0.62.2.jar:/Users/masgilang/.m2/repository/com/vladsch/flexmark/flexmark-ext-yaml-front-matter/0.62.2/flexmark-ext-yaml-front-matter-0.62.2.jar:/Users/masgilang/.m2/repository/com/vladsch/flexmark/flexmark-ext-youtube-embedded/0.62.2/flexmark-ext-youtube-embedded-0.62.2.jar:/Users/masgilang/.m2/repository/com/vladsch/flexmark/flexmark-html2md-converter/0.62.2/flexmark-html2md-converter-0.62.2.jar:/Users/masgilang/.m2/repository/com/vladsch/flexmark/flexmark-jira-converter/0.62.2/flexmark-jira-converter-0.62.2.jar:/Users/masgilang/.m2/repository/com/vladsch/flexmark/flexmark-pdf-converter/0.62.2/flexmark-pdf-converter-0.62.2.jar:/Users/masgilang/.m2/repository/com/openhtmltopdf/openhtmltopdf-core/1.0.0/openhtmltopdf-core-1.0.0.jar:/Users/masgilang/.m2/repository/com/openhtmltopdf/openhtmltopdf-pdfbox/1.0.0/openhtmltopdf-pdfbox-1.0.0.jar:/Users/masgilang/.m2/repository/org/apache/pdfbox/pdfbox/2.0.16/pdfbox-2.0.16.jar:/Users/masgilang/.m2/repository/org/apache/pdfbox/fontbox/2.0.16/fontbox-2.0.16.jar:/Users/masgilang/.m2/repository/org/apache/pdfbox/xmpbox/2.0.16/xmpbox-2.0.16.jar:/Users/masgilang/.m2/repository/de/rototor/pdfbox/graphics2d/0.24/graphics2d-0.24.jar:/Users/masgilang/.m2/repository/com/openhtmltopdf/openhtmltopdf-rtl-support/1.0.0/openhtmltopdf-rtl-support-1.0.0.jar:/Users/masgilang/.m2/repository/com/openhtmltopdf/openhtmltopdf-jsoup-dom-converter/1.0.0/openhtmltopdf-jsoup-dom-converter-1.0.0.jar:/Users/masgilang/.m2/repository/com/vladsch/flexmark/flexmark-profile-pegdown/0.62.2/flexmark-profile-pegdown-0.62.2.jar:/Users/masgilang/.m2/repository/com/vladsch/flexmark/flexmark-util-ast/0.62.2/flexmark-util-ast-0.62.2.jar:/Users/masgilang/.m2/repository/com/vladsch/flexmark/flexmark-util-builder/0.62.2/flexmark-util-builder-0.62.2.jar:/Users/masgilang/.m2/repository/com/vladsch/flexmark/flexmark-util-collection/0.62.2/flexmark-util-collection-0.62.2.jar:/Users/masgilang/.m2/repository/com/vladsch/flexmark/flexmark-util-data/0.62.2/flexmark-util-data-0.62.2.jar:/Users/masgilang/.m2/repository/com/vladsch/flexmark/flexmark-util-dependency/0.62.2/flexmark-util-dependency-0.62.2.jar:/Users/masgilang/.m2/repository/com/vladsch/flexmark/flexmark-util-format/0.62.2/flexmark-util-format-0.62.2.jar:/Users/masgilang/.m2/repository/com/vladsch/flexmark/flexmark-util-html/0.62.2/flexmark-util-html-0.62.2.jar:/Users/masgilang/.m2/repository/com/vladsch/flexmark/flexmark-util-misc/0.62.2/flexmark-util-misc-0.62.2.jar:/Users/masgilang/.m2/repository/com/vladsch/flexmark/flexmark-util-options/0.62.2/flexmark-util-options-0.62.2.jar:/Users/masgilang/.m2/repository/com/vladsch/flexmark/flexmark-util-sequence/0.62.2/flexmark-util-sequence-0.62.2.jar:/Users/masgilang/.m2/repository/com/vladsch/flexmark/flexmark-util-visitor/0.62.2/flexmark-util-visitor-0.62.2.jar:/Users/masgilang/.m2/repository/com/vladsch/flexmark/flexmark-youtrack-converter/0.62.2/flexmark-youtrack-converter-0.62.2.jar:/Users/masgilang/.m2/repository/com/ibm/icu/icu4j/72.1/icu4j-72.1.jar:/Users/masgilang/.m2/repository/es/nitaur/markdown/txtmark/0.16/txtmark-0.16.jar:/Users/masgilang/.m2/repository/net/serenity-bdd/serenity-report-resources/3.6.21/serenity-report-resources-3.6.21.jar:/Users/masgilang/.m2/repository/com/google/code/gson/gson/2.10.1/gson-2.10.1.jar:/Users/masgilang/.m2/repository/com/fasterxml/jackson/core/jackson-core/2.15.0-rc1/jackson-core-2.15.0-rc1.jar:/Users/masgilang/.m2/repository/com/fasterxml/jackson/core/jackson-databind/2.15.0-rc1/jackson-databind-2.15.0-rc1.jar:/Users/masgilang/.m2/repository/com/fasterxml/jackson/core/jackson-annotations/2.15.0-rc1/jackson-annotations-2.15.0-rc1.jar:/Users/masgilang/.m2/repository/commons-codec/commons-codec/1.15/commons-codec-1.15.jar:/Users/masgilang/.m2/repository/commons-io/commons-io/2.11.0/commons-io-2.11.0.jar:/Users/masgilang/.m2/repository/org/apache/httpcomponents/httpclient/4.5.13/httpclient-4.5.13.jar:/Users/masgilang/.m2/repository/org/apache/httpcomponents/httpcore/4.4.13/httpcore-4.4.13.jar:/Users/masgilang/.m2/repository/commons-logging/commons-logging/1.2/commons-logging-1.2.jar:/Users/masgilang/.m2/repository/org/seleniumhq/selenium/selenium-java/4.8.1/selenium-java-4.8.1.jar:/Users/masgilang/.m2/repository/org/seleniumhq/selenium/selenium-devtools-v108/4.8.1/selenium-devtools-v108-4.8.1.jar:/Users/masgilang/.m2/repository/org/seleniumhq/selenium/selenium-devtools-v109/4.8.1/selenium-devtools-v109-4.8.1.jar:/Users/masgilang/.m2/repository/org/seleniumhq/selenium/selenium-devtools-v110/4.8.1/selenium-devtools-v110-4.8.1.jar:/Users/masgilang/.m2/repository/org/seleniumhq/selenium/selenium-devtools-v85/4.8.1/selenium-devtools-v85-4.8.1.jar:/Users/masgilang/.m2/repository/org/seleniumhq/selenium/selenium-remote-driver/4.8.1/selenium-remote-driver-4.8.1.jar:/Users/masgilang/.m2/repository/com/beust/jcommander/1.82/jcommander-1.82.jar:/Users/masgilang/.m2/repository/io/netty/netty-buffer/4.1.87.Final/netty-buffer-4.1.87.Final.jar:/Users/masgilang/.m2/repository/io/netty/netty-codec-http/4.1.87.Final/netty-codec-http-4.1.87.Final.jar:/Users/masgilang/.m2/repository/io/netty/netty-codec/4.1.87.Final/netty-codec-4.1.87.Final.jar:/Users/masgilang/.m2/repository/io/netty/netty-handler/4.1.87.Final/netty-handler-4.1.87.Final.jar:/Users/masgilang/.m2/repository/io/netty/netty-common/4.1.87.Final/netty-common-4.1.87.Final.jar:/Users/masgilang/.m2/repository/io/netty/netty-transport-classes-epoll/4.1.87.Final/netty-transport-classes-epoll-4.1.87.Final.jar:/Users/masgilang/.m2/repository/io/netty/netty-transport-classes-kqueue/4.1.87.Final/netty-transport-classes-kqueue-4.1.87.Final.jar:/Users/masgilang/.m2/repository/io/netty/netty-transport-native-epoll/4.1.87.Final/netty-transport-native-epoll-4.1.87.Final.jar:/Users/masgilang/.m2/repository/io/netty/netty-transport-native-kqueue/4.1.87.Final/netty-transport-native-kqueue-4.1.87.Final.jar:/Users/masgilang/.m2/repository/io/netty/netty-transport-native-unix-common/4.1.87.Final/netty-transport-native-unix-common-4.1.87.Final.jar:/Users/masgilang/.m2/repository/io/netty/netty-transport/4.1.87.Final/netty-transport-4.1.87.Final.jar:/Users/masgilang/.m2/repository/io/netty/netty-resolver/4.1.87.Final/netty-resolver-4.1.87.Final.jar:/Users/masgilang/.m2/repository/io/opentelemetry/opentelemetry-api/1.22.0/opentelemetry-api-1.22.0.jar:/Users/masgilang/.m2/repository/io/opentelemetry/opentelemetry-context/1.22.0/opentelemetry-context-1.22.0.jar:/Users/masgilang/.m2/repository/io/opentelemetry/opentelemetry-exporter-logging/1.22.0/opentelemetry-exporter-logging-1.22.0.jar:/Users/masgilang/.m2/repository/io/opentelemetry/opentelemetry-sdk-metrics/1.22.0/opentelemetry-sdk-metrics-1.22.0.jar:/Users/masgilang/.m2/repository/io/opentelemetry/opentelemetry-sdk-logs/1.22.0-alpha/opentelemetry-sdk-logs-1.22.0-alpha.jar:/Users/masgilang/.m2/repository/io/opentelemetry/opentelemetry-api-logs/1.22.0-alpha/opentelemetry-api-logs-1.22.0-alpha.jar:/Users/masgilang/.m2/repository/io/opentelemetry/opentelemetry-sdk-common/1.22.0/opentelemetry-sdk-common-1.22.0.jar:/Users/masgilang/.m2/repository/io/opentelemetry/opentelemetry-sdk-extension-autoconfigure-spi/1.22.0/opentelemetry-sdk-extension-autoconfigure-spi-1.22.0.jar:/Users/masgilang/.m2/repository/io/opentelemetry/opentelemetry-sdk-extension-autoconfigure/1.22.0-alpha/opentelemetry-sdk-extension-autoconfigure-1.22.0-alpha.jar:/Users/masgilang/.m2/repository/io/opentelemetry/opentelemetry-sdk-trace/1.22.0/opentelemetry-sdk-trace-1.22.0.jar:/Users/masgilang/.m2/repository/io/opentelemetry/opentelemetry-sdk/1.22.0/opentelemetry-sdk-1.22.0.jar:/Users/masgilang/.m2/repository/io/opentelemetry/opentelemetry-semconv/1.22.0-alpha/opentelemetry-semconv-1.22.0-alpha.jar:/Users/masgilang/.m2/repository/io/ous/jtoml/2.0.0/jtoml-2.0.0.jar:/Users/masgilang/.m2/repository/org/apache/commons/commons-exec/1.3/commons-exec-1.3.jar:/Users/masgilang/.m2/repository/org/asynchttpclient/async-http-client/2.12.3/async-http-client-2.12.3.jar:/Users/masgilang/.m2/repository/org/asynchttpclient/async-http-client-netty-utils/2.12.3/async-http-client-netty-utils-2.12.3.jar:/Users/masgilang/.m2/repository/io/netty/netty-codec-socks/4.1.60.Final/netty-codec-socks-4.1.60.Final.jar:/Users/masgilang/.m2/repository/io/netty/netty-handler-proxy/4.1.60.Final/netty-handler-proxy-4.1.60.Final.jar:/Users/masgilang/.m2/repository/io/netty/netty-transport-native-epoll/4.1.60.Final/netty-transport-native-epoll-4.1.60.Final-linux-x86_64.jar:/Users/masgilang/.m2/repository/io/netty/netty-transport-native-kqueue/4.1.60.Final/netty-transport-native-kqueue-4.1.60.Final-osx-x86_64.jar:/Users/masgilang/.m2/repository/org/reactivestreams/reactive-streams/1.0.3/reactive-streams-1.0.3.jar:/Users/masgilang/.m2/repository/com/typesafe/netty/netty-reactive-streams/2.0.4/netty-reactive-streams-2.0.4.jar:/Users/masgilang/.m2/repository/org/seleniumhq/selenium/selenium-manager/4.8.1/selenium-manager-4.8.1.jar:/Users/masgilang/.m2/repository/org/seleniumhq/selenium/selenium-safari-driver/4.8.1/selenium-safari-driver-4.8.1.jar:/Users/masgilang/.m2/repository/org/seleniumhq/selenium/selenium-api/4.8.1/selenium-api-4.8.1.jar:/Users/masgilang/.m2/repository/org/seleniumhq/selenium/selenium-support/4.8.1/selenium-support-4.8.1.jar:/Users/masgilang/.m2/repository/com/google/auto/service/auto-service-annotations/1.0.1/auto-service-annotations-1.0.1.jar:/Users/masgilang/.m2/repository/com/google/auto/service/auto-service/1.0.1/auto-service-1.0.1.jar:/Users/masgilang/.m2/repository/com/google/auto/auto-common/1.2/auto-common-1.2.jar:/Users/masgilang/.m2/repository/org/seleniumhq/selenium/selenium-json/4.8.1/selenium-json-4.8.1.jar:/Users/masgilang/.m2/repository/org/seleniumhq/selenium/selenium-chrome-driver/4.8.1/selenium-chrome-driver-4.8.1.jar:/Users/masgilang/.m2/repository/org/seleniumhq/selenium/selenium-chromium-driver/4.8.1/selenium-chromium-driver-4.8.1.jar:/Users/masgilang/.m2/repository/org/seleniumhq/selenium/selenium-firefox-driver/4.8.1/selenium-firefox-driver-4.8.1.jar:/Users/masgilang/.m2/repository/org/seleniumhq/selenium/selenium-http/4.8.1/selenium-http-4.8.1.jar:/Users/masgilang/.m2/repository/dev/failsafe/failsafe/3.3.0/failsafe-3.3.0.jar:/Users/masgilang/.m2/repository/org/seleniumhq/selenium/selenium-edge-driver/4.8.1/selenium-edge-driver-4.8.1.jar:/Users/masgilang/.m2/repository/org/seleniumhq/selenium/selenium-ie-driver/4.8.1/selenium-ie-driver-4.8.1.jar:/Users/masgilang/.m2/repository/org/projectlombok/lombok/1.18.20/lombok-1.18.20.jar:/Users/masgilang/.m2/repository/io/appium/java-client/8.3.0/java-client-8.3.0.jar:/Users/masgilang/.m2/repository/commons-validator/commons-validator/1.7/commons-validator-1.7.jar:/Users/masgilang/.m2/repository/commons-digester/commons-digester/2.1/commons-digester-2.1.jar:/Users/masgilang/.m2/repository/org/apache/groovy/groovy/4.0.10/groovy-4.0.10.jar:/Users/masgilang/.m2/repository/net/sf/opencsv/opencsv/2.0/opencsv-2.0.jar:/Users/masgilang/.m2/repository/commons-beanutils/commons-beanutils/1.9.4/commons-beanutils-1.9.4.jar:/Users/masgilang/.m2/repository/org/apache/commons/commons-lang3/3.12.0/commons-lang3-3.12.0.jar:/Users/masgilang/.m2/repository/commons-collections/commons-collections/3.2.2/commons-collections-3.2.2.jar:/Users/masgilang/.m2/repository/org/fluentlenium/fluentlenium-core/0.10.2/fluentlenium-core-0.10.2.jar:/Users/masgilang/.m2/repository/io/github/bonigarcia/webdrivermanager/5.3.0/webdrivermanager-5.3.0.jar:/Users/masgilang/.m2/repository/com/github/docker-java/docker-java/3.2.13/docker-java-3.2.13.jar:/Users/masgilang/.m2/repository/com/github/docker-java/docker-java-core/3.2.13/docker-java-core-3.2.13.jar:/Users/masgilang/.m2/repository/com/github/docker-java/docker-java-api/3.2.13/docker-java-api-3.2.13.jar:/Users/masgilang/.m2/repository/org/apache/commons/commons-compress/1.21/commons-compress-1.21.jar:/Users/masgilang/.m2/repository/org/bouncycastle/bcpkix-jdk15on/1.64/bcpkix-jdk15on-1.64.jar:/Users/masgilang/.m2/repository/org/bouncycastle/bcprov-jdk15on/1.64/bcprov-jdk15on-1.64.jar:/Users/masgilang/.m2/repository/org/slf4j/jcl-over-slf4j/1.7.30/jcl-over-slf4j-1.7.30.jar:/Users/masgilang/.m2/repository/com/github/docker-java/docker-java-transport-httpclient5/3.2.13/docker-java-transport-httpclient5-3.2.13.jar:/Users/masgilang/.m2/repository/com/github/docker-java/docker-java-transport/3.2.13/docker-java-transport-3.2.13.jar:/Users/masgilang/.m2/repository/net/java/dev/jna/jna/5.8.0/jna-5.8.0.jar:/Users/masgilang/.m2/repository/org/brotli/dec/0.1.2/dec-0.1.2.jar:/Users/masgilang/.m2/repository/org/apache/httpcomponents/client5/httpclient5/5.1.3/httpclient5-5.1.3.jar:/Users/masgilang/.m2/repository/org/apache/httpcomponents/core5/httpcore5/5.1.3/httpcore5-5.1.3.jar:/Users/masgilang/.m2/repository/org/apache/httpcomponents/core5/httpcore5-h2/5.1.3/httpcore5-h2-5.1.3.jar:/Users/masgilang/.m2/repository/com/jhlabs/filters/2.0.235/filters-2.0.235.jar:/Users/masgilang/.m2/repository/com/paulhammant/ngwebdriver/1.1.6/ngwebdriver-1.1.6.jar:/Users/masgilang/.m2/repository/joda-time/joda-time/2.12.2/joda-time-2.12.2.jar:/Users/masgilang/.m2/repository/org/hamcrest/hamcrest/2.2/hamcrest-2.2.jar:/Users/masgilang/.m2/repository/com/google/jimfs/jimfs/1.2/jimfs-1.2.jar:/Users/masgilang/.m2/repository/org/mockito/mockito-core/3.3.3/mockito-core-3.3.3.jar:/Users/masgilang/.m2/repository/javax/xml/bind/jaxb-api/2.3.1/jaxb-api-2.3.1.jar:/Users/masgilang/.m2/repository/javax/activation/javax.activation-api/1.2.0/javax.activation-api-1.2.0.jar:/Users/masgilang/.m2/repository/com/sun/xml/bind/jaxb-core/2.3.0.1/jaxb-core-2.3.0.1.jar:/Users/masgilang/.m2/repository/com/sun/xml/bind/jaxb-impl/2.3.3/jaxb-impl-2.3.3.jar:/Users/masgilang/.m2/repository/jakarta/xml/bind/jakarta.xml.bind-api/2.3.3/jakarta.xml.bind-api-2.3.3.jar:/Users/masgilang/.m2/repository/com/sun/activation/jakarta.activation/1.2.2/jakarta.activation-1.2.2.jar:/Users/masgilang/.m2/repository/javax/activation/activation/1.1.1/activation-1.1.1.jar:/Users/masgilang/.m2/repository/net/serenity-bdd/serenity-cucumber/3.6.21/serenity-cucumber-3.6.21.jar:/Users/masgilang/.m2/repository/io/cucumber/cucumber-core/7.11.0/cucumber-core-7.11.0.jar:/Users/masgilang/.m2/repository/io/cucumber/cucumber-gherkin/7.11.0/cucumber-gherkin-7.11.0.jar:/Users/masgilang/.m2/repository/io/cucumber/cucumber-gherkin-messages/7.11.0/cucumber-gherkin-messages-7.11.0.jar:/Users/masgilang/.m2/repository/io/cucumber/gherkin/26.0.3/gherkin-26.0.3.jar:/Users/masgilang/.m2/repository/io/cucumber/messages/21.0.1/messages-21.0.1.jar:/Users/masgilang/.m2/repository/io/cucumber/tag-expressions/5.0.1/tag-expressions-5.0.1.jar:/Users/masgilang/.m2/repository/io/cucumber/cucumber-expressions/16.1.1/cucumber-expressions-16.1.1.jar:/Users/masgilang/.m2/repository/io/cucumber/datatable/7.11.0/datatable-7.11.0.jar:/Users/masgilang/.m2/repository/io/cucumber/cucumber-plugin/7.11.0/cucumber-plugin-7.11.0.jar:/Users/masgilang/.m2/repository/io/cucumber/docstring/7.11.0/docstring-7.11.0.jar:/Users/masgilang/.m2/repository/io/cucumber/html-formatter/20.2.1/html-formatter-20.2.1.jar:/Users/masgilang/.m2/repository/io/cucumber/junit-xml-formatter/0.1.0/junit-xml-formatter-0.1.0.jar:/Users/masgilang/.m2/repository/io/cucumber/ci-environment/9.1.0/ci-environment-9.1.0.jar:/Users/masgilang/.m2/repository/io/cucumber/cucumber-java/7.11.0/cucumber-java-7.11.0.jar:/Users/masgilang/.m2/repository/io/cucumber/cucumber-junit/7.11.0/cucumber-junit-7.11.0.jar:/Users/masgilang/.m2/repository/org/apache/commons/commons-csv/1.5/commons-csv-1.5.jar:/Users/masgilang/.m2/repository/net/serenity-bdd/serenity-screenplay/3.6.21/serenity-screenplay-3.6.21.jar:/Users/masgilang/.m2/repository/net/serenity-bdd/serenity-screenplay-webdriver/3.6.21/serenity-screenplay-webdriver-3.6.21.jar:/Users/masgilang/.m2/repository/net/serenity-bdd/serenity-ensure/3.6.21/serenity-ensure-3.6.21.jar:/Users/masgilang/.m2/repository/net/serenity-bdd/serenity-junit/3.6.21/serenity-junit-3.6.21.jar:/Users/masgilang/.m2/repository/org/jetbrains/kotlin/kotlin-stdlib/1.8.10/kotlin-stdlib-1.8.10.jar:/Users/masgilang/.m2/repository/org/jetbrains/kotlin/kotlin-stdlib-common/1.8.10/kotlin-stdlib-common-1.8.10.jar:/Users/masgilang/.m2/repository/org/jetbrains/annotations/13.0/annotations-13.0.jar:/Users/masgilang/.m2/repository/org/junit/platform/junit-platform-launcher/1.8.2/junit-platform-launcher-1.8.2.jar:/Users/masgilang/.m2/repository/org/junit/platform/junit-platform-engine/1.8.2/junit-platform-engine-1.8.2.jar:/Users/masgilang/.m2/repository/org/opentest4j/opentest4j/1.2.0/opentest4j-1.2.0.jar:/Users/masgilang/.m2/repository/org/junit/platform/junit-platform-commons/1.8.2/junit-platform-commons-1.8.2.jar:/Users/masgilang/.m2/repository/org/apiguardian/apiguardian-api/1.1.2/apiguardian-api-1.1.2.jar:/Users/masgilang/.m2/repository/org/junit/jupiter/junit-jupiter-engine/5.8.2/junit-jupiter-engine-5.8.2.jar:/Users/masgilang/.m2/repository/org/junit/jupiter/junit-jupiter-api/5.8.2/junit-jupiter-api-5.8.2.jar:/Users/masgilang/.m2/repository/org/junit/vintage/junit-vintage-engine/5.8.2/junit-vintage-engine-5.8.2.jar:/Users/masgilang/.m2/repository/junit/junit/4.13.2/junit-4.13.2.jar:/Users/masgilang/.m2/repository/org/hamcrest/hamcrest-core/1.3/hamcrest-core-1.3.jar:/Users/masgilang/.m2/repository/ch/qos/logback/logback-classic/1.2.10/logback-classic-1.2.10.jar:/Users/masgilang/.m2/repository/ch/qos/logback/logback-core/1.2.10/logback-core-1.2.10.jar:/Users/masgilang/.m2/repository/org/slf4j/slf4j-api/1.7.32/slf4j-api-1.7.32.jar:/Users/masgilang/.m2/repository/org/assertj/assertj-core/3.23.1/assertj-core-3.23.1.jar:/Users/masgilang/.m2/repository/net/bytebuddy/byte-buddy/1.12.10/byte-buddy-1.12.10.jar:"/>
    <property name="java.vm.vendor" value="Homebrew"/>
    <property name="sun.arch.data.model" value="64"/>
    <property name="java.vendor.url" value="https://github.com/Homebrew/homebrew-core/issues"/>
    <property name="user.timezone" value="Asia/Jakarta"/>
    <property name="os.name" value="Mac OS X"/>
    <property name="java.vm.specification.version" value="19"/>
    <property name="sun.java.launcher" value="SUN_STANDARD"/>
    <property name="user.country" value="ID"/>
    <property name="sun.boot.library.path" value="/opt/homebrew/Cellar/openjdk/19.0.2/libexec/openjdk.jdk/Contents/Home/lib"/>
    <property name="sun.java.command" value="org.apache.maven.surefire.booter.ForkedBooter /Users/masgilang/Downloads/Prioritas1WebTestSerenity/target/surefire 2023-04-10T04-20-26_213-jvmRun1 surefire7027527815431533821tmp surefire_07822173237274855157tmp"/>
    <property name="http.nonProxyHosts" value="local|*.local|169.254/16|*.169.254/16"/>
    <property name="jdk.debug" value="release"/>
    <property name="surefire.test.class.path" value="/Users/masgilang/Downloads/Prioritas1WebTestSerenity/target/test-classes:/Users/masgilang/.m2/repository/net/serenity-bdd/serenity-core/3.6.21/serenity-core-3.6.21.jar:/Users/masgilang/.m2/repository/net/serenity-bdd/serenity-model/3.6.21/serenity-model-3.6.21.jar:/Users/masgilang/.m2/repository/org/apache/commons/commons-text/1.10.0/commons-text-1.10.0.jar:/Users/masgilang/.m2/repository/commons-net/commons-net/3.9.0/commons-net-3.9.0.jar:/Users/masgilang/.m2/repository/com/google/guava/guava/31.1-jre/guava-31.1-jre.jar:/Users/masgilang/.m2/repository/com/google/guava/failureaccess/1.0.1/failureaccess-1.0.1.jar:/Users/masgilang/.m2/repository/com/google/guava/listenablefuture/9999.0-empty-to-avoid-conflict-with-guava/listenablefuture-9999.0-empty-to-avoid-conflict-with-guava.jar:/Users/masgilang/.m2/repository/com/google/code/findbugs/jsr305/3.0.2/jsr305-3.0.2.jar:/Users/masgilang/.m2/repository/org/checkerframework/checker-qual/3.12.0/checker-qual-3.12.0.jar:/Users/masgilang/.m2/repository/com/google/errorprone/error_prone_annotations/2.11.0/error_prone_annotations-2.11.0.jar:/Users/masgilang/.m2/repository/com/google/j2objc/j2objc-annotations/1.3/j2objc-annotations-1.3.jar:/Users/masgilang/.m2/repository/com/google/inject/guice/5.1.0/guice-5.1.0.jar:/Users/masgilang/.m2/repository/javax/inject/javax.inject/1/javax.inject-1.jar:/Users/masgilang/.m2/repository/aopalliance/aopalliance/1.0/aopalliance-1.0.jar:/Users/masgilang/.m2/repository/org/jsoup/jsoup/1.14.3/jsoup-1.14.3.jar:/Users/masgilang/.m2/repository/com/thoughtworks/xstream/xstream/1.4.20/xstream-1.4.20.jar:/Users/masgilang/.m2/repository/io/github/x-stream/mxparser/1.2.2/mxparser-1.2.2.jar:/Users/masgilang/.m2/repository/xmlpull/xmlpull/1.1.3.1/xmlpull-1.1.3.1.jar:/Users/masgilang/.m2/repository/com/typesafe/config/1.4.2/config-1.4.2.jar:/Users/masgilang/.m2/repository/org/imgscalr/imgscalr-lib/4.2/imgscalr-lib-4.2.jar:/Users/masgilang/.m2/repository/org/awaitility/awaitility/4.2.0/awaitility-4.2.0.jar:/Users/masgilang/.m2/repository/org/freemarker/freemarker/2.3.31/freemarker-2.3.31.jar:/Users/masgilang/.m2/repository/io/github/classgraph/classgraph/4.8.138/classgraph-4.8.138.jar:/Users/masgilang/.m2/repository/net/sourceforge/jexcelapi/jxl/2.6.12/jxl-2.6.12.jar:/Users/masgilang/.m2/repository/net/bytebuddy/byte-buddy-agent/1.14.2/byte-buddy-agent-1.14.2.jar:/Users/masgilang/.m2/repository/org/objenesis/objenesis/3.3/objenesis-3.3.jar:/Users/masgilang/.m2/repository/net/serenity-bdd/serenity-reports/3.6.21/serenity-reports-3.6.21.jar:/Users/masgilang/.m2/repository/net/serenity-bdd/serenity-stats/3.6.21/serenity-stats-3.6.21.jar:/Users/masgilang/.m2/repository/net/serenity-bdd/serenity-reports-configuration/3.6.21/serenity-reports-configuration-3.6.21.jar:/Users/masgilang/.m2/repository/com/vladsch/flexmark/flexmark-all/0.62.2/flexmark-all-0.62.2.jar:/Users/masgilang/.m2/repository/com/vladsch/flexmark/flexmark/0.62.2/flexmark-0.62.2.jar:/Users/masgilang/.m2/repository/com/vladsch/flexmark/flexmark-ext-abbreviation/0.62.2/flexmark-ext-abbreviation-0.62.2.jar:/Users/masgilang/.m2/repository/com/vladsch/flexmark/flexmark-util/0.62.2/flexmark-util-0.62.2.jar:/Users/masgilang/.m2/repository/com/vladsch/flexmark/flexmark-ext-admonition/0.62.2/flexmark-ext-admonition-0.62.2.jar:/Users/masgilang/.m2/repository/com/vladsch/flexmark/flexmark-ext-anchorlink/0.62.2/flexmark-ext-anchorlink-0.62.2.jar:/Users/masgilang/.m2/repository/com/vladsch/flexmark/flexmark-ext-aside/0.62.2/flexmark-ext-aside-0.62.2.jar:/Users/masgilang/.m2/repository/com/vladsch/flexmark/flexmark-ext-attributes/0.62.2/flexmark-ext-attributes-0.62.2.jar:/Users/masgilang/.m2/repository/com/vladsch/flexmark/flexmark-ext-autolink/0.62.2/flexmark-ext-autolink-0.62.2.jar:/Users/masgilang/.m2/repository/org/nibor/autolink/autolink/0.6.0/autolink-0.6.0.jar:/Users/masgilang/.m2/repository/com/vladsch/flexmark/flexmark-ext-definition/0.62.2/flexmark-ext-definition-0.62.2.jar:/Users/masgilang/.m2/repository/com/vladsch/flexmark/flexmark-ext-emoji/0.62.2/flexmark-ext-emoji-0.62.2.jar:/Users/masgilang/.m2/repository/com/vladsch/flexmark/flexmark-ext-enumerated-reference/0.62.2/flexmark-ext-enumerated-reference-0.62.2.jar:/Users/masgilang/.m2/repository/com/vladsch/flexmark/flexmark-ext-escaped-character/0.62.2/flexmark-ext-escaped-character-0.62.2.jar:/Users/masgilang/.m2/repository/com/vladsch/flexmark/flexmark-ext-footnotes/0.62.2/flexmark-ext-footnotes-0.62.2.jar:/Users/masgilang/.m2/repository/com/vladsch/flexmark/flexmark-ext-gfm-issues/0.62.2/flexmark-ext-gfm-issues-0.62.2.jar:/Users/masgilang/.m2/repository/com/vladsch/flexmark/flexmark-ext-gfm-strikethrough/0.62.2/flexmark-ext-gfm-strikethrough-0.62.2.jar:/Users/masgilang/.m2/repository/com/vladsch/flexmark/flexmark-ext-gfm-tasklist/0.62.2/flexmark-ext-gfm-tasklist-0.62.2.jar:/Users/masgilang/.m2/repository/com/vladsch/flexmark/flexmark-ext-gfm-users/0.62.2/flexmark-ext-gfm-users-0.62.2.jar:/Users/masgilang/.m2/repository/com/vladsch/flexmark/flexmark-ext-gitlab/0.62.2/flexmark-ext-gitlab-0.62.2.jar:/Users/masgilang/.m2/repository/com/vladsch/flexmark/flexmark-ext-jekyll-front-matter/0.62.2/flexmark-ext-jekyll-front-matter-0.62.2.jar:/Users/masgilang/.m2/repository/com/vladsch/flexmark/flexmark-ext-jekyll-tag/0.62.2/flexmark-ext-jekyll-tag-0.62.2.jar:/Users/masgilang/.m2/repository/com/vladsch/flexmark/flexmark-ext-media-tags/0.62.2/flexmark-ext-media-tags-0.62.2.jar:/Users/masgilang/.m2/repository/com/vladsch/flexmark/flexmark-ext-macros/0.62.2/flexmark-ext-macros-0.62.2.jar:/Users/masgilang/.m2/repository/com/vladsch/flexmark/flexmark-ext-ins/0.62.2/flexmark-ext-ins-0.62.2.jar:/Users/masgilang/.m2/repository/com/vladsch/flexmark/flexmark-ext-xwiki-macros/0.62.2/flexmark-ext-xwiki-macros-0.62.2.jar:/Users/masgilang/.m2/repository/com/vladsch/flexmark/flexmark-ext-superscript/0.62.2/flexmark-ext-superscript-0.62.2.jar:/Users/masgilang/.m2/repository/com/vladsch/flexmark/flexmark-ext-tables/0.62.2/flexmark-ext-tables-0.62.2.jar:/Users/masgilang/.m2/repository/com/vladsch/flexmark/flexmark-ext-toc/0.62.2/flexmark-ext-toc-0.62.2.jar:/Users/masgilang/.m2/repository/com/vladsch/flexmark/flexmark-ext-typographic/0.62.2/flexmark-ext-typographic-0.62.2.jar:/Users/masgilang/.m2/repository/com/vladsch/flexmark/flexmark-ext-wikilink/0.62.2/flexmark-ext-wikilink-0.62.2.jar:/Users/masgilang/.m2/repository/com/vladsch/flexmark/flexmark-ext-yaml-front-matter/0.62.2/flexmark-ext-yaml-front-matter-0.62.2.jar:/Users/masgilang/.m2/repository/com/vladsch/flexmark/flexmark-ext-youtube-embedded/0.62.2/flexmark-ext-youtube-embedded-0.62.2.jar:/Users/masgilang/.m2/repository/com/vladsch/flexmark/flexmark-html2md-converter/0.62.2/flexmark-html2md-converter-0.62.2.jar:/Users/masgilang/.m2/repository/com/vladsch/flexmark/flexmark-jira-converter/0.62.2/flexmark-jira-converter-0.62.2.jar:/Users/masgilang/.m2/repository/com/vladsch/flexmark/flexmark-pdf-converter/0.62.2/flexmark-pdf-converter-0.62.2.jar:/Users/masgilang/.m2/repository/com/openhtmltopdf/openhtmltopdf-core/1.0.0/openhtmltopdf-core-1.0.0.jar:/Users/masgilang/.m2/repository/com/openhtmltopdf/openhtmltopdf-pdfbox/1.0.0/openhtmltopdf-pdfbox-1.0.0.jar:/Users/masgilang/.m2/repository/org/apache/pdfbox/pdfbox/2.0.16/pdfbox-2.0.16.jar:/Users/masgilang/.m2/repository/org/apache/pdfbox/fontbox/2.0.16/fontbox-2.0.16.jar:/Users/masgilang/.m2/repository/org/apache/pdfbox/xmpbox/2.0.16/xmpbox-2.0.16.jar:/Users/masgilang/.m2/repository/de/rototor/pdfbox/graphics2d/0.24/graphics2d-0.24.jar:/Users/masgilang/.m2/repository/com/openhtmltopdf/openhtmltopdf-rtl-support/1.0.0/openhtmltopdf-rtl-support-1.0.0.jar:/Users/masgilang/.m2/repository/com/openhtmltopdf/openhtmltopdf-jsoup-dom-converter/1.0.0/openhtmltopdf-jsoup-dom-converter-1.0.0.jar:/Users/masgilang/.m2/repository/com/vladsch/flexmark/flexmark-profile-pegdown/0.62.2/flexmark-profile-pegdown-0.62.2.jar:/Users/masgilang/.m2/repository/com/vladsch/flexmark/flexmark-util-ast/0.62.2/flexmark-util-ast-0.62.2.jar:/Users/masgilang/.m2/repository/com/vladsch/flexmark/flexmark-util-builder/0.62.2/flexmark-util-builder-0.62.2.jar:/Users/masgilang/.m2/repository/com/vladsch/flexmark/flexmark-util-collection/0.62.2/flexmark-util-collection-0.62.2.jar:/Users/masgilang/.m2/repository/com/vladsch/flexmark/flexmark-util-data/0.62.2/flexmark-util-data-0.62.2.jar:/Users/masgilang/.m2/repository/com/vladsch/flexmark/flexmark-util-dependency/0.62.2/flexmark-util-dependency-0.62.2.jar:/Users/masgilang/.m2/repository/com/vladsch/flexmark/flexmark-util-format/0.62.2/flexmark-util-format-0.62.2.jar:/Users/masgilang/.m2/repository/com/vladsch/flexmark/flexmark-util-html/0.62.2/flexmark-util-html-0.62.2.jar:/Users/masgilang/.m2/repository/com/vladsch/flexmark/flexmark-util-misc/0.62.2/flexmark-util-misc-0.62.2.jar:/Users/masgilang/.m2/repository/com/vladsch/flexmark/flexmark-util-options/0.62.2/flexmark-util-options-0.62.2.jar:/Users/masgilang/.m2/repository/com/vladsch/flexmark/flexmark-util-sequence/0.62.2/flexmark-util-sequence-0.62.2.jar:/Users/masgilang/.m2/repository/com/vladsch/flexmark/flexmark-util-visitor/0.62.2/flexmark-util-visitor-0.62.2.jar:/Users/masgilang/.m2/repository/com/vladsch/flexmark/flexmark-youtrack-converter/0.62.2/flexmark-youtrack-converter-0.62.2.jar:/Users/masgilang/.m2/repository/com/ibm/icu/icu4j/72.1/icu4j-72.1.jar:/Users/masgilang/.m2/repository/es/nitaur/markdown/txtmark/0.16/txtmark-0.16.jar:/Users/masgilang/.m2/repository/net/serenity-bdd/serenity-report-resources/3.6.21/serenity-report-resources-3.6.21.jar:/Users/masgilang/.m2/repository/com/google/code/gson/gson/2.10.1/gson-2.10.1.jar:/Users/masgilang/.m2/repository/com/fasterxml/jackson/core/jackson-core/2.15.0-rc1/jackson-core-2.15.0-rc1.jar:/Users/masgilang/.m2/repository/com/fasterxml/jackson/core/jackson-databind/2.15.0-rc1/jackson-databind-2.15.0-rc1.jar:/Users/masgilang/.m2/repository/com/fasterxml/jackson/core/jackson-annotations/2.15.0-rc1/jackson-annotations-2.15.0-rc1.jar:/Users/masgilang/.m2/repository/commons-codec/commons-codec/1.15/commons-codec-1.15.jar:/Users/masgilang/.m2/repository/commons-io/commons-io/2.11.0/commons-io-2.11.0.jar:/Users/masgilang/.m2/repository/org/apache/httpcomponents/httpclient/4.5.13/httpclient-4.5.13.jar:/Users/masgilang/.m2/repository/org/apache/httpcomponents/httpcore/4.4.13/httpcore-4.4.13.jar:/Users/masgilang/.m2/repository/commons-logging/commons-logging/1.2/commons-logging-1.2.jar:/Users/masgilang/.m2/repository/org/seleniumhq/selenium/selenium-java/4.8.1/selenium-java-4.8.1.jar:/Users/masgilang/.m2/repository/org/seleniumhq/selenium/selenium-devtools-v108/4.8.1/selenium-devtools-v108-4.8.1.jar:/Users/masgilang/.m2/repository/org/seleniumhq/selenium/selenium-devtools-v109/4.8.1/selenium-devtools-v109-4.8.1.jar:/Users/masgilang/.m2/repository/org/seleniumhq/selenium/selenium-devtools-v110/4.8.1/selenium-devtools-v110-4.8.1.jar:/Users/masgilang/.m2/repository/org/seleniumhq/selenium/selenium-devtools-v85/4.8.1/selenium-devtools-v85-4.8.1.jar:/Users/masgilang/.m2/repository/org/seleniumhq/selenium/selenium-remote-driver/4.8.1/selenium-remote-driver-4.8.1.jar:/Users/masgilang/.m2/repository/com/beust/jcommander/1.82/jcommander-1.82.jar:/Users/masgilang/.m2/repository/io/netty/netty-buffer/4.1.87.Final/netty-buffer-4.1.87.Final.jar:/Users/masgilang/.m2/repository/io/netty/netty-codec-http/4.1.87.Final/netty-codec-http-4.1.87.Final.jar:/Users/masgilang/.m2/repository/io/netty/netty-codec/4.1.87.Final/netty-codec-4.1.87.Final.jar:/Users/masgilang/.m2/repository/io/netty/netty-handler/4.1.87.Final/netty-handler-4.1.87.Final.jar:/Users/masgilang/.m2/repository/io/netty/netty-common/4.1.87.Final/netty-common-4.1.87.Final.jar:/Users/masgilang/.m2/repository/io/netty/netty-transport-classes-epoll/4.1.87.Final/netty-transport-classes-epoll-4.1.87.Final.jar:/Users/masgilang/.m2/repository/io/netty/netty-transport-classes-kqueue/4.1.87.Final/netty-transport-classes-kqueue-4.1.87.Final.jar:/Users/masgilang/.m2/repository/io/netty/netty-transport-native-epoll/4.1.87.Final/netty-transport-native-epoll-4.1.87.Final.jar:/Users/masgilang/.m2/repository/io/netty/netty-transport-native-kqueue/4.1.87.Final/netty-transport-native-kqueue-4.1.87.Final.jar:/Users/masgilang/.m2/repository/io/netty/netty-transport-native-unix-common/4.1.87.Final/netty-transport-native-unix-common-4.1.87.Final.jar:/Users/masgilang/.m2/repository/io/netty/netty-transport/4.1.87.Final/netty-transport-4.1.87.Final.jar:/Users/masgilang/.m2/repository/io/netty/netty-resolver/4.1.87.Final/netty-resolver-4.1.87.Final.jar:/Users/masgilang/.m2/repository/io/opentelemetry/opentelemetry-api/1.22.0/opentelemetry-api-1.22.0.jar:/Users/masgilang/.m2/repository/io/opentelemetry/opentelemetry-context/1.22.0/opentelemetry-context-1.22.0.jar:/Users/masgilang/.m2/repository/io/opentelemetry/opentelemetry-exporter-logging/1.22.0/opentelemetry-exporter-logging-1.22.0.jar:/Users/masgilang/.m2/repository/io/opentelemetry/opentelemetry-sdk-metrics/1.22.0/opentelemetry-sdk-metrics-1.22.0.jar:/Users/masgilang/.m2/repository/io/opentelemetry/opentelemetry-sdk-logs/1.22.0-alpha/opentelemetry-sdk-logs-1.22.0-alpha.jar:/Users/masgilang/.m2/repository/io/opentelemetry/opentelemetry-api-logs/1.22.0-alpha/opentelemetry-api-logs-1.22.0-alpha.jar:/Users/masgilang/.m2/repository/io/opentelemetry/opentelemetry-sdk-common/1.22.0/opentelemetry-sdk-common-1.22.0.jar:/Users/masgilang/.m2/repository/io/opentelemetry/opentelemetry-sdk-extension-autoconfigure-spi/1.22.0/opentelemetry-sdk-extension-autoconfigure-spi-1.22.0.jar:/Users/masgilang/.m2/repository/io/opentelemetry/opentelemetry-sdk-extension-autoconfigure/1.22.0-alpha/opentelemetry-sdk-extension-autoconfigure-1.22.0-alpha.jar:/Users/masgilang/.m2/repository/io/opentelemetry/opentelemetry-sdk-trace/1.22.0/opentelemetry-sdk-trace-1.22.0.jar:/Users/masgilang/.m2/repository/io/opentelemetry/opentelemetry-sdk/1.22.0/opentelemetry-sdk-1.22.0.jar:/Users/masgilang/.m2/repository/io/opentelemetry/opentelemetry-semconv/1.22.0-alpha/opentelemetry-semconv-1.22.0-alpha.jar:/Users/masgilang/.m2/repository/io/ous/jtoml/2.0.0/jtoml-2.0.0.jar:/Users/masgilang/.m2/repository/org/apache/commons/commons-exec/1.3/commons-exec-1.3.jar:/Users/masgilang/.m2/repository/org/asynchttpclient/async-http-client/2.12.3/async-http-client-2.12.3.jar:/Users/masgilang/.m2/repository/org/asynchttpclient/async-http-client-netty-utils/2.12.3/async-http-client-netty-utils-2.12.3.jar:/Users/masgilang/.m2/repository/io/netty/netty-codec-socks/4.1.60.Final/netty-codec-socks-4.1.60.Final.jar:/Users/masgilang/.m2/repository/io/netty/netty-handler-proxy/4.1.60.Final/netty-handler-proxy-4.1.60.Final.jar:/Users/masgilang/.m2/repository/io/netty/netty-transport-native-epoll/4.1.60.Final/netty-transport-native-epoll-4.1.60.Final-linux-x86_64.jar:/Users/masgilang/.m2/repository/io/netty/netty-transport-native-kqueue/4.1.60.Final/netty-transport-native-kqueue-4.1.60.Final-osx-x86_64.jar:/Users/masgilang/.m2/repository/org/reactivestreams/reactive-streams/1.0.3/reactive-streams-1.0.3.jar:/Users/masgilang/.m2/repository/com/typesafe/netty/netty-reactive-streams/2.0.4/netty-reactive-streams-2.0.4.jar:/Users/masgilang/.m2/repository/org/seleniumhq/selenium/selenium-manager/4.8.1/selenium-manager-4.8.1.jar:/Users/masgilang/.m2/repository/org/seleniumhq/selenium/selenium-safari-driver/4.8.1/selenium-safari-driver-4.8.1.jar:/Users/masgilang/.m2/repository/org/seleniumhq/selenium/selenium-api/4.8.1/selenium-api-4.8.1.jar:/Users/masgilang/.m2/repository/org/seleniumhq/selenium/selenium-support/4.8.1/selenium-support-4.8.1.jar:/Users/masgilang/.m2/repository/com/google/auto/service/auto-service-annotations/1.0.1/auto-service-annotations-1.0.1.jar:/Users/masgilang/.m2/repository/com/google/auto/service/auto-service/1.0.1/auto-service-1.0.1.jar:/Users/masgilang/.m2/repository/com/google/auto/auto-common/1.2/auto-common-1.2.jar:/Users/masgilang/.m2/repository/org/seleniumhq/selenium/selenium-json/4.8.1/selenium-json-4.8.1.jar:/Users/masgilang/.m2/repository/org/seleniumhq/selenium/selenium-chrome-driver/4.8.1/selenium-chrome-driver-4.8.1.jar:/Users/masgilang/.m2/repository/org/seleniumhq/selenium/selenium-chromium-driver/4.8.1/selenium-chromium-driver-4.8.1.jar:/Users/masgilang/.m2/repository/org/seleniumhq/selenium/selenium-firefox-driver/4.8.1/selenium-firefox-driver-4.8.1.jar:/Users/masgilang/.m2/repository/org/seleniumhq/selenium/selenium-http/4.8.1/selenium-http-4.8.1.jar:/Users/masgilang/.m2/repository/dev/failsafe/failsafe/3.3.0/failsafe-3.3.0.jar:/Users/masgilang/.m2/repository/org/seleniumhq/selenium/selenium-edge-driver/4.8.1/selenium-edge-driver-4.8.1.jar:/Users/masgilang/.m2/repository/org/seleniumhq/selenium/selenium-ie-driver/4.8.1/selenium-ie-driver-4.8.1.jar:/Users/masgilang/.m2/repository/org/projectlombok/lombok/1.18.20/lombok-1.18.20.jar:/Users/masgilang/.m2/repository/io/appium/java-client/8.3.0/java-client-8.3.0.jar:/Users/masgilang/.m2/repository/commons-validator/commons-validator/1.7/commons-validator-1.7.jar:/Users/masgilang/.m2/repository/commons-digester/commons-digester/2.1/commons-digester-2.1.jar:/Users/masgilang/.m2/repository/org/apache/groovy/groovy/4.0.10/groovy-4.0.10.jar:/Users/masgilang/.m2/repository/net/sf/opencsv/opencsv/2.0/opencsv-2.0.jar:/Users/masgilang/.m2/repository/commons-beanutils/commons-beanutils/1.9.4/commons-beanutils-1.9.4.jar:/Users/masgilang/.m2/repository/org/apache/commons/commons-lang3/3.12.0/commons-lang3-3.12.0.jar:/Users/masgilang/.m2/repository/commons-collections/commons-collections/3.2.2/commons-collections-3.2.2.jar:/Users/masgilang/.m2/repository/org/fluentlenium/fluentlenium-core/0.10.2/fluentlenium-core-0.10.2.jar:/Users/masgilang/.m2/repository/io/github/bonigarcia/webdrivermanager/5.3.0/webdrivermanager-5.3.0.jar:/Users/masgilang/.m2/repository/com/github/docker-java/docker-java/3.2.13/docker-java-3.2.13.jar:/Users/masgilang/.m2/repository/com/github/docker-java/docker-java-core/3.2.13/docker-java-core-3.2.13.jar:/Users/masgilang/.m2/repository/com/github/docker-java/docker-java-api/3.2.13/docker-java-api-3.2.13.jar:/Users/masgilang/.m2/repository/org/apache/commons/commons-compress/1.21/commons-compress-1.21.jar:/Users/masgilang/.m2/repository/org/bouncycastle/bcpkix-jdk15on/1.64/bcpkix-jdk15on-1.64.jar:/Users/masgilang/.m2/repository/org/bouncycastle/bcprov-jdk15on/1.64/bcprov-jdk15on-1.64.jar:/Users/masgilang/.m2/repository/org/slf4j/jcl-over-slf4j/1.7.30/jcl-over-slf4j-1.7.30.jar:/Users/masgilang/.m2/repository/com/github/docker-java/docker-java-transport-httpclient5/3.2.13/docker-java-transport-httpclient5-3.2.13.jar:/Users/masgilang/.m2/repository/com/github/docker-java/docker-java-transport/3.2.13/docker-java-transport-3.2.13.jar:/Users/masgilang/.m2/repository/net/java/dev/jna/jna/5.8.0/jna-5.8.0.jar:/Users/masgilang/.m2/repository/org/brotli/dec/0.1.2/dec-0.1.2.jar:/Users/masgilang/.m2/repository/org/apache/httpcomponents/client5/httpclient5/5.1.3/httpclient5-5.1.3.jar:/Users/masgilang/.m2/repository/org/apache/httpcomponents/core5/httpcore5/5.1.3/httpcore5-5.1.3.jar:/Users/masgilang/.m2/repository/org/apache/httpcomponents/core5/httpcore5-h2/5.1.3/httpcore5-h2-5.1.3.jar:/Users/masgilang/.m2/repository/com/jhlabs/filters/2.0.235/filters-2.0.235.jar:/Users/masgilang/.m2/repository/com/paulhammant/ngwebdriver/1.1.6/ngwebdriver-1.1.6.jar:/Users/masgilang/.m2/repository/joda-time/joda-time/2.12.2/joda-time-2.12.2.jar:/Users/masgilang/.m2/repository/org/hamcrest/hamcrest/2.2/hamcrest-2.2.jar:/Users/masgilang/.m2/repository/com/google/jimfs/jimfs/1.2/jimfs-1.2.jar:/Users/masgilang/.m2/repository/org/mockito/mockito-core/3.3.3/mockito-core-3.3.3.jar:/Users/masgilang/.m2/repository/javax/xml/bind/jaxb-api/2.3.1/jaxb-api-2.3.1.jar:/Users/masgilang/.m2/repository/javax/activation/javax.activation-api/1.2.0/javax.activation-api-1.2.0.jar:/Users/masgilang/.m2/repository/com/sun/xml/bind/jaxb-core/2.3.0.1/jaxb-core-2.3.0.1.jar:/Users/masgilang/.m2/repository/com/sun/xml/bind/jaxb-impl/2.3.3/jaxb-impl-2.3.3.jar:/Users/masgilang/.m2/repository/jakarta/xml/bind/jakarta.xml.bind-api/2.3.3/jakarta.xml.bind-api-2.3.3.jar:/Users/masgilang/.m2/repository/com/sun/activation/jakarta.activation/1.2.2/jakarta.activation-1.2.2.jar:/Users/masgilang/.m2/repository/javax/activation/activation/1.1.1/activation-1.1.1.jar:/Users/masgilang/.m2/repository/net/serenity-bdd/serenity-cucumber/3.6.21/serenity-cucumber-3.6.21.jar:/Users/masgilang/.m2/repository/io/cucumber/cucumber-core/7.11.0/cucumber-core-7.11.0.jar:/Users/masgilang/.m2/repository/io/cucumber/cucumber-gherkin/7.11.0/cucumber-gherkin-7.11.0.jar:/Users/masgilang/.m2/repository/io/cucumber/cucumber-gherkin-messages/7.11.0/cucumber-gherkin-messages-7.11.0.jar:/Users/masgilang/.m2/repository/io/cucumber/gherkin/26.0.3/gherkin-26.0.3.jar:/Users/masgilang/.m2/repository/io/cucumber/messages/21.0.1/messages-21.0.1.jar:/Users/masgilang/.m2/repository/io/cucumber/tag-expressions/5.0.1/tag-expressions-5.0.1.jar:/Users/masgilang/.m2/repository/io/cucumber/cucumber-expressions/16.1.1/cucumber-expressions-16.1.1.jar:/Users/masgilang/.m2/repository/io/cucumber/datatable/7.11.0/datatable-7.11.0.jar:/Users/masgilang/.m2/repository/io/cucumber/cucumber-plugin/7.11.0/cucumber-plugin-7.11.0.jar:/Users/masgilang/.m2/repository/io/cucumber/docstring/7.11.0/docstring-7.11.0.jar:/Users/masgilang/.m2/repository/io/cucumber/html-formatter/20.2.1/html-formatter-20.2.1.jar:/Users/masgilang/.m2/repository/io/cucumber/junit-xml-formatter/0.1.0/junit-xml-formatter-0.1.0.jar:/Users/masgilang/.m2/repository/io/cucumber/ci-environment/9.1.0/ci-environment-9.1.0.jar:/Users/masgilang/.m2/repository/io/cucumber/cucumber-java/7.11.0/cucumber-java-7.11.0.jar:/Users/masgilang/.m2/repository/io/cucumber/cucumber-junit/7.11.0/cucumber-junit-7.11.0.jar:/Users/masgilang/.m2/repository/org/apache/commons/commons-csv/1.5/commons-csv-1.5.jar:/Users/masgilang/.m2/repository/net/serenity-bdd/serenity-screenplay/3.6.21/serenity-screenplay-3.6.21.jar:/Users/masgilang/.m2/repository/net/serenity-bdd/serenity-screenplay-webdriver/3.6.21/serenity-screenplay-webdriver-3.6.21.jar:/Users/masgilang/.m2/repository/net/serenity-bdd/serenity-ensure/3.6.21/serenity-ensure-3.6.21.jar:/Users/masgilang/.m2/repository/net/serenity-bdd/serenity-junit/3.6.21/serenity-junit-3.6.21.jar:/Users/masgilang/.m2/repository/org/jetbrains/kotlin/kotlin-stdlib/1.8.10/kotlin-stdlib-1.8.10.jar:/Users/masgilang/.m2/repository/org/jetbrains/kotlin/kotlin-stdlib-common/1.8.10/kotlin-stdlib-common-1.8.10.jar:/Users/masgilang/.m2/repository/org/jetbrains/annotations/13.0/annotations-13.0.jar:/Users/masgilang/.m2/repository/org/junit/platform/junit-platform-launcher/1.8.2/junit-platform-launcher-1.8.2.jar:/Users/masgilang/.m2/repository/org/junit/platform/junit-platform-engine/1.8.2/junit-platform-engine-1.8.2.jar:/Users/masgilang/.m2/repository/org/opentest4j/opentest4j/1.2.0/opentest4j-1.2.0.jar:/Users/masgilang/.m2/repository/org/junit/platform/junit-platform-commons/1.8.2/junit-platform-commons-1.8.2.jar:/Users/masgilang/.m2/repository/org/apiguardian/apiguardian-api/1.1.2/apiguardian-api-1.1.2.jar:/Users/masgilang/.m2/repository/org/junit/jupiter/junit-jupiter-engine/5.8.2/junit-jupiter-engine-5.8.2.jar:/Users/masgilang/.m2/repository/org/junit/jupiter/junit-jupiter-api/5.8.2/junit-jupiter-api-5.8.2.jar:/Users/masgilang/.m2/repository/org/junit/vintage/junit-vintage-engine/5.8.2/junit-vintage-engine-5.8.2.jar:/Users/masgilang/.m2/repository/junit/junit/4.13.2/junit-4.13.2.jar:/Users/masgilang/.m2/repository/org/hamcrest/hamcrest-core/1.3/hamcrest-core-1.3.jar:/Users/masgilang/.m2/repository/ch/qos/logback/logback-classic/1.2.10/logback-classic-1.2.10.jar:/Users/masgilang/.m2/repository/ch/qos/logback/logback-core/1.2.10/logback-core-1.2.10.jar:/Users/masgilang/.m2/repository/org/slf4j/slf4j-api/1.7.32/slf4j-api-1.7.32.jar:/Users/masgilang/.m2/repository/org/assertj/assertj-core/3.23.1/assertj-core-3.23.1.jar:/Users/masgilang/.m2/repository/net/bytebuddy/byte-buddy/1.12.10/byte-buddy-1.12.10.jar:"/>
    <property name="sun.cpu.endian" value="little"/>
    <property name="user.home" value="/Users/masgilang"/>
    <property name="user.language" value="en"/>
    <property name="java.specification.vendor" value="Oracle Corporation"/>
    <property name="jdk.module.path" value="/Users/masgilang/Downloads/Prioritas1WebTestSerenity/target/PraktikWebTestSerenity-1.0-SNAPSHOT.jar"/>
    <property name="java.version.date" value="2023-01-17"/>
    <property name="java.home" value="/opt/homebrew/Cellar/openjdk/19.0.2/libexec/openjdk.jdk/Contents/Home"/>
    <property name="file.separator" value="/"/>
    <property name="basedir" value="/Users/masgilang/Downloads/Prioritas1WebTestSerenity"/>
    <property name="java.vm.compressedOopsMode" value="Zero based"/>
    <property name="line.separator" value="&#10;"/>
    <property name="java.vm.specification.vendor" value="Oracle Corporation"/>
    <property name="java.specification.name" value="Java Platform API Specification"/>
    <property name="apple.awt.application.name" value="ForkedBooter"/>
    <property name="surefire.real.class.path" value="/Users/masgilang/.m2/repository/org/apache/maven/surefire/surefire-booter/3.0.0-M5/surefire-booter-3.0.0-M5.jar:/Users/masgilang/.m2/repository/org/apache/maven/surefire/surefire-api/3.0.0-M5/surefire-api-3.0.0-M5.jar:/Users/masgilang/.m2/repository/org/apache/maven/surefire/surefire-logger-api/3.0.0-M5/surefire-logger-api-3.0.0-M5.jar:/Users/masgilang/.m2/repository/org/apache/maven/surefire/surefire-shared-utils/3.0.0-M4/surefire-shared-utils-3.0.0-M4.jar:/Users/masgilang/.m2/repository/org/apache/maven/surefire/surefire-extensions-spi/3.0.0-M5/surefire-extensions-spi-3.0.0-M5.jar:/Users/masgilang/Downloads/Prioritas1WebTestSerenity/target/test-classes:/Users/masgilang/.m2/repository/net/serenity-bdd/serenity-core/3.6.21/serenity-core-3.6.21.jar:/Users/masgilang/.m2/repository/net/serenity-bdd/serenity-model/3.6.21/serenity-model-3.6.21.jar:/Users/masgilang/.m2/repository/org/apache/commons/commons-text/1.10.0/commons-text-1.10.0.jar:/Users/masgilang/.m2/repository/commons-net/commons-net/3.9.0/commons-net-3.9.0.jar:/Users/masgilang/.m2/repository/com/google/guava/guava/31.1-jre/guava-31.1-jre.jar:/Users/masgilang/.m2/repository/com/google/guava/failureaccess/1.0.1/failureaccess-1.0.1.jar:/Users/masgilang/.m2/repository/com/google/guava/listenablefuture/9999.0-empty-to-avoid-conflict-with-guava/listenablefuture-9999.0-empty-to-avoid-conflict-with-guava.jar:/Users/masgilang/.m2/repository/com/google/code/findbugs/jsr305/3.0.2/jsr305-3.0.2.jar:/Users/masgilang/.m2/repository/org/checkerframework/checker-qual/3.12.0/checker-qual-3.12.0.jar:/Users/masgilang/.m2/repository/com/google/errorprone/error_prone_annotations/2.11.0/error_prone_annotations-2.11.0.jar:/Users/masgilang/.m2/repository/com/google/j2objc/j2objc-annotations/1.3/j2objc-annotations-1.3.jar:/Users/masgilang/.m2/repository/com/google/inject/guice/5.1.0/guice-5.1.0.jar:/Users/masgilang/.m2/repository/javax/inject/javax.inject/1/javax.inject-1.jar:/Users/masgilang/.m2/repository/aopalliance/aopalliance/1.0/aopalliance-1.0.jar:/Users/masgilang/.m2/repository/org/jsoup/jsoup/1.14.3/jsoup-1.14.3.jar:/Users/masgilang/.m2/repository/com/thoughtworks/xstream/xstream/1.4.20/xstream-1.4.20.jar:/Users/masgilang/.m2/repository/io/github/x-stream/mxparser/1.2.2/mxparser-1.2.2.jar:/Users/masgilang/.m2/repository/xmlpull/xmlpull/1.1.3.1/xmlpull-1.1.3.1.jar:/Users/masgilang/.m2/repository/com/typesafe/config/1.4.2/config-1.4.2.jar:/Users/masgilang/.m2/repository/org/imgscalr/imgscalr-lib/4.2/imgscalr-lib-4.2.jar:/Users/masgilang/.m2/repository/org/awaitility/awaitility/4.2.0/awaitility-4.2.0.jar:/Users/masgilang/.m2/repository/org/freemarker/freemarker/2.3.31/freemarker-2.3.31.jar:/Users/masgilang/.m2/repository/io/github/classgraph/classgraph/4.8.138/classgraph-4.8.138.jar:/Users/masgilang/.m2/repository/net/sourceforge/jexcelapi/jxl/2.6.12/jxl-2.6.12.jar:/Users/masgilang/.m2/repository/net/bytebuddy/byte-buddy-agent/1.14.2/byte-buddy-agent-1.14.2.jar:/Users/masgilang/.m2/repository/org/objenesis/objenesis/3.3/objenesis-3.3.jar:/Users/masgilang/.m2/repository/net/serenity-bdd/serenity-reports/3.6.21/serenity-reports-3.6.21.jar:/Users/masgilang/.m2/repository/net/serenity-bdd/serenity-stats/3.6.21/serenity-stats-3.6.21.jar:/Users/masgilang/.m2/repository/net/serenity-bdd/serenity-reports-configuration/3.6.21/serenity-reports-configuration-3.6.21.jar:/Users/masgilang/.m2/repository/com/vladsch/flexmark/flexmark-all/0.62.2/flexmark-all-0.62.2.jar:/Users/masgilang/.m2/repository/com/vladsch/flexmark/flexmark/0.62.2/flexmark-0.62.2.jar:/Users/masgilang/.m2/repository/com/vladsch/flexmark/flexmark-ext-abbreviation/0.62.2/flexmark-ext-abbreviation-0.62.2.jar:/Users/masgilang/.m2/repository/com/vladsch/flexmark/flexmark-util/0.62.2/flexmark-util-0.62.2.jar:/Users/masgilang/.m2/repository/com/vladsch/flexmark/flexmark-ext-admonition/0.62.2/flexmark-ext-admonition-0.62.2.jar:/Users/masgilang/.m2/repository/com/vladsch/flexmark/flexmark-ext-anchorlink/0.62.2/flexmark-ext-anchorlink-0.62.2.jar:/Users/masgilang/.m2/repository/com/vladsch/flexmark/flexmark-ext-aside/0.62.2/flexmark-ext-aside-0.62.2.jar:/Users/masgilang/.m2/repository/com/vladsch/flexmark/flexmark-ext-attributes/0.62.2/flexmark-ext-attributes-0.62.2.jar:/Users/masgilang/.m2/repository/com/vladsch/flexmark/flexmark-ext-autolink/0.62.2/flexmark-ext-autolink-0.62.2.jar:/Users/masgilang/.m2/repository/org/nibor/autolink/autolink/0.6.0/autolink-0.6.0.jar:/Users/masgilang/.m2/repository/com/vladsch/flexmark/flexmark-ext-definition/0.62.2/flexmark-ext-definition-0.62.2.jar:/Users/masgilang/.m2/repository/com/vladsch/flexmark/flexmark-ext-emoji/0.62.2/flexmark-ext-emoji-0.62.2.jar:/Users/masgilang/.m2/repository/com/vladsch/flexmark/flexmark-ext-enumerated-reference/0.62.2/flexmark-ext-enumerated-reference-0.62.2.jar:/Users/masgilang/.m2/repository/com/vladsch/flexmark/flexmark-ext-escaped-character/0.62.2/flexmark-ext-escaped-character-0.62.2.jar:/Users/masgilang/.m2/repository/com/vladsch/flexmark/flexmark-ext-footnotes/0.62.2/flexmark-ext-footnotes-0.62.2.jar:/Users/masgilang/.m2/repository/com/vladsch/flexmark/flexmark-ext-gfm-issues/0.62.2/flexmark-ext-gfm-issues-0.62.2.jar:/Users/masgilang/.m2/repository/com/vladsch/flexmark/flexmark-ext-gfm-strikethrough/0.62.2/flexmark-ext-gfm-strikethrough-0.62.2.jar:/Users/masgilang/.m2/repository/com/vladsch/flexmark/flexmark-ext-gfm-tasklist/0.62.2/flexmark-ext-gfm-tasklist-0.62.2.jar:/Users/masgilang/.m2/repository/com/vladsch/flexmark/flexmark-ext-gfm-users/0.62.2/flexmark-ext-gfm-users-0.62.2.jar:/Users/masgilang/.m2/repository/com/vladsch/flexmark/flexmark-ext-gitlab/0.62.2/flexmark-ext-gitlab-0.62.2.jar:/Users/masgilang/.m2/repository/com/vladsch/flexmark/flexmark-ext-jekyll-front-matter/0.62.2/flexmark-ext-jekyll-front-matter-0.62.2.jar:/Users/masgilang/.m2/repository/com/vladsch/flexmark/flexmark-ext-jekyll-tag/0.62.2/flexmark-ext-jekyll-tag-0.62.2.jar:/Users/masgilang/.m2/repository/com/vladsch/flexmark/flexmark-ext-media-tags/0.62.2/flexmark-ext-media-tags-0.62.2.jar:/Users/masgilang/.m2/repository/com/vladsch/flexmark/flexmark-ext-macros/0.62.2/flexmark-ext-macros-0.62.2.jar:/Users/masgilang/.m2/repository/com/vladsch/flexmark/flexmark-ext-ins/0.62.2/flexmark-ext-ins-0.62.2.jar:/Users/masgilang/.m2/repository/com/vladsch/flexmark/flexmark-ext-xwiki-macros/0.62.2/flexmark-ext-xwiki-macros-0.62.2.jar:/Users/masgilang/.m2/repository/com/vladsch/flexmark/flexmark-ext-superscript/0.62.2/flexmark-ext-superscript-0.62.2.jar:/Users/masgilang/.m2/repository/com/vladsch/flexmark/flexmark-ext-tables/0.62.2/flexmark-ext-tables-0.62.2.jar:/Users/masgilang/.m2/repository/com/vladsch/flexmark/flexmark-ext-toc/0.62.2/flexmark-ext-toc-0.62.2.jar:/Users/masgilang/.m2/repository/com/vladsch/flexmark/flexmark-ext-typographic/0.62.2/flexmark-ext-typographic-0.62.2.jar:/Users/masgilang/.m2/repository/com/vladsch/flexmark/flexmark-ext-wikilink/0.62.2/flexmark-ext-wikilink-0.62.2.jar:/Users/masgilang/.m2/repository/com/vladsch/flexmark/flexmark-ext-yaml-front-matter/0.62.2/flexmark-ext-yaml-front-matter-0.62.2.jar:/Users/masgilang/.m2/repository/com/vladsch/flexmark/flexmark-ext-youtube-embedded/0.62.2/flexmark-ext-youtube-embedded-0.62.2.jar:/Users/masgilang/.m2/repository/com/vladsch/flexmark/flexmark-html2md-converter/0.62.2/flexmark-html2md-converter-0.62.2.jar:/Users/masgilang/.m2/repository/com/vladsch/flexmark/flexmark-jira-converter/0.62.2/flexmark-jira-converter-0.62.2.jar:/Users/masgilang/.m2/repository/com/vladsch/flexmark/flexmark-pdf-converter/0.62.2/flexmark-pdf-converter-0.62.2.jar:/Users/masgilang/.m2/repository/com/openhtmltopdf/openhtmltopdf-core/1.0.0/openhtmltopdf-core-1.0.0.jar:/Users/masgilang/.m2/repository/com/openhtmltopdf/openhtmltopdf-pdfbox/1.0.0/openhtmltopdf-pdfbox-1.0.0.jar:/Users/masgilang/.m2/repository/org/apache/pdfbox/pdfbox/2.0.16/pdfbox-2.0.16.jar:/Users/masgilang/.m2/repository/org/apache/pdfbox/fontbox/2.0.16/fontbox-2.0.16.jar:/Users/masgilang/.m2/repository/org/apache/pdfbox/xmpbox/2.0.16/xmpbox-2.0.16.jar:/Users/masgilang/.m2/repository/de/rototor/pdfbox/graphics2d/0.24/graphics2d-0.24.jar:/Users/masgilang/.m2/repository/com/openhtmltopdf/openhtmltopdf-rtl-support/1.0.0/openhtmltopdf-rtl-support-1.0.0.jar:/Users/masgilang/.m2/repository/com/openhtmltopdf/openhtmltopdf-jsoup-dom-converter/1.0.0/openhtmltopdf-jsoup-dom-converter-1.0.0.jar:/Users/masgilang/.m2/repository/com/vladsch/flexmark/flexmark-profile-pegdown/0.62.2/flexmark-profile-pegdown-0.62.2.jar:/Users/masgilang/.m2/repository/com/vladsch/flexmark/flexmark-util-ast/0.62.2/flexmark-util-ast-0.62.2.jar:/Users/masgilang/.m2/repository/com/vladsch/flexmark/flexmark-util-builder/0.62.2/flexmark-util-builder-0.62.2.jar:/Users/masgilang/.m2/repository/com/vladsch/flexmark/flexmark-util-collection/0.62.2/flexmark-util-collection-0.62.2.jar:/Users/masgilang/.m2/repository/com/vladsch/flexmark/flexmark-util-data/0.62.2/flexmark-util-data-0.62.2.jar:/Users/masgilang/.m2/repository/com/vladsch/flexmark/flexmark-util-dependency/0.62.2/flexmark-util-dependency-0.62.2.jar:/Users/masgilang/.m2/repository/com/vladsch/flexmark/flexmark-util-format/0.62.2/flexmark-util-format-0.62.2.jar:/Users/masgilang/.m2/repository/com/vladsch/flexmark/flexmark-util-html/0.62.2/flexmark-util-html-0.62.2.jar:/Users/masgilang/.m2/repository/com/vladsch/flexmark/flexmark-util-misc/0.62.2/flexmark-util-misc-0.62.2.jar:/Users/masgilang/.m2/repository/com/vladsch/flexmark/flexmark-util-options/0.62.2/flexmark-util-options-0.62.2.jar:/Users/masgilang/.m2/repository/com/vladsch/flexmark/flexmark-util-sequence/0.62.2/flexmark-util-sequence-0.62.2.jar:/Users/masgilang/.m2/repository/com/vladsch/flexmark/flexmark-util-visitor/0.62.2/flexmark-util-visitor-0.62.2.jar:/Users/masgilang/.m2/repository/com/vladsch/flexmark/flexmark-youtrack-converter/0.62.2/flexmark-youtrack-converter-0.62.2.jar:/Users/masgilang/.m2/repository/com/ibm/icu/icu4j/72.1/icu4j-72.1.jar:/Users/masgilang/.m2/repository/es/nitaur/markdown/txtmark/0.16/txtmark-0.16.jar:/Users/masgilang/.m2/repository/net/serenity-bdd/serenity-report-resources/3.6.21/serenity-report-resources-3.6.21.jar:/Users/masgilang/.m2/repository/com/google/code/gson/gson/2.10.1/gson-2.10.1.jar:/Users/masgilang/.m2/repository/com/fasterxml/jackson/core/jackson-core/2.15.0-rc1/jackson-core-2.15.0-rc1.jar:/Users/masgilang/.m2/repository/com/fasterxml/jackson/core/jackson-databind/2.15.0-rc1/jackson-databind-2.15.0-rc1.jar:/Users/masgilang/.m2/repository/com/fasterxml/jackson/core/jackson-annotations/2.15.0-rc1/jackson-annotations-2.15.0-rc1.jar:/Users/masgilang/.m2/repository/commons-codec/commons-codec/1.15/commons-codec-1.15.jar:/Users/masgilang/.m2/repository/commons-io/commons-io/2.11.0/commons-io-2.11.0.jar:/Users/masgilang/.m2/repository/org/apache/httpcomponents/httpclient/4.5.13/httpclient-4.5.13.jar:/Users/masgilang/.m2/repository/org/apache/httpcomponents/httpcore/4.4.13/httpcore-4.4.13.jar:/Users/masgilang/.m2/repository/commons-logging/commons-logging/1.2/commons-logging-1.2.jar:/Users/masgilang/.m2/repository/org/seleniumhq/selenium/selenium-java/4.8.1/selenium-java-4.8.1.jar:/Users/masgilang/.m2/repository/org/seleniumhq/selenium/selenium-devtools-v108/4.8.1/selenium-devtools-v108-4.8.1.jar:/Users/masgilang/.m2/repository/org/seleniumhq/selenium/selenium-devtools-v109/4.8.1/selenium-devtools-v109-4.8.1.jar:/Users/masgilang/.m2/repository/org/seleniumhq/selenium/selenium-devtools-v110/4.8.1/selenium-devtools-v110-4.8.1.jar:/Users/masgilang/.m2/repository/org/seleniumhq/selenium/selenium-devtools-v85/4.8.1/selenium-devtools-v85-4.8.1.jar:/Users/masgilang/.m2/repository/org/seleniumhq/selenium/selenium-remote-driver/4.8.1/selenium-remote-driver-4.8.1.jar:/Users/masgilang/.m2/repository/com/beust/jcommander/1.82/jcommander-1.82.jar:/Users/masgilang/.m2/repository/io/netty/netty-buffer/4.1.87.Final/netty-buffer-4.1.87.Final.jar:/Users/masgilang/.m2/repository/io/netty/netty-codec-http/4.1.87.Final/netty-codec-http-4.1.87.Final.jar:/Users/masgilang/.m2/repository/io/netty/netty-codec/4.1.87.Final/netty-codec-4.1.87.Final.jar:/Users/masgilang/.m2/repository/io/netty/netty-handler/4.1.87.Final/netty-handler-4.1.87.Final.jar:/Users/masgilang/.m2/repository/io/netty/netty-common/4.1.87.Final/netty-common-4.1.87.Final.jar:/Users/masgilang/.m2/repository/io/netty/netty-transport-classes-epoll/4.1.87.Final/netty-transport-classes-epoll-4.1.87.Final.jar:/Users/masgilang/.m2/repository/io/netty/netty-transport-classes-kqueue/4.1.87.Final/netty-transport-classes-kqueue-4.1.87.Final.jar:/Users/masgilang/.m2/repository/io/netty/netty-transport-native-epoll/4.1.87.Final/netty-transport-native-epoll-4.1.87.Final.jar:/Users/masgilang/.m2/repository/io/netty/netty-transport-native-kqueue/4.1.87.Final/netty-transport-native-kqueue-4.1.87.Final.jar:/Users/masgilang/.m2/repository/io/netty/netty-transport-native-unix-common/4.1.87.Final/netty-transport-native-unix-common-4.1.87.Final.jar:/Users/masgilang/.m2/repository/io/netty/netty-transport/4.1.87.Final/netty-transport-4.1.87.Final.jar:/Users/masgilang/.m2/repository/io/netty/netty-resolver/4.1.87.Final/netty-resolver-4.1.87.Final.jar:/Users/masgilang/.m2/repository/io/opentelemetry/opentelemetry-api/1.22.0/opentelemetry-api-1.22.0.jar:/Users/masgilang/.m2/repository/io/opentelemetry/opentelemetry-context/1.22.0/opentelemetry-context-1.22.0.jar:/Users/masgilang/.m2/repository/io/opentelemetry/opentelemetry-exporter-logging/1.22.0/opentelemetry-exporter-logging-1.22.0.jar:/Users/masgilang/.m2/repository/io/opentelemetry/opentelemetry-sdk-metrics/1.22.0/opentelemetry-sdk-metrics-1.22.0.jar:/Users/masgilang/.m2/repository/io/opentelemetry/opentelemetry-sdk-logs/1.22.0-alpha/opentelemetry-sdk-logs-1.22.0-alpha.jar:/Users/masgilang/.m2/repository/io/opentelemetry/opentelemetry-api-logs/1.22.0-alpha/opentelemetry-api-logs-1.22.0-alpha.jar:/Users/masgilang/.m2/repository/io/opentelemetry/opentelemetry-sdk-common/1.22.0/opentelemetry-sdk-common-1.22.0.jar:/Users/masgilang/.m2/repository/io/opentelemetry/opentelemetry-sdk-extension-autoconfigure-spi/1.22.0/opentelemetry-sdk-extension-autoconfigure-spi-1.22.0.jar:/Users/masgilang/.m2/repository/io/opentelemetry/opentelemetry-sdk-extension-autoconfigure/1.22.0-alpha/opentelemetry-sdk-extension-autoconfigure-1.22.0-alpha.jar:/Users/masgilang/.m2/repository/io/opentelemetry/opentelemetry-sdk-trace/1.22.0/opentelemetry-sdk-trace-1.22.0.jar:/Users/masgilang/.m2/repository/io/opentelemetry/opentelemetry-sdk/1.22.0/opentelemetry-sdk-1.22.0.jar:/Users/masgilang/.m2/repository/io/opentelemetry/opentelemetry-semconv/1.22.0-alpha/opentelemetry-semconv-1.22.0-alpha.jar:/Users/masgilang/.m2/repository/io/ous/jtoml/2.0.0/jtoml-2.0.0.jar:/Users/masgilang/.m2/repository/org/apache/commons/commons-exec/1.3/commons-exec-1.3.jar:/Users/masgilang/.m2/repository/org/asynchttpclient/async-http-client/2.12.3/async-http-client-2.12.3.jar:/Users/masgilang/.m2/repository/org/asynchttpclient/async-http-client-netty-utils/2.12.3/async-http-client-netty-utils-2.12.3.jar:/Users/masgilang/.m2/repository/io/netty/netty-codec-socks/4.1.60.Final/netty-codec-socks-4.1.60.Final.jar:/Users/masgilang/.m2/repository/io/netty/netty-handler-proxy/4.1.60.Final/netty-handler-proxy-4.1.60.Final.jar:/Users/masgilang/.m2/repository/io/netty/netty-transport-native-epoll/4.1.60.Final/netty-transport-native-epoll-4.1.60.Final-linux-x86_64.jar:/Users/masgilang/.m2/repository/io/netty/netty-transport-native-kqueue/4.1.60.Final/netty-transport-native-kqueue-4.1.60.Final-osx-x86_64.jar:/Users/masgilang/.m2/repository/org/reactivestreams/reactive-streams/1.0.3/reactive-streams-1.0.3.jar:/Users/masgilang/.m2/repository/com/typesafe/netty/netty-reactive-streams/2.0.4/netty-reactive-streams-2.0.4.jar:/Users/masgilang/.m2/repository/org/seleniumhq/selenium/selenium-manager/4.8.1/selenium-manager-4.8.1.jar:/Users/masgilang/.m2/repository/org/seleniumhq/selenium/selenium-safari-driver/4.8.1/selenium-safari-driver-4.8.1.jar:/Users/masgilang/.m2/repository/org/seleniumhq/selenium/selenium-api/4.8.1/selenium-api-4.8.1.jar:/Users/masgilang/.m2/repository/org/seleniumhq/selenium/selenium-support/4.8.1/selenium-support-4.8.1.jar:/Users/masgilang/.m2/repository/com/google/auto/service/auto-service-annotations/1.0.1/auto-service-annotations-1.0.1.jar:/Users/masgilang/.m2/repository/com/google/auto/service/auto-service/1.0.1/auto-service-1.0.1.jar:/Users/masgilang/.m2/repository/com/google/auto/auto-common/1.2/auto-common-1.2.jar:/Users/masgilang/.m2/repository/org/seleniumhq/selenium/selenium-json/4.8.1/selenium-json-4.8.1.jar:/Users/masgilang/.m2/repository/org/seleniumhq/selenium/selenium-chrome-driver/4.8.1/selenium-chrome-driver-4.8.1.jar:/Users/masgilang/.m2/repository/org/seleniumhq/selenium/selenium-chromium-driver/4.8.1/selenium-chromium-driver-4.8.1.jar:/Users/masgilang/.m2/repository/org/seleniumhq/selenium/selenium-firefox-driver/4.8.1/selenium-firefox-driver-4.8.1.jar:/Users/masgilang/.m2/repository/org/seleniumhq/selenium/selenium-http/4.8.1/selenium-http-4.8.1.jar:/Users/masgilang/.m2/repository/dev/failsafe/failsafe/3.3.0/failsafe-3.3.0.jar:/Users/masgilang/.m2/repository/org/seleniumhq/selenium/selenium-edge-driver/4.8.1/selenium-edge-driver-4.8.1.jar:/Users/masgilang/.m2/repository/org/seleniumhq/selenium/selenium-ie-driver/4.8.1/selenium-ie-driver-4.8.1.jar:/Users/masgilang/.m2/repository/org/projectlombok/lombok/1.18.20/lombok-1.18.20.jar:/Users/masgilang/.m2/repository/io/appium/java-client/8.3.0/java-client-8.3.0.jar:/Users/masgilang/.m2/repository/commons-validator/commons-validator/1.7/commons-validator-1.7.jar:/Users/masgilang/.m2/repository/commons-digester/commons-digester/2.1/commons-digester-2.1.jar:/Users/masgilang/.m2/repository/org/apache/groovy/groovy/4.0.10/groovy-4.0.10.jar:/Users/masgilang/.m2/repository/net/sf/opencsv/opencsv/2.0/opencsv-2.0.jar:/Users/masgilang/.m2/repository/commons-beanutils/commons-beanutils/1.9.4/commons-beanutils-1.9.4.jar:/Users/masgilang/.m2/repository/org/apache/commons/commons-lang3/3.12.0/commons-lang3-3.12.0.jar:/Users/masgilang/.m2/repository/commons-collections/commons-collections/3.2.2/commons-collections-3.2.2.jar:/Users/masgilang/.m2/repository/org/fluentlenium/fluentlenium-core/0.10.2/fluentlenium-core-0.10.2.jar:/Users/masgilang/.m2/repository/io/github/bonigarcia/webdrivermanager/5.3.0/webdrivermanager-5.3.0.jar:/Users/masgilang/.m2/repository/com/github/docker-java/docker-java/3.2.13/docker-java-3.2.13.jar:/Users/masgilang/.m2/repository/com/github/docker-java/docker-java-core/3.2.13/docker-java-core-3.2.13.jar:/Users/masgilang/.m2/repository/com/github/docker-java/docker-java-api/3.2.13/docker-java-api-3.2.13.jar:/Users/masgilang/.m2/repository/org/apache/commons/commons-compress/1.21/commons-compress-1.21.jar:/Users/masgilang/.m2/repository/org/bouncycastle/bcpkix-jdk15on/1.64/bcpkix-jdk15on-1.64.jar:/Users/masgilang/.m2/repository/org/bouncycastle/bcprov-jdk15on/1.64/bcprov-jdk15on-1.64.jar:/Users/masgilang/.m2/repository/org/slf4j/jcl-over-slf4j/1.7.30/jcl-over-slf4j-1.7.30.jar:/Users/masgilang/.m2/repository/com/github/docker-java/docker-java-transport-httpclient5/3.2.13/docker-java-transport-httpclient5-3.2.13.jar:/Users/masgilang/.m2/repository/com/github/docker-java/docker-java-transport/3.2.13/docker-java-transport-3.2.13.jar:/Users/masgilang/.m2/repository/net/java/dev/jna/jna/5.8.0/jna-5.8.0.jar:/Users/masgilang/.m2/repository/org/brotli/dec/0.1.2/dec-0.1.2.jar:/Users/masgilang/.m2/repository/org/apache/httpcomponents/client5/httpclient5/5.1.3/httpclient5-5.1.3.jar:/Users/masgilang/.m2/repository/org/apache/httpcomponents/core5/httpcore5/5.1.3/httpcore5-5.1.3.jar:/Users/masgilang/.m2/repository/org/apache/httpcomponents/core5/httpcore5-h2/5.1.3/httpcore5-h2-5.1.3.jar:/Users/masgilang/.m2/repository/com/jhlabs/filters/2.0.235/filters-2.0.235.jar:/Users/masgilang/.m2/repository/com/paulhammant/ngwebdriver/1.1.6/ngwebdriver-1.1.6.jar:/Users/masgilang/.m2/repository/joda-time/joda-time/2.12.2/joda-time-2.12.2.jar:/Users/masgilang/.m2/repository/org/hamcrest/hamcrest/2.2/hamcrest-2.2.jar:/Users/masgilang/.m2/repository/com/google/jimfs/jimfs/1.2/jimfs-1.2.jar:/Users/masgilang/.m2/repository/org/mockito/mockito-core/3.3.3/mockito-core-3.3.3.jar:/Users/masgilang/.m2/repository/javax/xml/bind/jaxb-api/2.3.1/jaxb-api-2.3.1.jar:/Users/masgilang/.m2/repository/javax/activation/javax.activation-api/1.2.0/javax.activation-api-1.2.0.jar:/Users/masgilang/.m2/repository/com/sun/xml/bind/jaxb-core/2.3.0.1/jaxb-core-2.3.0.1.jar:/Users/masgilang/.m2/repository/com/sun/xml/bind/jaxb-impl/2.3.3/jaxb-impl-2.3.3.jar:/Users/masgilang/.m2/repository/jakarta/xml/bind/jakarta.xml.bind-api/2.3.3/jakarta.xml.bind-api-2.3.3.jar:/Users/masgilang/.m2/repository/com/sun/activation/jakarta.activation/1.2.2/jakarta.activation-1.2.2.jar:/Users/masgilang/.m2/repository/javax/activation/activation/1.1.1/activation-1.1.1.jar:/Users/masgilang/.m2/repository/net/serenity-bdd/serenity-cucumber/3.6.21/serenity-cucumber-3.6.21.jar:/Users/masgilang/.m2/repository/io/cucumber/cucumber-core/7.11.0/cucumber-core-7.11.0.jar:/Users/masgilang/.m2/repository/io/cucumber/cucumber-gherkin/7.11.0/cucumber-gherkin-7.11.0.jar:/Users/masgilang/.m2/repository/io/cucumber/cucumber-gherkin-messages/7.11.0/cucumber-gherkin-messages-7.11.0.jar:/Users/masgilang/.m2/repository/io/cucumber/gherkin/26.0.3/gherkin-26.0.3.jar:/Users/masgilang/.m2/repository/io/cucumber/messages/21.0.1/messages-21.0.1.jar:/Users/masgilang/.m2/repository/io/cucumber/tag-expressions/5.0.1/tag-expressions-5.0.1.jar:/Users/masgilang/.m2/repository/io/cucumber/cucumber-expressions/16.1.1/cucumber-expressions-16.1.1.jar:/Users/masgilang/.m2/repository/io/cucumber/datatable/7.11.0/datatable-7.11.0.jar:/Users/masgilang/.m2/repository/io/cucumber/cucumber-plugin/7.11.0/cucumber-plugin-7.11.0.jar:/Users/masgilang/.m2/repository/io/cucumber/docstring/7.11.0/docstring-7.11.0.jar:/Users/masgilang/.m2/repository/io/cucumber/html-formatter/20.2.1/html-formatter-20.2.1.jar:/Users/masgilang/.m2/repository/io/cucumber/junit-xml-formatter/0.1.0/junit-xml-formatter-0.1.0.jar:/Users/masgilang/.m2/repository/io/cucumber/ci-environment/9.1.0/ci-environment-9.1.0.jar:/Users/masgilang/.m2/repository/io/cucumber/cucumber-java/7.11.0/cucumber-java-7.11.0.jar:/Users/masgilang/.m2/repository/io/cucumber/cucumber-junit/7.11.0/cucumber-junit-7.11.0.jar:/Users/masgilang/.m2/repository/org/apache/commons/commons-csv/1.5/commons-csv-1.5.jar:/Users/masgilang/.m2/repository/net/serenity-bdd/serenity-screenplay/3.6.21/serenity-screenplay-3.6.21.jar:/Users/masgilang/.m2/repository/net/serenity-bdd/serenity-screenplay-webdriver/3.6.21/serenity-screenplay-webdriver-3.6.21.jar:/Users/masgilang/.m2/repository/net/serenity-bdd/serenity-ensure/3.6.21/serenity-ensure-3.6.21.jar:/Users/masgilang/.m2/repository/net/serenity-bdd/serenity-junit/3.6.21/serenity-junit-3.6.21.jar:/Users/masgilang/.m2/repository/org/jetbrains/kotlin/kotlin-stdlib/1.8.10/kotlin-stdlib-1.8.10.jar:/Users/masgilang/.m2/repository/org/jetbrains/kotlin/kotlin-stdlib-common/1.8.10/kotlin-stdlib-common-1.8.10.jar:/Users/masgilang/.m2/repository/org/jetbrains/annotations/13.0/annotations-13.0.jar:/Users/masgilang/.m2/repository/org/junit/platform/junit-platform-launcher/1.8.2/junit-platform-launcher-1.8.2.jar:/Users/masgilang/.m2/repository/org/junit/platform/junit-platform-engine/1.8.2/junit-platform-engine-1.8.2.jar:/Users/masgilang/.m2/repository/org/opentest4j/opentest4j/1.2.0/opentest4j-1.2.0.jar:/Users/masgilang/.m2/repository/org/junit/platform/junit-platform-commons/1.8.2/junit-platform-commons-1.8.2.jar:/Users/masgilang/.m2/repository/org/apiguardian/apiguardian-api/1.1.2/apiguardian-api-1.1.2.jar:/Users/masgilang/.m2/repository/org/junit/jupiter/junit-jupiter-engine/5.8.2/junit-jupiter-engine-5.8.2.jar:/Users/masgilang/.m2/repository/org/junit/jupiter/junit-jupiter-api/5.8.2/junit-jupiter-api-5.8.2.jar:/Users/masgilang/.m2/repository/org/junit/vintage/junit-vintage-engine/5.8.2/junit-vintage-engine-5.8.2.jar:/Users/masgilang/.m2/repository/junit/junit/4.13.2/junit-4.13.2.jar:/Users/masgilang/.m2/repository/org/hamcrest/hamcrest-core/1.3/hamcrest-core-1.3.jar:/Users/masgilang/.m2/repository/ch/qos/logback/logback-classic/1.2.10/logback-classic-1.2.10.jar:/Users/masgilang/.m2/repository/ch/qos/logback/logback-core/1.2.10/logback-core-1.2.10.jar:/Users/masgilang/.m2/repository/org/slf4j/slf4j-api/1.7.32/slf4j-api-1.7.32.jar:/Users/masgilang/.m2/repository/org/assertj/assertj-core/3.23.1/assertj-core-3.23.1.jar:/Users/masgilang/.m2/repository/net/bytebuddy/byte-buddy/1.12.10/byte-buddy-1.12.10.jar:/Users/masgilang/.m2/repository/org/apache/maven/surefire/surefire-junit-platform/3.0.0-M5/surefire-junit-platform-3.0.0-M5.jar:/Users/masgilang/.m2/repository/org/apache/maven/surefire/common-java5/3.0.0-M5/common-java5-3.0.0-M5.jar"/>
    <property name="java.protocol.handler.pkgs" value="com.google.common"/>
    <property name="sun.management.compiler" value="HotSpot 64-Bit Tiered Compilers"/>
    <property name="ftp.nonProxyHosts" value="local|*.local|169.254/16|*.169.254/16"/>
    <property name="java.runtime.version" value="19.0.2"/>
    <property name="user.name" value="masgilang"/>
    <property name="stdout.encoding" value="UTF-8"/>
    <property name="path.separator" value=":"/>
    <property name="os.version" value="13.1"/>
    <property name="java.runtime.name" value="OpenJDK Runtime Environment"/>
    <property name="file.encoding" value="UTF-8"/>
    <property name="webdriver.base.url" value=""/>
    <property name="java.vm.name" value="OpenJDK 64-Bit Server VM"/>
    <property name="java.vendor.version" value="Homebrew"/>
    <property name="localRepository" value="/Users/masgilang/.m2/repository"/>
    <property name="java.vendor.url.bug" value="https://github.com/Homebrew/homebrew-core/issues"/>
    <property name="java.io.tmpdir" value="/var/folders/d_/lr8j0c_90pd7y80q43_0jvwc0000gn/T/"/>
    <property name="java.version" value="19.0.2"/>
    <property name="user.dir" value="/Users/masgilang/Downloads/Prioritas1WebTestSerenity"/>
    <property name="os.arch" value="aarch64"/>
    <property name="java.vm.specification.name" value="Java Virtual Machine Specification"/>
    <property name="native.encoding" value="UTF-8"/>
    <property name="java.library.path" value="/Users/masgilang/Library/Java/Extensions:/Library/Java/Extensions:/Network/Library/Java/Extensions:/System/Library/Java/Extensions:/usr/lib/java:."/>
    <property name="java.vm.info" value="mixed mode"/>
    <property name="stderr.encoding" value="UTF-8"/>
    <property name="java.vendor" value="Homebrew"/>
    <property name="java.vm.version" value="19.0.2"/>
    <property name="sun.io.unicode.encoding" value="UnicodeBig"/>
    <property name="socksNonProxyHosts" value="local|*.local|169.254/16|*.169.254/16"/>
    <property name="java.class.version" value="63.0"/>
  </properties>
  <testcase name="As a user, i login with accepted username standard_user" classname="login" time="15.702">
    <system-out><![CDATA[04:20:27.254 [main] DEBUG net.thucydides.core.guice.Injectors - Created injector for module net.thucydides.core.guice.ThucydidesModule
04:20:27.355 [main] DEBUG io.cucumber.core.plugin.SerenityReporter - Running feature from file:///Users/masgilang/Downloads/Prioritas1WebTestSerenity/src/test/resources/features/Login.feature
04:20:27.423 [main] DEBUG net.thucydides.core.guice.Injectors - Created injector for module net.thucydides.core.guice.webdriver.WebDriverModule
04:20:27.429 [main] INFO  - 

-------------------------------------------------------------------------------------
     _______. _______ .______       _______ .__   __.  __  .___________.____    ____ 
    /       ||   ____||   _  \     |   ____||  \ |  | |  | |           |\   \  /   / 
   |   (----`|  |__   |  |_)  |    |  |__   |   \|  | |  | `---|  |----` \   \/   /  
    \   \    |   __|  |      /     |   __|  |  . `  | |  |     |  |       \_    _/   
.----)   |   |  |____ |  |\  \----.|  |____ |  |\   | |  |     |  |         |  |     
|_______/    |_______|| _| `._____||_______||__| \__| |__|     |__|         |__|    
                                                                                     
 News and tutorials at http://www.serenity-bdd.info                                  
 Documentation at https://wakaleo.gitbooks.io/the-serenity-book/content/             
 Join the Serenity Community on Gitter: https://gitter.im/serenity-bdd/serenity-core 
 Serenity BDD Support and Training at http://serenity-bdd.info/#/trainingandsupport  
-------------------------------------------------------------------------------------

04:20:27.430 [main] DEBUG net.thucydides.core.steps.StepEventBus - Test suite started for story net.thucydides.core.model.Story@23282f08
04:20:27.431 [main] INFO  - Test Suite Started: Login
04:20:27.437 [main] DEBUG io.cucumber.core.plugin.SerenityReporter - Running feature from file:///Users/masgilang/Downloads/Prioritas1WebTestSerenity/src/test/resources/features/Login.feature
04:20:27.438 [main] DEBUG net.thucydides.core.steps.StepEventBus - Test suite started for story net.thucydides.core.model.Story@23282f08
04:20:27.438 [main] INFO  - Test Suite Started: Login

@Login @test1
Scenario: As a user, i login with accepted username standard_user &amp#27;[90m# src/test/resources/features/Login.feature:8&amp#27;[0m
04:20:27.470 [main] DEBUG io.cucumber.core.plugin.SerenityReporter - Running feature from file:///Users/masgilang/Downloads/Prioritas1WebTestSerenity/src/test/resources/features/Login.feature
04:20:27.518 [main] INFO  - 
  _____   ___   ___   _____     ___   _____     _     ___   _____   ___   ___  
 |_   _| | __| / __| |_   _|   / __| |_   _|   /_\   | _ \ |_   _| | __| |   \ 
   | |   | _|  \__ \   | |     \__ \   | |    / _ \  |   /   | |   | _|  | |) |
   |_|   |___| |___/   |_|     |___/   |_|   /_/ \_\ |_|_\   |_|   |___| |___/ 

As a user, i login with accepted username standard_user(login;as-a-user--i-login-with-accepted-username-standard-user)
--------------------------------------------------------------------------------
04:20:27.558 [main] DEBUG net.thucydides.core.requirements.model.cucumber.CucumberParser - Loading feature /Users/masgilang/Downloads/Prioritas1WebTestSerenity/src/test/resources/features/Login.feature
04:20:27.929 [main] INFO net.serenitybdd.core.webdriver.driverproviders.ChromeDriverProvider - Starting Chrome driver instance with capabilities:
04:20:27.930 [main] INFO net.serenitybdd.core.webdriver.driverproviders.ChromeDriverProvider - Capabilities {acceptInsecureCerts: false, browserName: chrome, goog:chromeOptions: {args: [remote-allow-origins=*], extensions: []}}
04:20:27.973 [main] DEBUG io.netty.util.internal.logging.InternalLoggerFactory - Using SLF4J as the default logging framework
04:20:27.974 [main] DEBUG io.netty.util.ResourceLeakDetector - -Dio.netty.leakDetection.level: simple
04:20:27.974 [main] DEBUG io.netty.util.ResourceLeakDetector - -Dio.netty.leakDetection.targetRecords: 4
04:20:27.976 [main] DEBUG io.netty.util.ResourceLeakDetectorFactory - Loaded default ResourceLeakDetector: io.netty.util.ResourceLeakDetector@52abed9d
04:20:27.982 [main] DEBUG io.netty.util.internal.PlatformDependent0 - -Dio.netty.noUnsafe: false
04:20:27.982 [main] DEBUG io.netty.util.internal.PlatformDependent0 - Java version: 19
04:20:27.982 [main] DEBUG io.netty.util.internal.PlatformDependent0 - sun.misc.Unsafe.theUnsafe: available
04:20:27.982 [main] DEBUG io.netty.util.internal.PlatformDependent0 - sun.misc.Unsafe.copyMemory: available
04:20:27.983 [main] DEBUG io.netty.util.internal.PlatformDependent0 - sun.misc.Unsafe.storeFence: available
04:20:27.983 [main] DEBUG io.netty.util.internal.PlatformDependent0 - java.nio.Buffer.address: available
04:20:27.983 [main] DEBUG io.netty.util.internal.PlatformDependent0 - direct buffer constructor: unavailable: Reflective setAccessible(true) disabled
04:20:27.983 [main] DEBUG io.netty.util.internal.PlatformDependent0 - java.nio.Bits.unaligned: available, true
04:20:27.984 [main] DEBUG io.netty.util.internal.PlatformDependent0 - jdk.internal.misc.Unsafe.allocateUninitializedArray(int): unavailable: class io.netty.util.internal.PlatformDependent0$7 cannot access class jdk.internal.misc.Unsafe (in module java.base) because module java.base does not export jdk.internal.misc to unnamed module @3e96bacf
04:20:27.984 [main] DEBUG io.netty.util.internal.PlatformDependent0 - java.nio.DirectByteBuffer.<init>(long, int): unavailable
04:20:27.984 [main] DEBUG io.netty.util.internal.PlatformDependent - sun.misc.Unsafe: available
04:20:27.986 [main] DEBUG io.netty.util.internal.PlatformDependent - maxDirectMemory: 2147483648 bytes (maybe)
04:20:27.986 [main] DEBUG io.netty.util.internal.PlatformDependent - -Dio.netty.tmpdir: /var/folders/d_/lr8j0c_90pd7y80q43_0jvwc0000gn/T (java.io.tmpdir)
04:20:27.986 [main] DEBUG io.netty.util.internal.PlatformDependent - -Dio.netty.bitMode: 64 (sun.arch.data.model)
04:20:27.986 [main] DEBUG io.netty.util.internal.PlatformDependent - Platform: MacOS
04:20:27.986 [main] DEBUG io.netty.util.internal.PlatformDependent - -Dio.netty.maxDirectMemory: -1 bytes
04:20:27.986 [main] DEBUG io.netty.util.internal.PlatformDependent - -Dio.netty.uninitializedArrayAllocationThreshold: -1
04:20:27.986 [main] DEBUG io.netty.util.internal.CleanerJava9 - java.nio.ByteBuffer.cleaner(): available
04:20:27.987 [main] DEBUG io.netty.util.internal.PlatformDependent - -Dio.netty.noPreferDirect: false
04:20:27.989 [main] DEBUG io.netty.util.internal.PlatformDependent - org.jctools-core.MpscChunkedArrayQueue: available
04:20:27.999 [main] DEBUG io.netty.util.internal.InternalThreadLocalMap - -Dio.netty.threadLocalMap.stringBuilder.initialSize: 1024
04:20:27.999 [main] DEBUG io.netty.util.internal.InternalThreadLocalMap - -Dio.netty.threadLocalMap.stringBuilder.maxSize: 4096
04:20:28.092 [main] DEBUG io.netty.handler.ssl.JdkSslContext - Default protocols (JDK): [TLSv1.3, TLSv1.2] 
04:20:28.092 [main] DEBUG io.netty.handler.ssl.JdkSslContext - Default cipher suites (JDK): [TLS_ECDHE_ECDSA_WITH_AES_256_GCM_SHA384, TLS_ECDHE_ECDSA_WITH_AES_128_GCM_SHA256, TLS_ECDHE_RSA_WITH_AES_128_GCM_SHA256, TLS_ECDHE_RSA_WITH_AES_256_GCM_SHA384, TLS_ECDHE_RSA_WITH_AES_128_CBC_SHA, TLS_ECDHE_RSA_WITH_AES_256_CBC_SHA, TLS_RSA_WITH_AES_128_GCM_SHA256, TLS_RSA_WITH_AES_128_CBC_SHA, TLS_RSA_WITH_AES_256_CBC_SHA, TLS_AES_128_GCM_SHA256, TLS_AES_256_GCM_SHA384]
04:20:28.102 [main] DEBUG io.netty.channel.MultithreadEventLoopGroup - -Dio.netty.eventLoopThreads: 16
04:20:28.105 [main] DEBUG io.netty.channel.nio.NioEventLoop - -Dio.netty.noKeySetOptimization: false
04:20:28.105 [main] DEBUG io.netty.channel.nio.NioEventLoop - -Dio.netty.selectorAutoRebuildThreshold: 512
04:20:28.117 [main] DEBUG io.netty.buffer.PooledByteBufAllocator - -Dio.netty.allocator.numHeapArenas: 16
04:20:28.117 [main] DEBUG io.netty.buffer.PooledByteBufAllocator - -Dio.netty.allocator.numDirectArenas: 16
04:20:28.117 [main] DEBUG io.netty.buffer.PooledByteBufAllocator - -Dio.netty.allocator.pageSize: 8192
04:20:28.117 [main] DEBUG io.netty.buffer.PooledByteBufAllocator - -Dio.netty.allocator.maxOrder: 9
04:20:28.117 [main] DEBUG io.netty.buffer.PooledByteBufAllocator - -Dio.netty.allocator.chunkSize: 4194304
04:20:28.117 [main] DEBUG io.netty.buffer.PooledByteBufAllocator - -Dio.netty.allocator.smallCacheSize: 256
04:20:28.117 [main] DEBUG io.netty.buffer.PooledByteBufAllocator - -Dio.netty.allocator.normalCacheSize: 64
04:20:28.117 [main] DEBUG io.netty.buffer.PooledByteBufAllocator - -Dio.netty.allocator.maxCachedBufferCapacity: 32768
04:20:28.117 [main] DEBUG io.netty.buffer.PooledByteBufAllocator - -Dio.netty.allocator.cacheTrimInterval: 8192
04:20:28.117 [main] DEBUG io.netty.buffer.PooledByteBufAllocator - -Dio.netty.allocator.cacheTrimIntervalMillis: 0
04:20:28.117 [main] DEBUG io.netty.buffer.PooledByteBufAllocator - -Dio.netty.allocator.useCacheForAllThreads: false
04:20:28.117 [main] DEBUG io.netty.buffer.PooledByteBufAllocator - -Dio.netty.allocator.maxCachedByteBuffersPerChunk: 1023
04:20:28.121 [main] DEBUG io.netty.buffer.ByteBufUtil - -Dio.netty.allocator.type: pooled
04:20:28.121 [main] DEBUG io.netty.buffer.ByteBufUtil - -Dio.netty.threadLocalDirectBufferSize: 0
04:20:28.121 [main] DEBUG io.netty.buffer.ByteBufUtil - -Dio.netty.maxThreadLocalCharBufferSize: 16384
04:20:28.338 [Forwarding newSession on session null to remote] DEBUG io.netty.channel.DefaultChannelId - -Dio.netty.processId: 65209 (auto-detected)
04:20:28.339 [Forwarding newSession on session null to remote] DEBUG io.netty.util.NetUtil - -Djava.net.preferIPv4Stack: false
04:20:28.339 [Forwarding newSession on session null to remote] DEBUG io.netty.util.NetUtil - -Djava.net.preferIPv6Addresses: false
04:20:28.341 [Forwarding newSession on session null to remote] DEBUG io.netty.util.NetUtilInitializations - Loopback interface: lo0 (lo0, 0:0:0:0:0:0:0:1%lo0)
04:20:28.341 [Forwarding newSession on session null to remote] DEBUG io.netty.util.NetUtil - Failed to get SOMAXCONN from sysctl and file /proc/sys/net/core/somaxconn. Default: 128
04:20:28.342 [Forwarding newSession on session null to remote] DEBUG io.netty.channel.DefaultChannelId - -Dio.netty.machineId: 3c:06:30:ff:fe:47:8f:a2 (auto-detected)
04:20:28.358 [AsyncHttpClient-1-2] DEBUG io.netty.buffer.AbstractByteBuf - -Dio.netty.buffer.checkAccessible: true
04:20:28.358 [AsyncHttpClient-1-2] DEBUG io.netty.buffer.AbstractByteBuf - -Dio.netty.buffer.checkBounds: true
04:20:28.358 [AsyncHttpClient-1-2] DEBUG io.netty.util.ResourceLeakDetectorFactory - Loaded default ResourceLeakDetector: io.netty.util.ResourceLeakDetector@482f1f0c
04:20:28.362 [AsyncHttpClient-1-2] DEBUG org.asynchttpclient.netty.channel.NettyConnectListener - Using new Channel '[id: 0x3ec6bac5, L:/127.0.0.1:62305 - R:localhost/127.0.0.1:11030]' for 'POST' to '/session'
04:20:28.368 [AsyncHttpClient-1-2] DEBUG io.netty.util.Recycler - -Dio.netty.recycler.maxCapacityPerThread: 4096
04:20:28.368 [AsyncHttpClient-1-2] DEBUG io.netty.util.Recycler - -Dio.netty.recycler.ratio: 8
04:20:28.368 [AsyncHttpClient-1-2] DEBUG io.netty.util.Recycler - -Dio.netty.recycler.chunkSize: 32
04:20:28.368 [AsyncHttpClient-1-2] DEBUG io.netty.util.Recycler - -Dio.netty.recycler.blocking: false
04:20:37.159 [AsyncHttpClient-1-2] DEBUG io.netty.handler.codec.compression.Brotli - brotli4j not in the classpath; Brotli support will be unavailable.
04:20:37.159 [AsyncHttpClient-1-2] DEBUG org.asynchttpclient.netty.handler.HttpHandler - 

Request DefaultHttpRequest(decodeResult: success, version: HTTP/1.1)
POST /session HTTP/1.1
User-Agent: selenium/4.8.1 (java mac)
Content-Length: 507
Content-Type: application/json; charset=utf-8
host: localhost:11030
accept: */*

Response DefaultHttpResponse(decodeResult: success, version: HTTP/1.1)
HTTP/1.1 200 OK
Content-Length: 868
Content-Type: application/json; charset=utf-8
cache-control: no-cache

04:20:37.164 [AsyncHttpClient-1-2] DEBUG org.asynchttpclient.netty.channel.ChannelManager - Adding key: http://localhost:11030 for channel [id: 0x3ec6bac5, L:/127.0.0.1:62305 - R:localhost/127.0.0.1:11030]
04:20:37.197 [AsyncHttpClient-1-3] DEBUG org.asynchttpclient.netty.channel.NettyConnectListener - Using new Channel '[id: 0x1452cd4d, L:/127.0.0.1:62311 - R:localhost/127.0.0.1:62306]' for 'GET' to '/json/version'
04:20:37.199 [AsyncHttpClient-1-3] DEBUG org.asynchttpclient.netty.handler.HttpHandler - 

Request DefaultFullHttpRequest(decodeResult: success, version: HTTP/1.1, content: EmptyByteBufBE)
GET /json/version HTTP/1.1
User-Agent: selenium/4.8.1 (java mac)
host: localhost:62306
accept: */*

Response DefaultHttpResponse(decodeResult: success, version: HTTP/1.1)
HTTP/1.1 200 OK
Content-Security-Policy: frame-ancestors 'none'
Content-Length: 420
Content-Type: application/json; charset=UTF-8

04:20:37.199 [AsyncHttpClient-1-3] DEBUG org.asynchttpclient.netty.channel.ChannelManager - Adding key: http://localhost:62306 for channel [id: 0x1452cd4d, L:/127.0.0.1:62311 - R:localhost/127.0.0.1:62306]
04:20:37.204 [main] DEBUG io.netty.util.internal.ThreadLocalRandom - -Dio.netty.initialSeedUniquifier: 0x57ec683c772a31db
04:20:37.205 [AsyncHttpClient-1-4] DEBUG org.asynchttpclient.netty.channel.NettyConnectListener - Using new Channel '[id: 0x72d969e2, L:/127.0.0.1:62312 - R:localhost/127.0.0.1:62306]' for 'GET' to '/devtools/browser/bb9f990f-7d27-492c-9f73-eb6ab1f28641'
04:20:37.207 [AsyncHttpClient-1-4] DEBUG org.asynchttpclient.netty.handler.WebSocketHandler - 

Request DefaultFullHttpRequest(decodeResult: success, version: HTTP/1.1, content: EmptyByteBufBE)
GET /devtools/browser/bb9f990f-7d27-492c-9f73-eb6ab1f28641 HTTP/1.1
upgrade: websocket
connection: upgrade
sec-websocket-key: 86yPuaZ+nbxFy6Nqn7Xy0A==
sec-websocket-version: 13
origin: http://localhost:62306
host: localhost:62306
accept: */*
user-agent: AHC/2.1

Response DefaultHttpResponse(decodeResult: success, version: HTTP/1.1)
HTTP/1.1 101 WebSocket Protocol Handshake
Upgrade: WebSocket
Connection: Upgrade
Sec-WebSocket-Accept: b7rtq56qm28sksfBweRRUGZ9T3c=

04:20:37.232 [Forwarding maximizeCurrentWindow on session ebd78358ff1594d2f04dc77a62e9b358 to remote] DEBUG org.asynchttpclient.netty.request.NettyRequestSender - Using pooled Channel '[id: 0x3ec6bac5, L:/127.0.0.1:62305 - R:localhost/127.0.0.1:11030]' for 'POST' to 'http://localhost:11030/session/ebd78358ff1594d2f04dc77a62e9b358/window/maximize'
04:20:37.232 [Forwarding maximizeCurrentWindow on session ebd78358ff1594d2f04dc77a62e9b358 to remote] DEBUG org.asynchttpclient.netty.request.NettyRequestSender - Using open Channel [id: 0x3ec6bac5, L:/127.0.0.1:62305 - R:localhost/127.0.0.1:11030] for POST '/session/ebd78358ff1594d2f04dc77a62e9b358/window/maximize'
04:20:37.649 [AsyncHttpClient-1-2] DEBUG org.asynchttpclient.netty.handler.HttpHandler - 

Request DefaultHttpRequest(decodeResult: success, version: HTTP/1.1)
POST /session/ebd78358ff1594d2f04dc77a62e9b358/window/maximize HTTP/1.1
User-Agent: selenium/4.8.1 (java mac)
Content-Length: 3
Content-Type: application/json; charset=utf-8
host: localhost:11030
accept: */*

Response DefaultHttpResponse(decodeResult: success, version: HTTP/1.1)
HTTP/1.1 200 OK
Content-Length: 50
Content-Type: application/json; charset=utf-8
cache-control: no-cache

04:20:37.661 [AsyncHttpClient-1-2] DEBUG org.asynchttpclient.netty.channel.ChannelManager - Adding key: http://localhost:11030 for channel [id: 0x3ec6bac5, L:/127.0.0.1:62305 - R:localhost/127.0.0.1:11030]
04:20:37.709 [Forwarding get on session ebd78358ff1594d2f04dc77a62e9b358 to remote] DEBUG org.asynchttpclient.netty.request.NettyRequestSender - Using pooled Channel '[id: 0x3ec6bac5, L:/127.0.0.1:62305 - R:localhost/127.0.0.1:11030]' for 'POST' to 'http://localhost:11030/session/ebd78358ff1594d2f04dc77a62e9b358/url'
04:20:37.709 [Forwarding get on session ebd78358ff1594d2f04dc77a62e9b358 to remote] DEBUG org.asynchttpclient.netty.request.NettyRequestSender - Using open Channel [id: 0x3ec6bac5, L:/127.0.0.1:62305 - R:localhost/127.0.0.1:11030] for POST '/session/ebd78358ff1594d2f04dc77a62e9b358/url'
04:20:37.996 [AsyncHttpClient-1-1] DEBUG org.asynchttpclient.netty.channel.DefaultChannelPool - Entry count for : http://localhost:62306 : 1
04:20:38.991 [AsyncHttpClient-1-2] DEBUG org.asynchttpclient.netty.handler.HttpHandler - 

Request DefaultHttpRequest(decodeResult: success, version: HTTP/1.1)
POST /session/ebd78358ff1594d2f04dc77a62e9b358/url HTTP/1.1
User-Agent: selenium/4.8.1 (java mac)
Content-Length: 56
Content-Type: application/json; charset=utf-8
host: localhost:11030
accept: */*

Response DefaultHttpResponse(decodeResult: success, version: HTTP/1.1)
HTTP/1.1 200 OK
Content-Length: 14
Content-Type: application/json; charset=utf-8
cache-control: no-cache

04:20:38.991 [AsyncHttpClient-1-2] DEBUG org.asynchttpclient.netty.channel.ChannelManager - Adding key: http://localhost:11030 for channel [id: 0x3ec6bac5, L:/127.0.0.1:62305 - R:localhost/127.0.0.1:11030]
04:20:38.993 [Forwarding setTimeout on session ebd78358ff1594d2f04dc77a62e9b358 to remote] DEBUG org.asynchttpclient.netty.request.NettyRequestSender - Using pooled Channel '[id: 0x3ec6bac5, L:/127.0.0.1:62305 - R:localhost/127.0.0.1:11030]' for 'POST' to 'http://localhost:11030/session/ebd78358ff1594d2f04dc77a62e9b358/timeouts'
04:20:38.993 [Forwarding setTimeout on session ebd78358ff1594d2f04dc77a62e9b358 to remote] DEBUG org.asynchttpclient.netty.request.NettyRequestSender - Using open Channel [id: 0x3ec6bac5, L:/127.0.0.1:62305 - R:localhost/127.0.0.1:11030] for POST '/session/ebd78358ff1594d2f04dc77a62e9b358/timeouts'
04:20:38.995 [AsyncHttpClient-1-2] DEBUG org.asynchttpclient.netty.handler.HttpHandler - 

Request DefaultHttpRequest(decodeResult: success, version: HTTP/1.1)
POST /session/ebd78358ff1594d2f04dc77a62e9b358/timeouts HTTP/1.1
User-Agent: selenium/4.8.1 (java mac)
Content-Length: 22
Content-Type: application/json; charset=utf-8
host: localhost:11030
accept: */*

Response DefaultHttpResponse(decodeResult: success, version: HTTP/1.1)
HTTP/1.1 200 OK
Content-Length: 14
Content-Type: application/json; charset=utf-8
cache-control: no-cache

04:20:38.995 [AsyncHttpClient-1-2] DEBUG org.asynchttpclient.netty.channel.ChannelManager - Adding key: http://localhost:11030 for channel [id: 0x3ec6bac5, L:/127.0.0.1:62305 - R:localhost/127.0.0.1:11030]
04:20:39.020 [main] DEBUG net.serenitybdd.core.photography.Darkroom - Opening darkroom
04:20:39.020 [Darkroom Processing Line] DEBUG net.serenitybdd.core.photography.DarkroomProcessingLine - Darkroom processing line starting up
04:20:39.028 [Forwarding getAlertText on session ebd78358ff1594d2f04dc77a62e9b358 to remote] DEBUG org.asynchttpclient.netty.request.NettyRequestSender - Using pooled Channel '[id: 0x3ec6bac5, L:/127.0.0.1:62305 - R:localhost/127.0.0.1:11030]' for 'GET' to 'http://localhost:11030/session/ebd78358ff1594d2f04dc77a62e9b358/alert/text'
04:20:39.028 [Forwarding getAlertText on session ebd78358ff1594d2f04dc77a62e9b358 to remote] DEBUG org.asynchttpclient.netty.request.NettyRequestSender - Using open Channel [id: 0x3ec6bac5, L:/127.0.0.1:62305 - R:localhost/127.0.0.1:11030] for GET '/session/ebd78358ff1594d2f04dc77a62e9b358/alert/text'
04:20:39.030 [AsyncHttpClient-1-2] DEBUG org.asynchttpclient.netty.handler.HttpHandler - 

Request DefaultFullHttpRequest(decodeResult: success, version: HTTP/1.1, content: EmptyByteBufBE)
GET /session/ebd78358ff1594d2f04dc77a62e9b358/alert/text HTTP/1.1
User-Agent: selenium/4.8.1 (java mac)
Cache-Control: no-cache
Content-Type: application/json; charset=utf-8
host: localhost:11030
accept: */*

Response DefaultHttpResponse(decodeResult: success, version: HTTP/1.1)
HTTP/1.1 404 Not Found
Content-Length: 1762
Content-Type: application/json; charset=utf-8
cache-control: no-cache

04:20:39.030 [AsyncHttpClient-1-2] DEBUG org.asynchttpclient.netty.channel.ChannelManager - Adding key: http://localhost:11030 for channel [id: 0x3ec6bac5, L:/127.0.0.1:62305 - R:localhost/127.0.0.1:11030]
04:20:39.033 [Forwarding getCurrentUrl on session ebd78358ff1594d2f04dc77a62e9b358 to remote] DEBUG org.asynchttpclient.netty.request.NettyRequestSender - Using pooled Channel '[id: 0x3ec6bac5, L:/127.0.0.1:62305 - R:localhost/127.0.0.1:11030]' for 'GET' to 'http://localhost:11030/session/ebd78358ff1594d2f04dc77a62e9b358/url'
04:20:39.033 [Forwarding getCurrentUrl on session ebd78358ff1594d2f04dc77a62e9b358 to remote] DEBUG org.asynchttpclient.netty.request.NettyRequestSender - Using open Channel [id: 0x3ec6bac5, L:/127.0.0.1:62305 - R:localhost/127.0.0.1:11030] for GET '/session/ebd78358ff1594d2f04dc77a62e9b358/url'
04:20:39.054 [AsyncHttpClient-1-2] DEBUG org.asynchttpclient.netty.handler.HttpHandler - 

Request DefaultFullHttpRequest(decodeResult: success, version: HTTP/1.1, content: EmptyByteBufBE)
GET /session/ebd78358ff1594d2f04dc77a62e9b358/url HTTP/1.1
User-Agent: selenium/4.8.1 (java mac)
Cache-Control: no-cache
Content-Type: application/json; charset=utf-8
host: localhost:11030
accept: */*

Response DefaultHttpResponse(decodeResult: success, version: HTTP/1.1)
HTTP/1.1 200 OK
Content-Length: 38
Content-Type: application/json; charset=utf-8
cache-control: no-cache

04:20:39.054 [AsyncHttpClient-1-2] DEBUG org.asynchttpclient.netty.channel.ChannelManager - Adding key: http://localhost:11030 for channel [id: 0x3ec6bac5, L:/127.0.0.1:62305 - R:localhost/127.0.0.1:11030]
04:20:39.056 [Forwarding screenshot on session ebd78358ff1594d2f04dc77a62e9b358 to remote] DEBUG org.asynchttpclient.netty.request.NettyRequestSender - Using pooled Channel '[id: 0x3ec6bac5, L:/127.0.0.1:62305 - R:localhost/127.0.0.1:11030]' for 'GET' to 'http://localhost:11030/session/ebd78358ff1594d2f04dc77a62e9b358/screenshot'
04:20:39.056 [Forwarding screenshot on session ebd78358ff1594d2f04dc77a62e9b358 to remote] DEBUG org.asynchttpclient.netty.request.NettyRequestSender - Using open Channel [id: 0x3ec6bac5, L:/127.0.0.1:62305 - R:localhost/127.0.0.1:11030] for GET '/session/ebd78358ff1594d2f04dc77a62e9b358/screenshot'
04:20:39.092 [AsyncHttpClient-1-1] DEBUG org.asynchttpclient.netty.channel.DefaultChannelPool - Entry count for : http://localhost:62306 : 1
04:20:39.294 [AsyncHttpClient-1-2] DEBUG org.asynchttpclient.netty.handler.HttpHandler - 

Request DefaultFullHttpRequest(decodeResult: success, version: HTTP/1.1, content: EmptyByteBufBE)
GET /session/ebd78358ff1594d2f04dc77a62e9b358/screenshot HTTP/1.1
User-Agent: selenium/4.8.1 (java mac)
Cache-Control: no-cache
Content-Type: application/json; charset=utf-8
host: localhost:11030
accept: */*

Response DefaultHttpResponse(decodeResult: success, version: HTTP/1.1)
HTTP/1.1 200 OK
Content-Length: 100096
Content-Type: application/json; charset=utf-8
cache-control: no-cache

04:20:39.296 [AsyncHttpClient-1-2] DEBUG org.asynchttpclient.netty.channel.ChannelManager - Adding key: http://localhost:11030 for channel [id: 0x3ec6bac5, L:/127.0.0.1:62305 - R:localhost/127.0.0.1:11030]
04:20:39.335 [main] DEBUG net.serenitybdd.core.photography.Darkroom - Send negative for processing for target/site/serenity/377ffb6d1550d3632e8c516234cfcf50b136ee3152a3183094b22917dd9b473e.png
04:20:39.335 [Darkroom Processing Line] DEBUG net.serenitybdd.core.photography.DarkroomProcessingLine - Processing screenshot image in /var/screenshots/screenshot-7447688012526597051
04:20:39.335 [Darkroom Processing Line] DEBUG net.serenitybdd.core.photography.DarkroomProcessingLine - Saving screenshot to target/site/serenity/377ffb6d1550d3632e8c516234cfcf50b136ee3152a3183094b22917dd9b473e.png
04:20:39.337 [Forwarding getPageSource on session ebd78358ff1594d2f04dc77a62e9b358 to remote] DEBUG org.asynchttpclient.netty.request.NettyRequestSender - Using pooled Channel '[id: 0x3ec6bac5, L:/127.0.0.1:62305 - R:localhost/127.0.0.1:11030]' for 'POST' to 'http://localhost:11030/session/ebd78358ff1594d2f04dc77a62e9b358/execute/sync'
04:20:39.337 [Forwarding getPageSource on session ebd78358ff1594d2f04dc77a62e9b358 to remote] DEBUG org.asynchttpclient.netty.request.NettyRequestSender - Using open Channel [id: 0x3ec6bac5, L:/127.0.0.1:62305 - R:localhost/127.0.0.1:11030] for POST '/session/ebd78358ff1594d2f04dc77a62e9b358/execute/sync'
04:20:39.424 [AsyncHttpClient-1-2] DEBUG org.asynchttpclient.netty.handler.HttpHandler - 

Request DefaultHttpRequest(decodeResult: success, version: HTTP/1.1)
POST /session/ebd78358ff1594d2f04dc77a62e9b358/execute/sync HTTP/1.1
User-Agent: selenium/4.8.1 (java mac)
Content-Length: 176
Content-Type: application/json; charset=utf-8
host: localhost:11030
accept: */*

Response DefaultHttpResponse(decodeResult: success, version: HTTP/1.1)
HTTP/1.1 200 OK
Content-Length: 4286
Content-Type: application/json; charset=utf-8
cache-control: no-cache

04:20:39.424 [AsyncHttpClient-1-2] DEBUG org.asynchttpclient.netty.channel.ChannelManager - Adding key: http://localhost:11030 for channel [id: 0x3ec6bac5, L:/127.0.0.1:62305 - R:localhost/127.0.0.1:11030]
04:20:39.450 [Forwarding getCurrentUrl on session ebd78358ff1594d2f04dc77a62e9b358 to remote] DEBUG org.asynchttpclient.netty.request.NettyRequestSender - Using pooled Channel '[id: 0x3ec6bac5, L:/127.0.0.1:62305 - R:localhost/127.0.0.1:11030]' for 'GET' to 'http://localhost:11030/session/ebd78358ff1594d2f04dc77a62e9b358/url'
04:20:39.450 [Forwarding getCurrentUrl on session ebd78358ff1594d2f04dc77a62e9b358 to remote] DEBUG org.asynchttpclient.netty.request.NettyRequestSender - Using open Channel [id: 0x3ec6bac5, L:/127.0.0.1:62305 - R:localhost/127.0.0.1:11030] for GET '/session/ebd78358ff1594d2f04dc77a62e9b358/url'
04:20:39.484 [AsyncHttpClient-1-2] DEBUG org.asynchttpclient.netty.handler.HttpHandler - 

Request DefaultFullHttpRequest(decodeResult: success, version: HTTP/1.1, content: EmptyByteBufBE)
GET /session/ebd78358ff1594d2f04dc77a62e9b358/url HTTP/1.1
User-Agent: selenium/4.8.1 (java mac)
Cache-Control: no-cache
Content-Type: application/json; charset=utf-8
host: localhost:11030
accept: */*

Response DefaultHttpResponse(decodeResult: success, version: HTTP/1.1)
HTTP/1.1 200 OK
Content-Length: 38
Content-Type: application/json; charset=utf-8
cache-control: no-cache

04:20:39.485 [AsyncHttpClient-1-2] DEBUG org.asynchttpclient.netty.channel.ChannelManager - Adding key: http://localhost:11030 for channel [id: 0x3ec6bac5, L:/127.0.0.1:62305 - R:localhost/127.0.0.1:11030]
04:20:39.487 [main] DEBUG net.thucydides.core.steps.StepInterceptor - STARTING STEP: LoginSteps.iAmOnTheLoginPage - validateOnTheLoginPage
04:20:39.494 [Forwarding findElement on session ebd78358ff1594d2f04dc77a62e9b358 to remote] DEBUG org.asynchttpclient.netty.request.NettyRequestSender - Using pooled Channel '[id: 0x3ec6bac5, L:/127.0.0.1:62305 - R:localhost/127.0.0.1:11030]' for 'POST' to 'http://localhost:11030/session/ebd78358ff1594d2f04dc77a62e9b358/element'
04:20:39.494 [Forwarding findElement on session ebd78358ff1594d2f04dc77a62e9b358 to remote] DEBUG org.asynchttpclient.netty.request.NettyRequestSender - Using open Channel [id: 0x3ec6bac5, L:/127.0.0.1:62305 - R:localhost/127.0.0.1:11030] for POST '/session/ebd78358ff1594d2f04dc77a62e9b358/element'
04:20:39.545 [AsyncHttpClient-1-2] DEBUG org.asynchttpclient.netty.handler.HttpHandler - 

Request DefaultHttpRequest(decodeResult: success, version: HTTP/1.1)
POST /session/ebd78358ff1594d2f04dc77a62e9b358/element HTTP/1.1
User-Agent: selenium/4.8.1 (java mac)
Content-Length: 59
Content-Type: application/json; charset=utf-8
host: localhost:11030
accept: */*

Response DefaultHttpResponse(decodeResult: success, version: HTTP/1.1)
HTTP/1.1 200 OK
Content-Length: 88
Content-Type: application/json; charset=utf-8
cache-control: no-cache

04:20:39.545 [AsyncHttpClient-1-2] DEBUG org.asynchttpclient.netty.channel.ChannelManager - Adding key: http://localhost:11030 for channel [id: 0x3ec6bac5, L:/127.0.0.1:62305 - R:localhost/127.0.0.1:11030]
04:20:39.555 [Forwarding isElementDisplayed on session ebd78358ff1594d2f04dc77a62e9b358 to remote] DEBUG org.asynchttpclient.netty.request.NettyRequestSender - Using pooled Channel '[id: 0x3ec6bac5, L:/127.0.0.1:62305 - R:localhost/127.0.0.1:11030]' for 'POST' to 'http://localhost:11030/session/ebd78358ff1594d2f04dc77a62e9b358/execute/sync'
04:20:39.555 [Forwarding isElementDisplayed on session ebd78358ff1594d2f04dc77a62e9b358 to remote] DEBUG org.asynchttpclient.netty.request.NettyRequestSender - Using open Channel [id: 0x3ec6bac5, L:/127.0.0.1:62305 - R:localhost/127.0.0.1:11030] for POST '/session/ebd78358ff1594d2f04dc77a62e9b358/execute/sync'
04:20:39.609 [AsyncHttpClient-1-2] DEBUG org.asynchttpclient.netty.handler.HttpHandler - 

Request DefaultHttpRequest(decodeResult: success, version: HTTP/1.1)
POST /session/ebd78358ff1594d2f04dc77a62e9b358/execute/sync HTTP/1.1
User-Agent: selenium/4.8.1 (java mac)
Content-Length: 48807
Content-Type: application/json; charset=utf-8
host: localhost:11030
accept: */*

Response DefaultHttpResponse(decodeResult: success, version: HTTP/1.1)
HTTP/1.1 200 OK
Content-Length: 14
Content-Type: application/json; charset=utf-8
cache-control: no-cache

04:20:39.609 [AsyncHttpClient-1-2] DEBUG org.asynchttpclient.netty.channel.ChannelManager - Adding key: http://localhost:11030 for channel [id: 0x3ec6bac5, L:/127.0.0.1:62305 - R:localhost/127.0.0.1:11030]
04:20:39.613 [Forwarding getAlertText on session ebd78358ff1594d2f04dc77a62e9b358 to remote] DEBUG org.asynchttpclient.netty.request.NettyRequestSender - Using pooled Channel '[id: 0x3ec6bac5, L:/127.0.0.1:62305 - R:localhost/127.0.0.1:11030]' for 'GET' to 'http://localhost:11030/session/ebd78358ff1594d2f04dc77a62e9b358/alert/text'
04:20:39.613 [Forwarding getAlertText on session ebd78358ff1594d2f04dc77a62e9b358 to remote] DEBUG org.asynchttpclient.netty.request.NettyRequestSender - Using open Channel [id: 0x3ec6bac5, L:/127.0.0.1:62305 - R:localhost/127.0.0.1:11030] for GET '/session/ebd78358ff1594d2f04dc77a62e9b358/alert/text'
04:20:39.615 [AsyncHttpClient-1-2] DEBUG org.asynchttpclient.netty.handler.HttpHandler - 

Request DefaultFullHttpRequest(decodeResult: success, version: HTTP/1.1, content: EmptyByteBufBE)
GET /session/ebd78358ff1594d2f04dc77a62e9b358/alert/text HTTP/1.1
User-Agent: selenium/4.8.1 (java mac)
Cache-Control: no-cache
Content-Type: application/json; charset=utf-8
host: localhost:11030
accept: */*

Response DefaultHttpResponse(decodeResult: success, version: HTTP/1.1)
HTTP/1.1 404 Not Found
Content-Length: 1762
Content-Type: application/json; charset=utf-8
cache-control: no-cache

04:20:39.615 [AsyncHttpClient-1-2] DEBUG org.asynchttpclient.netty.channel.ChannelManager - Adding key: http://localhost:11030 for channel [id: 0x3ec6bac5, L:/127.0.0.1:62305 - R:localhost/127.0.0.1:11030]
04:20:39.616 [Forwarding getCurrentUrl on session ebd78358ff1594d2f04dc77a62e9b358 to remote] DEBUG org.asynchttpclient.netty.request.NettyRequestSender - Using pooled Channel '[id: 0x3ec6bac5, L:/127.0.0.1:62305 - R:localhost/127.0.0.1:11030]' for 'GET' to 'http://localhost:11030/session/ebd78358ff1594d2f04dc77a62e9b358/url'
04:20:39.616 [Forwarding getCurrentUrl on session ebd78358ff1594d2f04dc77a62e9b358 to remote] DEBUG org.asynchttpclient.netty.request.NettyRequestSender - Using open Channel [id: 0x3ec6bac5, L:/127.0.0.1:62305 - R:localhost/127.0.0.1:11030] for GET '/session/ebd78358ff1594d2f04dc77a62e9b358/url'
04:20:39.618 [AsyncHttpClient-1-2] DEBUG org.asynchttpclient.netty.handler.HttpHandler - 

Request DefaultFullHttpRequest(decodeResult: success, version: HTTP/1.1, content: EmptyByteBufBE)
GET /session/ebd78358ff1594d2f04dc77a62e9b358/url HTTP/1.1
User-Agent: selenium/4.8.1 (java mac)
Cache-Control: no-cache
Content-Type: application/json; charset=utf-8
host: localhost:11030
accept: */*

Response DefaultHttpResponse(decodeResult: success, version: HTTP/1.1)
HTTP/1.1 200 OK
Content-Length: 38
Content-Type: application/json; charset=utf-8
cache-control: no-cache

04:20:39.618 [AsyncHttpClient-1-2] DEBUG org.asynchttpclient.netty.channel.ChannelManager - Adding key: http://localhost:11030 for channel [id: 0x3ec6bac5, L:/127.0.0.1:62305 - R:localhost/127.0.0.1:11030]
04:20:39.618 [Forwarding screenshot on session ebd78358ff1594d2f04dc77a62e9b358 to remote] DEBUG org.asynchttpclient.netty.request.NettyRequestSender - Using pooled Channel '[id: 0x3ec6bac5, L:/127.0.0.1:62305 - R:localhost/127.0.0.1:11030]' for 'GET' to 'http://localhost:11030/session/ebd78358ff1594d2f04dc77a62e9b358/screenshot'
04:20:39.618 [Forwarding screenshot on session ebd78358ff1594d2f04dc77a62e9b358 to remote] DEBUG org.asynchttpclient.netty.request.NettyRequestSender - Using open Channel [id: 0x3ec6bac5, L:/127.0.0.1:62305 - R:localhost/127.0.0.1:11030] for GET '/session/ebd78358ff1594d2f04dc77a62e9b358/screenshot'
04:20:39.822 [AsyncHttpClient-1-2] DEBUG org.asynchttpclient.netty.handler.HttpHandler - 

Request DefaultFullHttpRequest(decodeResult: success, version: HTTP/1.1, content: EmptyByteBufBE)
GET /session/ebd78358ff1594d2f04dc77a62e9b358/screenshot HTTP/1.1
User-Agent: selenium/4.8.1 (java mac)
Cache-Control: no-cache
Content-Type: application/json; charset=utf-8
host: localhost:11030
accept: */*

Response DefaultHttpResponse(decodeResult: success, version: HTTP/1.1)
HTTP/1.1 200 OK
Content-Length: 100096
Content-Type: application/json; charset=utf-8
cache-control: no-cache

04:20:39.822 [AsyncHttpClient-1-2] DEBUG org.asynchttpclient.netty.channel.ChannelManager - Adding key: http://localhost:11030 for channel [id: 0x3ec6bac5, L:/127.0.0.1:62305 - R:localhost/127.0.0.1:11030]
04:20:39.828 [main] DEBUG net.serenitybdd.core.photography.Darkroom - Send negative for processing for target/site/serenity/377ffb6d1550d3632e8c516234cfcf50b136ee3152a3183094b22917dd9b473e.png
04:20:39.830 [main] DEBUG net.thucydides.core.steps.StepInterceptor - STEP DONE: validateOnTheLoginPage
  &amp#27;[32mGiven &amp#27;[0m&amp#27;[32mI am on the login page&amp#27;[0m                                    &amp#27;[90m# starter.stepdef.LoginSteps.iAmOnTheLoginPage()&amp#27;[0m
04:20:39.838 [Forwarding getPageSource on session ebd78358ff1594d2f04dc77a62e9b358 to remote] DEBUG org.asynchttpclient.netty.request.NettyRequestSender - Using pooled Channel '[id: 0x3ec6bac5, L:/127.0.0.1:62305 - R:localhost/127.0.0.1:11030]' for 'POST' to 'http://localhost:11030/session/ebd78358ff1594d2f04dc77a62e9b358/execute/sync'
04:20:39.838 [Forwarding getPageSource on session ebd78358ff1594d2f04dc77a62e9b358 to remote] DEBUG org.asynchttpclient.netty.request.NettyRequestSender - Using open Channel [id: 0x3ec6bac5, L:/127.0.0.1:62305 - R:localhost/127.0.0.1:11030] for POST '/session/ebd78358ff1594d2f04dc77a62e9b358/execute/sync'
04:20:39.847 [AsyncHttpClient-1-2] DEBUG org.asynchttpclient.netty.handler.HttpHandler - 

Request DefaultHttpRequest(decodeResult: success, version: HTTP/1.1)
POST /session/ebd78358ff1594d2f04dc77a62e9b358/execute/sync HTTP/1.1
User-Agent: selenium/4.8.1 (java mac)
Content-Length: 176
Content-Type: application/json; charset=utf-8
host: localhost:11030
accept: */*

Response DefaultHttpResponse(decodeResult: success, version: HTTP/1.1)
HTTP/1.1 200 OK
Content-Length: 4286
Content-Type: application/json; charset=utf-8
cache-control: no-cache

04:20:39.847 [AsyncHttpClient-1-2] DEBUG org.asynchttpclient.netty.channel.ChannelManager - Adding key: http://localhost:11030 for channel [id: 0x3ec6bac5, L:/127.0.0.1:62305 - R:localhost/127.0.0.1:11030]
04:20:39.849 [Forwarding getCurrentUrl on session ebd78358ff1594d2f04dc77a62e9b358 to remote] DEBUG org.asynchttpclient.netty.request.NettyRequestSender - Using pooled Channel '[id: 0x3ec6bac5, L:/127.0.0.1:62305 - R:localhost/127.0.0.1:11030]' for 'GET' to 'http://localhost:11030/session/ebd78358ff1594d2f04dc77a62e9b358/url'
04:20:39.849 [Forwarding getCurrentUrl on session ebd78358ff1594d2f04dc77a62e9b358 to remote] DEBUG org.asynchttpclient.netty.request.NettyRequestSender - Using open Channel [id: 0x3ec6bac5, L:/127.0.0.1:62305 - R:localhost/127.0.0.1:11030] for GET '/session/ebd78358ff1594d2f04dc77a62e9b358/url'
04:20:39.850 [AsyncHttpClient-1-2] DEBUG org.asynchttpclient.netty.handler.HttpHandler - 

Request DefaultFullHttpRequest(decodeResult: success, version: HTTP/1.1, content: EmptyByteBufBE)
GET /session/ebd78358ff1594d2f04dc77a62e9b358/url HTTP/1.1
User-Agent: selenium/4.8.1 (java mac)
Cache-Control: no-cache
Content-Type: application/json; charset=utf-8
host: localhost:11030
accept: */*

Response DefaultHttpResponse(decodeResult: success, version: HTTP/1.1)
HTTP/1.1 200 OK
Content-Length: 38
Content-Type: application/json; charset=utf-8
cache-control: no-cache

04:20:39.850 [AsyncHttpClient-1-2] DEBUG org.asynchttpclient.netty.channel.ChannelManager - Adding key: http://localhost:11030 for channel [id: 0x3ec6bac5, L:/127.0.0.1:62305 - R:localhost/127.0.0.1:11030]
04:20:39.856 [Forwarding getPageSource on session ebd78358ff1594d2f04dc77a62e9b358 to remote] DEBUG org.asynchttpclient.netty.request.NettyRequestSender - Using pooled Channel '[id: 0x3ec6bac5, L:/127.0.0.1:62305 - R:localhost/127.0.0.1:11030]' for 'POST' to 'http://localhost:11030/session/ebd78358ff1594d2f04dc77a62e9b358/execute/sync'
04:20:39.857 [Forwarding getPageSource on session ebd78358ff1594d2f04dc77a62e9b358 to remote] DEBUG org.asynchttpclient.netty.request.NettyRequestSender - Using open Channel [id: 0x3ec6bac5, L:/127.0.0.1:62305 - R:localhost/127.0.0.1:11030] for POST '/session/ebd78358ff1594d2f04dc77a62e9b358/execute/sync'
04:20:39.859 [AsyncHttpClient-1-2] DEBUG org.asynchttpclient.netty.handler.HttpHandler - 

Request DefaultHttpRequest(decodeResult: success, version: HTTP/1.1)
POST /session/ebd78358ff1594d2f04dc77a62e9b358/execute/sync HTTP/1.1
User-Agent: selenium/4.8.1 (java mac)
Content-Length: 176
Content-Type: application/json; charset=utf-8
host: localhost:11030
accept: */*

Response DefaultHttpResponse(decodeResult: success, version: HTTP/1.1)
HTTP/1.1 200 OK
Content-Length: 4286
Content-Type: application/json; charset=utf-8
cache-control: no-cache

04:20:39.859 [AsyncHttpClient-1-2] DEBUG org.asynchttpclient.netty.channel.ChannelManager - Adding key: http://localhost:11030 for channel [id: 0x3ec6bac5, L:/127.0.0.1:62305 - R:localhost/127.0.0.1:11030]
04:20:39.860 [Forwarding getCurrentUrl on session ebd78358ff1594d2f04dc77a62e9b358 to remote] DEBUG org.asynchttpclient.netty.request.NettyRequestSender - Using pooled Channel '[id: 0x3ec6bac5, L:/127.0.0.1:62305 - R:localhost/127.0.0.1:11030]' for 'GET' to 'http://localhost:11030/session/ebd78358ff1594d2f04dc77a62e9b358/url'
04:20:39.860 [Forwarding getCurrentUrl on session ebd78358ff1594d2f04dc77a62e9b358 to remote] DEBUG org.asynchttpclient.netty.request.NettyRequestSender - Using open Channel [id: 0x3ec6bac5, L:/127.0.0.1:62305 - R:localhost/127.0.0.1:11030] for GET '/session/ebd78358ff1594d2f04dc77a62e9b358/url'
04:20:39.862 [AsyncHttpClient-1-2] DEBUG org.asynchttpclient.netty.handler.HttpHandler - 

Request DefaultFullHttpRequest(decodeResult: success, version: HTTP/1.1, content: EmptyByteBufBE)
GET /session/ebd78358ff1594d2f04dc77a62e9b358/url HTTP/1.1
User-Agent: selenium/4.8.1 (java mac)
Cache-Control: no-cache
Content-Type: application/json; charset=utf-8
host: localhost:11030
accept: */*

Response DefaultHttpResponse(decodeResult: success, version: HTTP/1.1)
HTTP/1.1 200 OK
Content-Length: 38
Content-Type: application/json; charset=utf-8
cache-control: no-cache

04:20:39.862 [AsyncHttpClient-1-2] DEBUG org.asynchttpclient.netty.channel.ChannelManager - Adding key: http://localhost:11030 for channel [id: 0x3ec6bac5, L:/127.0.0.1:62305 - R:localhost/127.0.0.1:11030]
04:20:39.862 [main] DEBUG net.thucydides.core.steps.StepInterceptor - STARTING STEP: LoginSteps.iEnterValidUsername - inputUsername
04:20:39.864 [Forwarding findElement on session ebd78358ff1594d2f04dc77a62e9b358 to remote] DEBUG org.asynchttpclient.netty.request.NettyRequestSender - Using pooled Channel '[id: 0x3ec6bac5, L:/127.0.0.1:62305 - R:localhost/127.0.0.1:11030]' for 'POST' to 'http://localhost:11030/session/ebd78358ff1594d2f04dc77a62e9b358/element'
04:20:39.864 [Forwarding findElement on session ebd78358ff1594d2f04dc77a62e9b358 to remote] DEBUG org.asynchttpclient.netty.request.NettyRequestSender - Using open Channel [id: 0x3ec6bac5, L:/127.0.0.1:62305 - R:localhost/127.0.0.1:11030] for POST '/session/ebd78358ff1594d2f04dc77a62e9b358/element'
04:20:39.906 [AsyncHttpClient-1-2] DEBUG org.asynchttpclient.netty.handler.HttpHandler - 

Request DefaultHttpRequest(decodeResult: success, version: HTTP/1.1)
POST /session/ebd78358ff1594d2f04dc77a62e9b358/element HTTP/1.1
User-Agent: selenium/4.8.1 (java mac)
Content-Length: 56
Content-Type: application/json; charset=utf-8
host: localhost:11030
accept: */*

Response DefaultHttpResponse(decodeResult: success, version: HTTP/1.1)
HTTP/1.1 200 OK
Content-Length: 88
Content-Type: application/json; charset=utf-8
cache-control: no-cache

04:20:39.906 [AsyncHttpClient-1-2] DEBUG org.asynchttpclient.netty.channel.ChannelManager - Adding key: http://localhost:11030 for channel [id: 0x3ec6bac5, L:/127.0.0.1:62305 - R:localhost/127.0.0.1:11030]
04:20:39.908 [Forwarding clearElement on session ebd78358ff1594d2f04dc77a62e9b358 to remote] DEBUG org.asynchttpclient.netty.request.NettyRequestSender - Using pooled Channel '[id: 0x3ec6bac5, L:/127.0.0.1:62305 - R:localhost/127.0.0.1:11030]' for 'POST' to 'http://localhost:11030/session/ebd78358ff1594d2f04dc77a62e9b358/element/6dce03ec-6531-4a1c-91f0-5b1ffc071f35/clear'
04:20:39.908 [Forwarding clearElement on session ebd78358ff1594d2f04dc77a62e9b358 to remote] DEBUG org.asynchttpclient.netty.request.NettyRequestSender - Using open Channel [id: 0x3ec6bac5, L:/127.0.0.1:62305 - R:localhost/127.0.0.1:11030] for POST '/session/ebd78358ff1594d2f04dc77a62e9b358/element/6dce03ec-6531-4a1c-91f0-5b1ffc071f35/clear'
04:20:39.932 [AsyncHttpClient-1-2] DEBUG org.asynchttpclient.netty.handler.HttpHandler - 

Request DefaultHttpRequest(decodeResult: success, version: HTTP/1.1)
POST /session/ebd78358ff1594d2f04dc77a62e9b358/element/6dce03ec-6531-4a1c-91f0-5b1ffc071f35/clear HTTP/1.1
User-Agent: selenium/4.8.1 (java mac)
Content-Length: 50
Content-Type: application/json; charset=utf-8
host: localhost:11030
accept: */*

Response DefaultHttpResponse(decodeResult: success, version: HTTP/1.1)
HTTP/1.1 200 OK
Content-Length: 14
Content-Type: application/json; charset=utf-8
cache-control: no-cache

04:20:39.933 [AsyncHttpClient-1-2] DEBUG org.asynchttpclient.netty.channel.ChannelManager - Adding key: http://localhost:11030 for channel [id: 0x3ec6bac5, L:/127.0.0.1:62305 - R:localhost/127.0.0.1:11030]
04:20:39.934 [Forwarding sendKeysToElement on session ebd78358ff1594d2f04dc77a62e9b358 to remote] DEBUG org.asynchttpclient.netty.request.NettyRequestSender - Using pooled Channel '[id: 0x3ec6bac5, L:/127.0.0.1:62305 - R:localhost/127.0.0.1:11030]' for 'POST' to 'http://localhost:11030/session/ebd78358ff1594d2f04dc77a62e9b358/element/6dce03ec-6531-4a1c-91f0-5b1ffc071f35/value'
04:20:39.934 [Forwarding sendKeysToElement on session ebd78358ff1594d2f04dc77a62e9b358 to remote] DEBUG org.asynchttpclient.netty.request.NettyRequestSender - Using open Channel [id: 0x3ec6bac5, L:/127.0.0.1:62305 - R:localhost/127.0.0.1:11030] for POST '/session/ebd78358ff1594d2f04dc77a62e9b358/element/6dce03ec-6531-4a1c-91f0-5b1ffc071f35/value'
04:20:40.196 [AsyncHttpClient-1-1] DEBUG org.asynchttpclient.netty.channel.DefaultChannelPool - Entry count for : http://localhost:62306 : 1
04:20:40.283 [AsyncHttpClient-1-2] DEBUG org.asynchttpclient.netty.handler.HttpHandler - 

Request DefaultHttpRequest(decodeResult: success, version: HTTP/1.1)
POST /session/ebd78358ff1594d2f04dc77a62e9b358/element/6dce03ec-6531-4a1c-91f0-5b1ffc071f35/value HTTP/1.1
User-Agent: selenium/4.8.1 (java mac)
Content-Length: 211
Content-Type: application/json; charset=utf-8
host: localhost:11030
accept: */*

Response DefaultHttpResponse(decodeResult: success, version: HTTP/1.1)
HTTP/1.1 200 OK
Content-Length: 14
Content-Type: application/json; charset=utf-8
cache-control: no-cache

04:20:40.283 [AsyncHttpClient-1-2] DEBUG org.asynchttpclient.netty.channel.ChannelManager - Adding key: http://localhost:11030 for channel [id: 0x3ec6bac5, L:/127.0.0.1:62305 - R:localhost/127.0.0.1:11030]
04:20:40.287 [Forwarding getAlertText on session ebd78358ff1594d2f04dc77a62e9b358 to remote] DEBUG org.asynchttpclient.netty.request.NettyRequestSender - Using pooled Channel '[id: 0x3ec6bac5, L:/127.0.0.1:62305 - R:localhost/127.0.0.1:11030]' for 'GET' to 'http://localhost:11030/session/ebd78358ff1594d2f04dc77a62e9b358/alert/text'
04:20:40.287 [Forwarding getAlertText on session ebd78358ff1594d2f04dc77a62e9b358 to remote] DEBUG org.asynchttpclient.netty.request.NettyRequestSender - Using open Channel [id: 0x3ec6bac5, L:/127.0.0.1:62305 - R:localhost/127.0.0.1:11030] for GET '/session/ebd78358ff1594d2f04dc77a62e9b358/alert/text'
04:20:40.288 [AsyncHttpClient-1-2] DEBUG org.asynchttpclient.netty.handler.HttpHandler - 

Request DefaultFullHttpRequest(decodeResult: success, version: HTTP/1.1, content: EmptyByteBufBE)
GET /session/ebd78358ff1594d2f04dc77a62e9b358/alert/text HTTP/1.1
User-Agent: selenium/4.8.1 (java mac)
Cache-Control: no-cache
Content-Type: application/json; charset=utf-8
host: localhost:11030
accept: */*

Response DefaultHttpResponse(decodeResult: success, version: HTTP/1.1)
HTTP/1.1 404 Not Found
Content-Length: 1762
Content-Type: application/json; charset=utf-8
cache-control: no-cache

04:20:40.288 [AsyncHttpClient-1-2] DEBUG org.asynchttpclient.netty.channel.ChannelManager - Adding key: http://localhost:11030 for channel [id: 0x3ec6bac5, L:/127.0.0.1:62305 - R:localhost/127.0.0.1:11030]
04:20:40.289 [Forwarding getCurrentUrl on session ebd78358ff1594d2f04dc77a62e9b358 to remote] DEBUG org.asynchttpclient.netty.request.NettyRequestSender - Using pooled Channel '[id: 0x3ec6bac5, L:/127.0.0.1:62305 - R:localhost/127.0.0.1:11030]' for 'GET' to 'http://localhost:11030/session/ebd78358ff1594d2f04dc77a62e9b358/url'
04:20:40.289 [Forwarding getCurrentUrl on session ebd78358ff1594d2f04dc77a62e9b358 to remote] DEBUG org.asynchttpclient.netty.request.NettyRequestSender - Using open Channel [id: 0x3ec6bac5, L:/127.0.0.1:62305 - R:localhost/127.0.0.1:11030] for GET '/session/ebd78358ff1594d2f04dc77a62e9b358/url'
04:20:40.291 [AsyncHttpClient-1-2] DEBUG org.asynchttpclient.netty.handler.HttpHandler - 

Request DefaultFullHttpRequest(decodeResult: success, version: HTTP/1.1, content: EmptyByteBufBE)
GET /session/ebd78358ff1594d2f04dc77a62e9b358/url HTTP/1.1
User-Agent: selenium/4.8.1 (java mac)
Cache-Control: no-cache
Content-Type: application/json; charset=utf-8
host: localhost:11030
accept: */*

Response DefaultHttpResponse(decodeResult: success, version: HTTP/1.1)
HTTP/1.1 200 OK
Content-Length: 38
Content-Type: application/json; charset=utf-8
cache-control: no-cache

04:20:40.292 [AsyncHttpClient-1-2] DEBUG org.asynchttpclient.netty.channel.ChannelManager - Adding key: http://localhost:11030 for channel [id: 0x3ec6bac5, L:/127.0.0.1:62305 - R:localhost/127.0.0.1:11030]
04:20:40.292 [Forwarding screenshot on session ebd78358ff1594d2f04dc77a62e9b358 to remote] DEBUG org.asynchttpclient.netty.request.NettyRequestSender - Using pooled Channel '[id: 0x3ec6bac5, L:/127.0.0.1:62305 - R:localhost/127.0.0.1:11030]' for 'GET' to 'http://localhost:11030/session/ebd78358ff1594d2f04dc77a62e9b358/screenshot'
04:20:40.292 [Forwarding screenshot on session ebd78358ff1594d2f04dc77a62e9b358 to remote] DEBUG org.asynchttpclient.netty.request.NettyRequestSender - Using open Channel [id: 0x3ec6bac5, L:/127.0.0.1:62305 - R:localhost/127.0.0.1:11030] for GET '/session/ebd78358ff1594d2f04dc77a62e9b358/screenshot'
04:20:40.533 [AsyncHttpClient-1-2] DEBUG org.asynchttpclient.netty.handler.HttpHandler - 

Request DefaultFullHttpRequest(decodeResult: success, version: HTTP/1.1, content: EmptyByteBufBE)
GET /session/ebd78358ff1594d2f04dc77a62e9b358/screenshot HTTP/1.1
User-Agent: selenium/4.8.1 (java mac)
Cache-Control: no-cache
Content-Type: application/json; charset=utf-8
host: localhost:11030
accept: */*

Response DefaultHttpResponse(decodeResult: success, version: HTTP/1.1)
HTTP/1.1 200 OK
Content-Length: 101764
Content-Type: application/json; charset=utf-8
cache-control: no-cache

04:20:40.534 [AsyncHttpClient-1-2] DEBUG org.asynchttpclient.netty.channel.ChannelManager - Adding key: http://localhost:11030 for channel [id: 0x3ec6bac5, L:/127.0.0.1:62305 - R:localhost/127.0.0.1:11030]
04:20:40.537 [main] DEBUG net.serenitybdd.core.photography.Darkroom - Send negative for processing for target/site/serenity/5bfa7dd7ba772fc593bc725f0d233ffc3ce2b0e3eb9f3a6bc413f786cd06e029.png
04:20:40.537 [Darkroom Processing Line] DEBUG net.serenitybdd.core.photography.DarkroomProcessingLine - Processing screenshot image in /var/screenshots/screenshot-4348713925049298947
04:20:40.537 [Darkroom Processing Line] DEBUG net.serenitybdd.core.photography.DarkroomProcessingLine - Saving screenshot to target/site/serenity/5bfa7dd7ba772fc593bc725f0d233ffc3ce2b0e3eb9f3a6bc413f786cd06e029.png
04:20:40.537 [main] DEBUG net.thucydides.core.steps.StepInterceptor - STEP DONE: inputUsername
  &amp#27;[32mWhen &amp#27;[0m&amp#27;[32mI enter valid username&amp#27;[0m                                     &amp#27;[90m# starter.stepdef.LoginSteps.iEnterValidUsername()&amp#27;[0m
04:20:40.541 [Forwarding getPageSource on session ebd78358ff1594d2f04dc77a62e9b358 to remote] DEBUG org.asynchttpclient.netty.request.NettyRequestSender - Using pooled Channel '[id: 0x3ec6bac5, L:/127.0.0.1:62305 - R:localhost/127.0.0.1:11030]' for 'POST' to 'http://localhost:11030/session/ebd78358ff1594d2f04dc77a62e9b358/execute/sync'
04:20:40.542 [Forwarding getPageSource on session ebd78358ff1594d2f04dc77a62e9b358 to remote] DEBUG org.asynchttpclient.netty.request.NettyRequestSender - Using open Channel [id: 0x3ec6bac5, L:/127.0.0.1:62305 - R:localhost/127.0.0.1:11030] for POST '/session/ebd78358ff1594d2f04dc77a62e9b358/execute/sync'
04:20:40.544 [AsyncHttpClient-1-2] DEBUG org.asynchttpclient.netty.handler.HttpHandler - 

Request DefaultHttpRequest(decodeResult: success, version: HTTP/1.1)
POST /session/ebd78358ff1594d2f04dc77a62e9b358/execute/sync HTTP/1.1
User-Agent: selenium/4.8.1 (java mac)
Content-Length: 176
Content-Type: application/json; charset=utf-8
host: localhost:11030
accept: */*

Response DefaultHttpResponse(decodeResult: success, version: HTTP/1.1)
HTTP/1.1 200 OK
Content-Length: 4299
Content-Type: application/json; charset=utf-8
cache-control: no-cache

04:20:40.544 [AsyncHttpClient-1-2] DEBUG org.asynchttpclient.netty.channel.ChannelManager - Adding key: http://localhost:11030 for channel [id: 0x3ec6bac5, L:/127.0.0.1:62305 - R:localhost/127.0.0.1:11030]
04:20:40.545 [Forwarding getCurrentUrl on session ebd78358ff1594d2f04dc77a62e9b358 to remote] DEBUG org.asynchttpclient.netty.request.NettyRequestSender - Using pooled Channel '[id: 0x3ec6bac5, L:/127.0.0.1:62305 - R:localhost/127.0.0.1:11030]' for 'GET' to 'http://localhost:11030/session/ebd78358ff1594d2f04dc77a62e9b358/url'
04:20:40.545 [Forwarding getCurrentUrl on session ebd78358ff1594d2f04dc77a62e9b358 to remote] DEBUG org.asynchttpclient.netty.request.NettyRequestSender - Using open Channel [id: 0x3ec6bac5, L:/127.0.0.1:62305 - R:localhost/127.0.0.1:11030] for GET '/session/ebd78358ff1594d2f04dc77a62e9b358/url'
04:20:40.547 [AsyncHttpClient-1-2] DEBUG org.asynchttpclient.netty.handler.HttpHandler - 

Request DefaultFullHttpRequest(decodeResult: success, version: HTTP/1.1, content: EmptyByteBufBE)
GET /session/ebd78358ff1594d2f04dc77a62e9b358/url HTTP/1.1
User-Agent: selenium/4.8.1 (java mac)
Cache-Control: no-cache
Content-Type: application/json; charset=utf-8
host: localhost:11030
accept: */*

Response DefaultHttpResponse(decodeResult: success, version: HTTP/1.1)
HTTP/1.1 200 OK
Content-Length: 38
Content-Type: application/json; charset=utf-8
cache-control: no-cache

04:20:40.547 [AsyncHttpClient-1-2] DEBUG org.asynchttpclient.netty.channel.ChannelManager - Adding key: http://localhost:11030 for channel [id: 0x3ec6bac5, L:/127.0.0.1:62305 - R:localhost/127.0.0.1:11030]
04:20:40.551 [Forwarding getPageSource on session ebd78358ff1594d2f04dc77a62e9b358 to remote] DEBUG org.asynchttpclient.netty.request.NettyRequestSender - Using pooled Channel '[id: 0x3ec6bac5, L:/127.0.0.1:62305 - R:localhost/127.0.0.1:11030]' for 'POST' to 'http://localhost:11030/session/ebd78358ff1594d2f04dc77a62e9b358/execute/sync'
04:20:40.551 [Forwarding getPageSource on session ebd78358ff1594d2f04dc77a62e9b358 to remote] DEBUG org.asynchttpclient.netty.request.NettyRequestSender - Using open Channel [id: 0x3ec6bac5, L:/127.0.0.1:62305 - R:localhost/127.0.0.1:11030] for POST '/session/ebd78358ff1594d2f04dc77a62e9b358/execute/sync'
04:20:40.554 [AsyncHttpClient-1-2] DEBUG org.asynchttpclient.netty.handler.HttpHandler - 

Request DefaultHttpRequest(decodeResult: success, version: HTTP/1.1)
POST /session/ebd78358ff1594d2f04dc77a62e9b358/execute/sync HTTP/1.1
User-Agent: selenium/4.8.1 (java mac)
Content-Length: 176
Content-Type: application/json; charset=utf-8
host: localhost:11030
accept: */*

Response DefaultHttpResponse(decodeResult: success, version: HTTP/1.1)
HTTP/1.1 200 OK
Content-Length: 4299
Content-Type: application/json; charset=utf-8
cache-control: no-cache

04:20:40.554 [AsyncHttpClient-1-2] DEBUG org.asynchttpclient.netty.channel.ChannelManager - Adding key: http://localhost:11030 for channel [id: 0x3ec6bac5, L:/127.0.0.1:62305 - R:localhost/127.0.0.1:11030]
04:20:40.555 [Forwarding getCurrentUrl on session ebd78358ff1594d2f04dc77a62e9b358 to remote] DEBUG org.asynchttpclient.netty.request.NettyRequestSender - Using pooled Channel '[id: 0x3ec6bac5, L:/127.0.0.1:62305 - R:localhost/127.0.0.1:11030]' for 'GET' to 'http://localhost:11030/session/ebd78358ff1594d2f04dc77a62e9b358/url'
04:20:40.555 [Forwarding getCurrentUrl on session ebd78358ff1594d2f04dc77a62e9b358 to remote] DEBUG org.asynchttpclient.netty.request.NettyRequestSender - Using open Channel [id: 0x3ec6bac5, L:/127.0.0.1:62305 - R:localhost/127.0.0.1:11030] for GET '/session/ebd78358ff1594d2f04dc77a62e9b358/url'
04:20:40.556 [AsyncHttpClient-1-2] DEBUG org.asynchttpclient.netty.handler.HttpHandler - 

Request DefaultFullHttpRequest(decodeResult: success, version: HTTP/1.1, content: EmptyByteBufBE)
GET /session/ebd78358ff1594d2f04dc77a62e9b358/url HTTP/1.1
User-Agent: selenium/4.8.1 (java mac)
Cache-Control: no-cache
Content-Type: application/json; charset=utf-8
host: localhost:11030
accept: */*

Response DefaultHttpResponse(decodeResult: success, version: HTTP/1.1)
HTTP/1.1 200 OK
Content-Length: 38
Content-Type: application/json; charset=utf-8
cache-control: no-cache

04:20:40.556 [AsyncHttpClient-1-2] DEBUG org.asynchttpclient.netty.channel.ChannelManager - Adding key: http://localhost:11030 for channel [id: 0x3ec6bac5, L:/127.0.0.1:62305 - R:localhost/127.0.0.1:11030]
04:20:40.557 [main] DEBUG net.thucydides.core.steps.StepInterceptor - STARTING STEP: LoginSteps.iEnterValidPassword - inputPassword
04:20:40.558 [Forwarding findElement on session ebd78358ff1594d2f04dc77a62e9b358 to remote] DEBUG org.asynchttpclient.netty.request.NettyRequestSender - Using pooled Channel '[id: 0x3ec6bac5, L:/127.0.0.1:62305 - R:localhost/127.0.0.1:11030]' for 'POST' to 'http://localhost:11030/session/ebd78358ff1594d2f04dc77a62e9b358/element'
04:20:40.558 [Forwarding findElement on session ebd78358ff1594d2f04dc77a62e9b358 to remote] DEBUG org.asynchttpclient.netty.request.NettyRequestSender - Using open Channel [id: 0x3ec6bac5, L:/127.0.0.1:62305 - R:localhost/127.0.0.1:11030] for POST '/session/ebd78358ff1594d2f04dc77a62e9b358/element'
04:20:40.564 [AsyncHttpClient-1-2] DEBUG org.asynchttpclient.netty.handler.HttpHandler - 

Request DefaultHttpRequest(decodeResult: success, version: HTTP/1.1)
POST /session/ebd78358ff1594d2f04dc77a62e9b358/element HTTP/1.1
User-Agent: selenium/4.8.1 (java mac)
Content-Length: 53
Content-Type: application/json; charset=utf-8
host: localhost:11030
accept: */*

Response DefaultHttpResponse(decodeResult: success, version: HTTP/1.1)
HTTP/1.1 200 OK
Content-Length: 88
Content-Type: application/json; charset=utf-8
cache-control: no-cache

04:20:40.565 [AsyncHttpClient-1-2] DEBUG org.asynchttpclient.netty.channel.ChannelManager - Adding key: http://localhost:11030 for channel [id: 0x3ec6bac5, L:/127.0.0.1:62305 - R:localhost/127.0.0.1:11030]
04:20:40.565 [Forwarding clearElement on session ebd78358ff1594d2f04dc77a62e9b358 to remote] DEBUG org.asynchttpclient.netty.request.NettyRequestSender - Using pooled Channel '[id: 0x3ec6bac5, L:/127.0.0.1:62305 - R:localhost/127.0.0.1:11030]' for 'POST' to 'http://localhost:11030/session/ebd78358ff1594d2f04dc77a62e9b358/element/5ecb2f54-4fd6-4f1c-9de3-11e0565a23f2/clear'
04:20:40.565 [Forwarding clearElement on session ebd78358ff1594d2f04dc77a62e9b358 to remote] DEBUG org.asynchttpclient.netty.request.NettyRequestSender - Using open Channel [id: 0x3ec6bac5, L:/127.0.0.1:62305 - R:localhost/127.0.0.1:11030] for POST '/session/ebd78358ff1594d2f04dc77a62e9b358/element/5ecb2f54-4fd6-4f1c-9de3-11e0565a23f2/clear'
04:20:40.581 [AsyncHttpClient-1-2] DEBUG org.asynchttpclient.netty.handler.HttpHandler - 

Request DefaultHttpRequest(decodeResult: success, version: HTTP/1.1)
POST /session/ebd78358ff1594d2f04dc77a62e9b358/element/5ecb2f54-4fd6-4f1c-9de3-11e0565a23f2/clear HTTP/1.1
User-Agent: selenium/4.8.1 (java mac)
Content-Length: 50
Content-Type: application/json; charset=utf-8
host: localhost:11030
accept: */*

Response DefaultHttpResponse(decodeResult: success, version: HTTP/1.1)
HTTP/1.1 200 OK
Content-Length: 14
Content-Type: application/json; charset=utf-8
cache-control: no-cache

04:20:40.581 [AsyncHttpClient-1-2] DEBUG org.asynchttpclient.netty.channel.ChannelManager - Adding key: http://localhost:11030 for channel [id: 0x3ec6bac5, L:/127.0.0.1:62305 - R:localhost/127.0.0.1:11030]
04:20:40.582 [Forwarding sendKeysToElement on session ebd78358ff1594d2f04dc77a62e9b358 to remote] DEBUG org.asynchttpclient.netty.request.NettyRequestSender - Using pooled Channel '[id: 0x3ec6bac5, L:/127.0.0.1:62305 - R:localhost/127.0.0.1:11030]' for 'POST' to 'http://localhost:11030/session/ebd78358ff1594d2f04dc77a62e9b358/element/5ecb2f54-4fd6-4f1c-9de3-11e0565a23f2/value'
04:20:40.582 [Forwarding sendKeysToElement on session ebd78358ff1594d2f04dc77a62e9b358 to remote] DEBUG org.asynchttpclient.netty.request.NettyRequestSender - Using open Channel [id: 0x3ec6bac5, L:/127.0.0.1:62305 - R:localhost/127.0.0.1:11030] for POST '/session/ebd78358ff1594d2f04dc77a62e9b358/element/5ecb2f54-4fd6-4f1c-9de3-11e0565a23f2/value'
04:20:40.667 [AsyncHttpClient-1-2] DEBUG org.asynchttpclient.netty.handler.HttpHandler - 

Request DefaultHttpRequest(decodeResult: success, version: HTTP/1.1)
POST /session/ebd78358ff1594d2f04dc77a62e9b358/element/5ecb2f54-4fd6-4f1c-9de3-11e0565a23f2/value HTTP/1.1
User-Agent: selenium/4.8.1 (java mac)
Content-Length: 201
Content-Type: application/json; charset=utf-8
host: localhost:11030
accept: */*

Response DefaultHttpResponse(decodeResult: success, version: HTTP/1.1)
HTTP/1.1 200 OK
Content-Length: 14
Content-Type: application/json; charset=utf-8
cache-control: no-cache

04:20:40.667 [AsyncHttpClient-1-2] DEBUG org.asynchttpclient.netty.channel.ChannelManager - Adding key: http://localhost:11030 for channel [id: 0x3ec6bac5, L:/127.0.0.1:62305 - R:localhost/127.0.0.1:11030]
04:20:40.670 [Forwarding getAlertText on session ebd78358ff1594d2f04dc77a62e9b358 to remote] DEBUG org.asynchttpclient.netty.request.NettyRequestSender - Using pooled Channel '[id: 0x3ec6bac5, L:/127.0.0.1:62305 - R:localhost/127.0.0.1:11030]' for 'GET' to 'http://localhost:11030/session/ebd78358ff1594d2f04dc77a62e9b358/alert/text'
04:20:40.670 [Forwarding getAlertText on session ebd78358ff1594d2f04dc77a62e9b358 to remote] DEBUG org.asynchttpclient.netty.request.NettyRequestSender - Using open Channel [id: 0x3ec6bac5, L:/127.0.0.1:62305 - R:localhost/127.0.0.1:11030] for GET '/session/ebd78358ff1594d2f04dc77a62e9b358/alert/text'
04:20:40.671 [AsyncHttpClient-1-2] DEBUG org.asynchttpclient.netty.handler.HttpHandler - 

Request DefaultFullHttpRequest(decodeResult: success, version: HTTP/1.1, content: EmptyByteBufBE)
GET /session/ebd78358ff1594d2f04dc77a62e9b358/alert/text HTTP/1.1
User-Agent: selenium/4.8.1 (java mac)
Cache-Control: no-cache
Content-Type: application/json; charset=utf-8
host: localhost:11030
accept: */*

Response DefaultHttpResponse(decodeResult: success, version: HTTP/1.1)
HTTP/1.1 404 Not Found
Content-Length: 1762
Content-Type: application/json; charset=utf-8
cache-control: no-cache

04:20:40.671 [AsyncHttpClient-1-2] DEBUG org.asynchttpclient.netty.channel.ChannelManager - Adding key: http://localhost:11030 for channel [id: 0x3ec6bac5, L:/127.0.0.1:62305 - R:localhost/127.0.0.1:11030]
04:20:40.672 [Forwarding getCurrentUrl on session ebd78358ff1594d2f04dc77a62e9b358 to remote] DEBUG org.asynchttpclient.netty.request.NettyRequestSender - Using pooled Channel '[id: 0x3ec6bac5, L:/127.0.0.1:62305 - R:localhost/127.0.0.1:11030]' for 'GET' to 'http://localhost:11030/session/ebd78358ff1594d2f04dc77a62e9b358/url'
04:20:40.672 [Forwarding getCurrentUrl on session ebd78358ff1594d2f04dc77a62e9b358 to remote] DEBUG org.asynchttpclient.netty.request.NettyRequestSender - Using open Channel [id: 0x3ec6bac5, L:/127.0.0.1:62305 - R:localhost/127.0.0.1:11030] for GET '/session/ebd78358ff1594d2f04dc77a62e9b358/url'
04:20:40.675 [AsyncHttpClient-1-2] DEBUG org.asynchttpclient.netty.handler.HttpHandler - 

Request DefaultFullHttpRequest(decodeResult: success, version: HTTP/1.1, content: EmptyByteBufBE)
GET /session/ebd78358ff1594d2f04dc77a62e9b358/url HTTP/1.1
User-Agent: selenium/4.8.1 (java mac)
Cache-Control: no-cache
Content-Type: application/json; charset=utf-8
host: localhost:11030
accept: */*

Response DefaultHttpResponse(decodeResult: success, version: HTTP/1.1)
HTTP/1.1 200 OK
Content-Length: 38
Content-Type: application/json; charset=utf-8
cache-control: no-cache

04:20:40.675 [AsyncHttpClient-1-2] DEBUG org.asynchttpclient.netty.channel.ChannelManager - Adding key: http://localhost:11030 for channel [id: 0x3ec6bac5, L:/127.0.0.1:62305 - R:localhost/127.0.0.1:11030]
04:20:40.676 [Forwarding screenshot on session ebd78358ff1594d2f04dc77a62e9b358 to remote] DEBUG org.asynchttpclient.netty.request.NettyRequestSender - Using pooled Channel '[id: 0x3ec6bac5, L:/127.0.0.1:62305 - R:localhost/127.0.0.1:11030]' for 'GET' to 'http://localhost:11030/session/ebd78358ff1594d2f04dc77a62e9b358/screenshot'
04:20:40.676 [Forwarding screenshot on session ebd78358ff1594d2f04dc77a62e9b358 to remote] DEBUG org.asynchttpclient.netty.request.NettyRequestSender - Using open Channel [id: 0x3ec6bac5, L:/127.0.0.1:62305 - R:localhost/127.0.0.1:11030] for GET '/session/ebd78358ff1594d2f04dc77a62e9b358/screenshot'
04:20:40.906 [AsyncHttpClient-1-2] DEBUG org.asynchttpclient.netty.handler.HttpHandler - 

Request DefaultFullHttpRequest(decodeResult: success, version: HTTP/1.1, content: EmptyByteBufBE)
GET /session/ebd78358ff1594d2f04dc77a62e9b358/screenshot HTTP/1.1
User-Agent: selenium/4.8.1 (java mac)
Cache-Control: no-cache
Content-Type: application/json; charset=utf-8
host: localhost:11030
accept: */*

Response DefaultHttpResponse(decodeResult: success, version: HTTP/1.1)
HTTP/1.1 200 OK
Content-Length: 98592
Content-Type: application/json; charset=utf-8
cache-control: no-cache

04:20:40.907 [AsyncHttpClient-1-2] DEBUG org.asynchttpclient.netty.channel.ChannelManager - Adding key: http://localhost:11030 for channel [id: 0x3ec6bac5, L:/127.0.0.1:62305 - R:localhost/127.0.0.1:11030]
04:20:40.909 [main] DEBUG net.serenitybdd.core.photography.Darkroom - Send negative for processing for target/site/serenity/fb99842220f0210316940bc70327064aab91881885eb73450c3de61547e150e2.png
04:20:40.909 [Darkroom Processing Line] DEBUG net.serenitybdd.core.photography.DarkroomProcessingLine - Processing screenshot image in /var/screenshots/screenshot-4757435793653732142
04:20:40.909 [Darkroom Processing Line] DEBUG net.serenitybdd.core.photography.DarkroomProcessingLine - Saving screenshot to target/site/serenity/fb99842220f0210316940bc70327064aab91881885eb73450c3de61547e150e2.png
04:20:40.909 [main] DEBUG net.thucydides.core.steps.StepInterceptor - STEP DONE: inputPassword
  &amp#27;[32mAnd &amp#27;[0m&amp#27;[32mI enter valid password&amp#27;[0m                                      &amp#27;[90m# starter.stepdef.LoginSteps.iEnterValidPassword()&amp#27;[0m
04:20:40.913 [Forwarding getPageSource on session ebd78358ff1594d2f04dc77a62e9b358 to remote] DEBUG org.asynchttpclient.netty.request.NettyRequestSender - Using pooled Channel '[id: 0x3ec6bac5, L:/127.0.0.1:62305 - R:localhost/127.0.0.1:11030]' for 'POST' to 'http://localhost:11030/session/ebd78358ff1594d2f04dc77a62e9b358/execute/sync'
04:20:40.913 [Forwarding getPageSource on session ebd78358ff1594d2f04dc77a62e9b358 to remote] DEBUG org.asynchttpclient.netty.request.NettyRequestSender - Using open Channel [id: 0x3ec6bac5, L:/127.0.0.1:62305 - R:localhost/127.0.0.1:11030] for POST '/session/ebd78358ff1594d2f04dc77a62e9b358/execute/sync'
04:20:40.916 [AsyncHttpClient-1-2] DEBUG org.asynchttpclient.netty.handler.HttpHandler - 

Request DefaultHttpRequest(decodeResult: success, version: HTTP/1.1)
POST /session/ebd78358ff1594d2f04dc77a62e9b358/execute/sync HTTP/1.1
User-Agent: selenium/4.8.1 (java mac)
Content-Length: 176
Content-Type: application/json; charset=utf-8
host: localhost:11030
accept: */*

Response DefaultHttpResponse(decodeResult: success, version: HTTP/1.1)
HTTP/1.1 200 OK
Content-Length: 4311
Content-Type: application/json; charset=utf-8
cache-control: no-cache

04:20:40.916 [AsyncHttpClient-1-2] DEBUG org.asynchttpclient.netty.channel.ChannelManager - Adding key: http://localhost:11030 for channel [id: 0x3ec6bac5, L:/127.0.0.1:62305 - R:localhost/127.0.0.1:11030]
04:20:40.917 [Forwarding getCurrentUrl on session ebd78358ff1594d2f04dc77a62e9b358 to remote] DEBUG org.asynchttpclient.netty.request.NettyRequestSender - Using pooled Channel '[id: 0x3ec6bac5, L:/127.0.0.1:62305 - R:localhost/127.0.0.1:11030]' for 'GET' to 'http://localhost:11030/session/ebd78358ff1594d2f04dc77a62e9b358/url'
04:20:40.917 [Forwarding getCurrentUrl on session ebd78358ff1594d2f04dc77a62e9b358 to remote] DEBUG org.asynchttpclient.netty.request.NettyRequestSender - Using open Channel [id: 0x3ec6bac5, L:/127.0.0.1:62305 - R:localhost/127.0.0.1:11030] for GET '/session/ebd78358ff1594d2f04dc77a62e9b358/url'
04:20:40.919 [AsyncHttpClient-1-2] DEBUG org.asynchttpclient.netty.handler.HttpHandler - 

Request DefaultFullHttpRequest(decodeResult: success, version: HTTP/1.1, content: EmptyByteBufBE)
GET /session/ebd78358ff1594d2f04dc77a62e9b358/url HTTP/1.1
User-Agent: selenium/4.8.1 (java mac)
Cache-Control: no-cache
Content-Type: application/json; charset=utf-8
host: localhost:11030
accept: */*

Response DefaultHttpResponse(decodeResult: success, version: HTTP/1.1)
HTTP/1.1 200 OK
Content-Length: 38
Content-Type: application/json; charset=utf-8
cache-control: no-cache

04:20:40.919 [AsyncHttpClient-1-2] DEBUG org.asynchttpclient.netty.channel.ChannelManager - Adding key: http://localhost:11030 for channel [id: 0x3ec6bac5, L:/127.0.0.1:62305 - R:localhost/127.0.0.1:11030]
04:20:40.923 [Forwarding getPageSource on session ebd78358ff1594d2f04dc77a62e9b358 to remote] DEBUG org.asynchttpclient.netty.request.NettyRequestSender - Using pooled Channel '[id: 0x3ec6bac5, L:/127.0.0.1:62305 - R:localhost/127.0.0.1:11030]' for 'POST' to 'http://localhost:11030/session/ebd78358ff1594d2f04dc77a62e9b358/execute/sync'
04:20:40.924 [Forwarding getPageSource on session ebd78358ff1594d2f04dc77a62e9b358 to remote] DEBUG org.asynchttpclient.netty.request.NettyRequestSender - Using open Channel [id: 0x3ec6bac5, L:/127.0.0.1:62305 - R:localhost/127.0.0.1:11030] for POST '/session/ebd78358ff1594d2f04dc77a62e9b358/execute/sync'
04:20:40.926 [AsyncHttpClient-1-2] DEBUG org.asynchttpclient.netty.handler.HttpHandler - 

Request DefaultHttpRequest(decodeResult: success, version: HTTP/1.1)
POST /session/ebd78358ff1594d2f04dc77a62e9b358/execute/sync HTTP/1.1
User-Agent: selenium/4.8.1 (java mac)
Content-Length: 176
Content-Type: application/json; charset=utf-8
host: localhost:11030
accept: */*

Response DefaultHttpResponse(decodeResult: success, version: HTTP/1.1)
HTTP/1.1 200 OK
Content-Length: 4311
Content-Type: application/json; charset=utf-8
cache-control: no-cache

04:20:40.926 [AsyncHttpClient-1-2] DEBUG org.asynchttpclient.netty.channel.ChannelManager - Adding key: http://localhost:11030 for channel [id: 0x3ec6bac5, L:/127.0.0.1:62305 - R:localhost/127.0.0.1:11030]
04:20:40.928 [Forwarding getCurrentUrl on session ebd78358ff1594d2f04dc77a62e9b358 to remote] DEBUG org.asynchttpclient.netty.request.NettyRequestSender - Using pooled Channel '[id: 0x3ec6bac5, L:/127.0.0.1:62305 - R:localhost/127.0.0.1:11030]' for 'GET' to 'http://localhost:11030/session/ebd78358ff1594d2f04dc77a62e9b358/url'
04:20:40.928 [Forwarding getCurrentUrl on session ebd78358ff1594d2f04dc77a62e9b358 to remote] DEBUG org.asynchttpclient.netty.request.NettyRequestSender - Using open Channel [id: 0x3ec6bac5, L:/127.0.0.1:62305 - R:localhost/127.0.0.1:11030] for GET '/session/ebd78358ff1594d2f04dc77a62e9b358/url'
04:20:40.934 [AsyncHttpClient-1-2] DEBUG org.asynchttpclient.netty.handler.HttpHandler - 

Request DefaultFullHttpRequest(decodeResult: success, version: HTTP/1.1, content: EmptyByteBufBE)
GET /session/ebd78358ff1594d2f04dc77a62e9b358/url HTTP/1.1
User-Agent: selenium/4.8.1 (java mac)
Cache-Control: no-cache
Content-Type: application/json; charset=utf-8
host: localhost:11030
accept: */*

Response DefaultHttpResponse(decodeResult: success, version: HTTP/1.1)
HTTP/1.1 200 OK
Content-Length: 38
Content-Type: application/json; charset=utf-8
cache-control: no-cache

04:20:40.935 [AsyncHttpClient-1-2] DEBUG org.asynchttpclient.netty.channel.ChannelManager - Adding key: http://localhost:11030 for channel [id: 0x3ec6bac5, L:/127.0.0.1:62305 - R:localhost/127.0.0.1:11030]
04:20:40.935 [main] DEBUG net.thucydides.core.steps.StepInterceptor - STARTING STEP: LoginSteps.iClickLoginButton - clickButtonLogin
04:20:40.938 [Forwarding findElement on session ebd78358ff1594d2f04dc77a62e9b358 to remote] DEBUG org.asynchttpclient.netty.request.NettyRequestSender - Using pooled Channel '[id: 0x3ec6bac5, L:/127.0.0.1:62305 - R:localhost/127.0.0.1:11030]' for 'POST' to 'http://localhost:11030/session/ebd78358ff1594d2f04dc77a62e9b358/element'
04:20:40.938 [Forwarding findElement on session ebd78358ff1594d2f04dc77a62e9b358 to remote] DEBUG org.asynchttpclient.netty.request.NettyRequestSender - Using open Channel [id: 0x3ec6bac5, L:/127.0.0.1:62305 - R:localhost/127.0.0.1:11030] for POST '/session/ebd78358ff1594d2f04dc77a62e9b358/element'
04:20:40.960 [AsyncHttpClient-1-2] DEBUG org.asynchttpclient.netty.handler.HttpHandler - 

Request DefaultHttpRequest(decodeResult: success, version: HTTP/1.1)
POST /session/ebd78358ff1594d2f04dc77a62e9b358/element HTTP/1.1
User-Agent: selenium/4.8.1 (java mac)
Content-Length: 59
Content-Type: application/json; charset=utf-8
host: localhost:11030
accept: */*

Response DefaultHttpResponse(decodeResult: success, version: HTTP/1.1)
HTTP/1.1 200 OK
Content-Length: 88
Content-Type: application/json; charset=utf-8
cache-control: no-cache

04:20:40.960 [AsyncHttpClient-1-2] DEBUG org.asynchttpclient.netty.channel.ChannelManager - Adding key: http://localhost:11030 for channel [id: 0x3ec6bac5, L:/127.0.0.1:62305 - R:localhost/127.0.0.1:11030]
04:20:40.962 [Forwarding getElementTagName on session ebd78358ff1594d2f04dc77a62e9b358 to remote] DEBUG org.asynchttpclient.netty.request.NettyRequestSender - Using pooled Channel '[id: 0x3ec6bac5, L:/127.0.0.1:62305 - R:localhost/127.0.0.1:11030]' for 'GET' to 'http://localhost:11030/session/ebd78358ff1594d2f04dc77a62e9b358/element/cea34a42-ab3e-4ab9-977d-6bf29be931ff/name'
04:20:40.963 [Forwarding getElementTagName on session ebd78358ff1594d2f04dc77a62e9b358 to remote] DEBUG org.asynchttpclient.netty.request.NettyRequestSender - Using open Channel [id: 0x3ec6bac5, L:/127.0.0.1:62305 - R:localhost/127.0.0.1:11030] for GET '/session/ebd78358ff1594d2f04dc77a62e9b358/element/cea34a42-ab3e-4ab9-977d-6bf29be931ff/name'
04:20:40.967 [AsyncHttpClient-1-2] DEBUG org.asynchttpclient.netty.handler.HttpHandler - 

Request DefaultFullHttpRequest(decodeResult: success, version: HTTP/1.1, content: EmptyByteBufBE)
GET /session/ebd78358ff1594d2f04dc77a62e9b358/element/cea34a42-ab3e-4ab9-977d-6bf29be931ff/name HTTP/1.1
User-Agent: selenium/4.8.1 (java mac)
Cache-Control: no-cache
Content-Type: application/json; charset=utf-8
host: localhost:11030
accept: */*

Response DefaultHttpResponse(decodeResult: success, version: HTTP/1.1)
HTTP/1.1 200 OK
Content-Length: 17
Content-Type: application/json; charset=utf-8
cache-control: no-cache

04:20:40.967 [AsyncHttpClient-1-2] DEBUG org.asynchttpclient.netty.channel.ChannelManager - Adding key: http://localhost:11030 for channel [id: 0x3ec6bac5, L:/127.0.0.1:62305 - R:localhost/127.0.0.1:11030]
04:20:40.968 [Forwarding getElementTagName on session ebd78358ff1594d2f04dc77a62e9b358 to remote] DEBUG org.asynchttpclient.netty.request.NettyRequestSender - Using pooled Channel '[id: 0x3ec6bac5, L:/127.0.0.1:62305 - R:localhost/127.0.0.1:11030]' for 'GET' to 'http://localhost:11030/session/ebd78358ff1594d2f04dc77a62e9b358/element/cea34a42-ab3e-4ab9-977d-6bf29be931ff/name'
04:20:40.968 [Forwarding getElementTagName on session ebd78358ff1594d2f04dc77a62e9b358 to remote] DEBUG org.asynchttpclient.netty.request.NettyRequestSender - Using open Channel [id: 0x3ec6bac5, L:/127.0.0.1:62305 - R:localhost/127.0.0.1:11030] for GET '/session/ebd78358ff1594d2f04dc77a62e9b358/element/cea34a42-ab3e-4ab9-977d-6bf29be931ff/name'
04:20:40.978 [AsyncHttpClient-1-2] DEBUG org.asynchttpclient.netty.handler.HttpHandler - 

Request DefaultFullHttpRequest(decodeResult: success, version: HTTP/1.1, content: EmptyByteBufBE)
GET /session/ebd78358ff1594d2f04dc77a62e9b358/element/cea34a42-ab3e-4ab9-977d-6bf29be931ff/name HTTP/1.1
User-Agent: selenium/4.8.1 (java mac)
Cache-Control: no-cache
Content-Type: application/json; charset=utf-8
host: localhost:11030
accept: */*

Response DefaultHttpResponse(decodeResult: success, version: HTTP/1.1)
HTTP/1.1 200 OK
Content-Length: 17
Content-Type: application/json; charset=utf-8
cache-control: no-cache

04:20:40.978 [AsyncHttpClient-1-2] DEBUG org.asynchttpclient.netty.channel.ChannelManager - Adding key: http://localhost:11030 for channel [id: 0x3ec6bac5, L:/127.0.0.1:62305 - R:localhost/127.0.0.1:11030]
04:20:40.981 [Forwarding isElementEnabled on session ebd78358ff1594d2f04dc77a62e9b358 to remote] DEBUG org.asynchttpclient.netty.request.NettyRequestSender - Using pooled Channel '[id: 0x3ec6bac5, L:/127.0.0.1:62305 - R:localhost/127.0.0.1:11030]' for 'GET' to 'http://localhost:11030/session/ebd78358ff1594d2f04dc77a62e9b358/element/cea34a42-ab3e-4ab9-977d-6bf29be931ff/enabled'
04:20:40.982 [Forwarding isElementEnabled on session ebd78358ff1594d2f04dc77a62e9b358 to remote] DEBUG org.asynchttpclient.netty.request.NettyRequestSender - Using open Channel [id: 0x3ec6bac5, L:/127.0.0.1:62305 - R:localhost/127.0.0.1:11030] for GET '/session/ebd78358ff1594d2f04dc77a62e9b358/element/cea34a42-ab3e-4ab9-977d-6bf29be931ff/enabled'
04:20:40.999 [AsyncHttpClient-1-2] DEBUG org.asynchttpclient.netty.handler.HttpHandler - 

Request DefaultFullHttpRequest(decodeResult: success, version: HTTP/1.1, content: EmptyByteBufBE)
GET /session/ebd78358ff1594d2f04dc77a62e9b358/element/cea34a42-ab3e-4ab9-977d-6bf29be931ff/enabled HTTP/1.1
User-Agent: selenium/4.8.1 (java mac)
Cache-Control: no-cache
Content-Type: application/json; charset=utf-8
host: localhost:11030
accept: */*

Response DefaultHttpResponse(decodeResult: success, version: HTTP/1.1)
HTTP/1.1 200 OK
Content-Length: 14
Content-Type: application/json; charset=utf-8
cache-control: no-cache

04:20:40.999 [AsyncHttpClient-1-2] DEBUG org.asynchttpclient.netty.channel.ChannelManager - Adding key: http://localhost:11030 for channel [id: 0x3ec6bac5, L:/127.0.0.1:62305 - R:localhost/127.0.0.1:11030]
04:20:41.000 [Forwarding isElementEnabled on session ebd78358ff1594d2f04dc77a62e9b358 to remote] DEBUG org.asynchttpclient.netty.request.NettyRequestSender - Using pooled Channel '[id: 0x3ec6bac5, L:/127.0.0.1:62305 - R:localhost/127.0.0.1:11030]' for 'GET' to 'http://localhost:11030/session/ebd78358ff1594d2f04dc77a62e9b358/element/cea34a42-ab3e-4ab9-977d-6bf29be931ff/enabled'
04:20:41.001 [Forwarding isElementEnabled on session ebd78358ff1594d2f04dc77a62e9b358 to remote] DEBUG org.asynchttpclient.netty.request.NettyRequestSender - Using open Channel [id: 0x3ec6bac5, L:/127.0.0.1:62305 - R:localhost/127.0.0.1:11030] for GET '/session/ebd78358ff1594d2f04dc77a62e9b358/element/cea34a42-ab3e-4ab9-977d-6bf29be931ff/enabled'
04:20:41.011 [AsyncHttpClient-1-2] DEBUG org.asynchttpclient.netty.handler.HttpHandler - 

Request DefaultFullHttpRequest(decodeResult: success, version: HTTP/1.1, content: EmptyByteBufBE)
GET /session/ebd78358ff1594d2f04dc77a62e9b358/element/cea34a42-ab3e-4ab9-977d-6bf29be931ff/enabled HTTP/1.1
User-Agent: selenium/4.8.1 (java mac)
Cache-Control: no-cache
Content-Type: application/json; charset=utf-8
host: localhost:11030
accept: */*

Response DefaultHttpResponse(decodeResult: success, version: HTTP/1.1)
HTTP/1.1 200 OK
Content-Length: 14
Content-Type: application/json; charset=utf-8
cache-control: no-cache

04:20:41.011 [AsyncHttpClient-1-2] DEBUG org.asynchttpclient.netty.channel.ChannelManager - Adding key: http://localhost:11030 for channel [id: 0x3ec6bac5, L:/127.0.0.1:62305 - R:localhost/127.0.0.1:11030]
04:20:41.014 [Forwarding findElement on session ebd78358ff1594d2f04dc77a62e9b358 to remote] DEBUG org.asynchttpclient.netty.request.NettyRequestSender - Using pooled Channel '[id: 0x3ec6bac5, L:/127.0.0.1:62305 - R:localhost/127.0.0.1:11030]' for 'POST' to 'http://localhost:11030/session/ebd78358ff1594d2f04dc77a62e9b358/element'
04:20:41.015 [Forwarding findElement on session ebd78358ff1594d2f04dc77a62e9b358 to remote] DEBUG org.asynchttpclient.netty.request.NettyRequestSender - Using open Channel [id: 0x3ec6bac5, L:/127.0.0.1:62305 - R:localhost/127.0.0.1:11030] for POST '/session/ebd78358ff1594d2f04dc77a62e9b358/element'
04:20:41.019 [AsyncHttpClient-1-2] DEBUG org.asynchttpclient.netty.handler.HttpHandler - 

Request DefaultHttpRequest(decodeResult: success, version: HTTP/1.1)
POST /session/ebd78358ff1594d2f04dc77a62e9b358/element HTTP/1.1
User-Agent: selenium/4.8.1 (java mac)
Content-Length: 59
Content-Type: application/json; charset=utf-8
host: localhost:11030
accept: */*

Response DefaultHttpResponse(decodeResult: success, version: HTTP/1.1)
HTTP/1.1 200 OK
Content-Length: 88
Content-Type: application/json; charset=utf-8
cache-control: no-cache

04:20:41.019 [AsyncHttpClient-1-2] DEBUG org.asynchttpclient.netty.channel.ChannelManager - Adding key: http://localhost:11030 for channel [id: 0x3ec6bac5, L:/127.0.0.1:62305 - R:localhost/127.0.0.1:11030]
04:20:41.020 [Forwarding clickElement on session ebd78358ff1594d2f04dc77a62e9b358 to remote] DEBUG org.asynchttpclient.netty.request.NettyRequestSender - Using pooled Channel '[id: 0x3ec6bac5, L:/127.0.0.1:62305 - R:localhost/127.0.0.1:11030]' for 'POST' to 'http://localhost:11030/session/ebd78358ff1594d2f04dc77a62e9b358/element/cea34a42-ab3e-4ab9-977d-6bf29be931ff/click'
04:20:41.020 [Forwarding clickElement on session ebd78358ff1594d2f04dc77a62e9b358 to remote] DEBUG org.asynchttpclient.netty.request.NettyRequestSender - Using open Channel [id: 0x3ec6bac5, L:/127.0.0.1:62305 - R:localhost/127.0.0.1:11030] for POST '/session/ebd78358ff1594d2f04dc77a62e9b358/element/cea34a42-ab3e-4ab9-977d-6bf29be931ff/click'
04:20:41.292 [AsyncHttpClient-1-1] DEBUG org.asynchttpclient.netty.channel.DefaultChannelPool - Entry count for : http://localhost:62306 : 1
04:20:42.138 [AsyncHttpClient-1-2] DEBUG org.asynchttpclient.netty.handler.HttpHandler - 

Request DefaultHttpRequest(decodeResult: success, version: HTTP/1.1)
POST /session/ebd78358ff1594d2f04dc77a62e9b358/element/cea34a42-ab3e-4ab9-977d-6bf29be931ff/click HTTP/1.1
User-Agent: selenium/4.8.1 (java mac)
Content-Length: 50
Content-Type: application/json; charset=utf-8
host: localhost:11030
accept: */*

Response DefaultHttpResponse(decodeResult: success, version: HTTP/1.1)
HTTP/1.1 200 OK
Content-Length: 14
Content-Type: application/json; charset=utf-8
cache-control: no-cache

04:20:42.138 [AsyncHttpClient-1-2] DEBUG org.asynchttpclient.netty.channel.ChannelManager - Adding key: http://localhost:11030 for channel [id: 0x3ec6bac5, L:/127.0.0.1:62305 - R:localhost/127.0.0.1:11030]
04:20:42.141 [Forwarding getAlertText on session ebd78358ff1594d2f04dc77a62e9b358 to remote] DEBUG org.asynchttpclient.netty.request.NettyRequestSender - Using pooled Channel '[id: 0x3ec6bac5, L:/127.0.0.1:62305 - R:localhost/127.0.0.1:11030]' for 'GET' to 'http://localhost:11030/session/ebd78358ff1594d2f04dc77a62e9b358/alert/text'
04:20:42.142 [Forwarding getAlertText on session ebd78358ff1594d2f04dc77a62e9b358 to remote] DEBUG org.asynchttpclient.netty.request.NettyRequestSender - Using open Channel [id: 0x3ec6bac5, L:/127.0.0.1:62305 - R:localhost/127.0.0.1:11030] for GET '/session/ebd78358ff1594d2f04dc77a62e9b358/alert/text'
04:20:42.151 [AsyncHttpClient-1-2] DEBUG org.asynchttpclient.netty.handler.HttpHandler - 

Request DefaultFullHttpRequest(decodeResult: success, version: HTTP/1.1, content: EmptyByteBufBE)
GET /session/ebd78358ff1594d2f04dc77a62e9b358/alert/text HTTP/1.1
User-Agent: selenium/4.8.1 (java mac)
Cache-Control: no-cache
Content-Type: application/json; charset=utf-8
host: localhost:11030
accept: */*

Response DefaultHttpResponse(decodeResult: success, version: HTTP/1.1)
HTTP/1.1 404 Not Found
Content-Length: 1762
Content-Type: application/json; charset=utf-8
cache-control: no-cache

04:20:42.152 [AsyncHttpClient-1-2] DEBUG org.asynchttpclient.netty.channel.ChannelManager - Adding key: http://localhost:11030 for channel [id: 0x3ec6bac5, L:/127.0.0.1:62305 - R:localhost/127.0.0.1:11030]
04:20:42.153 [Forwarding getCurrentUrl on session ebd78358ff1594d2f04dc77a62e9b358 to remote] DEBUG org.asynchttpclient.netty.request.NettyRequestSender - Using pooled Channel '[id: 0x3ec6bac5, L:/127.0.0.1:62305 - R:localhost/127.0.0.1:11030]' for 'GET' to 'http://localhost:11030/session/ebd78358ff1594d2f04dc77a62e9b358/url'
04:20:42.153 [Forwarding getCurrentUrl on session ebd78358ff1594d2f04dc77a62e9b358 to remote] DEBUG org.asynchttpclient.netty.request.NettyRequestSender - Using open Channel [id: 0x3ec6bac5, L:/127.0.0.1:62305 - R:localhost/127.0.0.1:11030] for GET '/session/ebd78358ff1594d2f04dc77a62e9b358/url'
04:20:42.157 [AsyncHttpClient-1-2] DEBUG org.asynchttpclient.netty.handler.HttpHandler - 

Request DefaultFullHttpRequest(decodeResult: success, version: HTTP/1.1, content: EmptyByteBufBE)
GET /session/ebd78358ff1594d2f04dc77a62e9b358/url HTTP/1.1
User-Agent: selenium/4.8.1 (java mac)
Cache-Control: no-cache
Content-Type: application/json; charset=utf-8
host: localhost:11030
accept: */*

Response DefaultHttpResponse(decodeResult: success, version: HTTP/1.1)
HTTP/1.1 200 OK
Content-Length: 52
Content-Type: application/json; charset=utf-8
cache-control: no-cache

04:20:42.157 [AsyncHttpClient-1-2] DEBUG org.asynchttpclient.netty.channel.ChannelManager - Adding key: http://localhost:11030 for channel [id: 0x3ec6bac5, L:/127.0.0.1:62305 - R:localhost/127.0.0.1:11030]
04:20:42.158 [Forwarding screenshot on session ebd78358ff1594d2f04dc77a62e9b358 to remote] DEBUG org.asynchttpclient.netty.request.NettyRequestSender - Using pooled Channel '[id: 0x3ec6bac5, L:/127.0.0.1:62305 - R:localhost/127.0.0.1:11030]' for 'GET' to 'http://localhost:11030/session/ebd78358ff1594d2f04dc77a62e9b358/screenshot'
04:20:42.158 [Forwarding screenshot on session ebd78358ff1594d2f04dc77a62e9b358 to remote] DEBUG org.asynchttpclient.netty.request.NettyRequestSender - Using open Channel [id: 0x3ec6bac5, L:/127.0.0.1:62305 - R:localhost/127.0.0.1:11030] for GET '/session/ebd78358ff1594d2f04dc77a62e9b358/screenshot'
04:20:42.396 [AsyncHttpClient-1-1] DEBUG org.asynchttpclient.netty.channel.DefaultChannelPool - Entry count for : http://localhost:62306 : 1
04:20:42.572 [AsyncHttpClient-1-2] DEBUG org.asynchttpclient.netty.handler.HttpHandler - 

Request DefaultFullHttpRequest(decodeResult: success, version: HTTP/1.1, content: EmptyByteBufBE)
GET /session/ebd78358ff1594d2f04dc77a62e9b358/screenshot HTTP/1.1
User-Agent: selenium/4.8.1 (java mac)
Cache-Control: no-cache
Content-Type: application/json; charset=utf-8
host: localhost:11030
accept: */*

Response DefaultHttpResponse(decodeResult: success, version: HTTP/1.1)
HTTP/1.1 200 OK
Content-Length: 996588
Content-Type: application/json; charset=utf-8
cache-control: no-cache

04:20:42.574 [AsyncHttpClient-1-2] DEBUG org.asynchttpclient.netty.channel.ChannelManager - Adding key: http://localhost:11030 for channel [id: 0x3ec6bac5, L:/127.0.0.1:62305 - R:localhost/127.0.0.1:11030]
04:20:42.599 [main] DEBUG net.serenitybdd.core.photography.Darkroom - Send negative for processing for target/site/serenity/bdaaaa3d9c41a13892da1089fe4ab3d1a4aeb14a1956f9d142287d2376d3dff7.png
04:20:42.600 [Darkroom Processing Line] DEBUG net.serenitybdd.core.photography.DarkroomProcessingLine - Processing screenshot image in /var/screenshots/screenshot-13624658197604097852
04:20:42.600 [Darkroom Processing Line] DEBUG net.serenitybdd.core.photography.DarkroomProcessingLine - Saving screenshot to target/site/serenity/bdaaaa3d9c41a13892da1089fe4ab3d1a4aeb14a1956f9d142287d2376d3dff7.png
04:20:42.600 [main] DEBUG net.thucydides.core.steps.StepInterceptor - STEP DONE: clickButtonLogin
  &amp#27;[32mAnd &amp#27;[0m&amp#27;[32mI click login button&amp#27;[0m                                        &amp#27;[90m# starter.stepdef.LoginSteps.iClickLoginButton()&amp#27;[0m
04:20:42.604 [Forwarding getPageSource on session ebd78358ff1594d2f04dc77a62e9b358 to remote] DEBUG org.asynchttpclient.netty.request.NettyRequestSender - Using pooled Channel '[id: 0x3ec6bac5, L:/127.0.0.1:62305 - R:localhost/127.0.0.1:11030]' for 'POST' to 'http://localhost:11030/session/ebd78358ff1594d2f04dc77a62e9b358/execute/sync'
04:20:42.604 [Forwarding getPageSource on session ebd78358ff1594d2f04dc77a62e9b358 to remote] DEBUG org.asynchttpclient.netty.request.NettyRequestSender - Using open Channel [id: 0x3ec6bac5, L:/127.0.0.1:62305 - R:localhost/127.0.0.1:11030] for POST '/session/ebd78358ff1594d2f04dc77a62e9b358/execute/sync'
04:20:42.620 [AsyncHttpClient-1-2] DEBUG org.asynchttpclient.netty.handler.HttpHandler - 

Request DefaultHttpRequest(decodeResult: success, version: HTTP/1.1)
POST /session/ebd78358ff1594d2f04dc77a62e9b358/execute/sync HTTP/1.1
User-Agent: selenium/4.8.1 (java mac)
Content-Length: 176
Content-Type: application/json; charset=utf-8
host: localhost:11030
accept: */*

Response DefaultHttpResponse(decodeResult: success, version: HTTP/1.1)
HTTP/1.1 200 OK
Content-Length: 16345
Content-Type: application/json; charset=utf-8
cache-control: no-cache

04:20:42.620 [AsyncHttpClient-1-2] DEBUG org.asynchttpclient.netty.channel.ChannelManager - Adding key: http://localhost:11030 for channel [id: 0x3ec6bac5, L:/127.0.0.1:62305 - R:localhost/127.0.0.1:11030]
04:20:42.623 [Forwarding getCurrentUrl on session ebd78358ff1594d2f04dc77a62e9b358 to remote] DEBUG org.asynchttpclient.netty.request.NettyRequestSender - Using pooled Channel '[id: 0x3ec6bac5, L:/127.0.0.1:62305 - R:localhost/127.0.0.1:11030]' for 'GET' to 'http://localhost:11030/session/ebd78358ff1594d2f04dc77a62e9b358/url'
04:20:42.623 [Forwarding getCurrentUrl on session ebd78358ff1594d2f04dc77a62e9b358 to remote] DEBUG org.asynchttpclient.netty.request.NettyRequestSender - Using open Channel [id: 0x3ec6bac5, L:/127.0.0.1:62305 - R:localhost/127.0.0.1:11030] for GET '/session/ebd78358ff1594d2f04dc77a62e9b358/url'
04:20:42.625 [AsyncHttpClient-1-2] DEBUG org.asynchttpclient.netty.handler.HttpHandler - 

Request DefaultFullHttpRequest(decodeResult: success, version: HTTP/1.1, content: EmptyByteBufBE)
GET /session/ebd78358ff1594d2f04dc77a62e9b358/url HTTP/1.1
User-Agent: selenium/4.8.1 (java mac)
Cache-Control: no-cache
Content-Type: application/json; charset=utf-8
host: localhost:11030
accept: */*

Response DefaultHttpResponse(decodeResult: success, version: HTTP/1.1)
HTTP/1.1 200 OK
Content-Length: 52
Content-Type: application/json; charset=utf-8
cache-control: no-cache

04:20:42.625 [AsyncHttpClient-1-2] DEBUG org.asynchttpclient.netty.channel.ChannelManager - Adding key: http://localhost:11030 for channel [id: 0x3ec6bac5, L:/127.0.0.1:62305 - R:localhost/127.0.0.1:11030]
04:20:42.630 [Forwarding getPageSource on session ebd78358ff1594d2f04dc77a62e9b358 to remote] DEBUG org.asynchttpclient.netty.request.NettyRequestSender - Using pooled Channel '[id: 0x3ec6bac5, L:/127.0.0.1:62305 - R:localhost/127.0.0.1:11030]' for 'POST' to 'http://localhost:11030/session/ebd78358ff1594d2f04dc77a62e9b358/execute/sync'
04:20:42.630 [Forwarding getPageSource on session ebd78358ff1594d2f04dc77a62e9b358 to remote] DEBUG org.asynchttpclient.netty.request.NettyRequestSender - Using open Channel [id: 0x3ec6bac5, L:/127.0.0.1:62305 - R:localhost/127.0.0.1:11030] for POST '/session/ebd78358ff1594d2f04dc77a62e9b358/execute/sync'
04:20:42.633 [AsyncHttpClient-1-2] DEBUG org.asynchttpclient.netty.handler.HttpHandler - 

Request DefaultHttpRequest(decodeResult: success, version: HTTP/1.1)
POST /session/ebd78358ff1594d2f04dc77a62e9b358/execute/sync HTTP/1.1
User-Agent: selenium/4.8.1 (java mac)
Content-Length: 176
Content-Type: application/json; charset=utf-8
host: localhost:11030
accept: */*

Response DefaultHttpResponse(decodeResult: success, version: HTTP/1.1)
HTTP/1.1 200 OK
Content-Length: 16345
Content-Type: application/json; charset=utf-8
cache-control: no-cache

04:20:42.633 [AsyncHttpClient-1-2] DEBUG org.asynchttpclient.netty.channel.ChannelManager - Adding key: http://localhost:11030 for channel [id: 0x3ec6bac5, L:/127.0.0.1:62305 - R:localhost/127.0.0.1:11030]
04:20:42.636 [Forwarding getCurrentUrl on session ebd78358ff1594d2f04dc77a62e9b358 to remote] DEBUG org.asynchttpclient.netty.request.NettyRequestSender - Using pooled Channel '[id: 0x3ec6bac5, L:/127.0.0.1:62305 - R:localhost/127.0.0.1:11030]' for 'GET' to 'http://localhost:11030/session/ebd78358ff1594d2f04dc77a62e9b358/url'
04:20:42.636 [Forwarding getCurrentUrl on session ebd78358ff1594d2f04dc77a62e9b358 to remote] DEBUG org.asynchttpclient.netty.request.NettyRequestSender - Using open Channel [id: 0x3ec6bac5, L:/127.0.0.1:62305 - R:localhost/127.0.0.1:11030] for GET '/session/ebd78358ff1594d2f04dc77a62e9b358/url'
04:20:42.644 [AsyncHttpClient-1-2] DEBUG org.asynchttpclient.netty.handler.HttpHandler - 

Request DefaultFullHttpRequest(decodeResult: success, version: HTTP/1.1, content: EmptyByteBufBE)
GET /session/ebd78358ff1594d2f04dc77a62e9b358/url HTTP/1.1
User-Agent: selenium/4.8.1 (java mac)
Cache-Control: no-cache
Content-Type: application/json; charset=utf-8
host: localhost:11030
accept: */*

Response DefaultHttpResponse(decodeResult: success, version: HTTP/1.1)
HTTP/1.1 200 OK
Content-Length: 52
Content-Type: application/json; charset=utf-8
cache-control: no-cache

04:20:42.644 [AsyncHttpClient-1-2] DEBUG org.asynchttpclient.netty.channel.ChannelManager - Adding key: http://localhost:11030 for channel [id: 0x3ec6bac5, L:/127.0.0.1:62305 - R:localhost/127.0.0.1:11030]
04:20:42.645 [main] DEBUG net.thucydides.core.steps.StepInterceptor - STARTING STEP: LoginSteps.iAmOnTheHomePage - validateOnTheHomePage
04:20:42.646 [Forwarding findElement on session ebd78358ff1594d2f04dc77a62e9b358 to remote] DEBUG org.asynchttpclient.netty.request.NettyRequestSender - Using pooled Channel '[id: 0x3ec6bac5, L:/127.0.0.1:62305 - R:localhost/127.0.0.1:11030]' for 'POST' to 'http://localhost:11030/session/ebd78358ff1594d2f04dc77a62e9b358/element'
04:20:42.646 [Forwarding findElement on session ebd78358ff1594d2f04dc77a62e9b358 to remote] DEBUG org.asynchttpclient.netty.request.NettyRequestSender - Using open Channel [id: 0x3ec6bac5, L:/127.0.0.1:62305 - R:localhost/127.0.0.1:11030] for POST '/session/ebd78358ff1594d2f04dc77a62e9b358/element'
04:20:42.652 [AsyncHttpClient-1-2] DEBUG org.asynchttpclient.netty.handler.HttpHandler - 

Request DefaultHttpRequest(decodeResult: success, version: HTTP/1.1)
POST /session/ebd78358ff1594d2f04dc77a62e9b358/element HTTP/1.1
User-Agent: selenium/4.8.1 (java mac)
Content-Length: 50
Content-Type: application/json; charset=utf-8
host: localhost:11030
accept: */*

Response DefaultHttpResponse(decodeResult: success, version: HTTP/1.1)
HTTP/1.1 200 OK
Content-Length: 88
Content-Type: application/json; charset=utf-8
cache-control: no-cache

04:20:42.652 [AsyncHttpClient-1-2] DEBUG org.asynchttpclient.netty.channel.ChannelManager - Adding key: http://localhost:11030 for channel [id: 0x3ec6bac5, L:/127.0.0.1:62305 - R:localhost/127.0.0.1:11030]
04:20:42.654 [Forwarding isElementDisplayed on session ebd78358ff1594d2f04dc77a62e9b358 to remote] DEBUG org.asynchttpclient.netty.request.NettyRequestSender - Using pooled Channel '[id: 0x3ec6bac5, L:/127.0.0.1:62305 - R:localhost/127.0.0.1:11030]' for 'POST' to 'http://localhost:11030/session/ebd78358ff1594d2f04dc77a62e9b358/execute/sync'
04:20:42.654 [Forwarding isElementDisplayed on session ebd78358ff1594d2f04dc77a62e9b358 to remote] DEBUG org.asynchttpclient.netty.request.NettyRequestSender - Using open Channel [id: 0x3ec6bac5, L:/127.0.0.1:62305 - R:localhost/127.0.0.1:11030] for POST '/session/ebd78358ff1594d2f04dc77a62e9b358/execute/sync'
04:20:42.662 [AsyncHttpClient-1-2] DEBUG org.asynchttpclient.netty.handler.HttpHandler - 

Request DefaultHttpRequest(decodeResult: success, version: HTTP/1.1)
POST /session/ebd78358ff1594d2f04dc77a62e9b358/execute/sync HTTP/1.1
User-Agent: selenium/4.8.1 (java mac)
Content-Length: 48807
Content-Type: application/json; charset=utf-8
host: localhost:11030
accept: */*

Response DefaultHttpResponse(decodeResult: success, version: HTTP/1.1)
HTTP/1.1 200 OK
Content-Length: 14
Content-Type: application/json; charset=utf-8
cache-control: no-cache

04:20:42.662 [AsyncHttpClient-1-2] DEBUG org.asynchttpclient.netty.channel.ChannelManager - Adding key: http://localhost:11030 for channel [id: 0x3ec6bac5, L:/127.0.0.1:62305 - R:localhost/127.0.0.1:11030]
04:20:42.665 [Forwarding getAlertText on session ebd78358ff1594d2f04dc77a62e9b358 to remote] DEBUG org.asynchttpclient.netty.request.NettyRequestSender - Using pooled Channel '[id: 0x3ec6bac5, L:/127.0.0.1:62305 - R:localhost/127.0.0.1:11030]' for 'GET' to 'http://localhost:11030/session/ebd78358ff1594d2f04dc77a62e9b358/alert/text'
04:20:42.665 [Forwarding getAlertText on session ebd78358ff1594d2f04dc77a62e9b358 to remote] DEBUG org.asynchttpclient.netty.request.NettyRequestSender - Using open Channel [id: 0x3ec6bac5, L:/127.0.0.1:62305 - R:localhost/127.0.0.1:11030] for GET '/session/ebd78358ff1594d2f04dc77a62e9b358/alert/text'
04:20:42.666 [AsyncHttpClient-1-2] DEBUG org.asynchttpclient.netty.handler.HttpHandler - 

Request DefaultFullHttpRequest(decodeResult: success, version: HTTP/1.1, content: EmptyByteBufBE)
GET /session/ebd78358ff1594d2f04dc77a62e9b358/alert/text HTTP/1.1
User-Agent: selenium/4.8.1 (java mac)
Cache-Control: no-cache
Content-Type: application/json; charset=utf-8
host: localhost:11030
accept: */*

Response DefaultHttpResponse(decodeResult: success, version: HTTP/1.1)
HTTP/1.1 404 Not Found
Content-Length: 1762
Content-Type: application/json; charset=utf-8
cache-control: no-cache

04:20:42.666 [AsyncHttpClient-1-2] DEBUG org.asynchttpclient.netty.channel.ChannelManager - Adding key: http://localhost:11030 for channel [id: 0x3ec6bac5, L:/127.0.0.1:62305 - R:localhost/127.0.0.1:11030]
04:20:42.666 [Forwarding getCurrentUrl on session ebd78358ff1594d2f04dc77a62e9b358 to remote] DEBUG org.asynchttpclient.netty.request.NettyRequestSender - Using pooled Channel '[id: 0x3ec6bac5, L:/127.0.0.1:62305 - R:localhost/127.0.0.1:11030]' for 'GET' to 'http://localhost:11030/session/ebd78358ff1594d2f04dc77a62e9b358/url'
04:20:42.666 [Forwarding getCurrentUrl on session ebd78358ff1594d2f04dc77a62e9b358 to remote] DEBUG org.asynchttpclient.netty.request.NettyRequestSender - Using open Channel [id: 0x3ec6bac5, L:/127.0.0.1:62305 - R:localhost/127.0.0.1:11030] for GET '/session/ebd78358ff1594d2f04dc77a62e9b358/url'
04:20:42.668 [AsyncHttpClient-1-2] DEBUG org.asynchttpclient.netty.handler.HttpHandler - 

Request DefaultFullHttpRequest(decodeResult: success, version: HTTP/1.1, content: EmptyByteBufBE)
GET /session/ebd78358ff1594d2f04dc77a62e9b358/url HTTP/1.1
User-Agent: selenium/4.8.1 (java mac)
Cache-Control: no-cache
Content-Type: application/json; charset=utf-8
host: localhost:11030
accept: */*

Response DefaultHttpResponse(decodeResult: success, version: HTTP/1.1)
HTTP/1.1 200 OK
Content-Length: 52
Content-Type: application/json; charset=utf-8
cache-control: no-cache

04:20:42.668 [AsyncHttpClient-1-2] DEBUG org.asynchttpclient.netty.channel.ChannelManager - Adding key: http://localhost:11030 for channel [id: 0x3ec6bac5, L:/127.0.0.1:62305 - R:localhost/127.0.0.1:11030]
04:20:42.669 [Forwarding screenshot on session ebd78358ff1594d2f04dc77a62e9b358 to remote] DEBUG org.asynchttpclient.netty.request.NettyRequestSender - Using pooled Channel '[id: 0x3ec6bac5, L:/127.0.0.1:62305 - R:localhost/127.0.0.1:11030]' for 'GET' to 'http://localhost:11030/session/ebd78358ff1594d2f04dc77a62e9b358/screenshot'
04:20:42.669 [Forwarding screenshot on session ebd78358ff1594d2f04dc77a62e9b358 to remote] DEBUG org.asynchttpclient.netty.request.NettyRequestSender - Using open Channel [id: 0x3ec6bac5, L:/127.0.0.1:62305 - R:localhost/127.0.0.1:11030] for GET '/session/ebd78358ff1594d2f04dc77a62e9b358/screenshot'
04:20:42.964 [AsyncHttpClient-1-2] DEBUG org.asynchttpclient.netty.handler.HttpHandler - 

Request DefaultFullHttpRequest(decodeResult: success, version: HTTP/1.1, content: EmptyByteBufBE)
GET /session/ebd78358ff1594d2f04dc77a62e9b358/screenshot HTTP/1.1
User-Agent: selenium/4.8.1 (java mac)
Cache-Control: no-cache
Content-Type: application/json; charset=utf-8
host: localhost:11030
accept: */*

Response DefaultHttpResponse(decodeResult: success, version: HTTP/1.1)
HTTP/1.1 200 OK
Content-Length: 996588
Content-Type: application/json; charset=utf-8
cache-control: no-cache

04:20:42.966 [AsyncHttpClient-1-2] DEBUG org.asynchttpclient.netty.channel.ChannelManager - Adding key: http://localhost:11030 for channel [id: 0x3ec6bac5, L:/127.0.0.1:62305 - R:localhost/127.0.0.1:11030]
04:20:42.983 [main] DEBUG net.serenitybdd.core.photography.Darkroom - Send negative for processing for target/site/serenity/bdaaaa3d9c41a13892da1089fe4ab3d1a4aeb14a1956f9d142287d2376d3dff7.png
04:20:42.983 [main] DEBUG net.thucydides.core.steps.StepInterceptor - STEP DONE: validateOnTheHomePage
  &amp#27;[32mThen &amp#27;[0m&amp#27;[32mI am on the home page&amp#27;[0m                                      &amp#27;[90m# starter.stepdef.LoginSteps.iAmOnTheHomePage()&amp#27;[0m
04:20:42.988 [main] INFO  - 
  _____   ___   ___   _____     ___     _     ___   ___   ___   ___  
 |_   _| | __| / __| |_   _|   | _ \   /_\   / __| / __| | __| |   \ 
   | |   | _|  \__ \   | |     |  _/  / _ \  \__ \ \__ \ | _|  | |) |
   |_|   |___| |___/   |_|     |_|   /_/ \_\ |___/ |___/ |___| |___/ 

As a user, i login with accepted username standard_user
----------------------------------------------------------------------
04:20:43.023 [Driver Command Executor] DEBUG org.asynchttpclient.netty.request.NettyRequestSender - Using pooled Channel '[id: 0x3ec6bac5, L:/127.0.0.1:62305 - R:localhost/127.0.0.1:11030]' for 'DELETE' to 'http://localhost:11030/session/ebd78358ff1594d2f04dc77a62e9b358'
04:20:43.024 [Driver Command Executor] DEBUG org.asynchttpclient.netty.request.NettyRequestSender - Using open Channel [id: 0x3ec6bac5, L:/127.0.0.1:62305 - R:localhost/127.0.0.1:11030] for DELETE '/session/ebd78358ff1594d2f04dc77a62e9b358'
04:20:43.046 [AsyncHttpClient-1-3] DEBUG org.asynchttpclient.netty.handler.HttpHandler - Channel Closed: [id: 0x1452cd4d, L:/127.0.0.1:62311 ! R:localhost/127.0.0.1:62306] with attribute DISCARD
04:20:43.047 [AsyncHttpClient-1-4] DEBUG org.asynchttpclient.netty.handler.WebSocketHandler - Unexpected I/O exception on channel [id: 0x72d969e2, L:/127.0.0.1:62312 - R:localhost/127.0.0.1:62306]
java.net.SocketException: Connection reset
	at java.base/sun.nio.ch.SocketChannelImpl.throwConnectionReset(SocketChannelImpl.java:401)
	at java.base/sun.nio.ch.SocketChannelImpl.read(SocketChannelImpl.java:434)
	at io.netty.buffer.PooledByteBuf.setBytes(PooledByteBuf.java:259)
	at io.netty.buffer.AbstractByteBuf.writeBytes(AbstractByteBuf.java:1132)
	at io.netty.channel.socket.nio.NioSocketChannel.doReadBytes(NioSocketChannel.java:357)
	at io.netty.channel.nio.AbstractNioByteChannel$NioByteUnsafe.read(AbstractNioByteChannel.java:151)
	at io.netty.channel.nio.NioEventLoop.processSelectedKey(NioEventLoop.java:788)
	at io.netty.channel.nio.NioEventLoop.processSelectedKeysOptimized(NioEventLoop.java:724)
	at io.netty.channel.nio.NioEventLoop.processSelectedKeys(NioEventLoop.java:650)
	at io.netty.channel.nio.NioEventLoop.run(NioEventLoop.java:562)
	at io.netty.util.concurrent.SingleThreadEventExecutor$4.run(SingleThreadEventExecutor.java:997)
	at io.netty.util.internal.ThreadExecutorMap$2.run(ThreadExecutorMap.java:74)
	at io.netty.util.concurrent.FastThreadLocalRunnable.run(FastThreadLocalRunnable.java:30)
	at java.base/java.lang.Thread.run(Thread.java:1589)
04:20:43.048 [AsyncHttpClient-1-4] DEBUG org.asynchttpclient.netty.handler.WebSocketHandler - Was unable to recover Future: NettyResponseFuture{currentRetry=0,
	isDone=1,
	isCancelled=0,
	asyncHandler=org.asynchttpclient.ws.WebSocketUpgradeHandler@41d76e93,
	nettyRequest=org.asynchttpclient.netty.request.NettyRequest@4c87f696,
	future=java.util.concurrent.CompletableFuture@4fb62992[Completed normally],
	uri=ws://localhost:62306/devtools/browser/bb9f990f-7d27-492c-9f73-eb6ab1f28641,
	keepAlive=true,
	redirectCount=0,
	timeoutsHolder=null,
	inAuth=0,
	touch=1681075243047}
04:20:43.048 [AsyncHttpClient-1-4] DEBUG org.asynchttpclient.netty.channel.ChannelManager - Closing Channel [id: 0x72d969e2, L:/127.0.0.1:62312 - R:localhost/127.0.0.1:62306] 
04:20:43.048 [AsyncHttpClient-1-4] WARN org.asynchttpclient.netty.handler.WebSocketHandler - onError
java.net.SocketException: Connection reset
	at java.base/sun.nio.ch.SocketChannelImpl.throwConnectionReset(SocketChannelImpl.java:401)
	at java.base/sun.nio.ch.SocketChannelImpl.read(SocketChannelImpl.java:434)
	at io.netty.buffer.PooledByteBuf.setBytes(PooledByteBuf.java:259)
	at io.netty.buffer.AbstractByteBuf.writeBytes(AbstractByteBuf.java:1132)
	at io.netty.channel.socket.nio.NioSocketChannel.doReadBytes(NioSocketChannel.java:357)
	at io.netty.channel.nio.AbstractNioByteChannel$NioByteUnsafe.read(AbstractNioByteChannel.java:151)
	at io.netty.channel.nio.NioEventLoop.processSelectedKey(NioEventLoop.java:788)
	at io.netty.channel.nio.NioEventLoop.processSelectedKeysOptimized(NioEventLoop.java:724)
	at io.netty.channel.nio.NioEventLoop.processSelectedKeys(NioEventLoop.java:650)
	at io.netty.channel.nio.NioEventLoop.run(NioEventLoop.java:562)
	at io.netty.util.concurrent.SingleThreadEventExecutor$4.run(SingleThreadEventExecutor.java:997)
	at io.netty.util.internal.ThreadExecutorMap$2.run(ThreadExecutorMap.java:74)
	at io.netty.util.concurrent.FastThreadLocalRunnable.run(FastThreadLocalRunnable.java:30)
	at java.base/java.lang.Thread.run(Thread.java:1589)
04:20:43.051 [AsyncHttpClient-1-4] DEBUG org.asynchttpclient.netty.channel.ChannelManager - Closing Channel [id: 0x72d969e2, L:/127.0.0.1:62312 ! R:localhost/127.0.0.1:62306] 
04:20:43.052 [AsyncHttpClient-1-4] DEBUG org.asynchttpclient.netty.handler.WebSocketHandler - Channel Closed: [id: 0x72d969e2, L:/127.0.0.1:62312 ! R:localhost/127.0.0.1:62306] with attribute DISCARD
04:20:43.079 [AsyncHttpClient-1-2] DEBUG org.asynchttpclient.netty.handler.HttpHandler - 

Request DefaultFullHttpRequest(decodeResult: success, version: HTTP/1.1, content: EmptyByteBufBE)
DELETE /session/ebd78358ff1594d2f04dc77a62e9b358 HTTP/1.1
User-Agent: selenium/4.8.1 (java mac)
Content-Type: application/json; charset=utf-8
host: localhost:11030
accept: */*

Response DefaultHttpResponse(decodeResult: success, version: HTTP/1.1)
HTTP/1.1 200 OK
Content-Length: 14
Content-Type: application/json; charset=utf-8
cache-control: no-cache

04:20:43.080 [AsyncHttpClient-1-2] DEBUG org.asynchttpclient.netty.channel.ChannelManager - Adding key: http://localhost:11030 for channel [id: 0x3ec6bac5, L:/127.0.0.1:62305 - R:localhost/127.0.0.1:11030]
04:20:43.093 [AsyncHttpClient-1-2] DEBUG org.asynchttpclient.netty.handler.HttpHandler - Channel Closed: [id: 0x3ec6bac5, L:/127.0.0.1:62305 ! R:localhost/127.0.0.1:11030] with attribute DISCARD
]]></system-out>
    <system-err><![CDATA[Starting ChromeDriver 111.0.5563.64 (c710e93d5b63b7095afe8c2c17df34408078439d-refs/branch-heads/5563@{#995}) on port 11030
Only local connections are allowed.
Please see https://chromedriver.chromium.org/security-considerations for suggestions on keeping ChromeDriver safe.
ChromeDriver was started successfully.
[1681075235.949][WARNING]: This version of ChromeDriver has not been tested with Chrome version 112.
Apr 10, 2023 4:20:37 AM org.openqa.selenium.devtools.CdpVersionFinder findNearestMatch
WARNING: Unable to find an exact match for CDP version 112, so returning the closest version found: 110
Apr 10, 2023 4:20:43 AM org.openqa.selenium.remote.http.WebSocket$Listener onError
WARNING: Connection reset
java.net.SocketException: Connection reset
	at java.base/sun.nio.ch.SocketChannelImpl.throwConnectionReset(SocketChannelImpl.java:401)
	at java.base/sun.nio.ch.SocketChannelImpl.read(SocketChannelImpl.java:434)
	at io.netty.buffer.PooledByteBuf.setBytes(PooledByteBuf.java:259)
	at io.netty.buffer.AbstractByteBuf.writeBytes(AbstractByteBuf.java:1132)
	at io.netty.channel.socket.nio.NioSocketChannel.doReadBytes(NioSocketChannel.java:357)
	at io.netty.channel.nio.AbstractNioByteChannel$NioByteUnsafe.read(AbstractNioByteChannel.java:151)
	at io.netty.channel.nio.NioEventLoop.processSelectedKey(NioEventLoop.java:788)
	at io.netty.channel.nio.NioEventLoop.processSelectedKeysOptimized(NioEventLoop.java:724)
	at io.netty.channel.nio.NioEventLoop.processSelectedKeys(NioEventLoop.java:650)
	at io.netty.channel.nio.NioEventLoop.run(NioEventLoop.java:562)
	at io.netty.util.concurrent.SingleThreadEventExecutor$4.run(SingleThreadEventExecutor.java:997)
	at io.netty.util.internal.ThreadExecutorMap$2.run(ThreadExecutorMap.java:74)
	at io.netty.util.concurrent.FastThreadLocalRunnable.run(FastThreadLocalRunnable.java:30)
	at java.base/java.lang.Thread.run(Thread.java:1589)

]]></system-err>
  </testcase>
  <testcase name="As a user, i login with not accepted username test_alta" classname="login" time="10.293">
    <system-out><![CDATA[
@Login @test2
Scenario: As a user, i login with not accepted username test_alta                                          &amp#27;[90m# src/test/resources/features/Login.feature:16&amp#27;[0m
04:20:43.146 [main] DEBUG io.cucumber.core.plugin.SerenityReporter - Running feature from file:///Users/masgilang/Downloads/Prioritas1WebTestSerenity/src/test/resources/features/Login.feature
04:20:43.147 [main] INFO  - 
  _____   ___   ___   _____     ___   _____     _     ___   _____   ___   ___  
 |_   _| | __| / __| |_   _|   / __| |_   _|   /_\   | _ \ |_   _| | __| |   \ 
   | |   | _|  \__ \   | |     \__ \   | |    / _ \  |   /   | |   | _|  | |) |
   |_|   |___| |___/   |_|     |___/   |_|   /_/ \_\ |_|_\   |_|   |___| |___/ 

As a user, i login with not accepted username test_alta(login;as-a-user--i-login-with-not-accepted-username-test-alta)
--------------------------------------------------------------------------------
04:20:43.193 [main] INFO net.serenitybdd.core.webdriver.driverproviders.ChromeDriverProvider - Starting Chrome driver instance with capabilities:
04:20:43.193 [main] INFO net.serenitybdd.core.webdriver.driverproviders.ChromeDriverProvider - Capabilities {acceptInsecureCerts: false, browserName: chrome, goog:chromeOptions: {args: [remote-allow-origins=*], extensions: []}}
04:20:43.262 [AsyncHttpClient-1-5] DEBUG org.asynchttpclient.netty.channel.NettyConnectListener - Using new Channel '[id: 0x415e72eb, L:/127.0.0.1:62322 - R:localhost/127.0.0.1:17337]' for 'POST' to '/session'
04:20:43.497 [AsyncHttpClient-1-1] DEBUG org.asynchttpclient.netty.channel.DefaultChannelPool - Entry count for : http://localhost:62306 : 1
04:20:43.497 [AsyncHttpClient-1-1] DEBUG org.asynchttpclient.netty.channel.DefaultChannelPool - Entry count for : http://localhost:11030 : 1
04:20:43.497 [AsyncHttpClient-1-1] DEBUG org.asynchttpclient.netty.channel.DefaultChannelPool - Adding Candidate expired Channel [id: 0x1452cd4d, L:/127.0.0.1:62311 ! R:localhost/127.0.0.1:62306] isIdleTimeoutExpired=false isRemotelyClosed=true isTtlExpired=false
04:20:43.497 [AsyncHttpClient-1-1] DEBUG org.asynchttpclient.netty.channel.DefaultChannelPool - Closing Idle Channel [id: 0x1452cd4d, L:/127.0.0.1:62311 ! R:localhost/127.0.0.1:62306]
04:20:43.497 [AsyncHttpClient-1-1] DEBUG org.asynchttpclient.netty.channel.DefaultChannelPool - Adding Candidate expired Channel [id: 0x3ec6bac5, L:/127.0.0.1:62305 ! R:localhost/127.0.0.1:11030] isIdleTimeoutExpired=false isRemotelyClosed=true isTtlExpired=false
04:20:43.497 [AsyncHttpClient-1-1] DEBUG org.asynchttpclient.netty.channel.DefaultChannelPool - Closing Idle Channel [id: 0x3ec6bac5, L:/127.0.0.1:62305 ! R:localhost/127.0.0.1:11030]
04:20:43.497 [AsyncHttpClient-1-1] DEBUG org.asynchttpclient.netty.channel.DefaultChannelPool - Closed 2 connections out of 2 in 0 ms
04:20:48.243 [AsyncHttpClient-1-5] DEBUG org.asynchttpclient.netty.handler.HttpHandler - 

Request DefaultHttpRequest(decodeResult: success, version: HTTP/1.1)
POST /session HTTP/1.1
User-Agent: selenium/4.8.1 (java mac)
Content-Length: 507
Content-Type: application/json; charset=utf-8
host: localhost:17337
accept: */*

Response DefaultHttpResponse(decodeResult: success, version: HTTP/1.1)
HTTP/1.1 200 OK
Content-Length: 868
Content-Type: application/json; charset=utf-8
cache-control: no-cache

04:20:48.244 [AsyncHttpClient-1-5] DEBUG org.asynchttpclient.netty.channel.ChannelManager - Adding key: http://localhost:17337 for channel [id: 0x415e72eb, L:/127.0.0.1:62322 - R:localhost/127.0.0.1:17337]
04:20:48.258 [AsyncHttpClient-1-6] DEBUG org.asynchttpclient.netty.channel.NettyConnectListener - Using new Channel '[id: 0xc7655341, L:/127.0.0.1:62328 - R:localhost/127.0.0.1:62323]' for 'GET' to '/json/version'
04:20:48.260 [AsyncHttpClient-1-6] DEBUG org.asynchttpclient.netty.handler.HttpHandler - 

Request DefaultFullHttpRequest(decodeResult: success, version: HTTP/1.1, content: EmptyByteBufBE)
GET /json/version HTTP/1.1
User-Agent: selenium/4.8.1 (java mac)
host: localhost:62323
accept: */*

Response DefaultHttpResponse(decodeResult: success, version: HTTP/1.1)
HTTP/1.1 200 OK
Content-Security-Policy: frame-ancestors 'none'
Content-Length: 420
Content-Type: application/json; charset=UTF-8

04:20:48.261 [AsyncHttpClient-1-6] DEBUG org.asynchttpclient.netty.channel.ChannelManager - Adding key: http://localhost:62323 for channel [id: 0xc7655341, L:/127.0.0.1:62328 - R:localhost/127.0.0.1:62323]
04:20:48.264 [AsyncHttpClient-1-7] DEBUG org.asynchttpclient.netty.channel.NettyConnectListener - Using new Channel '[id: 0x50a65f71, L:/127.0.0.1:62329 - R:localhost/127.0.0.1:62323]' for 'GET' to '/devtools/browser/894c8e30-acc1-476b-9f1f-e283c9ad384d'
04:20:48.266 [AsyncHttpClient-1-7] DEBUG org.asynchttpclient.netty.handler.WebSocketHandler - 

Request DefaultFullHttpRequest(decodeResult: success, version: HTTP/1.1, content: EmptyByteBufBE)
GET /devtools/browser/894c8e30-acc1-476b-9f1f-e283c9ad384d HTTP/1.1
upgrade: websocket
connection: upgrade
sec-websocket-key: bJ4utzZZrQ6HRYwnj0HLXA==
sec-websocket-version: 13
origin: http://localhost:62323
host: localhost:62323
accept: */*
user-agent: AHC/2.1

Response DefaultHttpResponse(decodeResult: success, version: HTTP/1.1)
HTTP/1.1 101 WebSocket Protocol Handshake
Upgrade: WebSocket
Connection: Upgrade
Sec-WebSocket-Accept: D8rHiEhlrxnColb8s1H9HjAtcZg=

04:20:48.272 [Forwarding maximizeCurrentWindow on session 3b6b0fd4cb34d5ab056bb671dc945124 to remote] DEBUG org.asynchttpclient.netty.request.NettyRequestSender - Using pooled Channel '[id: 0x415e72eb, L:/127.0.0.1:62322 - R:localhost/127.0.0.1:17337]' for 'POST' to 'http://localhost:17337/session/3b6b0fd4cb34d5ab056bb671dc945124/window/maximize'
04:20:48.272 [Forwarding maximizeCurrentWindow on session 3b6b0fd4cb34d5ab056bb671dc945124 to remote] DEBUG org.asynchttpclient.netty.request.NettyRequestSender - Using open Channel [id: 0x415e72eb, L:/127.0.0.1:62322 - R:localhost/127.0.0.1:17337] for POST '/session/3b6b0fd4cb34d5ab056bb671dc945124/window/maximize'
04:20:48.697 [AsyncHttpClient-1-5] DEBUG org.asynchttpclient.netty.handler.HttpHandler - 

Request DefaultHttpRequest(decodeResult: success, version: HTTP/1.1)
POST /session/3b6b0fd4cb34d5ab056bb671dc945124/window/maximize HTTP/1.1
User-Agent: selenium/4.8.1 (java mac)
Content-Length: 3
Content-Type: application/json; charset=utf-8
host: localhost:17337
accept: */*

Response DefaultHttpResponse(decodeResult: success, version: HTTP/1.1)
HTTP/1.1 200 OK
Content-Length: 50
Content-Type: application/json; charset=utf-8
cache-control: no-cache

04:20:48.698 [AsyncHttpClient-1-5] DEBUG org.asynchttpclient.netty.channel.ChannelManager - Adding key: http://localhost:17337 for channel [id: 0x415e72eb, L:/127.0.0.1:62322 - R:localhost/127.0.0.1:17337]
04:20:48.699 [Forwarding get on session 3b6b0fd4cb34d5ab056bb671dc945124 to remote] DEBUG org.asynchttpclient.netty.request.NettyRequestSender - Using pooled Channel '[id: 0x415e72eb, L:/127.0.0.1:62322 - R:localhost/127.0.0.1:17337]' for 'POST' to 'http://localhost:17337/session/3b6b0fd4cb34d5ab056bb671dc945124/url'
04:20:48.699 [Forwarding get on session 3b6b0fd4cb34d5ab056bb671dc945124 to remote] DEBUG org.asynchttpclient.netty.request.NettyRequestSender - Using open Channel [id: 0x415e72eb, L:/127.0.0.1:62322 - R:localhost/127.0.0.1:17337] for POST '/session/3b6b0fd4cb34d5ab056bb671dc945124/url'
04:20:48.997 [AsyncHttpClient-1-1] DEBUG org.asynchttpclient.netty.channel.DefaultChannelPool - Entry count for : http://localhost:62323 : 1
04:20:50.045 [AsyncHttpClient-1-5] DEBUG org.asynchttpclient.netty.handler.HttpHandler - 

Request DefaultHttpRequest(decodeResult: success, version: HTTP/1.1)
POST /session/3b6b0fd4cb34d5ab056bb671dc945124/url HTTP/1.1
User-Agent: selenium/4.8.1 (java mac)
Content-Length: 56
Content-Type: application/json; charset=utf-8
host: localhost:17337
accept: */*

Response DefaultHttpResponse(decodeResult: success, version: HTTP/1.1)
HTTP/1.1 200 OK
Content-Length: 14
Content-Type: application/json; charset=utf-8
cache-control: no-cache

04:20:50.045 [AsyncHttpClient-1-5] DEBUG org.asynchttpclient.netty.channel.ChannelManager - Adding key: http://localhost:17337 for channel [id: 0x415e72eb, L:/127.0.0.1:62322 - R:localhost/127.0.0.1:17337]
04:20:50.046 [Forwarding setTimeout on session 3b6b0fd4cb34d5ab056bb671dc945124 to remote] DEBUG org.asynchttpclient.netty.request.NettyRequestSender - Using pooled Channel '[id: 0x415e72eb, L:/127.0.0.1:62322 - R:localhost/127.0.0.1:17337]' for 'POST' to 'http://localhost:17337/session/3b6b0fd4cb34d5ab056bb671dc945124/timeouts'
04:20:50.046 [Forwarding setTimeout on session 3b6b0fd4cb34d5ab056bb671dc945124 to remote] DEBUG org.asynchttpclient.netty.request.NettyRequestSender - Using open Channel [id: 0x415e72eb, L:/127.0.0.1:62322 - R:localhost/127.0.0.1:17337] for POST '/session/3b6b0fd4cb34d5ab056bb671dc945124/timeouts'
04:20:50.047 [AsyncHttpClient-1-5] DEBUG org.asynchttpclient.netty.handler.HttpHandler - 

Request DefaultHttpRequest(decodeResult: success, version: HTTP/1.1)
POST /session/3b6b0fd4cb34d5ab056bb671dc945124/timeouts HTTP/1.1
User-Agent: selenium/4.8.1 (java mac)
Content-Length: 22
Content-Type: application/json; charset=utf-8
host: localhost:17337
accept: */*

Response DefaultHttpResponse(decodeResult: success, version: HTTP/1.1)
HTTP/1.1 200 OK
Content-Length: 14
Content-Type: application/json; charset=utf-8
cache-control: no-cache

04:20:50.048 [AsyncHttpClient-1-5] DEBUG org.asynchttpclient.netty.channel.ChannelManager - Adding key: http://localhost:17337 for channel [id: 0x415e72eb, L:/127.0.0.1:62322 - R:localhost/127.0.0.1:17337]
04:20:50.055 [Forwarding getAlertText on session 3b6b0fd4cb34d5ab056bb671dc945124 to remote] DEBUG org.asynchttpclient.netty.request.NettyRequestSender - Using pooled Channel '[id: 0x415e72eb, L:/127.0.0.1:62322 - R:localhost/127.0.0.1:17337]' for 'GET' to 'http://localhost:17337/session/3b6b0fd4cb34d5ab056bb671dc945124/alert/text'
04:20:50.055 [Forwarding getAlertText on session 3b6b0fd4cb34d5ab056bb671dc945124 to remote] DEBUG org.asynchttpclient.netty.request.NettyRequestSender - Using open Channel [id: 0x415e72eb, L:/127.0.0.1:62322 - R:localhost/127.0.0.1:17337] for GET '/session/3b6b0fd4cb34d5ab056bb671dc945124/alert/text'
04:20:50.060 [AsyncHttpClient-1-5] DEBUG org.asynchttpclient.netty.handler.HttpHandler - 

Request DefaultFullHttpRequest(decodeResult: success, version: HTTP/1.1, content: EmptyByteBufBE)
GET /session/3b6b0fd4cb34d5ab056bb671dc945124/alert/text HTTP/1.1
User-Agent: selenium/4.8.1 (java mac)
Cache-Control: no-cache
Content-Type: application/json; charset=utf-8
host: localhost:17337
accept: */*

Response DefaultHttpResponse(decodeResult: success, version: HTTP/1.1)
HTTP/1.1 404 Not Found
Content-Length: 1762
Content-Type: application/json; charset=utf-8
cache-control: no-cache

04:20:50.060 [AsyncHttpClient-1-5] DEBUG org.asynchttpclient.netty.channel.ChannelManager - Adding key: http://localhost:17337 for channel [id: 0x415e72eb, L:/127.0.0.1:62322 - R:localhost/127.0.0.1:17337]
04:20:50.061 [Forwarding getCurrentUrl on session 3b6b0fd4cb34d5ab056bb671dc945124 to remote] DEBUG org.asynchttpclient.netty.request.NettyRequestSender - Using pooled Channel '[id: 0x415e72eb, L:/127.0.0.1:62322 - R:localhost/127.0.0.1:17337]' for 'GET' to 'http://localhost:17337/session/3b6b0fd4cb34d5ab056bb671dc945124/url'
04:20:50.061 [Forwarding getCurrentUrl on session 3b6b0fd4cb34d5ab056bb671dc945124 to remote] DEBUG org.asynchttpclient.netty.request.NettyRequestSender - Using open Channel [id: 0x415e72eb, L:/127.0.0.1:62322 - R:localhost/127.0.0.1:17337] for GET '/session/3b6b0fd4cb34d5ab056bb671dc945124/url'
04:20:50.085 [AsyncHttpClient-1-5] DEBUG org.asynchttpclient.netty.handler.HttpHandler - 

Request DefaultFullHttpRequest(decodeResult: success, version: HTTP/1.1, content: EmptyByteBufBE)
GET /session/3b6b0fd4cb34d5ab056bb671dc945124/url HTTP/1.1
User-Agent: selenium/4.8.1 (java mac)
Cache-Control: no-cache
Content-Type: application/json; charset=utf-8
host: localhost:17337
accept: */*

Response DefaultHttpResponse(decodeResult: success, version: HTTP/1.1)
HTTP/1.1 200 OK
Content-Length: 38
Content-Type: application/json; charset=utf-8
cache-control: no-cache

04:20:50.086 [AsyncHttpClient-1-5] DEBUG org.asynchttpclient.netty.channel.ChannelManager - Adding key: http://localhost:17337 for channel [id: 0x415e72eb, L:/127.0.0.1:62322 - R:localhost/127.0.0.1:17337]
04:20:50.086 [Forwarding screenshot on session 3b6b0fd4cb34d5ab056bb671dc945124 to remote] DEBUG org.asynchttpclient.netty.request.NettyRequestSender - Using pooled Channel '[id: 0x415e72eb, L:/127.0.0.1:62322 - R:localhost/127.0.0.1:17337]' for 'GET' to 'http://localhost:17337/session/3b6b0fd4cb34d5ab056bb671dc945124/screenshot'
04:20:50.086 [Forwarding screenshot on session 3b6b0fd4cb34d5ab056bb671dc945124 to remote] DEBUG org.asynchttpclient.netty.request.NettyRequestSender - Using open Channel [id: 0x415e72eb, L:/127.0.0.1:62322 - R:localhost/127.0.0.1:17337] for GET '/session/3b6b0fd4cb34d5ab056bb671dc945124/screenshot'
04:20:50.097 [AsyncHttpClient-1-1] DEBUG org.asynchttpclient.netty.channel.DefaultChannelPool - Entry count for : http://localhost:62323 : 1
04:20:50.327 [AsyncHttpClient-1-5] DEBUG org.asynchttpclient.netty.handler.HttpHandler - 

Request DefaultFullHttpRequest(decodeResult: success, version: HTTP/1.1, content: EmptyByteBufBE)
GET /session/3b6b0fd4cb34d5ab056bb671dc945124/screenshot HTTP/1.1
User-Agent: selenium/4.8.1 (java mac)
Cache-Control: no-cache
Content-Type: application/json; charset=utf-8
host: localhost:17337
accept: */*

Response DefaultHttpResponse(decodeResult: success, version: HTTP/1.1)
HTTP/1.1 200 OK
Content-Length: 100096
Content-Type: application/json; charset=utf-8
cache-control: no-cache

04:20:50.327 [AsyncHttpClient-1-5] DEBUG org.asynchttpclient.netty.channel.ChannelManager - Adding key: http://localhost:17337 for channel [id: 0x415e72eb, L:/127.0.0.1:62322 - R:localhost/127.0.0.1:17337]
04:20:50.331 [main] DEBUG net.serenitybdd.core.photography.Darkroom - Send negative for processing for target/site/serenity/377ffb6d1550d3632e8c516234cfcf50b136ee3152a3183094b22917dd9b473e.png
04:20:50.332 [Forwarding getPageSource on session 3b6b0fd4cb34d5ab056bb671dc945124 to remote] DEBUG org.asynchttpclient.netty.request.NettyRequestSender - Using pooled Channel '[id: 0x415e72eb, L:/127.0.0.1:62322 - R:localhost/127.0.0.1:17337]' for 'POST' to 'http://localhost:17337/session/3b6b0fd4cb34d5ab056bb671dc945124/execute/sync'
04:20:50.332 [Forwarding getPageSource on session 3b6b0fd4cb34d5ab056bb671dc945124 to remote] DEBUG org.asynchttpclient.netty.request.NettyRequestSender - Using open Channel [id: 0x415e72eb, L:/127.0.0.1:62322 - R:localhost/127.0.0.1:17337] for POST '/session/3b6b0fd4cb34d5ab056bb671dc945124/execute/sync'
04:20:50.345 [AsyncHttpClient-1-5] DEBUG org.asynchttpclient.netty.handler.HttpHandler - 

Request DefaultHttpRequest(decodeResult: success, version: HTTP/1.1)
POST /session/3b6b0fd4cb34d5ab056bb671dc945124/execute/sync HTTP/1.1
User-Agent: selenium/4.8.1 (java mac)
Content-Length: 176
Content-Type: application/json; charset=utf-8
host: localhost:17337
accept: */*

Response DefaultHttpResponse(decodeResult: success, version: HTTP/1.1)
HTTP/1.1 200 OK
Content-Length: 4286
Content-Type: application/json; charset=utf-8
cache-control: no-cache

04:20:50.345 [AsyncHttpClient-1-5] DEBUG org.asynchttpclient.netty.channel.ChannelManager - Adding key: http://localhost:17337 for channel [id: 0x415e72eb, L:/127.0.0.1:62322 - R:localhost/127.0.0.1:17337]
04:20:50.346 [Forwarding getCurrentUrl on session 3b6b0fd4cb34d5ab056bb671dc945124 to remote] DEBUG org.asynchttpclient.netty.request.NettyRequestSender - Using pooled Channel '[id: 0x415e72eb, L:/127.0.0.1:62322 - R:localhost/127.0.0.1:17337]' for 'GET' to 'http://localhost:17337/session/3b6b0fd4cb34d5ab056bb671dc945124/url'
04:20:50.346 [Forwarding getCurrentUrl on session 3b6b0fd4cb34d5ab056bb671dc945124 to remote] DEBUG org.asynchttpclient.netty.request.NettyRequestSender - Using open Channel [id: 0x415e72eb, L:/127.0.0.1:62322 - R:localhost/127.0.0.1:17337] for GET '/session/3b6b0fd4cb34d5ab056bb671dc945124/url'
04:20:50.388 [AsyncHttpClient-1-5] DEBUG org.asynchttpclient.netty.handler.HttpHandler - 

Request DefaultFullHttpRequest(decodeResult: success, version: HTTP/1.1, content: EmptyByteBufBE)
GET /session/3b6b0fd4cb34d5ab056bb671dc945124/url HTTP/1.1
User-Agent: selenium/4.8.1 (java mac)
Cache-Control: no-cache
Content-Type: application/json; charset=utf-8
host: localhost:17337
accept: */*

Response DefaultHttpResponse(decodeResult: success, version: HTTP/1.1)
HTTP/1.1 200 OK
Content-Length: 38
Content-Type: application/json; charset=utf-8
cache-control: no-cache

04:20:50.388 [AsyncHttpClient-1-5] DEBUG org.asynchttpclient.netty.channel.ChannelManager - Adding key: http://localhost:17337 for channel [id: 0x415e72eb, L:/127.0.0.1:62322 - R:localhost/127.0.0.1:17337]
04:20:50.389 [main] DEBUG net.thucydides.core.steps.StepInterceptor - STARTING STEP: LoginSteps.iAmOnTheLoginPage - validateOnTheLoginPage
04:20:50.390 [Forwarding findElement on session 3b6b0fd4cb34d5ab056bb671dc945124 to remote] DEBUG org.asynchttpclient.netty.request.NettyRequestSender - Using pooled Channel '[id: 0x415e72eb, L:/127.0.0.1:62322 - R:localhost/127.0.0.1:17337]' for 'POST' to 'http://localhost:17337/session/3b6b0fd4cb34d5ab056bb671dc945124/element'
04:20:50.391 [Forwarding findElement on session 3b6b0fd4cb34d5ab056bb671dc945124 to remote] DEBUG org.asynchttpclient.netty.request.NettyRequestSender - Using open Channel [id: 0x415e72eb, L:/127.0.0.1:62322 - R:localhost/127.0.0.1:17337] for POST '/session/3b6b0fd4cb34d5ab056bb671dc945124/element'
04:20:50.424 [AsyncHttpClient-1-5] DEBUG org.asynchttpclient.netty.handler.HttpHandler - 

Request DefaultHttpRequest(decodeResult: success, version: HTTP/1.1)
POST /session/3b6b0fd4cb34d5ab056bb671dc945124/element HTTP/1.1
User-Agent: selenium/4.8.1 (java mac)
Content-Length: 59
Content-Type: application/json; charset=utf-8
host: localhost:17337
accept: */*

Response DefaultHttpResponse(decodeResult: success, version: HTTP/1.1)
HTTP/1.1 200 OK
Content-Length: 88
Content-Type: application/json; charset=utf-8
cache-control: no-cache

04:20:50.425 [AsyncHttpClient-1-5] DEBUG org.asynchttpclient.netty.channel.ChannelManager - Adding key: http://localhost:17337 for channel [id: 0x415e72eb, L:/127.0.0.1:62322 - R:localhost/127.0.0.1:17337]
04:20:50.427 [Forwarding isElementDisplayed on session 3b6b0fd4cb34d5ab056bb671dc945124 to remote] DEBUG org.asynchttpclient.netty.request.NettyRequestSender - Using pooled Channel '[id: 0x415e72eb, L:/127.0.0.1:62322 - R:localhost/127.0.0.1:17337]' for 'POST' to 'http://localhost:17337/session/3b6b0fd4cb34d5ab056bb671dc945124/execute/sync'
04:20:50.427 [Forwarding isElementDisplayed on session 3b6b0fd4cb34d5ab056bb671dc945124 to remote] DEBUG org.asynchttpclient.netty.request.NettyRequestSender - Using open Channel [id: 0x415e72eb, L:/127.0.0.1:62322 - R:localhost/127.0.0.1:17337] for POST '/session/3b6b0fd4cb34d5ab056bb671dc945124/execute/sync'
04:20:50.469 [AsyncHttpClient-1-5] DEBUG org.asynchttpclient.netty.handler.HttpHandler - 

Request DefaultHttpRequest(decodeResult: success, version: HTTP/1.1)
POST /session/3b6b0fd4cb34d5ab056bb671dc945124/execute/sync HTTP/1.1
User-Agent: selenium/4.8.1 (java mac)
Content-Length: 48807
Content-Type: application/json; charset=utf-8
host: localhost:17337
accept: */*

Response DefaultHttpResponse(decodeResult: success, version: HTTP/1.1)
HTTP/1.1 200 OK
Content-Length: 14
Content-Type: application/json; charset=utf-8
cache-control: no-cache

04:20:50.469 [AsyncHttpClient-1-5] DEBUG org.asynchttpclient.netty.channel.ChannelManager - Adding key: http://localhost:17337 for channel [id: 0x415e72eb, L:/127.0.0.1:62322 - R:localhost/127.0.0.1:17337]
04:20:50.472 [Forwarding getAlertText on session 3b6b0fd4cb34d5ab056bb671dc945124 to remote] DEBUG org.asynchttpclient.netty.request.NettyRequestSender - Using pooled Channel '[id: 0x415e72eb, L:/127.0.0.1:62322 - R:localhost/127.0.0.1:17337]' for 'GET' to 'http://localhost:17337/session/3b6b0fd4cb34d5ab056bb671dc945124/alert/text'
04:20:50.472 [Forwarding getAlertText on session 3b6b0fd4cb34d5ab056bb671dc945124 to remote] DEBUG org.asynchttpclient.netty.request.NettyRequestSender - Using open Channel [id: 0x415e72eb, L:/127.0.0.1:62322 - R:localhost/127.0.0.1:17337] for GET '/session/3b6b0fd4cb34d5ab056bb671dc945124/alert/text'
04:20:50.481 [AsyncHttpClient-1-5] DEBUG org.asynchttpclient.netty.handler.HttpHandler - 

Request DefaultFullHttpRequest(decodeResult: success, version: HTTP/1.1, content: EmptyByteBufBE)
GET /session/3b6b0fd4cb34d5ab056bb671dc945124/alert/text HTTP/1.1
User-Agent: selenium/4.8.1 (java mac)
Cache-Control: no-cache
Content-Type: application/json; charset=utf-8
host: localhost:17337
accept: */*

Response DefaultHttpResponse(decodeResult: success, version: HTTP/1.1)
HTTP/1.1 404 Not Found
Content-Length: 1762
Content-Type: application/json; charset=utf-8
cache-control: no-cache

04:20:50.481 [AsyncHttpClient-1-5] DEBUG org.asynchttpclient.netty.channel.ChannelManager - Adding key: http://localhost:17337 for channel [id: 0x415e72eb, L:/127.0.0.1:62322 - R:localhost/127.0.0.1:17337]
04:20:50.482 [Forwarding getCurrentUrl on session 3b6b0fd4cb34d5ab056bb671dc945124 to remote] DEBUG org.asynchttpclient.netty.request.NettyRequestSender - Using pooled Channel '[id: 0x415e72eb, L:/127.0.0.1:62322 - R:localhost/127.0.0.1:17337]' for 'GET' to 'http://localhost:17337/session/3b6b0fd4cb34d5ab056bb671dc945124/url'
04:20:50.482 [Forwarding getCurrentUrl on session 3b6b0fd4cb34d5ab056bb671dc945124 to remote] DEBUG org.asynchttpclient.netty.request.NettyRequestSender - Using open Channel [id: 0x415e72eb, L:/127.0.0.1:62322 - R:localhost/127.0.0.1:17337] for GET '/session/3b6b0fd4cb34d5ab056bb671dc945124/url'
04:20:50.494 [AsyncHttpClient-1-5] DEBUG org.asynchttpclient.netty.handler.HttpHandler - 

Request DefaultFullHttpRequest(decodeResult: success, version: HTTP/1.1, content: EmptyByteBufBE)
GET /session/3b6b0fd4cb34d5ab056bb671dc945124/url HTTP/1.1
User-Agent: selenium/4.8.1 (java mac)
Cache-Control: no-cache
Content-Type: application/json; charset=utf-8
host: localhost:17337
accept: */*

Response DefaultHttpResponse(decodeResult: success, version: HTTP/1.1)
HTTP/1.1 200 OK
Content-Length: 38
Content-Type: application/json; charset=utf-8
cache-control: no-cache

04:20:50.494 [AsyncHttpClient-1-5] DEBUG org.asynchttpclient.netty.channel.ChannelManager - Adding key: http://localhost:17337 for channel [id: 0x415e72eb, L:/127.0.0.1:62322 - R:localhost/127.0.0.1:17337]
04:20:50.495 [Forwarding screenshot on session 3b6b0fd4cb34d5ab056bb671dc945124 to remote] DEBUG org.asynchttpclient.netty.request.NettyRequestSender - Using pooled Channel '[id: 0x415e72eb, L:/127.0.0.1:62322 - R:localhost/127.0.0.1:17337]' for 'GET' to 'http://localhost:17337/session/3b6b0fd4cb34d5ab056bb671dc945124/screenshot'
04:20:50.495 [Forwarding screenshot on session 3b6b0fd4cb34d5ab056bb671dc945124 to remote] DEBUG org.asynchttpclient.netty.request.NettyRequestSender - Using open Channel [id: 0x415e72eb, L:/127.0.0.1:62322 - R:localhost/127.0.0.1:17337] for GET '/session/3b6b0fd4cb34d5ab056bb671dc945124/screenshot'
04:20:50.697 [AsyncHttpClient-1-5] DEBUG org.asynchttpclient.netty.handler.HttpHandler - 

Request DefaultFullHttpRequest(decodeResult: success, version: HTTP/1.1, content: EmptyByteBufBE)
GET /session/3b6b0fd4cb34d5ab056bb671dc945124/screenshot HTTP/1.1
User-Agent: selenium/4.8.1 (java mac)
Cache-Control: no-cache
Content-Type: application/json; charset=utf-8
host: localhost:17337
accept: */*

Response DefaultHttpResponse(decodeResult: success, version: HTTP/1.1)
HTTP/1.1 200 OK
Content-Length: 100096
Content-Type: application/json; charset=utf-8
cache-control: no-cache

04:20:50.697 [AsyncHttpClient-1-5] DEBUG org.asynchttpclient.netty.channel.ChannelManager - Adding key: http://localhost:17337 for channel [id: 0x415e72eb, L:/127.0.0.1:62322 - R:localhost/127.0.0.1:17337]
04:20:50.700 [main] DEBUG net.serenitybdd.core.photography.Darkroom - Send negative for processing for target/site/serenity/377ffb6d1550d3632e8c516234cfcf50b136ee3152a3183094b22917dd9b473e.png
04:20:50.700 [main] DEBUG net.thucydides.core.steps.StepInterceptor - STEP DONE: validateOnTheLoginPage
  &amp#27;[32mGiven &amp#27;[0m&amp#27;[32mI am on the login page&amp#27;[0m                                                                             &amp#27;[90m# starter.stepdef.LoginSteps.iAmOnTheLoginPage()&amp#27;[0m
04:20:50.705 [Forwarding getPageSource on session 3b6b0fd4cb34d5ab056bb671dc945124 to remote] DEBUG org.asynchttpclient.netty.request.NettyRequestSender - Using pooled Channel '[id: 0x415e72eb, L:/127.0.0.1:62322 - R:localhost/127.0.0.1:17337]' for 'POST' to 'http://localhost:17337/session/3b6b0fd4cb34d5ab056bb671dc945124/execute/sync'
04:20:50.705 [Forwarding getPageSource on session 3b6b0fd4cb34d5ab056bb671dc945124 to remote] DEBUG org.asynchttpclient.netty.request.NettyRequestSender - Using open Channel [id: 0x415e72eb, L:/127.0.0.1:62322 - R:localhost/127.0.0.1:17337] for POST '/session/3b6b0fd4cb34d5ab056bb671dc945124/execute/sync'
04:20:50.708 [AsyncHttpClient-1-5] DEBUG org.asynchttpclient.netty.handler.HttpHandler - 

Request DefaultHttpRequest(decodeResult: success, version: HTTP/1.1)
POST /session/3b6b0fd4cb34d5ab056bb671dc945124/execute/sync HTTP/1.1
User-Agent: selenium/4.8.1 (java mac)
Content-Length: 176
Content-Type: application/json; charset=utf-8
host: localhost:17337
accept: */*

Response DefaultHttpResponse(decodeResult: success, version: HTTP/1.1)
HTTP/1.1 200 OK
Content-Length: 4286
Content-Type: application/json; charset=utf-8
cache-control: no-cache

04:20:50.708 [AsyncHttpClient-1-5] DEBUG org.asynchttpclient.netty.channel.ChannelManager - Adding key: http://localhost:17337 for channel [id: 0x415e72eb, L:/127.0.0.1:62322 - R:localhost/127.0.0.1:17337]
04:20:50.710 [Forwarding getCurrentUrl on session 3b6b0fd4cb34d5ab056bb671dc945124 to remote] DEBUG org.asynchttpclient.netty.request.NettyRequestSender - Using pooled Channel '[id: 0x415e72eb, L:/127.0.0.1:62322 - R:localhost/127.0.0.1:17337]' for 'GET' to 'http://localhost:17337/session/3b6b0fd4cb34d5ab056bb671dc945124/url'
04:20:50.710 [Forwarding getCurrentUrl on session 3b6b0fd4cb34d5ab056bb671dc945124 to remote] DEBUG org.asynchttpclient.netty.request.NettyRequestSender - Using open Channel [id: 0x415e72eb, L:/127.0.0.1:62322 - R:localhost/127.0.0.1:17337] for GET '/session/3b6b0fd4cb34d5ab056bb671dc945124/url'
04:20:50.713 [AsyncHttpClient-1-5] DEBUG org.asynchttpclient.netty.handler.HttpHandler - 

Request DefaultFullHttpRequest(decodeResult: success, version: HTTP/1.1, content: EmptyByteBufBE)
GET /session/3b6b0fd4cb34d5ab056bb671dc945124/url HTTP/1.1
User-Agent: selenium/4.8.1 (java mac)
Cache-Control: no-cache
Content-Type: application/json; charset=utf-8
host: localhost:17337
accept: */*

Response DefaultHttpResponse(decodeResult: success, version: HTTP/1.1)
HTTP/1.1 200 OK
Content-Length: 38
Content-Type: application/json; charset=utf-8
cache-control: no-cache

04:20:50.713 [AsyncHttpClient-1-5] DEBUG org.asynchttpclient.netty.channel.ChannelManager - Adding key: http://localhost:17337 for channel [id: 0x415e72eb, L:/127.0.0.1:62322 - R:localhost/127.0.0.1:17337]
04:20:50.719 [Forwarding getPageSource on session 3b6b0fd4cb34d5ab056bb671dc945124 to remote] DEBUG org.asynchttpclient.netty.request.NettyRequestSender - Using pooled Channel '[id: 0x415e72eb, L:/127.0.0.1:62322 - R:localhost/127.0.0.1:17337]' for 'POST' to 'http://localhost:17337/session/3b6b0fd4cb34d5ab056bb671dc945124/execute/sync'
04:20:50.719 [Forwarding getPageSource on session 3b6b0fd4cb34d5ab056bb671dc945124 to remote] DEBUG org.asynchttpclient.netty.request.NettyRequestSender - Using open Channel [id: 0x415e72eb, L:/127.0.0.1:62322 - R:localhost/127.0.0.1:17337] for POST '/session/3b6b0fd4cb34d5ab056bb671dc945124/execute/sync'
04:20:50.723 [AsyncHttpClient-1-5] DEBUG org.asynchttpclient.netty.handler.HttpHandler - 

Request DefaultHttpRequest(decodeResult: success, version: HTTP/1.1)
POST /session/3b6b0fd4cb34d5ab056bb671dc945124/execute/sync HTTP/1.1
User-Agent: selenium/4.8.1 (java mac)
Content-Length: 176
Content-Type: application/json; charset=utf-8
host: localhost:17337
accept: */*

Response DefaultHttpResponse(decodeResult: success, version: HTTP/1.1)
HTTP/1.1 200 OK
Content-Length: 4286
Content-Type: application/json; charset=utf-8
cache-control: no-cache

04:20:50.723 [AsyncHttpClient-1-5] DEBUG org.asynchttpclient.netty.channel.ChannelManager - Adding key: http://localhost:17337 for channel [id: 0x415e72eb, L:/127.0.0.1:62322 - R:localhost/127.0.0.1:17337]
04:20:50.725 [Forwarding getCurrentUrl on session 3b6b0fd4cb34d5ab056bb671dc945124 to remote] DEBUG org.asynchttpclient.netty.request.NettyRequestSender - Using pooled Channel '[id: 0x415e72eb, L:/127.0.0.1:62322 - R:localhost/127.0.0.1:17337]' for 'GET' to 'http://localhost:17337/session/3b6b0fd4cb34d5ab056bb671dc945124/url'
04:20:50.726 [Forwarding getCurrentUrl on session 3b6b0fd4cb34d5ab056bb671dc945124 to remote] DEBUG org.asynchttpclient.netty.request.NettyRequestSender - Using open Channel [id: 0x415e72eb, L:/127.0.0.1:62322 - R:localhost/127.0.0.1:17337] for GET '/session/3b6b0fd4cb34d5ab056bb671dc945124/url'
04:20:50.729 [AsyncHttpClient-1-5] DEBUG org.asynchttpclient.netty.handler.HttpHandler - 

Request DefaultFullHttpRequest(decodeResult: success, version: HTTP/1.1, content: EmptyByteBufBE)
GET /session/3b6b0fd4cb34d5ab056bb671dc945124/url HTTP/1.1
User-Agent: selenium/4.8.1 (java mac)
Cache-Control: no-cache
Content-Type: application/json; charset=utf-8
host: localhost:17337
accept: */*

Response DefaultHttpResponse(decodeResult: success, version: HTTP/1.1)
HTTP/1.1 200 OK
Content-Length: 38
Content-Type: application/json; charset=utf-8
cache-control: no-cache

04:20:50.730 [AsyncHttpClient-1-5] DEBUG org.asynchttpclient.netty.channel.ChannelManager - Adding key: http://localhost:17337 for channel [id: 0x415e72eb, L:/127.0.0.1:62322 - R:localhost/127.0.0.1:17337]
04:20:50.732 [main] DEBUG net.thucydides.core.steps.StepInterceptor - STARTING STEP: LoginSteps.iEnterInvalidUsername - inputUsername
04:20:50.734 [Forwarding findElement on session 3b6b0fd4cb34d5ab056bb671dc945124 to remote] DEBUG org.asynchttpclient.netty.request.NettyRequestSender - Using pooled Channel '[id: 0x415e72eb, L:/127.0.0.1:62322 - R:localhost/127.0.0.1:17337]' for 'POST' to 'http://localhost:17337/session/3b6b0fd4cb34d5ab056bb671dc945124/element'
04:20:50.735 [Forwarding findElement on session 3b6b0fd4cb34d5ab056bb671dc945124 to remote] DEBUG org.asynchttpclient.netty.request.NettyRequestSender - Using open Channel [id: 0x415e72eb, L:/127.0.0.1:62322 - R:localhost/127.0.0.1:17337] for POST '/session/3b6b0fd4cb34d5ab056bb671dc945124/element'
04:20:50.849 [AsyncHttpClient-1-5] DEBUG org.asynchttpclient.netty.handler.HttpHandler - 

Request DefaultHttpRequest(decodeResult: success, version: HTTP/1.1)
POST /session/3b6b0fd4cb34d5ab056bb671dc945124/element HTTP/1.1
User-Agent: selenium/4.8.1 (java mac)
Content-Length: 56
Content-Type: application/json; charset=utf-8
host: localhost:17337
accept: */*

Response DefaultHttpResponse(decodeResult: success, version: HTTP/1.1)
HTTP/1.1 200 OK
Content-Length: 88
Content-Type: application/json; charset=utf-8
cache-control: no-cache

04:20:50.850 [AsyncHttpClient-1-5] DEBUG org.asynchttpclient.netty.channel.ChannelManager - Adding key: http://localhost:17337 for channel [id: 0x415e72eb, L:/127.0.0.1:62322 - R:localhost/127.0.0.1:17337]
04:20:50.850 [Forwarding clearElement on session 3b6b0fd4cb34d5ab056bb671dc945124 to remote] DEBUG org.asynchttpclient.netty.request.NettyRequestSender - Using pooled Channel '[id: 0x415e72eb, L:/127.0.0.1:62322 - R:localhost/127.0.0.1:17337]' for 'POST' to 'http://localhost:17337/session/3b6b0fd4cb34d5ab056bb671dc945124/element/adc59f20-5f53-458e-80fc-2ac49442c151/clear'
04:20:50.850 [Forwarding clearElement on session 3b6b0fd4cb34d5ab056bb671dc945124 to remote] DEBUG org.asynchttpclient.netty.request.NettyRequestSender - Using open Channel [id: 0x415e72eb, L:/127.0.0.1:62322 - R:localhost/127.0.0.1:17337] for POST '/session/3b6b0fd4cb34d5ab056bb671dc945124/element/adc59f20-5f53-458e-80fc-2ac49442c151/clear'
04:20:50.876 [AsyncHttpClient-1-5] DEBUG org.asynchttpclient.netty.handler.HttpHandler - 

Request DefaultHttpRequest(decodeResult: success, version: HTTP/1.1)
POST /session/3b6b0fd4cb34d5ab056bb671dc945124/element/adc59f20-5f53-458e-80fc-2ac49442c151/clear HTTP/1.1
User-Agent: selenium/4.8.1 (java mac)
Content-Length: 50
Content-Type: application/json; charset=utf-8
host: localhost:17337
accept: */*

Response DefaultHttpResponse(decodeResult: success, version: HTTP/1.1)
HTTP/1.1 200 OK
Content-Length: 14
Content-Type: application/json; charset=utf-8
cache-control: no-cache

04:20:50.876 [AsyncHttpClient-1-5] DEBUG org.asynchttpclient.netty.channel.ChannelManager - Adding key: http://localhost:17337 for channel [id: 0x415e72eb, L:/127.0.0.1:62322 - R:localhost/127.0.0.1:17337]
04:20:50.877 [Forwarding sendKeysToElement on session 3b6b0fd4cb34d5ab056bb671dc945124 to remote] DEBUG org.asynchttpclient.netty.request.NettyRequestSender - Using pooled Channel '[id: 0x415e72eb, L:/127.0.0.1:62322 - R:localhost/127.0.0.1:17337]' for 'POST' to 'http://localhost:17337/session/3b6b0fd4cb34d5ab056bb671dc945124/element/adc59f20-5f53-458e-80fc-2ac49442c151/value'
04:20:50.877 [Forwarding sendKeysToElement on session 3b6b0fd4cb34d5ab056bb671dc945124 to remote] DEBUG org.asynchttpclient.netty.request.NettyRequestSender - Using open Channel [id: 0x415e72eb, L:/127.0.0.1:62322 - R:localhost/127.0.0.1:17337] for POST '/session/3b6b0fd4cb34d5ab056bb671dc945124/element/adc59f20-5f53-458e-80fc-2ac49442c151/value'
04:20:51.196 [AsyncHttpClient-1-1] DEBUG org.asynchttpclient.netty.channel.DefaultChannelPool - Entry count for : http://localhost:62323 : 1
04:20:51.196 [AsyncHttpClient-1-5] DEBUG org.asynchttpclient.netty.handler.HttpHandler - 

Request DefaultHttpRequest(decodeResult: success, version: HTTP/1.1)
POST /session/3b6b0fd4cb34d5ab056bb671dc945124/element/adc59f20-5f53-458e-80fc-2ac49442c151/value HTTP/1.1
User-Agent: selenium/4.8.1 (java mac)
Content-Length: 171
Content-Type: application/json; charset=utf-8
host: localhost:17337
accept: */*

Response DefaultHttpResponse(decodeResult: success, version: HTTP/1.1)
HTTP/1.1 200 OK
Content-Length: 14
Content-Type: application/json; charset=utf-8
cache-control: no-cache

04:20:51.196 [AsyncHttpClient-1-5] DEBUG org.asynchttpclient.netty.channel.ChannelManager - Adding key: http://localhost:17337 for channel [id: 0x415e72eb, L:/127.0.0.1:62322 - R:localhost/127.0.0.1:17337]
04:20:51.199 [Forwarding getAlertText on session 3b6b0fd4cb34d5ab056bb671dc945124 to remote] DEBUG org.asynchttpclient.netty.request.NettyRequestSender - Using pooled Channel '[id: 0x415e72eb, L:/127.0.0.1:62322 - R:localhost/127.0.0.1:17337]' for 'GET' to 'http://localhost:17337/session/3b6b0fd4cb34d5ab056bb671dc945124/alert/text'
04:20:51.199 [Forwarding getAlertText on session 3b6b0fd4cb34d5ab056bb671dc945124 to remote] DEBUG org.asynchttpclient.netty.request.NettyRequestSender - Using open Channel [id: 0x415e72eb, L:/127.0.0.1:62322 - R:localhost/127.0.0.1:17337] for GET '/session/3b6b0fd4cb34d5ab056bb671dc945124/alert/text'
04:20:51.212 [AsyncHttpClient-1-5] DEBUG org.asynchttpclient.netty.handler.HttpHandler - 

Request DefaultFullHttpRequest(decodeResult: success, version: HTTP/1.1, content: EmptyByteBufBE)
GET /session/3b6b0fd4cb34d5ab056bb671dc945124/alert/text HTTP/1.1
User-Agent: selenium/4.8.1 (java mac)
Cache-Control: no-cache
Content-Type: application/json; charset=utf-8
host: localhost:17337
accept: */*

Response DefaultHttpResponse(decodeResult: success, version: HTTP/1.1)
HTTP/1.1 404 Not Found
Content-Length: 1762
Content-Type: application/json; charset=utf-8
cache-control: no-cache

04:20:51.212 [AsyncHttpClient-1-5] DEBUG org.asynchttpclient.netty.channel.ChannelManager - Adding key: http://localhost:17337 for channel [id: 0x415e72eb, L:/127.0.0.1:62322 - R:localhost/127.0.0.1:17337]
04:20:51.213 [Forwarding getCurrentUrl on session 3b6b0fd4cb34d5ab056bb671dc945124 to remote] DEBUG org.asynchttpclient.netty.request.NettyRequestSender - Using pooled Channel '[id: 0x415e72eb, L:/127.0.0.1:62322 - R:localhost/127.0.0.1:17337]' for 'GET' to 'http://localhost:17337/session/3b6b0fd4cb34d5ab056bb671dc945124/url'
04:20:51.213 [Forwarding getCurrentUrl on session 3b6b0fd4cb34d5ab056bb671dc945124 to remote] DEBUG org.asynchttpclient.netty.request.NettyRequestSender - Using open Channel [id: 0x415e72eb, L:/127.0.0.1:62322 - R:localhost/127.0.0.1:17337] for GET '/session/3b6b0fd4cb34d5ab056bb671dc945124/url'
04:20:51.215 [AsyncHttpClient-1-5] DEBUG org.asynchttpclient.netty.handler.HttpHandler - 

Request DefaultFullHttpRequest(decodeResult: success, version: HTTP/1.1, content: EmptyByteBufBE)
GET /session/3b6b0fd4cb34d5ab056bb671dc945124/url HTTP/1.1
User-Agent: selenium/4.8.1 (java mac)
Cache-Control: no-cache
Content-Type: application/json; charset=utf-8
host: localhost:17337
accept: */*

Response DefaultHttpResponse(decodeResult: success, version: HTTP/1.1)
HTTP/1.1 200 OK
Content-Length: 38
Content-Type: application/json; charset=utf-8
cache-control: no-cache

04:20:51.216 [AsyncHttpClient-1-5] DEBUG org.asynchttpclient.netty.channel.ChannelManager - Adding key: http://localhost:17337 for channel [id: 0x415e72eb, L:/127.0.0.1:62322 - R:localhost/127.0.0.1:17337]
04:20:51.216 [Forwarding screenshot on session 3b6b0fd4cb34d5ab056bb671dc945124 to remote] DEBUG org.asynchttpclient.netty.request.NettyRequestSender - Using pooled Channel '[id: 0x415e72eb, L:/127.0.0.1:62322 - R:localhost/127.0.0.1:17337]' for 'GET' to 'http://localhost:17337/session/3b6b0fd4cb34d5ab056bb671dc945124/screenshot'
04:20:51.216 [Forwarding screenshot on session 3b6b0fd4cb34d5ab056bb671dc945124 to remote] DEBUG org.asynchttpclient.netty.request.NettyRequestSender - Using open Channel [id: 0x415e72eb, L:/127.0.0.1:62322 - R:localhost/127.0.0.1:17337] for GET '/session/3b6b0fd4cb34d5ab056bb671dc945124/screenshot'
04:20:51.438 [AsyncHttpClient-1-5] DEBUG org.asynchttpclient.netty.handler.HttpHandler - 

Request DefaultFullHttpRequest(decodeResult: success, version: HTTP/1.1, content: EmptyByteBufBE)
GET /session/3b6b0fd4cb34d5ab056bb671dc945124/screenshot HTTP/1.1
User-Agent: selenium/4.8.1 (java mac)
Cache-Control: no-cache
Content-Type: application/json; charset=utf-8
host: localhost:17337
accept: */*

Response DefaultHttpResponse(decodeResult: success, version: HTTP/1.1)
HTTP/1.1 200 OK
Content-Length: 99668
Content-Type: application/json; charset=utf-8
cache-control: no-cache

04:20:51.439 [AsyncHttpClient-1-5] DEBUG org.asynchttpclient.netty.channel.ChannelManager - Adding key: http://localhost:17337 for channel [id: 0x415e72eb, L:/127.0.0.1:62322 - R:localhost/127.0.0.1:17337]
04:20:51.441 [main] DEBUG net.serenitybdd.core.photography.Darkroom - Send negative for processing for target/site/serenity/66469082535091fa3d0606e42a1716167180415ab8fd69fa784dc5d96bc202a7.png
04:20:51.441 [Darkroom Processing Line] DEBUG net.serenitybdd.core.photography.DarkroomProcessingLine - Processing screenshot image in /var/screenshots/screenshot-5415760064339928238
04:20:51.441 [Darkroom Processing Line] DEBUG net.serenitybdd.core.photography.DarkroomProcessingLine - Saving screenshot to target/site/serenity/66469082535091fa3d0606e42a1716167180415ab8fd69fa784dc5d96bc202a7.png
04:20:51.441 [main] DEBUG net.thucydides.core.steps.StepInterceptor - STEP DONE: inputUsername
  &amp#27;[32mWhen &amp#27;[0m&amp#27;[32mI enter invalid username&amp#27;[0m                                                                            &amp#27;[90m# starter.stepdef.LoginSteps.iEnterInvalidUsername()&amp#27;[0m
04:20:51.445 [Forwarding getPageSource on session 3b6b0fd4cb34d5ab056bb671dc945124 to remote] DEBUG org.asynchttpclient.netty.request.NettyRequestSender - Using pooled Channel '[id: 0x415e72eb, L:/127.0.0.1:62322 - R:localhost/127.0.0.1:17337]' for 'POST' to 'http://localhost:17337/session/3b6b0fd4cb34d5ab056bb671dc945124/execute/sync'
04:20:51.445 [Forwarding getPageSource on session 3b6b0fd4cb34d5ab056bb671dc945124 to remote] DEBUG org.asynchttpclient.netty.request.NettyRequestSender - Using open Channel [id: 0x415e72eb, L:/127.0.0.1:62322 - R:localhost/127.0.0.1:17337] for POST '/session/3b6b0fd4cb34d5ab056bb671dc945124/execute/sync'
04:20:51.447 [AsyncHttpClient-1-5] DEBUG org.asynchttpclient.netty.handler.HttpHandler - 

Request DefaultHttpRequest(decodeResult: success, version: HTTP/1.1)
POST /session/3b6b0fd4cb34d5ab056bb671dc945124/execute/sync HTTP/1.1
User-Agent: selenium/4.8.1 (java mac)
Content-Length: 176
Content-Type: application/json; charset=utf-8
host: localhost:17337
accept: */*

Response DefaultHttpResponse(decodeResult: success, version: HTTP/1.1)
HTTP/1.1 200 OK
Content-Length: 4295
Content-Type: application/json; charset=utf-8
cache-control: no-cache

04:20:51.447 [AsyncHttpClient-1-5] DEBUG org.asynchttpclient.netty.channel.ChannelManager - Adding key: http://localhost:17337 for channel [id: 0x415e72eb, L:/127.0.0.1:62322 - R:localhost/127.0.0.1:17337]
04:20:51.448 [Forwarding getCurrentUrl on session 3b6b0fd4cb34d5ab056bb671dc945124 to remote] DEBUG org.asynchttpclient.netty.request.NettyRequestSender - Using pooled Channel '[id: 0x415e72eb, L:/127.0.0.1:62322 - R:localhost/127.0.0.1:17337]' for 'GET' to 'http://localhost:17337/session/3b6b0fd4cb34d5ab056bb671dc945124/url'
04:20:51.448 [Forwarding getCurrentUrl on session 3b6b0fd4cb34d5ab056bb671dc945124 to remote] DEBUG org.asynchttpclient.netty.request.NettyRequestSender - Using open Channel [id: 0x415e72eb, L:/127.0.0.1:62322 - R:localhost/127.0.0.1:17337] for GET '/session/3b6b0fd4cb34d5ab056bb671dc945124/url'
04:20:51.450 [AsyncHttpClient-1-5] DEBUG org.asynchttpclient.netty.handler.HttpHandler - 

Request DefaultFullHttpRequest(decodeResult: success, version: HTTP/1.1, content: EmptyByteBufBE)
GET /session/3b6b0fd4cb34d5ab056bb671dc945124/url HTTP/1.1
User-Agent: selenium/4.8.1 (java mac)
Cache-Control: no-cache
Content-Type: application/json; charset=utf-8
host: localhost:17337
accept: */*

Response DefaultHttpResponse(decodeResult: success, version: HTTP/1.1)
HTTP/1.1 200 OK
Content-Length: 38
Content-Type: application/json; charset=utf-8
cache-control: no-cache

04:20:51.450 [AsyncHttpClient-1-5] DEBUG org.asynchttpclient.netty.channel.ChannelManager - Adding key: http://localhost:17337 for channel [id: 0x415e72eb, L:/127.0.0.1:62322 - R:localhost/127.0.0.1:17337]
04:20:51.453 [Forwarding getPageSource on session 3b6b0fd4cb34d5ab056bb671dc945124 to remote] DEBUG org.asynchttpclient.netty.request.NettyRequestSender - Using pooled Channel '[id: 0x415e72eb, L:/127.0.0.1:62322 - R:localhost/127.0.0.1:17337]' for 'POST' to 'http://localhost:17337/session/3b6b0fd4cb34d5ab056bb671dc945124/execute/sync'
04:20:51.454 [Forwarding getPageSource on session 3b6b0fd4cb34d5ab056bb671dc945124 to remote] DEBUG org.asynchttpclient.netty.request.NettyRequestSender - Using open Channel [id: 0x415e72eb, L:/127.0.0.1:62322 - R:localhost/127.0.0.1:17337] for POST '/session/3b6b0fd4cb34d5ab056bb671dc945124/execute/sync'
04:20:51.456 [AsyncHttpClient-1-5] DEBUG org.asynchttpclient.netty.handler.HttpHandler - 

Request DefaultHttpRequest(decodeResult: success, version: HTTP/1.1)
POST /session/3b6b0fd4cb34d5ab056bb671dc945124/execute/sync HTTP/1.1
User-Agent: selenium/4.8.1 (java mac)
Content-Length: 176
Content-Type: application/json; charset=utf-8
host: localhost:17337
accept: */*

Response DefaultHttpResponse(decodeResult: success, version: HTTP/1.1)
HTTP/1.1 200 OK
Content-Length: 4295
Content-Type: application/json; charset=utf-8
cache-control: no-cache

04:20:51.456 [AsyncHttpClient-1-5] DEBUG org.asynchttpclient.netty.channel.ChannelManager - Adding key: http://localhost:17337 for channel [id: 0x415e72eb, L:/127.0.0.1:62322 - R:localhost/127.0.0.1:17337]
04:20:51.457 [Forwarding getCurrentUrl on session 3b6b0fd4cb34d5ab056bb671dc945124 to remote] DEBUG org.asynchttpclient.netty.request.NettyRequestSender - Using pooled Channel '[id: 0x415e72eb, L:/127.0.0.1:62322 - R:localhost/127.0.0.1:17337]' for 'GET' to 'http://localhost:17337/session/3b6b0fd4cb34d5ab056bb671dc945124/url'
04:20:51.457 [Forwarding getCurrentUrl on session 3b6b0fd4cb34d5ab056bb671dc945124 to remote] DEBUG org.asynchttpclient.netty.request.NettyRequestSender - Using open Channel [id: 0x415e72eb, L:/127.0.0.1:62322 - R:localhost/127.0.0.1:17337] for GET '/session/3b6b0fd4cb34d5ab056bb671dc945124/url'
04:20:51.458 [AsyncHttpClient-1-5] DEBUG org.asynchttpclient.netty.handler.HttpHandler - 

Request DefaultFullHttpRequest(decodeResult: success, version: HTTP/1.1, content: EmptyByteBufBE)
GET /session/3b6b0fd4cb34d5ab056bb671dc945124/url HTTP/1.1
User-Agent: selenium/4.8.1 (java mac)
Cache-Control: no-cache
Content-Type: application/json; charset=utf-8
host: localhost:17337
accept: */*

Response DefaultHttpResponse(decodeResult: success, version: HTTP/1.1)
HTTP/1.1 200 OK
Content-Length: 38
Content-Type: application/json; charset=utf-8
cache-control: no-cache

04:20:51.458 [AsyncHttpClient-1-5] DEBUG org.asynchttpclient.netty.channel.ChannelManager - Adding key: http://localhost:17337 for channel [id: 0x415e72eb, L:/127.0.0.1:62322 - R:localhost/127.0.0.1:17337]
04:20:51.459 [main] DEBUG net.thucydides.core.steps.StepInterceptor - STARTING STEP: LoginSteps.iEnterValidPassword - inputPassword
04:20:51.460 [Forwarding findElement on session 3b6b0fd4cb34d5ab056bb671dc945124 to remote] DEBUG org.asynchttpclient.netty.request.NettyRequestSender - Using pooled Channel '[id: 0x415e72eb, L:/127.0.0.1:62322 - R:localhost/127.0.0.1:17337]' for 'POST' to 'http://localhost:17337/session/3b6b0fd4cb34d5ab056bb671dc945124/element'
04:20:51.460 [Forwarding findElement on session 3b6b0fd4cb34d5ab056bb671dc945124 to remote] DEBUG org.asynchttpclient.netty.request.NettyRequestSender - Using open Channel [id: 0x415e72eb, L:/127.0.0.1:62322 - R:localhost/127.0.0.1:17337] for POST '/session/3b6b0fd4cb34d5ab056bb671dc945124/element'
04:20:51.465 [AsyncHttpClient-1-5] DEBUG org.asynchttpclient.netty.handler.HttpHandler - 

Request DefaultHttpRequest(decodeResult: success, version: HTTP/1.1)
POST /session/3b6b0fd4cb34d5ab056bb671dc945124/element HTTP/1.1
User-Agent: selenium/4.8.1 (java mac)
Content-Length: 53
Content-Type: application/json; charset=utf-8
host: localhost:17337
accept: */*

Response DefaultHttpResponse(decodeResult: success, version: HTTP/1.1)
HTTP/1.1 200 OK
Content-Length: 88
Content-Type: application/json; charset=utf-8
cache-control: no-cache

04:20:51.465 [AsyncHttpClient-1-5] DEBUG org.asynchttpclient.netty.channel.ChannelManager - Adding key: http://localhost:17337 for channel [id: 0x415e72eb, L:/127.0.0.1:62322 - R:localhost/127.0.0.1:17337]
04:20:51.466 [Forwarding clearElement on session 3b6b0fd4cb34d5ab056bb671dc945124 to remote] DEBUG org.asynchttpclient.netty.request.NettyRequestSender - Using pooled Channel '[id: 0x415e72eb, L:/127.0.0.1:62322 - R:localhost/127.0.0.1:17337]' for 'POST' to 'http://localhost:17337/session/3b6b0fd4cb34d5ab056bb671dc945124/element/8aa62952-bbe9-491e-93a8-31d4d866e795/clear'
04:20:51.466 [Forwarding clearElement on session 3b6b0fd4cb34d5ab056bb671dc945124 to remote] DEBUG org.asynchttpclient.netty.request.NettyRequestSender - Using open Channel [id: 0x415e72eb, L:/127.0.0.1:62322 - R:localhost/127.0.0.1:17337] for POST '/session/3b6b0fd4cb34d5ab056bb671dc945124/element/8aa62952-bbe9-491e-93a8-31d4d866e795/clear'
04:20:51.482 [AsyncHttpClient-1-5] DEBUG org.asynchttpclient.netty.handler.HttpHandler - 

Request DefaultHttpRequest(decodeResult: success, version: HTTP/1.1)
POST /session/3b6b0fd4cb34d5ab056bb671dc945124/element/8aa62952-bbe9-491e-93a8-31d4d866e795/clear HTTP/1.1
User-Agent: selenium/4.8.1 (java mac)
Content-Length: 50
Content-Type: application/json; charset=utf-8
host: localhost:17337
accept: */*

Response DefaultHttpResponse(decodeResult: success, version: HTTP/1.1)
HTTP/1.1 200 OK
Content-Length: 14
Content-Type: application/json; charset=utf-8
cache-control: no-cache

04:20:51.483 [AsyncHttpClient-1-5] DEBUG org.asynchttpclient.netty.channel.ChannelManager - Adding key: http://localhost:17337 for channel [id: 0x415e72eb, L:/127.0.0.1:62322 - R:localhost/127.0.0.1:17337]
04:20:51.484 [Forwarding sendKeysToElement on session 3b6b0fd4cb34d5ab056bb671dc945124 to remote] DEBUG org.asynchttpclient.netty.request.NettyRequestSender - Using pooled Channel '[id: 0x415e72eb, L:/127.0.0.1:62322 - R:localhost/127.0.0.1:17337]' for 'POST' to 'http://localhost:17337/session/3b6b0fd4cb34d5ab056bb671dc945124/element/8aa62952-bbe9-491e-93a8-31d4d866e795/value'
04:20:51.484 [Forwarding sendKeysToElement on session 3b6b0fd4cb34d5ab056bb671dc945124 to remote] DEBUG org.asynchttpclient.netty.request.NettyRequestSender - Using open Channel [id: 0x415e72eb, L:/127.0.0.1:62322 - R:localhost/127.0.0.1:17337] for POST '/session/3b6b0fd4cb34d5ab056bb671dc945124/element/8aa62952-bbe9-491e-93a8-31d4d866e795/value'
04:20:51.593 [AsyncHttpClient-1-5] DEBUG org.asynchttpclient.netty.handler.HttpHandler - 

Request DefaultHttpRequest(decodeResult: success, version: HTTP/1.1)
POST /session/3b6b0fd4cb34d5ab056bb671dc945124/element/8aa62952-bbe9-491e-93a8-31d4d866e795/value HTTP/1.1
User-Agent: selenium/4.8.1 (java mac)
Content-Length: 201
Content-Type: application/json; charset=utf-8
host: localhost:17337
accept: */*

Response DefaultHttpResponse(decodeResult: success, version: HTTP/1.1)
HTTP/1.1 200 OK
Content-Length: 14
Content-Type: application/json; charset=utf-8
cache-control: no-cache

04:20:51.593 [AsyncHttpClient-1-5] DEBUG org.asynchttpclient.netty.channel.ChannelManager - Adding key: http://localhost:17337 for channel [id: 0x415e72eb, L:/127.0.0.1:62322 - R:localhost/127.0.0.1:17337]
04:20:51.598 [Forwarding getAlertText on session 3b6b0fd4cb34d5ab056bb671dc945124 to remote] DEBUG org.asynchttpclient.netty.request.NettyRequestSender - Using pooled Channel '[id: 0x415e72eb, L:/127.0.0.1:62322 - R:localhost/127.0.0.1:17337]' for 'GET' to 'http://localhost:17337/session/3b6b0fd4cb34d5ab056bb671dc945124/alert/text'
04:20:51.598 [Forwarding getAlertText on session 3b6b0fd4cb34d5ab056bb671dc945124 to remote] DEBUG org.asynchttpclient.netty.request.NettyRequestSender - Using open Channel [id: 0x415e72eb, L:/127.0.0.1:62322 - R:localhost/127.0.0.1:17337] for GET '/session/3b6b0fd4cb34d5ab056bb671dc945124/alert/text'
04:20:51.599 [AsyncHttpClient-1-5] DEBUG org.asynchttpclient.netty.handler.HttpHandler - 

Request DefaultFullHttpRequest(decodeResult: success, version: HTTP/1.1, content: EmptyByteBufBE)
GET /session/3b6b0fd4cb34d5ab056bb671dc945124/alert/text HTTP/1.1
User-Agent: selenium/4.8.1 (java mac)
Cache-Control: no-cache
Content-Type: application/json; charset=utf-8
host: localhost:17337
accept: */*

Response DefaultHttpResponse(decodeResult: success, version: HTTP/1.1)
HTTP/1.1 404 Not Found
Content-Length: 1762
Content-Type: application/json; charset=utf-8
cache-control: no-cache

04:20:51.600 [AsyncHttpClient-1-5] DEBUG org.asynchttpclient.netty.channel.ChannelManager - Adding key: http://localhost:17337 for channel [id: 0x415e72eb, L:/127.0.0.1:62322 - R:localhost/127.0.0.1:17337]
04:20:51.600 [Forwarding getCurrentUrl on session 3b6b0fd4cb34d5ab056bb671dc945124 to remote] DEBUG org.asynchttpclient.netty.request.NettyRequestSender - Using pooled Channel '[id: 0x415e72eb, L:/127.0.0.1:62322 - R:localhost/127.0.0.1:17337]' for 'GET' to 'http://localhost:17337/session/3b6b0fd4cb34d5ab056bb671dc945124/url'
04:20:51.600 [Forwarding getCurrentUrl on session 3b6b0fd4cb34d5ab056bb671dc945124 to remote] DEBUG org.asynchttpclient.netty.request.NettyRequestSender - Using open Channel [id: 0x415e72eb, L:/127.0.0.1:62322 - R:localhost/127.0.0.1:17337] for GET '/session/3b6b0fd4cb34d5ab056bb671dc945124/url'
04:20:51.602 [AsyncHttpClient-1-5] DEBUG org.asynchttpclient.netty.handler.HttpHandler - 

Request DefaultFullHttpRequest(decodeResult: success, version: HTTP/1.1, content: EmptyByteBufBE)
GET /session/3b6b0fd4cb34d5ab056bb671dc945124/url HTTP/1.1
User-Agent: selenium/4.8.1 (java mac)
Cache-Control: no-cache
Content-Type: application/json; charset=utf-8
host: localhost:17337
accept: */*

Response DefaultHttpResponse(decodeResult: success, version: HTTP/1.1)
HTTP/1.1 200 OK
Content-Length: 38
Content-Type: application/json; charset=utf-8
cache-control: no-cache

04:20:51.602 [AsyncHttpClient-1-5] DEBUG org.asynchttpclient.netty.channel.ChannelManager - Adding key: http://localhost:17337 for channel [id: 0x415e72eb, L:/127.0.0.1:62322 - R:localhost/127.0.0.1:17337]
04:20:51.603 [Forwarding screenshot on session 3b6b0fd4cb34d5ab056bb671dc945124 to remote] DEBUG org.asynchttpclient.netty.request.NettyRequestSender - Using pooled Channel '[id: 0x415e72eb, L:/127.0.0.1:62322 - R:localhost/127.0.0.1:17337]' for 'GET' to 'http://localhost:17337/session/3b6b0fd4cb34d5ab056bb671dc945124/screenshot'
04:20:51.603 [Forwarding screenshot on session 3b6b0fd4cb34d5ab056bb671dc945124 to remote] DEBUG org.asynchttpclient.netty.request.NettyRequestSender - Using open Channel [id: 0x415e72eb, L:/127.0.0.1:62322 - R:localhost/127.0.0.1:17337] for GET '/session/3b6b0fd4cb34d5ab056bb671dc945124/screenshot'
04:20:51.831 [AsyncHttpClient-1-5] DEBUG org.asynchttpclient.netty.handler.HttpHandler - 

Request DefaultFullHttpRequest(decodeResult: success, version: HTTP/1.1, content: EmptyByteBufBE)
GET /session/3b6b0fd4cb34d5ab056bb671dc945124/screenshot HTTP/1.1
User-Agent: selenium/4.8.1 (java mac)
Cache-Control: no-cache
Content-Type: application/json; charset=utf-8
host: localhost:17337
accept: */*

Response DefaultHttpResponse(decodeResult: success, version: HTTP/1.1)
HTTP/1.1 200 OK
Content-Length: 96080
Content-Type: application/json; charset=utf-8
cache-control: no-cache

04:20:51.831 [AsyncHttpClient-1-5] DEBUG org.asynchttpclient.netty.channel.ChannelManager - Adding key: http://localhost:17337 for channel [id: 0x415e72eb, L:/127.0.0.1:62322 - R:localhost/127.0.0.1:17337]
04:20:51.833 [main] DEBUG net.serenitybdd.core.photography.Darkroom - Send negative for processing for target/site/serenity/5a4fa61a74dac6b0699f9c87c1647de9c8b4e203c335eb28903763ff6081a8b0.png
04:20:51.834 [Darkroom Processing Line] DEBUG net.serenitybdd.core.photography.DarkroomProcessingLine - Processing screenshot image in /var/screenshots/screenshot-1642409777591212838
04:20:51.834 [Darkroom Processing Line] DEBUG net.serenitybdd.core.photography.DarkroomProcessingLine - Saving screenshot to target/site/serenity/5a4fa61a74dac6b0699f9c87c1647de9c8b4e203c335eb28903763ff6081a8b0.png
04:20:51.834 [main] DEBUG net.thucydides.core.steps.StepInterceptor - STEP DONE: inputPassword
  &amp#27;[32mAnd &amp#27;[0m&amp#27;[32mI enter valid password&amp#27;[0m                                                                               &amp#27;[90m# starter.stepdef.LoginSteps.iEnterValidPassword()&amp#27;[0m
04:20:51.837 [Forwarding getPageSource on session 3b6b0fd4cb34d5ab056bb671dc945124 to remote] DEBUG org.asynchttpclient.netty.request.NettyRequestSender - Using pooled Channel '[id: 0x415e72eb, L:/127.0.0.1:62322 - R:localhost/127.0.0.1:17337]' for 'POST' to 'http://localhost:17337/session/3b6b0fd4cb34d5ab056bb671dc945124/execute/sync'
04:20:51.837 [Forwarding getPageSource on session 3b6b0fd4cb34d5ab056bb671dc945124 to remote] DEBUG org.asynchttpclient.netty.request.NettyRequestSender - Using open Channel [id: 0x415e72eb, L:/127.0.0.1:62322 - R:localhost/127.0.0.1:17337] for POST '/session/3b6b0fd4cb34d5ab056bb671dc945124/execute/sync'
04:20:51.840 [AsyncHttpClient-1-5] DEBUG org.asynchttpclient.netty.handler.HttpHandler - 

Request DefaultHttpRequest(decodeResult: success, version: HTTP/1.1)
POST /session/3b6b0fd4cb34d5ab056bb671dc945124/execute/sync HTTP/1.1
User-Agent: selenium/4.8.1 (java mac)
Content-Length: 176
Content-Type: application/json; charset=utf-8
host: localhost:17337
accept: */*

Response DefaultHttpResponse(decodeResult: success, version: HTTP/1.1)
HTTP/1.1 200 OK
Content-Length: 4307
Content-Type: application/json; charset=utf-8
cache-control: no-cache

04:20:51.840 [AsyncHttpClient-1-5] DEBUG org.asynchttpclient.netty.channel.ChannelManager - Adding key: http://localhost:17337 for channel [id: 0x415e72eb, L:/127.0.0.1:62322 - R:localhost/127.0.0.1:17337]
04:20:51.841 [Forwarding getCurrentUrl on session 3b6b0fd4cb34d5ab056bb671dc945124 to remote] DEBUG org.asynchttpclient.netty.request.NettyRequestSender - Using pooled Channel '[id: 0x415e72eb, L:/127.0.0.1:62322 - R:localhost/127.0.0.1:17337]' for 'GET' to 'http://localhost:17337/session/3b6b0fd4cb34d5ab056bb671dc945124/url'
04:20:51.841 [Forwarding getCurrentUrl on session 3b6b0fd4cb34d5ab056bb671dc945124 to remote] DEBUG org.asynchttpclient.netty.request.NettyRequestSender - Using open Channel [id: 0x415e72eb, L:/127.0.0.1:62322 - R:localhost/127.0.0.1:17337] for GET '/session/3b6b0fd4cb34d5ab056bb671dc945124/url'
04:20:51.843 [AsyncHttpClient-1-5] DEBUG org.asynchttpclient.netty.handler.HttpHandler - 

Request DefaultFullHttpRequest(decodeResult: success, version: HTTP/1.1, content: EmptyByteBufBE)
GET /session/3b6b0fd4cb34d5ab056bb671dc945124/url HTTP/1.1
User-Agent: selenium/4.8.1 (java mac)
Cache-Control: no-cache
Content-Type: application/json; charset=utf-8
host: localhost:17337
accept: */*

Response DefaultHttpResponse(decodeResult: success, version: HTTP/1.1)
HTTP/1.1 200 OK
Content-Length: 38
Content-Type: application/json; charset=utf-8
cache-control: no-cache

04:20:51.843 [AsyncHttpClient-1-5] DEBUG org.asynchttpclient.netty.channel.ChannelManager - Adding key: http://localhost:17337 for channel [id: 0x415e72eb, L:/127.0.0.1:62322 - R:localhost/127.0.0.1:17337]
04:20:51.847 [Forwarding getPageSource on session 3b6b0fd4cb34d5ab056bb671dc945124 to remote] DEBUG org.asynchttpclient.netty.request.NettyRequestSender - Using pooled Channel '[id: 0x415e72eb, L:/127.0.0.1:62322 - R:localhost/127.0.0.1:17337]' for 'POST' to 'http://localhost:17337/session/3b6b0fd4cb34d5ab056bb671dc945124/execute/sync'
04:20:51.847 [Forwarding getPageSource on session 3b6b0fd4cb34d5ab056bb671dc945124 to remote] DEBUG org.asynchttpclient.netty.request.NettyRequestSender - Using open Channel [id: 0x415e72eb, L:/127.0.0.1:62322 - R:localhost/127.0.0.1:17337] for POST '/session/3b6b0fd4cb34d5ab056bb671dc945124/execute/sync'
04:20:51.849 [AsyncHttpClient-1-5] DEBUG org.asynchttpclient.netty.handler.HttpHandler - 

Request DefaultHttpRequest(decodeResult: success, version: HTTP/1.1)
POST /session/3b6b0fd4cb34d5ab056bb671dc945124/execute/sync HTTP/1.1
User-Agent: selenium/4.8.1 (java mac)
Content-Length: 176
Content-Type: application/json; charset=utf-8
host: localhost:17337
accept: */*

Response DefaultHttpResponse(decodeResult: success, version: HTTP/1.1)
HTTP/1.1 200 OK
Content-Length: 4307
Content-Type: application/json; charset=utf-8
cache-control: no-cache

04:20:51.849 [AsyncHttpClient-1-5] DEBUG org.asynchttpclient.netty.channel.ChannelManager - Adding key: http://localhost:17337 for channel [id: 0x415e72eb, L:/127.0.0.1:62322 - R:localhost/127.0.0.1:17337]
04:20:51.850 [Forwarding getCurrentUrl on session 3b6b0fd4cb34d5ab056bb671dc945124 to remote] DEBUG org.asynchttpclient.netty.request.NettyRequestSender - Using pooled Channel '[id: 0x415e72eb, L:/127.0.0.1:62322 - R:localhost/127.0.0.1:17337]' for 'GET' to 'http://localhost:17337/session/3b6b0fd4cb34d5ab056bb671dc945124/url'
04:20:51.850 [Forwarding getCurrentUrl on session 3b6b0fd4cb34d5ab056bb671dc945124 to remote] DEBUG org.asynchttpclient.netty.request.NettyRequestSender - Using open Channel [id: 0x415e72eb, L:/127.0.0.1:62322 - R:localhost/127.0.0.1:17337] for GET '/session/3b6b0fd4cb34d5ab056bb671dc945124/url'
04:20:51.852 [AsyncHttpClient-1-5] DEBUG org.asynchttpclient.netty.handler.HttpHandler - 

Request DefaultFullHttpRequest(decodeResult: success, version: HTTP/1.1, content: EmptyByteBufBE)
GET /session/3b6b0fd4cb34d5ab056bb671dc945124/url HTTP/1.1
User-Agent: selenium/4.8.1 (java mac)
Cache-Control: no-cache
Content-Type: application/json; charset=utf-8
host: localhost:17337
accept: */*

Response DefaultHttpResponse(decodeResult: success, version: HTTP/1.1)
HTTP/1.1 200 OK
Content-Length: 38
Content-Type: application/json; charset=utf-8
cache-control: no-cache

04:20:51.852 [AsyncHttpClient-1-5] DEBUG org.asynchttpclient.netty.channel.ChannelManager - Adding key: http://localhost:17337 for channel [id: 0x415e72eb, L:/127.0.0.1:62322 - R:localhost/127.0.0.1:17337]
04:20:51.852 [main] DEBUG net.thucydides.core.steps.StepInterceptor - STARTING STEP: LoginSteps.iClickLoginButton - clickButtonLogin
04:20:51.854 [Forwarding findElement on session 3b6b0fd4cb34d5ab056bb671dc945124 to remote] DEBUG org.asynchttpclient.netty.request.NettyRequestSender - Using pooled Channel '[id: 0x415e72eb, L:/127.0.0.1:62322 - R:localhost/127.0.0.1:17337]' for 'POST' to 'http://localhost:17337/session/3b6b0fd4cb34d5ab056bb671dc945124/element'
04:20:51.854 [Forwarding findElement on session 3b6b0fd4cb34d5ab056bb671dc945124 to remote] DEBUG org.asynchttpclient.netty.request.NettyRequestSender - Using open Channel [id: 0x415e72eb, L:/127.0.0.1:62322 - R:localhost/127.0.0.1:17337] for POST '/session/3b6b0fd4cb34d5ab056bb671dc945124/element'
04:20:51.863 [AsyncHttpClient-1-5] DEBUG org.asynchttpclient.netty.handler.HttpHandler - 

Request DefaultHttpRequest(decodeResult: success, version: HTTP/1.1)
POST /session/3b6b0fd4cb34d5ab056bb671dc945124/element HTTP/1.1
User-Agent: selenium/4.8.1 (java mac)
Content-Length: 59
Content-Type: application/json; charset=utf-8
host: localhost:17337
accept: */*

Response DefaultHttpResponse(decodeResult: success, version: HTTP/1.1)
HTTP/1.1 200 OK
Content-Length: 88
Content-Type: application/json; charset=utf-8
cache-control: no-cache

04:20:51.863 [AsyncHttpClient-1-5] DEBUG org.asynchttpclient.netty.channel.ChannelManager - Adding key: http://localhost:17337 for channel [id: 0x415e72eb, L:/127.0.0.1:62322 - R:localhost/127.0.0.1:17337]
04:20:51.864 [Forwarding getElementTagName on session 3b6b0fd4cb34d5ab056bb671dc945124 to remote] DEBUG org.asynchttpclient.netty.request.NettyRequestSender - Using pooled Channel '[id: 0x415e72eb, L:/127.0.0.1:62322 - R:localhost/127.0.0.1:17337]' for 'GET' to 'http://localhost:17337/session/3b6b0fd4cb34d5ab056bb671dc945124/element/b12b519f-c438-445b-8249-d921ac374dfd/name'
04:20:51.864 [Forwarding getElementTagName on session 3b6b0fd4cb34d5ab056bb671dc945124 to remote] DEBUG org.asynchttpclient.netty.request.NettyRequestSender - Using open Channel [id: 0x415e72eb, L:/127.0.0.1:62322 - R:localhost/127.0.0.1:17337] for GET '/session/3b6b0fd4cb34d5ab056bb671dc945124/element/b12b519f-c438-445b-8249-d921ac374dfd/name'
04:20:51.867 [AsyncHttpClient-1-5] DEBUG org.asynchttpclient.netty.handler.HttpHandler - 

Request DefaultFullHttpRequest(decodeResult: success, version: HTTP/1.1, content: EmptyByteBufBE)
GET /session/3b6b0fd4cb34d5ab056bb671dc945124/element/b12b519f-c438-445b-8249-d921ac374dfd/name HTTP/1.1
User-Agent: selenium/4.8.1 (java mac)
Cache-Control: no-cache
Content-Type: application/json; charset=utf-8
host: localhost:17337
accept: */*

Response DefaultHttpResponse(decodeResult: success, version: HTTP/1.1)
HTTP/1.1 200 OK
Content-Length: 17
Content-Type: application/json; charset=utf-8
cache-control: no-cache

04:20:51.867 [AsyncHttpClient-1-5] DEBUG org.asynchttpclient.netty.channel.ChannelManager - Adding key: http://localhost:17337 for channel [id: 0x415e72eb, L:/127.0.0.1:62322 - R:localhost/127.0.0.1:17337]
04:20:51.868 [Forwarding getElementTagName on session 3b6b0fd4cb34d5ab056bb671dc945124 to remote] DEBUG org.asynchttpclient.netty.request.NettyRequestSender - Using pooled Channel '[id: 0x415e72eb, L:/127.0.0.1:62322 - R:localhost/127.0.0.1:17337]' for 'GET' to 'http://localhost:17337/session/3b6b0fd4cb34d5ab056bb671dc945124/element/b12b519f-c438-445b-8249-d921ac374dfd/name'
04:20:51.868 [Forwarding getElementTagName on session 3b6b0fd4cb34d5ab056bb671dc945124 to remote] DEBUG org.asynchttpclient.netty.request.NettyRequestSender - Using open Channel [id: 0x415e72eb, L:/127.0.0.1:62322 - R:localhost/127.0.0.1:17337] for GET '/session/3b6b0fd4cb34d5ab056bb671dc945124/element/b12b519f-c438-445b-8249-d921ac374dfd/name'
04:20:51.873 [AsyncHttpClient-1-5] DEBUG org.asynchttpclient.netty.handler.HttpHandler - 

Request DefaultFullHttpRequest(decodeResult: success, version: HTTP/1.1, content: EmptyByteBufBE)
GET /session/3b6b0fd4cb34d5ab056bb671dc945124/element/b12b519f-c438-445b-8249-d921ac374dfd/name HTTP/1.1
User-Agent: selenium/4.8.1 (java mac)
Cache-Control: no-cache
Content-Type: application/json; charset=utf-8
host: localhost:17337
accept: */*

Response DefaultHttpResponse(decodeResult: success, version: HTTP/1.1)
HTTP/1.1 200 OK
Content-Length: 17
Content-Type: application/json; charset=utf-8
cache-control: no-cache

04:20:51.873 [AsyncHttpClient-1-5] DEBUG org.asynchttpclient.netty.channel.ChannelManager - Adding key: http://localhost:17337 for channel [id: 0x415e72eb, L:/127.0.0.1:62322 - R:localhost/127.0.0.1:17337]
04:20:51.874 [Forwarding isElementEnabled on session 3b6b0fd4cb34d5ab056bb671dc945124 to remote] DEBUG org.asynchttpclient.netty.request.NettyRequestSender - Using pooled Channel '[id: 0x415e72eb, L:/127.0.0.1:62322 - R:localhost/127.0.0.1:17337]' for 'GET' to 'http://localhost:17337/session/3b6b0fd4cb34d5ab056bb671dc945124/element/b12b519f-c438-445b-8249-d921ac374dfd/enabled'
04:20:51.874 [Forwarding isElementEnabled on session 3b6b0fd4cb34d5ab056bb671dc945124 to remote] DEBUG org.asynchttpclient.netty.request.NettyRequestSender - Using open Channel [id: 0x415e72eb, L:/127.0.0.1:62322 - R:localhost/127.0.0.1:17337] for GET '/session/3b6b0fd4cb34d5ab056bb671dc945124/element/b12b519f-c438-445b-8249-d921ac374dfd/enabled'
04:20:51.881 [AsyncHttpClient-1-5] DEBUG org.asynchttpclient.netty.handler.HttpHandler - 

Request DefaultFullHttpRequest(decodeResult: success, version: HTTP/1.1, content: EmptyByteBufBE)
GET /session/3b6b0fd4cb34d5ab056bb671dc945124/element/b12b519f-c438-445b-8249-d921ac374dfd/enabled HTTP/1.1
User-Agent: selenium/4.8.1 (java mac)
Cache-Control: no-cache
Content-Type: application/json; charset=utf-8
host: localhost:17337
accept: */*

Response DefaultHttpResponse(decodeResult: success, version: HTTP/1.1)
HTTP/1.1 200 OK
Content-Length: 14
Content-Type: application/json; charset=utf-8
cache-control: no-cache

04:20:51.881 [AsyncHttpClient-1-5] DEBUG org.asynchttpclient.netty.channel.ChannelManager - Adding key: http://localhost:17337 for channel [id: 0x415e72eb, L:/127.0.0.1:62322 - R:localhost/127.0.0.1:17337]
04:20:51.882 [Forwarding isElementEnabled on session 3b6b0fd4cb34d5ab056bb671dc945124 to remote] DEBUG org.asynchttpclient.netty.request.NettyRequestSender - Using pooled Channel '[id: 0x415e72eb, L:/127.0.0.1:62322 - R:localhost/127.0.0.1:17337]' for 'GET' to 'http://localhost:17337/session/3b6b0fd4cb34d5ab056bb671dc945124/element/b12b519f-c438-445b-8249-d921ac374dfd/enabled'
04:20:51.882 [Forwarding isElementEnabled on session 3b6b0fd4cb34d5ab056bb671dc945124 to remote] DEBUG org.asynchttpclient.netty.request.NettyRequestSender - Using open Channel [id: 0x415e72eb, L:/127.0.0.1:62322 - R:localhost/127.0.0.1:17337] for GET '/session/3b6b0fd4cb34d5ab056bb671dc945124/element/b12b519f-c438-445b-8249-d921ac374dfd/enabled'
04:20:51.888 [AsyncHttpClient-1-5] DEBUG org.asynchttpclient.netty.handler.HttpHandler - 

Request DefaultFullHttpRequest(decodeResult: success, version: HTTP/1.1, content: EmptyByteBufBE)
GET /session/3b6b0fd4cb34d5ab056bb671dc945124/element/b12b519f-c438-445b-8249-d921ac374dfd/enabled HTTP/1.1
User-Agent: selenium/4.8.1 (java mac)
Cache-Control: no-cache
Content-Type: application/json; charset=utf-8
host: localhost:17337
accept: */*

Response DefaultHttpResponse(decodeResult: success, version: HTTP/1.1)
HTTP/1.1 200 OK
Content-Length: 14
Content-Type: application/json; charset=utf-8
cache-control: no-cache

04:20:51.889 [AsyncHttpClient-1-5] DEBUG org.asynchttpclient.netty.channel.ChannelManager - Adding key: http://localhost:17337 for channel [id: 0x415e72eb, L:/127.0.0.1:62322 - R:localhost/127.0.0.1:17337]
04:20:51.889 [Forwarding findElement on session 3b6b0fd4cb34d5ab056bb671dc945124 to remote] DEBUG org.asynchttpclient.netty.request.NettyRequestSender - Using pooled Channel '[id: 0x415e72eb, L:/127.0.0.1:62322 - R:localhost/127.0.0.1:17337]' for 'POST' to 'http://localhost:17337/session/3b6b0fd4cb34d5ab056bb671dc945124/element'
04:20:51.889 [Forwarding findElement on session 3b6b0fd4cb34d5ab056bb671dc945124 to remote] DEBUG org.asynchttpclient.netty.request.NettyRequestSender - Using open Channel [id: 0x415e72eb, L:/127.0.0.1:62322 - R:localhost/127.0.0.1:17337] for POST '/session/3b6b0fd4cb34d5ab056bb671dc945124/element'
04:20:51.896 [AsyncHttpClient-1-5] DEBUG org.asynchttpclient.netty.handler.HttpHandler - 

Request DefaultHttpRequest(decodeResult: success, version: HTTP/1.1)
POST /session/3b6b0fd4cb34d5ab056bb671dc945124/element HTTP/1.1
User-Agent: selenium/4.8.1 (java mac)
Content-Length: 59
Content-Type: application/json; charset=utf-8
host: localhost:17337
accept: */*

Response DefaultHttpResponse(decodeResult: success, version: HTTP/1.1)
HTTP/1.1 200 OK
Content-Length: 88
Content-Type: application/json; charset=utf-8
cache-control: no-cache

04:20:51.896 [AsyncHttpClient-1-5] DEBUG org.asynchttpclient.netty.channel.ChannelManager - Adding key: http://localhost:17337 for channel [id: 0x415e72eb, L:/127.0.0.1:62322 - R:localhost/127.0.0.1:17337]
04:20:51.896 [Forwarding clickElement on session 3b6b0fd4cb34d5ab056bb671dc945124 to remote] DEBUG org.asynchttpclient.netty.request.NettyRequestSender - Using pooled Channel '[id: 0x415e72eb, L:/127.0.0.1:62322 - R:localhost/127.0.0.1:17337]' for 'POST' to 'http://localhost:17337/session/3b6b0fd4cb34d5ab056bb671dc945124/element/b12b519f-c438-445b-8249-d921ac374dfd/click'
04:20:51.896 [Forwarding clickElement on session 3b6b0fd4cb34d5ab056bb671dc945124 to remote] DEBUG org.asynchttpclient.netty.request.NettyRequestSender - Using open Channel [id: 0x415e72eb, L:/127.0.0.1:62322 - R:localhost/127.0.0.1:17337] for POST '/session/3b6b0fd4cb34d5ab056bb671dc945124/element/b12b519f-c438-445b-8249-d921ac374dfd/click'
04:20:52.294 [AsyncHttpClient-1-1] DEBUG org.asynchttpclient.netty.channel.DefaultChannelPool - Entry count for : http://localhost:62323 : 1
04:20:52.777 [AsyncHttpClient-1-5] DEBUG org.asynchttpclient.netty.handler.HttpHandler - 

Request DefaultHttpRequest(decodeResult: success, version: HTTP/1.1)
POST /session/3b6b0fd4cb34d5ab056bb671dc945124/element/b12b519f-c438-445b-8249-d921ac374dfd/click HTTP/1.1
User-Agent: selenium/4.8.1 (java mac)
Content-Length: 50
Content-Type: application/json; charset=utf-8
host: localhost:17337
accept: */*

Response DefaultHttpResponse(decodeResult: success, version: HTTP/1.1)
HTTP/1.1 200 OK
Content-Length: 14
Content-Type: application/json; charset=utf-8
cache-control: no-cache

04:20:52.778 [AsyncHttpClient-1-5] DEBUG org.asynchttpclient.netty.channel.ChannelManager - Adding key: http://localhost:17337 for channel [id: 0x415e72eb, L:/127.0.0.1:62322 - R:localhost/127.0.0.1:17337]
04:20:52.780 [Forwarding getAlertText on session 3b6b0fd4cb34d5ab056bb671dc945124 to remote] DEBUG org.asynchttpclient.netty.request.NettyRequestSender - Using pooled Channel '[id: 0x415e72eb, L:/127.0.0.1:62322 - R:localhost/127.0.0.1:17337]' for 'GET' to 'http://localhost:17337/session/3b6b0fd4cb34d5ab056bb671dc945124/alert/text'
04:20:52.780 [Forwarding getAlertText on session 3b6b0fd4cb34d5ab056bb671dc945124 to remote] DEBUG org.asynchttpclient.netty.request.NettyRequestSender - Using open Channel [id: 0x415e72eb, L:/127.0.0.1:62322 - R:localhost/127.0.0.1:17337] for GET '/session/3b6b0fd4cb34d5ab056bb671dc945124/alert/text'
04:20:52.781 [AsyncHttpClient-1-5] DEBUG org.asynchttpclient.netty.handler.HttpHandler - 

Request DefaultFullHttpRequest(decodeResult: success, version: HTTP/1.1, content: EmptyByteBufBE)
GET /session/3b6b0fd4cb34d5ab056bb671dc945124/alert/text HTTP/1.1
User-Agent: selenium/4.8.1 (java mac)
Cache-Control: no-cache
Content-Type: application/json; charset=utf-8
host: localhost:17337
accept: */*

Response DefaultHttpResponse(decodeResult: success, version: HTTP/1.1)
HTTP/1.1 404 Not Found
Content-Length: 1762
Content-Type: application/json; charset=utf-8
cache-control: no-cache

04:20:52.781 [AsyncHttpClient-1-5] DEBUG org.asynchttpclient.netty.channel.ChannelManager - Adding key: http://localhost:17337 for channel [id: 0x415e72eb, L:/127.0.0.1:62322 - R:localhost/127.0.0.1:17337]
04:20:52.782 [Forwarding getCurrentUrl on session 3b6b0fd4cb34d5ab056bb671dc945124 to remote] DEBUG org.asynchttpclient.netty.request.NettyRequestSender - Using pooled Channel '[id: 0x415e72eb, L:/127.0.0.1:62322 - R:localhost/127.0.0.1:17337]' for 'GET' to 'http://localhost:17337/session/3b6b0fd4cb34d5ab056bb671dc945124/url'
04:20:52.782 [Forwarding getCurrentUrl on session 3b6b0fd4cb34d5ab056bb671dc945124 to remote] DEBUG org.asynchttpclient.netty.request.NettyRequestSender - Using open Channel [id: 0x415e72eb, L:/127.0.0.1:62322 - R:localhost/127.0.0.1:17337] for GET '/session/3b6b0fd4cb34d5ab056bb671dc945124/url'
04:20:52.783 [AsyncHttpClient-1-5] DEBUG org.asynchttpclient.netty.handler.HttpHandler - 

Request DefaultFullHttpRequest(decodeResult: success, version: HTTP/1.1, content: EmptyByteBufBE)
GET /session/3b6b0fd4cb34d5ab056bb671dc945124/url HTTP/1.1
User-Agent: selenium/4.8.1 (java mac)
Cache-Control: no-cache
Content-Type: application/json; charset=utf-8
host: localhost:17337
accept: */*

Response DefaultHttpResponse(decodeResult: success, version: HTTP/1.1)
HTTP/1.1 200 OK
Content-Length: 38
Content-Type: application/json; charset=utf-8
cache-control: no-cache

04:20:52.784 [AsyncHttpClient-1-5] DEBUG org.asynchttpclient.netty.channel.ChannelManager - Adding key: http://localhost:17337 for channel [id: 0x415e72eb, L:/127.0.0.1:62322 - R:localhost/127.0.0.1:17337]
04:20:52.784 [Forwarding screenshot on session 3b6b0fd4cb34d5ab056bb671dc945124 to remote] DEBUG org.asynchttpclient.netty.request.NettyRequestSender - Using pooled Channel '[id: 0x415e72eb, L:/127.0.0.1:62322 - R:localhost/127.0.0.1:17337]' for 'GET' to 'http://localhost:17337/session/3b6b0fd4cb34d5ab056bb671dc945124/screenshot'
04:20:52.784 [Forwarding screenshot on session 3b6b0fd4cb34d5ab056bb671dc945124 to remote] DEBUG org.asynchttpclient.netty.request.NettyRequestSender - Using open Channel [id: 0x415e72eb, L:/127.0.0.1:62322 - R:localhost/127.0.0.1:17337] for GET '/session/3b6b0fd4cb34d5ab056bb671dc945124/screenshot'
04:20:52.979 [AsyncHttpClient-1-5] DEBUG org.asynchttpclient.netty.handler.HttpHandler - 

Request DefaultFullHttpRequest(decodeResult: success, version: HTTP/1.1, content: EmptyByteBufBE)
GET /session/3b6b0fd4cb34d5ab056bb671dc945124/screenshot HTTP/1.1
User-Agent: selenium/4.8.1 (java mac)
Cache-Control: no-cache
Content-Type: application/json; charset=utf-8
host: localhost:17337
accept: */*

Response DefaultHttpResponse(decodeResult: success, version: HTTP/1.1)
HTTP/1.1 200 OK
Content-Length: 124156
Content-Type: application/json; charset=utf-8
cache-control: no-cache

04:20:52.979 [AsyncHttpClient-1-5] DEBUG org.asynchttpclient.netty.channel.ChannelManager - Adding key: http://localhost:17337 for channel [id: 0x415e72eb, L:/127.0.0.1:62322 - R:localhost/127.0.0.1:17337]
04:20:52.982 [main] DEBUG net.serenitybdd.core.photography.Darkroom - Send negative for processing for target/site/serenity/e321bd9d500bdd4f5ae91290b8455e57f887134c19d7a60b7660e7f89e7da341.png
04:20:52.982 [Darkroom Processing Line] DEBUG net.serenitybdd.core.photography.DarkroomProcessingLine - Processing screenshot image in /var/screenshots/screenshot-5651748265600280720
04:20:52.982 [Darkroom Processing Line] DEBUG net.serenitybdd.core.photography.DarkroomProcessingLine - Saving screenshot to target/site/serenity/e321bd9d500bdd4f5ae91290b8455e57f887134c19d7a60b7660e7f89e7da341.png
04:20:52.982 [main] DEBUG net.thucydides.core.steps.StepInterceptor - STEP DONE: clickButtonLogin
  &amp#27;[32mAnd &amp#27;[0m&amp#27;[32mI click login button&amp#27;[0m                                                                                 &amp#27;[90m# starter.stepdef.LoginSteps.iClickLoginButton()&amp#27;[0m
04:20:52.985 [Forwarding getPageSource on session 3b6b0fd4cb34d5ab056bb671dc945124 to remote] DEBUG org.asynchttpclient.netty.request.NettyRequestSender - Using pooled Channel '[id: 0x415e72eb, L:/127.0.0.1:62322 - R:localhost/127.0.0.1:17337]' for 'POST' to 'http://localhost:17337/session/3b6b0fd4cb34d5ab056bb671dc945124/execute/sync'
04:20:52.985 [Forwarding getPageSource on session 3b6b0fd4cb34d5ab056bb671dc945124 to remote] DEBUG org.asynchttpclient.netty.request.NettyRequestSender - Using open Channel [id: 0x415e72eb, L:/127.0.0.1:62322 - R:localhost/127.0.0.1:17337] for POST '/session/3b6b0fd4cb34d5ab056bb671dc945124/execute/sync'
04:20:52.989 [AsyncHttpClient-1-5] DEBUG org.asynchttpclient.netty.handler.HttpHandler - 

Request DefaultHttpRequest(decodeResult: success, version: HTTP/1.1)
POST /session/3b6b0fd4cb34d5ab056bb671dc945124/execute/sync HTTP/1.1
User-Agent: selenium/4.8.1 (java mac)
Content-Length: 176
Content-Type: application/json; charset=utf-8
host: localhost:17337
accept: */*

Response DefaultHttpResponse(decodeResult: success, version: HTTP/1.1)
HTTP/1.1 200 OK
Content-Length: 14816
Content-Type: application/json; charset=utf-8
cache-control: no-cache

04:20:52.989 [AsyncHttpClient-1-5] DEBUG org.asynchttpclient.netty.channel.ChannelManager - Adding key: http://localhost:17337 for channel [id: 0x415e72eb, L:/127.0.0.1:62322 - R:localhost/127.0.0.1:17337]
04:20:52.991 [Forwarding getCurrentUrl on session 3b6b0fd4cb34d5ab056bb671dc945124 to remote] DEBUG org.asynchttpclient.netty.request.NettyRequestSender - Using pooled Channel '[id: 0x415e72eb, L:/127.0.0.1:62322 - R:localhost/127.0.0.1:17337]' for 'GET' to 'http://localhost:17337/session/3b6b0fd4cb34d5ab056bb671dc945124/url'
04:20:52.991 [Forwarding getCurrentUrl on session 3b6b0fd4cb34d5ab056bb671dc945124 to remote] DEBUG org.asynchttpclient.netty.request.NettyRequestSender - Using open Channel [id: 0x415e72eb, L:/127.0.0.1:62322 - R:localhost/127.0.0.1:17337] for GET '/session/3b6b0fd4cb34d5ab056bb671dc945124/url'
04:20:52.993 [AsyncHttpClient-1-5] DEBUG org.asynchttpclient.netty.handler.HttpHandler - 

Request DefaultFullHttpRequest(decodeResult: success, version: HTTP/1.1, content: EmptyByteBufBE)
GET /session/3b6b0fd4cb34d5ab056bb671dc945124/url HTTP/1.1
User-Agent: selenium/4.8.1 (java mac)
Cache-Control: no-cache
Content-Type: application/json; charset=utf-8
host: localhost:17337
accept: */*

Response DefaultHttpResponse(decodeResult: success, version: HTTP/1.1)
HTTP/1.1 200 OK
Content-Length: 38
Content-Type: application/json; charset=utf-8
cache-control: no-cache

04:20:52.993 [AsyncHttpClient-1-5] DEBUG org.asynchttpclient.netty.channel.ChannelManager - Adding key: http://localhost:17337 for channel [id: 0x415e72eb, L:/127.0.0.1:62322 - R:localhost/127.0.0.1:17337]
04:20:52.998 [Forwarding getPageSource on session 3b6b0fd4cb34d5ab056bb671dc945124 to remote] DEBUG org.asynchttpclient.netty.request.NettyRequestSender - Using pooled Channel '[id: 0x415e72eb, L:/127.0.0.1:62322 - R:localhost/127.0.0.1:17337]' for 'POST' to 'http://localhost:17337/session/3b6b0fd4cb34d5ab056bb671dc945124/execute/sync'
04:20:52.998 [Forwarding getPageSource on session 3b6b0fd4cb34d5ab056bb671dc945124 to remote] DEBUG org.asynchttpclient.netty.request.NettyRequestSender - Using open Channel [id: 0x415e72eb, L:/127.0.0.1:62322 - R:localhost/127.0.0.1:17337] for POST '/session/3b6b0fd4cb34d5ab056bb671dc945124/execute/sync'
04:20:53.000 [AsyncHttpClient-1-5] DEBUG org.asynchttpclient.netty.handler.HttpHandler - 

Request DefaultHttpRequest(decodeResult: success, version: HTTP/1.1)
POST /session/3b6b0fd4cb34d5ab056bb671dc945124/execute/sync HTTP/1.1
User-Agent: selenium/4.8.1 (java mac)
Content-Length: 176
Content-Type: application/json; charset=utf-8
host: localhost:17337
accept: */*

Response DefaultHttpResponse(decodeResult: success, version: HTTP/1.1)
HTTP/1.1 200 OK
Content-Length: 14816
Content-Type: application/json; charset=utf-8
cache-control: no-cache

04:20:53.000 [AsyncHttpClient-1-5] DEBUG org.asynchttpclient.netty.channel.ChannelManager - Adding key: http://localhost:17337 for channel [id: 0x415e72eb, L:/127.0.0.1:62322 - R:localhost/127.0.0.1:17337]
04:20:53.001 [Forwarding getCurrentUrl on session 3b6b0fd4cb34d5ab056bb671dc945124 to remote] DEBUG org.asynchttpclient.netty.request.NettyRequestSender - Using pooled Channel '[id: 0x415e72eb, L:/127.0.0.1:62322 - R:localhost/127.0.0.1:17337]' for 'GET' to 'http://localhost:17337/session/3b6b0fd4cb34d5ab056bb671dc945124/url'
04:20:53.001 [Forwarding getCurrentUrl on session 3b6b0fd4cb34d5ab056bb671dc945124 to remote] DEBUG org.asynchttpclient.netty.request.NettyRequestSender - Using open Channel [id: 0x415e72eb, L:/127.0.0.1:62322 - R:localhost/127.0.0.1:17337] for GET '/session/3b6b0fd4cb34d5ab056bb671dc945124/url'
04:20:53.003 [AsyncHttpClient-1-5] DEBUG org.asynchttpclient.netty.handler.HttpHandler - 

Request DefaultFullHttpRequest(decodeResult: success, version: HTTP/1.1, content: EmptyByteBufBE)
GET /session/3b6b0fd4cb34d5ab056bb671dc945124/url HTTP/1.1
User-Agent: selenium/4.8.1 (java mac)
Cache-Control: no-cache
Content-Type: application/json; charset=utf-8
host: localhost:17337
accept: */*

Response DefaultHttpResponse(decodeResult: success, version: HTTP/1.1)
HTTP/1.1 200 OK
Content-Length: 38
Content-Type: application/json; charset=utf-8
cache-control: no-cache

04:20:53.003 [AsyncHttpClient-1-5] DEBUG org.asynchttpclient.netty.channel.ChannelManager - Adding key: http://localhost:17337 for channel [id: 0x415e72eb, L:/127.0.0.1:62322 - R:localhost/127.0.0.1:17337]
04:20:53.004 [main] DEBUG net.thucydides.core.steps.StepInterceptor - STARTING STEP: LoginSteps.iCanSeeErrorMessage - validateErrorMessageDisplayed
04:20:53.005 [Forwarding findElement on session 3b6b0fd4cb34d5ab056bb671dc945124 to remote] DEBUG org.asynchttpclient.netty.request.NettyRequestSender - Using pooled Channel '[id: 0x415e72eb, L:/127.0.0.1:62322 - R:localhost/127.0.0.1:17337]' for 'POST' to 'http://localhost:17337/session/3b6b0fd4cb34d5ab056bb671dc945124/element'
04:20:53.005 [Forwarding findElement on session 3b6b0fd4cb34d5ab056bb671dc945124 to remote] DEBUG org.asynchttpclient.netty.request.NettyRequestSender - Using open Channel [id: 0x415e72eb, L:/127.0.0.1:62322 - R:localhost/127.0.0.1:17337] for POST '/session/3b6b0fd4cb34d5ab056bb671dc945124/element'
04:20:53.049 [AsyncHttpClient-1-5] DEBUG org.asynchttpclient.netty.handler.HttpHandler - 

Request DefaultHttpRequest(decodeResult: success, version: HTTP/1.1)
POST /session/3b6b0fd4cb34d5ab056bb671dc945124/element HTTP/1.1
User-Agent: selenium/4.8.1 (java mac)
Content-Length: 71
Content-Type: application/json; charset=utf-8
host: localhost:17337
accept: */*

Response DefaultHttpResponse(decodeResult: success, version: HTTP/1.1)
HTTP/1.1 200 OK
Content-Length: 88
Content-Type: application/json; charset=utf-8
cache-control: no-cache

04:20:53.050 [AsyncHttpClient-1-5] DEBUG org.asynchttpclient.netty.channel.ChannelManager - Adding key: http://localhost:17337 for channel [id: 0x415e72eb, L:/127.0.0.1:62322 - R:localhost/127.0.0.1:17337]
04:20:53.051 [Forwarding isElementDisplayed on session 3b6b0fd4cb34d5ab056bb671dc945124 to remote] DEBUG org.asynchttpclient.netty.request.NettyRequestSender - Using pooled Channel '[id: 0x415e72eb, L:/127.0.0.1:62322 - R:localhost/127.0.0.1:17337]' for 'POST' to 'http://localhost:17337/session/3b6b0fd4cb34d5ab056bb671dc945124/execute/sync'
04:20:53.051 [Forwarding isElementDisplayed on session 3b6b0fd4cb34d5ab056bb671dc945124 to remote] DEBUG org.asynchttpclient.netty.request.NettyRequestSender - Using open Channel [id: 0x415e72eb, L:/127.0.0.1:62322 - R:localhost/127.0.0.1:17337] for POST '/session/3b6b0fd4cb34d5ab056bb671dc945124/execute/sync'
04:20:53.059 [AsyncHttpClient-1-5] DEBUG org.asynchttpclient.netty.handler.HttpHandler - 

Request DefaultHttpRequest(decodeResult: success, version: HTTP/1.1)
POST /session/3b6b0fd4cb34d5ab056bb671dc945124/execute/sync HTTP/1.1
User-Agent: selenium/4.8.1 (java mac)
Content-Length: 48807
Content-Type: application/json; charset=utf-8
host: localhost:17337
accept: */*

Response DefaultHttpResponse(decodeResult: success, version: HTTP/1.1)
HTTP/1.1 200 OK
Content-Length: 14
Content-Type: application/json; charset=utf-8
cache-control: no-cache

04:20:53.059 [AsyncHttpClient-1-5] DEBUG org.asynchttpclient.netty.channel.ChannelManager - Adding key: http://localhost:17337 for channel [id: 0x415e72eb, L:/127.0.0.1:62322 - R:localhost/127.0.0.1:17337]
04:20:53.061 [Forwarding getAlertText on session 3b6b0fd4cb34d5ab056bb671dc945124 to remote] DEBUG org.asynchttpclient.netty.request.NettyRequestSender - Using pooled Channel '[id: 0x415e72eb, L:/127.0.0.1:62322 - R:localhost/127.0.0.1:17337]' for 'GET' to 'http://localhost:17337/session/3b6b0fd4cb34d5ab056bb671dc945124/alert/text'
04:20:53.061 [Forwarding getAlertText on session 3b6b0fd4cb34d5ab056bb671dc945124 to remote] DEBUG org.asynchttpclient.netty.request.NettyRequestSender - Using open Channel [id: 0x415e72eb, L:/127.0.0.1:62322 - R:localhost/127.0.0.1:17337] for GET '/session/3b6b0fd4cb34d5ab056bb671dc945124/alert/text'
04:20:53.062 [AsyncHttpClient-1-5] DEBUG org.asynchttpclient.netty.handler.HttpHandler - 

Request DefaultFullHttpRequest(decodeResult: success, version: HTTP/1.1, content: EmptyByteBufBE)
GET /session/3b6b0fd4cb34d5ab056bb671dc945124/alert/text HTTP/1.1
User-Agent: selenium/4.8.1 (java mac)
Cache-Control: no-cache
Content-Type: application/json; charset=utf-8
host: localhost:17337
accept: */*

Response DefaultHttpResponse(decodeResult: success, version: HTTP/1.1)
HTTP/1.1 404 Not Found
Content-Length: 1762
Content-Type: application/json; charset=utf-8
cache-control: no-cache

04:20:53.062 [AsyncHttpClient-1-5] DEBUG org.asynchttpclient.netty.channel.ChannelManager - Adding key: http://localhost:17337 for channel [id: 0x415e72eb, L:/127.0.0.1:62322 - R:localhost/127.0.0.1:17337]
04:20:53.062 [Forwarding getCurrentUrl on session 3b6b0fd4cb34d5ab056bb671dc945124 to remote] DEBUG org.asynchttpclient.netty.request.NettyRequestSender - Using pooled Channel '[id: 0x415e72eb, L:/127.0.0.1:62322 - R:localhost/127.0.0.1:17337]' for 'GET' to 'http://localhost:17337/session/3b6b0fd4cb34d5ab056bb671dc945124/url'
04:20:53.062 [Forwarding getCurrentUrl on session 3b6b0fd4cb34d5ab056bb671dc945124 to remote] DEBUG org.asynchttpclient.netty.request.NettyRequestSender - Using open Channel [id: 0x415e72eb, L:/127.0.0.1:62322 - R:localhost/127.0.0.1:17337] for GET '/session/3b6b0fd4cb34d5ab056bb671dc945124/url'
04:20:53.064 [AsyncHttpClient-1-5] DEBUG org.asynchttpclient.netty.handler.HttpHandler - 

Request DefaultFullHttpRequest(decodeResult: success, version: HTTP/1.1, content: EmptyByteBufBE)
GET /session/3b6b0fd4cb34d5ab056bb671dc945124/url HTTP/1.1
User-Agent: selenium/4.8.1 (java mac)
Cache-Control: no-cache
Content-Type: application/json; charset=utf-8
host: localhost:17337
accept: */*

Response DefaultHttpResponse(decodeResult: success, version: HTTP/1.1)
HTTP/1.1 200 OK
Content-Length: 38
Content-Type: application/json; charset=utf-8
cache-control: no-cache

04:20:53.064 [AsyncHttpClient-1-5] DEBUG org.asynchttpclient.netty.channel.ChannelManager - Adding key: http://localhost:17337 for channel [id: 0x415e72eb, L:/127.0.0.1:62322 - R:localhost/127.0.0.1:17337]
04:20:53.064 [Forwarding screenshot on session 3b6b0fd4cb34d5ab056bb671dc945124 to remote] DEBUG org.asynchttpclient.netty.request.NettyRequestSender - Using pooled Channel '[id: 0x415e72eb, L:/127.0.0.1:62322 - R:localhost/127.0.0.1:17337]' for 'GET' to 'http://localhost:17337/session/3b6b0fd4cb34d5ab056bb671dc945124/screenshot'
04:20:53.064 [Forwarding screenshot on session 3b6b0fd4cb34d5ab056bb671dc945124 to remote] DEBUG org.asynchttpclient.netty.request.NettyRequestSender - Using open Channel [id: 0x415e72eb, L:/127.0.0.1:62322 - R:localhost/127.0.0.1:17337] for GET '/session/3b6b0fd4cb34d5ab056bb671dc945124/screenshot'
04:20:53.269 [AsyncHttpClient-1-5] DEBUG org.asynchttpclient.netty.handler.HttpHandler - 

Request DefaultFullHttpRequest(decodeResult: success, version: HTTP/1.1, content: EmptyByteBufBE)
GET /session/3b6b0fd4cb34d5ab056bb671dc945124/screenshot HTTP/1.1
User-Agent: selenium/4.8.1 (java mac)
Cache-Control: no-cache
Content-Type: application/json; charset=utf-8
host: localhost:17337
accept: */*

Response DefaultHttpResponse(decodeResult: success, version: HTTP/1.1)
HTTP/1.1 200 OK
Content-Length: 124156
Content-Type: application/json; charset=utf-8
cache-control: no-cache

04:20:53.270 [AsyncHttpClient-1-5] DEBUG org.asynchttpclient.netty.channel.ChannelManager - Adding key: http://localhost:17337 for channel [id: 0x415e72eb, L:/127.0.0.1:62322 - R:localhost/127.0.0.1:17337]
04:20:53.272 [main] DEBUG net.serenitybdd.core.photography.Darkroom - Send negative for processing for target/site/serenity/e321bd9d500bdd4f5ae91290b8455e57f887134c19d7a60b7660e7f89e7da341.png
04:20:53.272 [main] DEBUG net.thucydides.core.steps.StepInterceptor - STEP DONE: validateErrorMessageDisplayed
04:20:53.276 [Forwarding getPageSource on session 3b6b0fd4cb34d5ab056bb671dc945124 to remote] DEBUG org.asynchttpclient.netty.request.NettyRequestSender - Using pooled Channel '[id: 0x415e72eb, L:/127.0.0.1:62322 - R:localhost/127.0.0.1:17337]' for 'POST' to 'http://localhost:17337/session/3b6b0fd4cb34d5ab056bb671dc945124/execute/sync'
04:20:53.277 [Forwarding getPageSource on session 3b6b0fd4cb34d5ab056bb671dc945124 to remote] DEBUG org.asynchttpclient.netty.request.NettyRequestSender - Using open Channel [id: 0x415e72eb, L:/127.0.0.1:62322 - R:localhost/127.0.0.1:17337] for POST '/session/3b6b0fd4cb34d5ab056bb671dc945124/execute/sync'
04:20:53.279 [AsyncHttpClient-1-5] DEBUG org.asynchttpclient.netty.handler.HttpHandler - 

Request DefaultHttpRequest(decodeResult: success, version: HTTP/1.1)
POST /session/3b6b0fd4cb34d5ab056bb671dc945124/execute/sync HTTP/1.1
User-Agent: selenium/4.8.1 (java mac)
Content-Length: 176
Content-Type: application/json; charset=utf-8
host: localhost:17337
accept: */*

Response DefaultHttpResponse(decodeResult: success, version: HTTP/1.1)
HTTP/1.1 200 OK
Content-Length: 14816
Content-Type: application/json; charset=utf-8
cache-control: no-cache

04:20:53.279 [AsyncHttpClient-1-5] DEBUG org.asynchttpclient.netty.channel.ChannelManager - Adding key: http://localhost:17337 for channel [id: 0x415e72eb, L:/127.0.0.1:62322 - R:localhost/127.0.0.1:17337]
04:20:53.281 [Forwarding getCurrentUrl on session 3b6b0fd4cb34d5ab056bb671dc945124 to remote] DEBUG org.asynchttpclient.netty.request.NettyRequestSender - Using pooled Channel '[id: 0x415e72eb, L:/127.0.0.1:62322 - R:localhost/127.0.0.1:17337]' for 'GET' to 'http://localhost:17337/session/3b6b0fd4cb34d5ab056bb671dc945124/url'
04:20:53.281 [Forwarding getCurrentUrl on session 3b6b0fd4cb34d5ab056bb671dc945124 to remote] DEBUG org.asynchttpclient.netty.request.NettyRequestSender - Using open Channel [id: 0x415e72eb, L:/127.0.0.1:62322 - R:localhost/127.0.0.1:17337] for GET '/session/3b6b0fd4cb34d5ab056bb671dc945124/url'
04:20:53.286 [AsyncHttpClient-1-5] DEBUG org.asynchttpclient.netty.handler.HttpHandler - 

Request DefaultFullHttpRequest(decodeResult: success, version: HTTP/1.1, content: EmptyByteBufBE)
GET /session/3b6b0fd4cb34d5ab056bb671dc945124/url HTTP/1.1
User-Agent: selenium/4.8.1 (java mac)
Cache-Control: no-cache
Content-Type: application/json; charset=utf-8
host: localhost:17337
accept: */*

Response DefaultHttpResponse(decodeResult: success, version: HTTP/1.1)
HTTP/1.1 200 OK
Content-Length: 38
Content-Type: application/json; charset=utf-8
cache-control: no-cache

04:20:53.286 [AsyncHttpClient-1-5] DEBUG org.asynchttpclient.netty.channel.ChannelManager - Adding key: http://localhost:17337 for channel [id: 0x415e72eb, L:/127.0.0.1:62322 - R:localhost/127.0.0.1:17337]
04:20:53.287 [main] DEBUG net.thucydides.core.steps.StepInterceptor - STARTING STEP: LoginSteps.iCanSeeErrorMessage - validateEqualErrorMessage
04:20:53.288 [Forwarding findElement on session 3b6b0fd4cb34d5ab056bb671dc945124 to remote] DEBUG org.asynchttpclient.netty.request.NettyRequestSender - Using pooled Channel '[id: 0x415e72eb, L:/127.0.0.1:62322 - R:localhost/127.0.0.1:17337]' for 'POST' to 'http://localhost:17337/session/3b6b0fd4cb34d5ab056bb671dc945124/element'
04:20:53.289 [Forwarding findElement on session 3b6b0fd4cb34d5ab056bb671dc945124 to remote] DEBUG org.asynchttpclient.netty.request.NettyRequestSender - Using open Channel [id: 0x415e72eb, L:/127.0.0.1:62322 - R:localhost/127.0.0.1:17337] for POST '/session/3b6b0fd4cb34d5ab056bb671dc945124/element'
04:20:53.293 [AsyncHttpClient-1-5] DEBUG org.asynchttpclient.netty.handler.HttpHandler - 

Request DefaultHttpRequest(decodeResult: success, version: HTTP/1.1)
POST /session/3b6b0fd4cb34d5ab056bb671dc945124/element HTTP/1.1
User-Agent: selenium/4.8.1 (java mac)
Content-Length: 71
Content-Type: application/json; charset=utf-8
host: localhost:17337
accept: */*

Response DefaultHttpResponse(decodeResult: success, version: HTTP/1.1)
HTTP/1.1 200 OK
Content-Length: 88
Content-Type: application/json; charset=utf-8
cache-control: no-cache

04:20:53.293 [AsyncHttpClient-1-5] DEBUG org.asynchttpclient.netty.channel.ChannelManager - Adding key: http://localhost:17337 for channel [id: 0x415e72eb, L:/127.0.0.1:62322 - R:localhost/127.0.0.1:17337]
04:20:53.294 [Forwarding getElementText on session 3b6b0fd4cb34d5ab056bb671dc945124 to remote] DEBUG org.asynchttpclient.netty.request.NettyRequestSender - Using pooled Channel '[id: 0x415e72eb, L:/127.0.0.1:62322 - R:localhost/127.0.0.1:17337]' for 'GET' to 'http://localhost:17337/session/3b6b0fd4cb34d5ab056bb671dc945124/element/59f88f72-07c8-40d2-a3e1-1252193a2d15/text'
04:20:53.294 [Forwarding getElementText on session 3b6b0fd4cb34d5ab056bb671dc945124 to remote] DEBUG org.asynchttpclient.netty.request.NettyRequestSender - Using open Channel [id: 0x415e72eb, L:/127.0.0.1:62322 - R:localhost/127.0.0.1:17337] for GET '/session/3b6b0fd4cb34d5ab056bb671dc945124/element/59f88f72-07c8-40d2-a3e1-1252193a2d15/text'
04:20:53.306 [AsyncHttpClient-1-5] DEBUG org.asynchttpclient.netty.handler.HttpHandler - 

Request DefaultFullHttpRequest(decodeResult: success, version: HTTP/1.1, content: EmptyByteBufBE)
GET /session/3b6b0fd4cb34d5ab056bb671dc945124/element/59f88f72-07c8-40d2-a3e1-1252193a2d15/text HTTP/1.1
User-Agent: selenium/4.8.1 (java mac)
Cache-Control: no-cache
Content-Type: application/json; charset=utf-8
host: localhost:17337
accept: */*

Response DefaultHttpResponse(decodeResult: success, version: HTTP/1.1)
HTTP/1.1 200 OK
Content-Length: 85
Content-Type: application/json; charset=utf-8
cache-control: no-cache

04:20:53.306 [AsyncHttpClient-1-5] DEBUG org.asynchttpclient.netty.channel.ChannelManager - Adding key: http://localhost:17337 for channel [id: 0x415e72eb, L:/127.0.0.1:62322 - R:localhost/127.0.0.1:17337]
04:20:53.308 [main] DEBUG net.thucydides.core.steps.StepInterceptor - STEP DONE: validateEqualErrorMessage
  &amp#27;[32mThen &amp#27;[0m&amp#27;[32mI can see error message &amp#27;[0m&amp#27;[32m&amp#27;[1m"Epic sadface: Username and password do not match any user in this service"&amp#27;[0m &amp#27;[90m# starter.stepdef.LoginSteps.iCanSeeErrorMessage(java.lang.String)&amp#27;[0m
04:20:53.310 [main] INFO  - 
  _____   ___   ___   _____     ___     _     ___   ___   ___   ___  
 |_   _| | __| / __| |_   _|   | _ \   /_\   / __| / __| | __| |   \ 
   | |   | _|  \__ \   | |     |  _/  / _ \  \__ \ \__ \ | _|  | |) |
   |_|   |___| |___/   |_|     |_|   /_/ \_\ |___/ |___/ |___| |___/ 

As a user, i login with not accepted username test_alta
----------------------------------------------------------------------
04:20:53.311 [Driver Command Executor] DEBUG org.asynchttpclient.netty.request.NettyRequestSender - Using pooled Channel '[id: 0x415e72eb, L:/127.0.0.1:62322 - R:localhost/127.0.0.1:17337]' for 'DELETE' to 'http://localhost:17337/session/3b6b0fd4cb34d5ab056bb671dc945124'
04:20:53.311 [Driver Command Executor] DEBUG org.asynchttpclient.netty.request.NettyRequestSender - Using open Channel [id: 0x415e72eb, L:/127.0.0.1:62322 - R:localhost/127.0.0.1:17337] for DELETE '/session/3b6b0fd4cb34d5ab056bb671dc945124'
04:20:53.311 [AsyncHttpClient-1-7] DEBUG org.asynchttpclient.netty.handler.WebSocketHandler - Channel Closed: [id: 0x50a65f71, L:/127.0.0.1:62329 ! R:localhost/127.0.0.1:62323] with attribute NettyResponseFuture{currentRetry=0,
	isDone=1,
	isCancelled=0,
	asyncHandler=org.asynchttpclient.ws.WebSocketUpgradeHandler@439b30f4,
	nettyRequest=org.asynchttpclient.netty.request.NettyRequest@699b6e3,
	future=java.util.concurrent.CompletableFuture@55f572cf[Completed normally],
	uri=ws://localhost:62323/devtools/browser/894c8e30-acc1-476b-9f1f-e283c9ad384d,
	keepAlive=true,
	redirectCount=0,
	timeoutsHolder=null,
	inAuth=0,
	touch=1681075248267}
04:20:53.311 [AsyncHttpClient-1-7] DEBUG org.asynchttpclient.netty.channel.ChannelManager - Closing Channel [id: 0x50a65f71, L:/127.0.0.1:62329 ! R:localhost/127.0.0.1:62323] 
04:20:53.328 [AsyncHttpClient-1-6] DEBUG org.asynchttpclient.netty.handler.HttpHandler - Channel Closed: [id: 0xc7655341, L:/127.0.0.1:62328 ! R:localhost/127.0.0.1:62323] with attribute DISCARD
04:20:53.363 [AsyncHttpClient-1-5] DEBUG org.asynchttpclient.netty.handler.HttpHandler - 

Request DefaultFullHttpRequest(decodeResult: success, version: HTTP/1.1, content: EmptyByteBufBE)
DELETE /session/3b6b0fd4cb34d5ab056bb671dc945124 HTTP/1.1
User-Agent: selenium/4.8.1 (java mac)
Content-Type: application/json; charset=utf-8
host: localhost:17337
accept: */*

Response DefaultHttpResponse(decodeResult: success, version: HTTP/1.1)
HTTP/1.1 200 OK
Content-Length: 14
Content-Type: application/json; charset=utf-8
cache-control: no-cache

04:20:53.364 [AsyncHttpClient-1-5] DEBUG org.asynchttpclient.netty.channel.ChannelManager - Adding key: http://localhost:17337 for channel [id: 0x415e72eb, L:/127.0.0.1:62322 - R:localhost/127.0.0.1:17337]
04:20:53.376 [AsyncHttpClient-1-5] DEBUG org.asynchttpclient.netty.handler.HttpHandler - Channel Closed: [id: 0x415e72eb, L:/127.0.0.1:62322 ! R:localhost/127.0.0.1:17337] with attribute DISCARD
04:20:53.396 [AsyncHttpClient-1-1] DEBUG org.asynchttpclient.netty.channel.DefaultChannelPool - Entry count for : http://localhost:62323 : 1
04:20:53.396 [AsyncHttpClient-1-1] DEBUG org.asynchttpclient.netty.channel.DefaultChannelPool - Entry count for : http://localhost:17337 : 1
04:20:53.396 [AsyncHttpClient-1-1] DEBUG org.asynchttpclient.netty.channel.DefaultChannelPool - Adding Candidate expired Channel [id: 0xc7655341, L:/127.0.0.1:62328 ! R:localhost/127.0.0.1:62323] isIdleTimeoutExpired=false isRemotelyClosed=true isTtlExpired=false
04:20:53.396 [AsyncHttpClient-1-1] DEBUG org.asynchttpclient.netty.channel.DefaultChannelPool - Closing Idle Channel [id: 0xc7655341, L:/127.0.0.1:62328 ! R:localhost/127.0.0.1:62323]
04:20:53.396 [AsyncHttpClient-1-1] DEBUG org.asynchttpclient.netty.channel.DefaultChannelPool - Adding Candidate expired Channel [id: 0x415e72eb, L:/127.0.0.1:62322 ! R:localhost/127.0.0.1:17337] isIdleTimeoutExpired=false isRemotelyClosed=true isTtlExpired=false
04:20:53.396 [AsyncHttpClient-1-1] DEBUG org.asynchttpclient.netty.channel.DefaultChannelPool - Closing Idle Channel [id: 0x415e72eb, L:/127.0.0.1:62322 ! R:localhost/127.0.0.1:17337]
04:20:53.396 [AsyncHttpClient-1-1] DEBUG org.asynchttpclient.netty.channel.DefaultChannelPool - Closed 2 connections out of 2 in 0 ms
]]></system-out>
    <system-err><![CDATA[Starting ChromeDriver 111.0.5563.64 (c710e93d5b63b7095afe8c2c17df34408078439d-refs/branch-heads/5563@{#995}) on port 17337
Only local connections are allowed.
Please see https://chromedriver.chromium.org/security-considerations for suggestions on keeping ChromeDriver safe.
ChromeDriver was started successfully.
[1681075247.715][WARNING]: This version of ChromeDriver has not been tested with Chrome version 112.
Apr 10, 2023 4:20:48 AM org.openqa.selenium.devtools.CdpVersionFinder findNearestMatch
WARNING: Unable to find an exact match for CDP version 112, so returning the closest version found: 110
]]></system-err>
  </testcase>
  <testcase name="As a user, i login with accepted username problem_user" classname="login" time="10.495">
    <system-out><![CDATA[
@Login @test3
Scenario: As a user, i login with accepted username problem_user &amp#27;[90m# src/test/resources/features/Login.feature:24&amp#27;[0m
04:20:53.437 [main] DEBUG io.cucumber.core.plugin.SerenityReporter - Running feature from file:///Users/masgilang/Downloads/Prioritas1WebTestSerenity/src/test/resources/features/Login.feature
04:20:53.438 [main] INFO  - 
  _____   ___   ___   _____     ___   _____     _     ___   _____   ___   ___  
 |_   _| | __| / __| |_   _|   / __| |_   _|   /_\   | _ \ |_   _| | __| |   \ 
   | |   | _|  \__ \   | |     \__ \   | |    / _ \  |   /   | |   | _|  | |) |
   |_|   |___| |___/   |_|     |___/   |_|   /_/ \_\ |_|_\   |_|   |___| |___/ 

As a user, i login with accepted username problem_user(login;as-a-user--i-login-with-accepted-username-problem-user)
--------------------------------------------------------------------------------
04:20:53.476 [main] INFO net.serenitybdd.core.webdriver.driverproviders.ChromeDriverProvider - Starting Chrome driver instance with capabilities:
04:20:53.477 [main] INFO net.serenitybdd.core.webdriver.driverproviders.ChromeDriverProvider - Capabilities {acceptInsecureCerts: false, browserName: chrome, goog:chromeOptions: {args: [remote-allow-origins=*], extensions: []}}
04:20:53.545 [AsyncHttpClient-1-8] DEBUG org.asynchttpclient.netty.channel.NettyConnectListener - Using new Channel '[id: 0x404f89ca, L:/127.0.0.1:62341 - R:localhost/127.0.0.1:5242]' for 'POST' to '/session'
04:20:58.077 [AsyncHttpClient-1-8] DEBUG org.asynchttpclient.netty.handler.HttpHandler - 

Request DefaultHttpRequest(decodeResult: success, version: HTTP/1.1)
POST /session HTTP/1.1
User-Agent: selenium/4.8.1 (java mac)
Content-Length: 507
Content-Type: application/json; charset=utf-8
host: localhost:5242
accept: */*

Response DefaultHttpResponse(decodeResult: success, version: HTTP/1.1)
HTTP/1.1 200 OK
Content-Length: 868
Content-Type: application/json; charset=utf-8
cache-control: no-cache

04:20:58.078 [AsyncHttpClient-1-8] DEBUG org.asynchttpclient.netty.channel.ChannelManager - Adding key: http://localhost:5242 for channel [id: 0x404f89ca, L:/127.0.0.1:62341 - R:localhost/127.0.0.1:5242]
04:20:58.101 [AsyncHttpClient-1-9] DEBUG org.asynchttpclient.netty.channel.NettyConnectListener - Using new Channel '[id: 0x1e97e072, L:/127.0.0.1:62347 - R:localhost/127.0.0.1:62342]' for 'GET' to '/json/version'
04:20:58.103 [AsyncHttpClient-1-9] DEBUG org.asynchttpclient.netty.handler.HttpHandler - 

Request DefaultFullHttpRequest(decodeResult: success, version: HTTP/1.1, content: EmptyByteBufBE)
GET /json/version HTTP/1.1
User-Agent: selenium/4.8.1 (java mac)
host: localhost:62342
accept: */*

Response DefaultHttpResponse(decodeResult: success, version: HTTP/1.1)
HTTP/1.1 200 OK
Content-Security-Policy: frame-ancestors 'none'
Content-Length: 420
Content-Type: application/json; charset=UTF-8

04:20:58.103 [AsyncHttpClient-1-9] DEBUG org.asynchttpclient.netty.channel.ChannelManager - Adding key: http://localhost:62342 for channel [id: 0x1e97e072, L:/127.0.0.1:62347 - R:localhost/127.0.0.1:62342]
04:20:58.105 [AsyncHttpClient-1-10] DEBUG org.asynchttpclient.netty.channel.NettyConnectListener - Using new Channel '[id: 0xe8e18dbe, L:/127.0.0.1:62348 - R:localhost/127.0.0.1:62342]' for 'GET' to '/devtools/browser/aded3a49-5edd-49d3-bb62-031a1a5b1290'
04:20:58.107 [AsyncHttpClient-1-10] DEBUG org.asynchttpclient.netty.handler.WebSocketHandler - 

Request DefaultFullHttpRequest(decodeResult: success, version: HTTP/1.1, content: EmptyByteBufBE)
GET /devtools/browser/aded3a49-5edd-49d3-bb62-031a1a5b1290 HTTP/1.1
upgrade: websocket
connection: upgrade
sec-websocket-key: fZwPTy1YiQ4csoC9KbEIMQ==
sec-websocket-version: 13
origin: http://localhost:62342
host: localhost:62342
accept: */*
user-agent: AHC/2.1

Response DefaultHttpResponse(decodeResult: success, version: HTTP/1.1)
HTTP/1.1 101 WebSocket Protocol Handshake
Upgrade: WebSocket
Connection: Upgrade
Sec-WebSocket-Accept: Ys9b42QEaUm2U5PTQHQE3+ZHuLQ=

04:20:58.111 [Forwarding maximizeCurrentWindow on session 5f2b112862c52d4155b6376add39ec37 to remote] DEBUG org.asynchttpclient.netty.request.NettyRequestSender - Using pooled Channel '[id: 0x404f89ca, L:/127.0.0.1:62341 - R:localhost/127.0.0.1:5242]' for 'POST' to 'http://localhost:5242/session/5f2b112862c52d4155b6376add39ec37/window/maximize'
04:20:58.111 [Forwarding maximizeCurrentWindow on session 5f2b112862c52d4155b6376add39ec37 to remote] DEBUG org.asynchttpclient.netty.request.NettyRequestSender - Using open Channel [id: 0x404f89ca, L:/127.0.0.1:62341 - R:localhost/127.0.0.1:5242] for POST '/session/5f2b112862c52d4155b6376add39ec37/window/maximize'
04:20:58.524 [AsyncHttpClient-1-8] DEBUG org.asynchttpclient.netty.handler.HttpHandler - 

Request DefaultHttpRequest(decodeResult: success, version: HTTP/1.1)
POST /session/5f2b112862c52d4155b6376add39ec37/window/maximize HTTP/1.1
User-Agent: selenium/4.8.1 (java mac)
Content-Length: 3
Content-Type: application/json; charset=utf-8
host: localhost:5242
accept: */*

Response DefaultHttpResponse(decodeResult: success, version: HTTP/1.1)
HTTP/1.1 200 OK
Content-Length: 50
Content-Type: application/json; charset=utf-8
cache-control: no-cache

04:20:58.525 [AsyncHttpClient-1-8] DEBUG org.asynchttpclient.netty.channel.ChannelManager - Adding key: http://localhost:5242 for channel [id: 0x404f89ca, L:/127.0.0.1:62341 - R:localhost/127.0.0.1:5242]
04:20:58.526 [Forwarding get on session 5f2b112862c52d4155b6376add39ec37 to remote] DEBUG org.asynchttpclient.netty.request.NettyRequestSender - Using pooled Channel '[id: 0x404f89ca, L:/127.0.0.1:62341 - R:localhost/127.0.0.1:5242]' for 'POST' to 'http://localhost:5242/session/5f2b112862c52d4155b6376add39ec37/url'
04:20:58.526 [Forwarding get on session 5f2b112862c52d4155b6376add39ec37 to remote] DEBUG org.asynchttpclient.netty.request.NettyRequestSender - Using open Channel [id: 0x404f89ca, L:/127.0.0.1:62341 - R:localhost/127.0.0.1:5242] for POST '/session/5f2b112862c52d4155b6376add39ec37/url'
04:20:58.895 [AsyncHttpClient-1-1] DEBUG org.asynchttpclient.netty.channel.DefaultChannelPool - Entry count for : http://localhost:62342 : 1
04:20:59.968 [AsyncHttpClient-1-8] DEBUG org.asynchttpclient.netty.handler.HttpHandler - 

Request DefaultHttpRequest(decodeResult: success, version: HTTP/1.1)
POST /session/5f2b112862c52d4155b6376add39ec37/url HTTP/1.1
User-Agent: selenium/4.8.1 (java mac)
Content-Length: 56
Content-Type: application/json; charset=utf-8
host: localhost:5242
accept: */*

Response DefaultHttpResponse(decodeResult: success, version: HTTP/1.1)
HTTP/1.1 200 OK
Content-Length: 14
Content-Type: application/json; charset=utf-8
cache-control: no-cache

04:20:59.968 [AsyncHttpClient-1-8] DEBUG org.asynchttpclient.netty.channel.ChannelManager - Adding key: http://localhost:5242 for channel [id: 0x404f89ca, L:/127.0.0.1:62341 - R:localhost/127.0.0.1:5242]
04:20:59.969 [Forwarding setTimeout on session 5f2b112862c52d4155b6376add39ec37 to remote] DEBUG org.asynchttpclient.netty.request.NettyRequestSender - Using pooled Channel '[id: 0x404f89ca, L:/127.0.0.1:62341 - R:localhost/127.0.0.1:5242]' for 'POST' to 'http://localhost:5242/session/5f2b112862c52d4155b6376add39ec37/timeouts'
04:20:59.969 [Forwarding setTimeout on session 5f2b112862c52d4155b6376add39ec37 to remote] DEBUG org.asynchttpclient.netty.request.NettyRequestSender - Using open Channel [id: 0x404f89ca, L:/127.0.0.1:62341 - R:localhost/127.0.0.1:5242] for POST '/session/5f2b112862c52d4155b6376add39ec37/timeouts'
04:20:59.971 [AsyncHttpClient-1-8] DEBUG org.asynchttpclient.netty.handler.HttpHandler - 

Request DefaultHttpRequest(decodeResult: success, version: HTTP/1.1)
POST /session/5f2b112862c52d4155b6376add39ec37/timeouts HTTP/1.1
User-Agent: selenium/4.8.1 (java mac)
Content-Length: 22
Content-Type: application/json; charset=utf-8
host: localhost:5242
accept: */*

Response DefaultHttpResponse(decodeResult: success, version: HTTP/1.1)
HTTP/1.1 200 OK
Content-Length: 14
Content-Type: application/json; charset=utf-8
cache-control: no-cache

04:20:59.971 [AsyncHttpClient-1-8] DEBUG org.asynchttpclient.netty.channel.ChannelManager - Adding key: http://localhost:5242 for channel [id: 0x404f89ca, L:/127.0.0.1:62341 - R:localhost/127.0.0.1:5242]
04:20:59.977 [Forwarding getAlertText on session 5f2b112862c52d4155b6376add39ec37 to remote] DEBUG org.asynchttpclient.netty.request.NettyRequestSender - Using pooled Channel '[id: 0x404f89ca, L:/127.0.0.1:62341 - R:localhost/127.0.0.1:5242]' for 'GET' to 'http://localhost:5242/session/5f2b112862c52d4155b6376add39ec37/alert/text'
04:20:59.977 [Forwarding getAlertText on session 5f2b112862c52d4155b6376add39ec37 to remote] DEBUG org.asynchttpclient.netty.request.NettyRequestSender - Using open Channel [id: 0x404f89ca, L:/127.0.0.1:62341 - R:localhost/127.0.0.1:5242] for GET '/session/5f2b112862c52d4155b6376add39ec37/alert/text'
04:20:59.980 [AsyncHttpClient-1-8] DEBUG org.asynchttpclient.netty.handler.HttpHandler - 

Request DefaultFullHttpRequest(decodeResult: success, version: HTTP/1.1, content: EmptyByteBufBE)
GET /session/5f2b112862c52d4155b6376add39ec37/alert/text HTTP/1.1
User-Agent: selenium/4.8.1 (java mac)
Cache-Control: no-cache
Content-Type: application/json; charset=utf-8
host: localhost:5242
accept: */*

Response DefaultHttpResponse(decodeResult: success, version: HTTP/1.1)
HTTP/1.1 404 Not Found
Content-Length: 1762
Content-Type: application/json; charset=utf-8
cache-control: no-cache

04:20:59.981 [AsyncHttpClient-1-8] DEBUG org.asynchttpclient.netty.channel.ChannelManager - Adding key: http://localhost:5242 for channel [id: 0x404f89ca, L:/127.0.0.1:62341 - R:localhost/127.0.0.1:5242]
04:20:59.981 [Forwarding getCurrentUrl on session 5f2b112862c52d4155b6376add39ec37 to remote] DEBUG org.asynchttpclient.netty.request.NettyRequestSender - Using pooled Channel '[id: 0x404f89ca, L:/127.0.0.1:62341 - R:localhost/127.0.0.1:5242]' for 'GET' to 'http://localhost:5242/session/5f2b112862c52d4155b6376add39ec37/url'
04:20:59.982 [Forwarding getCurrentUrl on session 5f2b112862c52d4155b6376add39ec37 to remote] DEBUG org.asynchttpclient.netty.request.NettyRequestSender - Using open Channel [id: 0x404f89ca, L:/127.0.0.1:62341 - R:localhost/127.0.0.1:5242] for GET '/session/5f2b112862c52d4155b6376add39ec37/url'
04:20:59.992 [AsyncHttpClient-1-1] DEBUG org.asynchttpclient.netty.channel.DefaultChannelPool - Entry count for : http://localhost:62342 : 1
04:21:00.004 [AsyncHttpClient-1-8] DEBUG org.asynchttpclient.netty.handler.HttpHandler - 

Request DefaultFullHttpRequest(decodeResult: success, version: HTTP/1.1, content: EmptyByteBufBE)
GET /session/5f2b112862c52d4155b6376add39ec37/url HTTP/1.1
User-Agent: selenium/4.8.1 (java mac)
Cache-Control: no-cache
Content-Type: application/json; charset=utf-8
host: localhost:5242
accept: */*

Response DefaultHttpResponse(decodeResult: success, version: HTTP/1.1)
HTTP/1.1 200 OK
Content-Length: 38
Content-Type: application/json; charset=utf-8
cache-control: no-cache

04:21:00.004 [AsyncHttpClient-1-8] DEBUG org.asynchttpclient.netty.channel.ChannelManager - Adding key: http://localhost:5242 for channel [id: 0x404f89ca, L:/127.0.0.1:62341 - R:localhost/127.0.0.1:5242]
04:21:00.004 [Forwarding screenshot on session 5f2b112862c52d4155b6376add39ec37 to remote] DEBUG org.asynchttpclient.netty.request.NettyRequestSender - Using pooled Channel '[id: 0x404f89ca, L:/127.0.0.1:62341 - R:localhost/127.0.0.1:5242]' for 'GET' to 'http://localhost:5242/session/5f2b112862c52d4155b6376add39ec37/screenshot'
04:21:00.004 [Forwarding screenshot on session 5f2b112862c52d4155b6376add39ec37 to remote] DEBUG org.asynchttpclient.netty.request.NettyRequestSender - Using open Channel [id: 0x404f89ca, L:/127.0.0.1:62341 - R:localhost/127.0.0.1:5242] for GET '/session/5f2b112862c52d4155b6376add39ec37/screenshot'
04:21:00.249 [AsyncHttpClient-1-8] DEBUG org.asynchttpclient.netty.handler.HttpHandler - 

Request DefaultFullHttpRequest(decodeResult: success, version: HTTP/1.1, content: EmptyByteBufBE)
GET /session/5f2b112862c52d4155b6376add39ec37/screenshot HTTP/1.1
User-Agent: selenium/4.8.1 (java mac)
Cache-Control: no-cache
Content-Type: application/json; charset=utf-8
host: localhost:5242
accept: */*

Response DefaultHttpResponse(decodeResult: success, version: HTTP/1.1)
HTTP/1.1 200 OK
Content-Length: 100096
Content-Type: application/json; charset=utf-8
cache-control: no-cache

04:21:00.250 [AsyncHttpClient-1-8] DEBUG org.asynchttpclient.netty.channel.ChannelManager - Adding key: http://localhost:5242 for channel [id: 0x404f89ca, L:/127.0.0.1:62341 - R:localhost/127.0.0.1:5242]
04:21:00.253 [main] DEBUG net.serenitybdd.core.photography.Darkroom - Send negative for processing for target/site/serenity/377ffb6d1550d3632e8c516234cfcf50b136ee3152a3183094b22917dd9b473e.png
04:21:00.254 [Forwarding getPageSource on session 5f2b112862c52d4155b6376add39ec37 to remote] DEBUG org.asynchttpclient.netty.request.NettyRequestSender - Using pooled Channel '[id: 0x404f89ca, L:/127.0.0.1:62341 - R:localhost/127.0.0.1:5242]' for 'POST' to 'http://localhost:5242/session/5f2b112862c52d4155b6376add39ec37/execute/sync'
04:21:00.254 [Forwarding getPageSource on session 5f2b112862c52d4155b6376add39ec37 to remote] DEBUG org.asynchttpclient.netty.request.NettyRequestSender - Using open Channel [id: 0x404f89ca, L:/127.0.0.1:62341 - R:localhost/127.0.0.1:5242] for POST '/session/5f2b112862c52d4155b6376add39ec37/execute/sync'
04:21:00.260 [AsyncHttpClient-1-8] DEBUG org.asynchttpclient.netty.handler.HttpHandler - 

Request DefaultHttpRequest(decodeResult: success, version: HTTP/1.1)
POST /session/5f2b112862c52d4155b6376add39ec37/execute/sync HTTP/1.1
User-Agent: selenium/4.8.1 (java mac)
Content-Length: 176
Content-Type: application/json; charset=utf-8
host: localhost:5242
accept: */*

Response DefaultHttpResponse(decodeResult: success, version: HTTP/1.1)
HTTP/1.1 200 OK
Content-Length: 4286
Content-Type: application/json; charset=utf-8
cache-control: no-cache

04:21:00.261 [AsyncHttpClient-1-8] DEBUG org.asynchttpclient.netty.channel.ChannelManager - Adding key: http://localhost:5242 for channel [id: 0x404f89ca, L:/127.0.0.1:62341 - R:localhost/127.0.0.1:5242]
04:21:00.262 [Forwarding getCurrentUrl on session 5f2b112862c52d4155b6376add39ec37 to remote] DEBUG org.asynchttpclient.netty.request.NettyRequestSender - Using pooled Channel '[id: 0x404f89ca, L:/127.0.0.1:62341 - R:localhost/127.0.0.1:5242]' for 'GET' to 'http://localhost:5242/session/5f2b112862c52d4155b6376add39ec37/url'
04:21:00.262 [Forwarding getCurrentUrl on session 5f2b112862c52d4155b6376add39ec37 to remote] DEBUG org.asynchttpclient.netty.request.NettyRequestSender - Using open Channel [id: 0x404f89ca, L:/127.0.0.1:62341 - R:localhost/127.0.0.1:5242] for GET '/session/5f2b112862c52d4155b6376add39ec37/url'
04:21:00.304 [AsyncHttpClient-1-8] DEBUG org.asynchttpclient.netty.handler.HttpHandler - 

Request DefaultFullHttpRequest(decodeResult: success, version: HTTP/1.1, content: EmptyByteBufBE)
GET /session/5f2b112862c52d4155b6376add39ec37/url HTTP/1.1
User-Agent: selenium/4.8.1 (java mac)
Cache-Control: no-cache
Content-Type: application/json; charset=utf-8
host: localhost:5242
accept: */*

Response DefaultHttpResponse(decodeResult: success, version: HTTP/1.1)
HTTP/1.1 200 OK
Content-Length: 38
Content-Type: application/json; charset=utf-8
cache-control: no-cache

04:21:00.304 [AsyncHttpClient-1-8] DEBUG org.asynchttpclient.netty.channel.ChannelManager - Adding key: http://localhost:5242 for channel [id: 0x404f89ca, L:/127.0.0.1:62341 - R:localhost/127.0.0.1:5242]
04:21:00.305 [main] DEBUG net.thucydides.core.steps.StepInterceptor - STARTING STEP: LoginSteps.iAmOnTheLoginPage - validateOnTheLoginPage
04:21:00.306 [Forwarding findElement on session 5f2b112862c52d4155b6376add39ec37 to remote] DEBUG org.asynchttpclient.netty.request.NettyRequestSender - Using pooled Channel '[id: 0x404f89ca, L:/127.0.0.1:62341 - R:localhost/127.0.0.1:5242]' for 'POST' to 'http://localhost:5242/session/5f2b112862c52d4155b6376add39ec37/element'
04:21:00.306 [Forwarding findElement on session 5f2b112862c52d4155b6376add39ec37 to remote] DEBUG org.asynchttpclient.netty.request.NettyRequestSender - Using open Channel [id: 0x404f89ca, L:/127.0.0.1:62341 - R:localhost/127.0.0.1:5242] for POST '/session/5f2b112862c52d4155b6376add39ec37/element'
04:21:00.350 [AsyncHttpClient-1-8] DEBUG org.asynchttpclient.netty.handler.HttpHandler - 

Request DefaultHttpRequest(decodeResult: success, version: HTTP/1.1)
POST /session/5f2b112862c52d4155b6376add39ec37/element HTTP/1.1
User-Agent: selenium/4.8.1 (java mac)
Content-Length: 59
Content-Type: application/json; charset=utf-8
host: localhost:5242
accept: */*

Response DefaultHttpResponse(decodeResult: success, version: HTTP/1.1)
HTTP/1.1 200 OK
Content-Length: 88
Content-Type: application/json; charset=utf-8
cache-control: no-cache

04:21:00.350 [AsyncHttpClient-1-8] DEBUG org.asynchttpclient.netty.channel.ChannelManager - Adding key: http://localhost:5242 for channel [id: 0x404f89ca, L:/127.0.0.1:62341 - R:localhost/127.0.0.1:5242]
04:21:00.351 [Forwarding isElementDisplayed on session 5f2b112862c52d4155b6376add39ec37 to remote] DEBUG org.asynchttpclient.netty.request.NettyRequestSender - Using pooled Channel '[id: 0x404f89ca, L:/127.0.0.1:62341 - R:localhost/127.0.0.1:5242]' for 'POST' to 'http://localhost:5242/session/5f2b112862c52d4155b6376add39ec37/execute/sync'
04:21:00.351 [Forwarding isElementDisplayed on session 5f2b112862c52d4155b6376add39ec37 to remote] DEBUG org.asynchttpclient.netty.request.NettyRequestSender - Using open Channel [id: 0x404f89ca, L:/127.0.0.1:62341 - R:localhost/127.0.0.1:5242] for POST '/session/5f2b112862c52d4155b6376add39ec37/execute/sync'
04:21:00.384 [AsyncHttpClient-1-8] DEBUG org.asynchttpclient.netty.handler.HttpHandler - 

Request DefaultHttpRequest(decodeResult: success, version: HTTP/1.1)
POST /session/5f2b112862c52d4155b6376add39ec37/execute/sync HTTP/1.1
User-Agent: selenium/4.8.1 (java mac)
Content-Length: 48807
Content-Type: application/json; charset=utf-8
host: localhost:5242
accept: */*

Response DefaultHttpResponse(decodeResult: success, version: HTTP/1.1)
HTTP/1.1 200 OK
Content-Length: 14
Content-Type: application/json; charset=utf-8
cache-control: no-cache

04:21:00.384 [AsyncHttpClient-1-8] DEBUG org.asynchttpclient.netty.channel.ChannelManager - Adding key: http://localhost:5242 for channel [id: 0x404f89ca, L:/127.0.0.1:62341 - R:localhost/127.0.0.1:5242]
04:21:00.386 [Forwarding getAlertText on session 5f2b112862c52d4155b6376add39ec37 to remote] DEBUG org.asynchttpclient.netty.request.NettyRequestSender - Using pooled Channel '[id: 0x404f89ca, L:/127.0.0.1:62341 - R:localhost/127.0.0.1:5242]' for 'GET' to 'http://localhost:5242/session/5f2b112862c52d4155b6376add39ec37/alert/text'
04:21:00.386 [Forwarding getAlertText on session 5f2b112862c52d4155b6376add39ec37 to remote] DEBUG org.asynchttpclient.netty.request.NettyRequestSender - Using open Channel [id: 0x404f89ca, L:/127.0.0.1:62341 - R:localhost/127.0.0.1:5242] for GET '/session/5f2b112862c52d4155b6376add39ec37/alert/text'
04:21:00.387 [AsyncHttpClient-1-8] DEBUG org.asynchttpclient.netty.handler.HttpHandler - 

Request DefaultFullHttpRequest(decodeResult: success, version: HTTP/1.1, content: EmptyByteBufBE)
GET /session/5f2b112862c52d4155b6376add39ec37/alert/text HTTP/1.1
User-Agent: selenium/4.8.1 (java mac)
Cache-Control: no-cache
Content-Type: application/json; charset=utf-8
host: localhost:5242
accept: */*

Response DefaultHttpResponse(decodeResult: success, version: HTTP/1.1)
HTTP/1.1 404 Not Found
Content-Length: 1762
Content-Type: application/json; charset=utf-8
cache-control: no-cache

04:21:00.387 [AsyncHttpClient-1-8] DEBUG org.asynchttpclient.netty.channel.ChannelManager - Adding key: http://localhost:5242 for channel [id: 0x404f89ca, L:/127.0.0.1:62341 - R:localhost/127.0.0.1:5242]
04:21:00.388 [Forwarding getCurrentUrl on session 5f2b112862c52d4155b6376add39ec37 to remote] DEBUG org.asynchttpclient.netty.request.NettyRequestSender - Using pooled Channel '[id: 0x404f89ca, L:/127.0.0.1:62341 - R:localhost/127.0.0.1:5242]' for 'GET' to 'http://localhost:5242/session/5f2b112862c52d4155b6376add39ec37/url'
04:21:00.388 [Forwarding getCurrentUrl on session 5f2b112862c52d4155b6376add39ec37 to remote] DEBUG org.asynchttpclient.netty.request.NettyRequestSender - Using open Channel [id: 0x404f89ca, L:/127.0.0.1:62341 - R:localhost/127.0.0.1:5242] for GET '/session/5f2b112862c52d4155b6376add39ec37/url'
04:21:00.390 [AsyncHttpClient-1-8] DEBUG org.asynchttpclient.netty.handler.HttpHandler - 

Request DefaultFullHttpRequest(decodeResult: success, version: HTTP/1.1, content: EmptyByteBufBE)
GET /session/5f2b112862c52d4155b6376add39ec37/url HTTP/1.1
User-Agent: selenium/4.8.1 (java mac)
Cache-Control: no-cache
Content-Type: application/json; charset=utf-8
host: localhost:5242
accept: */*

Response DefaultHttpResponse(decodeResult: success, version: HTTP/1.1)
HTTP/1.1 200 OK
Content-Length: 38
Content-Type: application/json; charset=utf-8
cache-control: no-cache

04:21:00.390 [AsyncHttpClient-1-8] DEBUG org.asynchttpclient.netty.channel.ChannelManager - Adding key: http://localhost:5242 for channel [id: 0x404f89ca, L:/127.0.0.1:62341 - R:localhost/127.0.0.1:5242]
04:21:00.390 [Forwarding screenshot on session 5f2b112862c52d4155b6376add39ec37 to remote] DEBUG org.asynchttpclient.netty.request.NettyRequestSender - Using pooled Channel '[id: 0x404f89ca, L:/127.0.0.1:62341 - R:localhost/127.0.0.1:5242]' for 'GET' to 'http://localhost:5242/session/5f2b112862c52d4155b6376add39ec37/screenshot'
04:21:00.390 [Forwarding screenshot on session 5f2b112862c52d4155b6376add39ec37 to remote] DEBUG org.asynchttpclient.netty.request.NettyRequestSender - Using open Channel [id: 0x404f89ca, L:/127.0.0.1:62341 - R:localhost/127.0.0.1:5242] for GET '/session/5f2b112862c52d4155b6376add39ec37/screenshot'
04:21:00.590 [AsyncHttpClient-1-8] DEBUG org.asynchttpclient.netty.handler.HttpHandler - 

Request DefaultFullHttpRequest(decodeResult: success, version: HTTP/1.1, content: EmptyByteBufBE)
GET /session/5f2b112862c52d4155b6376add39ec37/screenshot HTTP/1.1
User-Agent: selenium/4.8.1 (java mac)
Cache-Control: no-cache
Content-Type: application/json; charset=utf-8
host: localhost:5242
accept: */*

Response DefaultHttpResponse(decodeResult: success, version: HTTP/1.1)
HTTP/1.1 200 OK
Content-Length: 100096
Content-Type: application/json; charset=utf-8
cache-control: no-cache

04:21:00.590 [AsyncHttpClient-1-8] DEBUG org.asynchttpclient.netty.channel.ChannelManager - Adding key: http://localhost:5242 for channel [id: 0x404f89ca, L:/127.0.0.1:62341 - R:localhost/127.0.0.1:5242]
04:21:00.592 [main] DEBUG net.serenitybdd.core.photography.Darkroom - Send negative for processing for target/site/serenity/377ffb6d1550d3632e8c516234cfcf50b136ee3152a3183094b22917dd9b473e.png
04:21:00.593 [main] DEBUG net.thucydides.core.steps.StepInterceptor - STEP DONE: validateOnTheLoginPage
  &amp#27;[32mGiven &amp#27;[0m&amp#27;[32mI am on the login page&amp#27;[0m                                   &amp#27;[90m# starter.stepdef.LoginSteps.iAmOnTheLoginPage()&amp#27;[0m
04:21:00.596 [Forwarding getPageSource on session 5f2b112862c52d4155b6376add39ec37 to remote] DEBUG org.asynchttpclient.netty.request.NettyRequestSender - Using pooled Channel '[id: 0x404f89ca, L:/127.0.0.1:62341 - R:localhost/127.0.0.1:5242]' for 'POST' to 'http://localhost:5242/session/5f2b112862c52d4155b6376add39ec37/execute/sync'
04:21:00.596 [Forwarding getPageSource on session 5f2b112862c52d4155b6376add39ec37 to remote] DEBUG org.asynchttpclient.netty.request.NettyRequestSender - Using open Channel [id: 0x404f89ca, L:/127.0.0.1:62341 - R:localhost/127.0.0.1:5242] for POST '/session/5f2b112862c52d4155b6376add39ec37/execute/sync'
04:21:00.599 [AsyncHttpClient-1-8] DEBUG org.asynchttpclient.netty.handler.HttpHandler - 

Request DefaultHttpRequest(decodeResult: success, version: HTTP/1.1)
POST /session/5f2b112862c52d4155b6376add39ec37/execute/sync HTTP/1.1
User-Agent: selenium/4.8.1 (java mac)
Content-Length: 176
Content-Type: application/json; charset=utf-8
host: localhost:5242
accept: */*

Response DefaultHttpResponse(decodeResult: success, version: HTTP/1.1)
HTTP/1.1 200 OK
Content-Length: 4286
Content-Type: application/json; charset=utf-8
cache-control: no-cache

04:21:00.599 [AsyncHttpClient-1-8] DEBUG org.asynchttpclient.netty.channel.ChannelManager - Adding key: http://localhost:5242 for channel [id: 0x404f89ca, L:/127.0.0.1:62341 - R:localhost/127.0.0.1:5242]
04:21:00.599 [Forwarding getCurrentUrl on session 5f2b112862c52d4155b6376add39ec37 to remote] DEBUG org.asynchttpclient.netty.request.NettyRequestSender - Using pooled Channel '[id: 0x404f89ca, L:/127.0.0.1:62341 - R:localhost/127.0.0.1:5242]' for 'GET' to 'http://localhost:5242/session/5f2b112862c52d4155b6376add39ec37/url'
04:21:00.599 [Forwarding getCurrentUrl on session 5f2b112862c52d4155b6376add39ec37 to remote] DEBUG org.asynchttpclient.netty.request.NettyRequestSender - Using open Channel [id: 0x404f89ca, L:/127.0.0.1:62341 - R:localhost/127.0.0.1:5242] for GET '/session/5f2b112862c52d4155b6376add39ec37/url'
04:21:00.601 [AsyncHttpClient-1-8] DEBUG org.asynchttpclient.netty.handler.HttpHandler - 

Request DefaultFullHttpRequest(decodeResult: success, version: HTTP/1.1, content: EmptyByteBufBE)
GET /session/5f2b112862c52d4155b6376add39ec37/url HTTP/1.1
User-Agent: selenium/4.8.1 (java mac)
Cache-Control: no-cache
Content-Type: application/json; charset=utf-8
host: localhost:5242
accept: */*

Response DefaultHttpResponse(decodeResult: success, version: HTTP/1.1)
HTTP/1.1 200 OK
Content-Length: 38
Content-Type: application/json; charset=utf-8
cache-control: no-cache

04:21:00.601 [AsyncHttpClient-1-8] DEBUG org.asynchttpclient.netty.channel.ChannelManager - Adding key: http://localhost:5242 for channel [id: 0x404f89ca, L:/127.0.0.1:62341 - R:localhost/127.0.0.1:5242]
04:21:00.605 [Forwarding getPageSource on session 5f2b112862c52d4155b6376add39ec37 to remote] DEBUG org.asynchttpclient.netty.request.NettyRequestSender - Using pooled Channel '[id: 0x404f89ca, L:/127.0.0.1:62341 - R:localhost/127.0.0.1:5242]' for 'POST' to 'http://localhost:5242/session/5f2b112862c52d4155b6376add39ec37/execute/sync'
04:21:00.605 [Forwarding getPageSource on session 5f2b112862c52d4155b6376add39ec37 to remote] DEBUG org.asynchttpclient.netty.request.NettyRequestSender - Using open Channel [id: 0x404f89ca, L:/127.0.0.1:62341 - R:localhost/127.0.0.1:5242] for POST '/session/5f2b112862c52d4155b6376add39ec37/execute/sync'
04:21:00.607 [AsyncHttpClient-1-8] DEBUG org.asynchttpclient.netty.handler.HttpHandler - 

Request DefaultHttpRequest(decodeResult: success, version: HTTP/1.1)
POST /session/5f2b112862c52d4155b6376add39ec37/execute/sync HTTP/1.1
User-Agent: selenium/4.8.1 (java mac)
Content-Length: 176
Content-Type: application/json; charset=utf-8
host: localhost:5242
accept: */*

Response DefaultHttpResponse(decodeResult: success, version: HTTP/1.1)
HTTP/1.1 200 OK
Content-Length: 4286
Content-Type: application/json; charset=utf-8
cache-control: no-cache

04:21:00.607 [AsyncHttpClient-1-8] DEBUG org.asynchttpclient.netty.channel.ChannelManager - Adding key: http://localhost:5242 for channel [id: 0x404f89ca, L:/127.0.0.1:62341 - R:localhost/127.0.0.1:5242]
04:21:00.608 [Forwarding getCurrentUrl on session 5f2b112862c52d4155b6376add39ec37 to remote] DEBUG org.asynchttpclient.netty.request.NettyRequestSender - Using pooled Channel '[id: 0x404f89ca, L:/127.0.0.1:62341 - R:localhost/127.0.0.1:5242]' for 'GET' to 'http://localhost:5242/session/5f2b112862c52d4155b6376add39ec37/url'
04:21:00.608 [Forwarding getCurrentUrl on session 5f2b112862c52d4155b6376add39ec37 to remote] DEBUG org.asynchttpclient.netty.request.NettyRequestSender - Using open Channel [id: 0x404f89ca, L:/127.0.0.1:62341 - R:localhost/127.0.0.1:5242] for GET '/session/5f2b112862c52d4155b6376add39ec37/url'
04:21:00.611 [AsyncHttpClient-1-8] DEBUG org.asynchttpclient.netty.handler.HttpHandler - 

Request DefaultFullHttpRequest(decodeResult: success, version: HTTP/1.1, content: EmptyByteBufBE)
GET /session/5f2b112862c52d4155b6376add39ec37/url HTTP/1.1
User-Agent: selenium/4.8.1 (java mac)
Cache-Control: no-cache
Content-Type: application/json; charset=utf-8
host: localhost:5242
accept: */*

Response DefaultHttpResponse(decodeResult: success, version: HTTP/1.1)
HTTP/1.1 200 OK
Content-Length: 38
Content-Type: application/json; charset=utf-8
cache-control: no-cache

04:21:00.611 [AsyncHttpClient-1-8] DEBUG org.asynchttpclient.netty.channel.ChannelManager - Adding key: http://localhost:5242 for channel [id: 0x404f89ca, L:/127.0.0.1:62341 - R:localhost/127.0.0.1:5242]
04:21:00.612 [main] DEBUG net.thucydides.core.steps.StepInterceptor - STARTING STEP: LoginSteps.iEnterUsername - inputUsername
04:21:00.613 [Forwarding findElement on session 5f2b112862c52d4155b6376add39ec37 to remote] DEBUG org.asynchttpclient.netty.request.NettyRequestSender - Using pooled Channel '[id: 0x404f89ca, L:/127.0.0.1:62341 - R:localhost/127.0.0.1:5242]' for 'POST' to 'http://localhost:5242/session/5f2b112862c52d4155b6376add39ec37/element'
04:21:00.613 [Forwarding findElement on session 5f2b112862c52d4155b6376add39ec37 to remote] DEBUG org.asynchttpclient.netty.request.NettyRequestSender - Using open Channel [id: 0x404f89ca, L:/127.0.0.1:62341 - R:localhost/127.0.0.1:5242] for POST '/session/5f2b112862c52d4155b6376add39ec37/element'
04:21:00.682 [AsyncHttpClient-1-8] DEBUG org.asynchttpclient.netty.handler.HttpHandler - 

Request DefaultHttpRequest(decodeResult: success, version: HTTP/1.1)
POST /session/5f2b112862c52d4155b6376add39ec37/element HTTP/1.1
User-Agent: selenium/4.8.1 (java mac)
Content-Length: 56
Content-Type: application/json; charset=utf-8
host: localhost:5242
accept: */*

Response DefaultHttpResponse(decodeResult: success, version: HTTP/1.1)
HTTP/1.1 200 OK
Content-Length: 88
Content-Type: application/json; charset=utf-8
cache-control: no-cache

04:21:00.682 [AsyncHttpClient-1-8] DEBUG org.asynchttpclient.netty.channel.ChannelManager - Adding key: http://localhost:5242 for channel [id: 0x404f89ca, L:/127.0.0.1:62341 - R:localhost/127.0.0.1:5242]
04:21:00.683 [Forwarding clearElement on session 5f2b112862c52d4155b6376add39ec37 to remote] DEBUG org.asynchttpclient.netty.request.NettyRequestSender - Using pooled Channel '[id: 0x404f89ca, L:/127.0.0.1:62341 - R:localhost/127.0.0.1:5242]' for 'POST' to 'http://localhost:5242/session/5f2b112862c52d4155b6376add39ec37/element/c59e79f9-8e7f-497e-a8bb-894b783a9f13/clear'
04:21:00.683 [Forwarding clearElement on session 5f2b112862c52d4155b6376add39ec37 to remote] DEBUG org.asynchttpclient.netty.request.NettyRequestSender - Using open Channel [id: 0x404f89ca, L:/127.0.0.1:62341 - R:localhost/127.0.0.1:5242] for POST '/session/5f2b112862c52d4155b6376add39ec37/element/c59e79f9-8e7f-497e-a8bb-894b783a9f13/clear'
04:21:00.745 [AsyncHttpClient-1-8] DEBUG org.asynchttpclient.netty.handler.HttpHandler - 

Request DefaultHttpRequest(decodeResult: success, version: HTTP/1.1)
POST /session/5f2b112862c52d4155b6376add39ec37/element/c59e79f9-8e7f-497e-a8bb-894b783a9f13/clear HTTP/1.1
User-Agent: selenium/4.8.1 (java mac)
Content-Length: 50
Content-Type: application/json; charset=utf-8
host: localhost:5242
accept: */*

Response DefaultHttpResponse(decodeResult: success, version: HTTP/1.1)
HTTP/1.1 200 OK
Content-Length: 14
Content-Type: application/json; charset=utf-8
cache-control: no-cache

04:21:00.745 [AsyncHttpClient-1-8] DEBUG org.asynchttpclient.netty.channel.ChannelManager - Adding key: http://localhost:5242 for channel [id: 0x404f89ca, L:/127.0.0.1:62341 - R:localhost/127.0.0.1:5242]
04:21:00.746 [Forwarding sendKeysToElement on session 5f2b112862c52d4155b6376add39ec37 to remote] DEBUG org.asynchttpclient.netty.request.NettyRequestSender - Using pooled Channel '[id: 0x404f89ca, L:/127.0.0.1:62341 - R:localhost/127.0.0.1:5242]' for 'POST' to 'http://localhost:5242/session/5f2b112862c52d4155b6376add39ec37/element/c59e79f9-8e7f-497e-a8bb-894b783a9f13/value'
04:21:00.746 [Forwarding sendKeysToElement on session 5f2b112862c52d4155b6376add39ec37 to remote] DEBUG org.asynchttpclient.netty.request.NettyRequestSender - Using open Channel [id: 0x404f89ca, L:/127.0.0.1:62341 - R:localhost/127.0.0.1:5242] for POST '/session/5f2b112862c52d4155b6376add39ec37/element/c59e79f9-8e7f-497e-a8bb-894b783a9f13/value'
04:21:01.048 [AsyncHttpClient-1-8] DEBUG org.asynchttpclient.netty.handler.HttpHandler - 

Request DefaultHttpRequest(decodeResult: success, version: HTTP/1.1)
POST /session/5f2b112862c52d4155b6376add39ec37/element/c59e79f9-8e7f-497e-a8bb-894b783a9f13/value HTTP/1.1
User-Agent: selenium/4.8.1 (java mac)
Content-Length: 201
Content-Type: application/json; charset=utf-8
host: localhost:5242
accept: */*

Response DefaultHttpResponse(decodeResult: success, version: HTTP/1.1)
HTTP/1.1 200 OK
Content-Length: 14
Content-Type: application/json; charset=utf-8
cache-control: no-cache

04:21:01.048 [AsyncHttpClient-1-8] DEBUG org.asynchttpclient.netty.channel.ChannelManager - Adding key: http://localhost:5242 for channel [id: 0x404f89ca, L:/127.0.0.1:62341 - R:localhost/127.0.0.1:5242]
04:21:01.052 [Forwarding getAlertText on session 5f2b112862c52d4155b6376add39ec37 to remote] DEBUG org.asynchttpclient.netty.request.NettyRequestSender - Using pooled Channel '[id: 0x404f89ca, L:/127.0.0.1:62341 - R:localhost/127.0.0.1:5242]' for 'GET' to 'http://localhost:5242/session/5f2b112862c52d4155b6376add39ec37/alert/text'
04:21:01.052 [Forwarding getAlertText on session 5f2b112862c52d4155b6376add39ec37 to remote] DEBUG org.asynchttpclient.netty.request.NettyRequestSender - Using open Channel [id: 0x404f89ca, L:/127.0.0.1:62341 - R:localhost/127.0.0.1:5242] for GET '/session/5f2b112862c52d4155b6376add39ec37/alert/text'
04:21:01.060 [AsyncHttpClient-1-8] DEBUG org.asynchttpclient.netty.handler.HttpHandler - 

Request DefaultFullHttpRequest(decodeResult: success, version: HTTP/1.1, content: EmptyByteBufBE)
GET /session/5f2b112862c52d4155b6376add39ec37/alert/text HTTP/1.1
User-Agent: selenium/4.8.1 (java mac)
Cache-Control: no-cache
Content-Type: application/json; charset=utf-8
host: localhost:5242
accept: */*

Response DefaultHttpResponse(decodeResult: success, version: HTTP/1.1)
HTTP/1.1 404 Not Found
Content-Length: 1762
Content-Type: application/json; charset=utf-8
cache-control: no-cache

04:21:01.060 [AsyncHttpClient-1-8] DEBUG org.asynchttpclient.netty.channel.ChannelManager - Adding key: http://localhost:5242 for channel [id: 0x404f89ca, L:/127.0.0.1:62341 - R:localhost/127.0.0.1:5242]
04:21:01.061 [Forwarding getCurrentUrl on session 5f2b112862c52d4155b6376add39ec37 to remote] DEBUG org.asynchttpclient.netty.request.NettyRequestSender - Using pooled Channel '[id: 0x404f89ca, L:/127.0.0.1:62341 - R:localhost/127.0.0.1:5242]' for 'GET' to 'http://localhost:5242/session/5f2b112862c52d4155b6376add39ec37/url'
04:21:01.061 [Forwarding getCurrentUrl on session 5f2b112862c52d4155b6376add39ec37 to remote] DEBUG org.asynchttpclient.netty.request.NettyRequestSender - Using open Channel [id: 0x404f89ca, L:/127.0.0.1:62341 - R:localhost/127.0.0.1:5242] for GET '/session/5f2b112862c52d4155b6376add39ec37/url'
04:21:01.063 [AsyncHttpClient-1-8] DEBUG org.asynchttpclient.netty.handler.HttpHandler - 

Request DefaultFullHttpRequest(decodeResult: success, version: HTTP/1.1, content: EmptyByteBufBE)
GET /session/5f2b112862c52d4155b6376add39ec37/url HTTP/1.1
User-Agent: selenium/4.8.1 (java mac)
Cache-Control: no-cache
Content-Type: application/json; charset=utf-8
host: localhost:5242
accept: */*

Response DefaultHttpResponse(decodeResult: success, version: HTTP/1.1)
HTTP/1.1 200 OK
Content-Length: 38
Content-Type: application/json; charset=utf-8
cache-control: no-cache

04:21:01.063 [AsyncHttpClient-1-8] DEBUG org.asynchttpclient.netty.channel.ChannelManager - Adding key: http://localhost:5242 for channel [id: 0x404f89ca, L:/127.0.0.1:62341 - R:localhost/127.0.0.1:5242]
04:21:01.064 [Forwarding screenshot on session 5f2b112862c52d4155b6376add39ec37 to remote] DEBUG org.asynchttpclient.netty.request.NettyRequestSender - Using pooled Channel '[id: 0x404f89ca, L:/127.0.0.1:62341 - R:localhost/127.0.0.1:5242]' for 'GET' to 'http://localhost:5242/session/5f2b112862c52d4155b6376add39ec37/screenshot'
04:21:01.064 [Forwarding screenshot on session 5f2b112862c52d4155b6376add39ec37 to remote] DEBUG org.asynchttpclient.netty.request.NettyRequestSender - Using open Channel [id: 0x404f89ca, L:/127.0.0.1:62341 - R:localhost/127.0.0.1:5242] for GET '/session/5f2b112862c52d4155b6376add39ec37/screenshot'
04:21:01.096 [AsyncHttpClient-1-1] DEBUG org.asynchttpclient.netty.channel.DefaultChannelPool - Entry count for : http://localhost:62342 : 1
04:21:01.288 [AsyncHttpClient-1-8] DEBUG org.asynchttpclient.netty.handler.HttpHandler - 

Request DefaultFullHttpRequest(decodeResult: success, version: HTTP/1.1, content: EmptyByteBufBE)
GET /session/5f2b112862c52d4155b6376add39ec37/screenshot HTTP/1.1
User-Agent: selenium/4.8.1 (java mac)
Cache-Control: no-cache
Content-Type: application/json; charset=utf-8
host: localhost:5242
accept: */*

Response DefaultHttpResponse(decodeResult: success, version: HTTP/1.1)
HTTP/1.1 200 OK
Content-Length: 100740
Content-Type: application/json; charset=utf-8
cache-control: no-cache

04:21:01.289 [AsyncHttpClient-1-8] DEBUG org.asynchttpclient.netty.channel.ChannelManager - Adding key: http://localhost:5242 for channel [id: 0x404f89ca, L:/127.0.0.1:62341 - R:localhost/127.0.0.1:5242]
04:21:01.291 [main] DEBUG net.serenitybdd.core.photography.Darkroom - Send negative for processing for target/site/serenity/0a24dbf388a9f2b32018607a9f8e140a98dce324955eb2d10ea0a03e9999c901.png
04:21:01.291 [Darkroom Processing Line] DEBUG net.serenitybdd.core.photography.DarkroomProcessingLine - Processing screenshot image in /var/screenshots/screenshot-5750494538137359506
04:21:01.291 [Darkroom Processing Line] DEBUG net.serenitybdd.core.photography.DarkroomProcessingLine - Saving screenshot to target/site/serenity/0a24dbf388a9f2b32018607a9f8e140a98dce324955eb2d10ea0a03e9999c901.png
04:21:01.291 [main] DEBUG net.thucydides.core.steps.StepInterceptor - STEP DONE: inputUsername
  &amp#27;[32mWhen &amp#27;[0m&amp#27;[32mI enter "problem_user" username&amp#27;[0m                           &amp#27;[90m# starter.stepdef.LoginSteps.iEnterUsername()&amp#27;[0m
04:21:01.295 [Forwarding getPageSource on session 5f2b112862c52d4155b6376add39ec37 to remote] DEBUG org.asynchttpclient.netty.request.NettyRequestSender - Using pooled Channel '[id: 0x404f89ca, L:/127.0.0.1:62341 - R:localhost/127.0.0.1:5242]' for 'POST' to 'http://localhost:5242/session/5f2b112862c52d4155b6376add39ec37/execute/sync'
04:21:01.295 [Forwarding getPageSource on session 5f2b112862c52d4155b6376add39ec37 to remote] DEBUG org.asynchttpclient.netty.request.NettyRequestSender - Using open Channel [id: 0x404f89ca, L:/127.0.0.1:62341 - R:localhost/127.0.0.1:5242] for POST '/session/5f2b112862c52d4155b6376add39ec37/execute/sync'
04:21:01.297 [AsyncHttpClient-1-8] DEBUG org.asynchttpclient.netty.handler.HttpHandler - 

Request DefaultHttpRequest(decodeResult: success, version: HTTP/1.1)
POST /session/5f2b112862c52d4155b6376add39ec37/execute/sync HTTP/1.1
User-Agent: selenium/4.8.1 (java mac)
Content-Length: 176
Content-Type: application/json; charset=utf-8
host: localhost:5242
accept: */*

Response DefaultHttpResponse(decodeResult: success, version: HTTP/1.1)
HTTP/1.1 200 OK
Content-Length: 4298
Content-Type: application/json; charset=utf-8
cache-control: no-cache

04:21:01.297 [AsyncHttpClient-1-8] DEBUG org.asynchttpclient.netty.channel.ChannelManager - Adding key: http://localhost:5242 for channel [id: 0x404f89ca, L:/127.0.0.1:62341 - R:localhost/127.0.0.1:5242]
04:21:01.298 [Forwarding getCurrentUrl on session 5f2b112862c52d4155b6376add39ec37 to remote] DEBUG org.asynchttpclient.netty.request.NettyRequestSender - Using pooled Channel '[id: 0x404f89ca, L:/127.0.0.1:62341 - R:localhost/127.0.0.1:5242]' for 'GET' to 'http://localhost:5242/session/5f2b112862c52d4155b6376add39ec37/url'
04:21:01.298 [Forwarding getCurrentUrl on session 5f2b112862c52d4155b6376add39ec37 to remote] DEBUG org.asynchttpclient.netty.request.NettyRequestSender - Using open Channel [id: 0x404f89ca, L:/127.0.0.1:62341 - R:localhost/127.0.0.1:5242] for GET '/session/5f2b112862c52d4155b6376add39ec37/url'
04:21:01.300 [AsyncHttpClient-1-8] DEBUG org.asynchttpclient.netty.handler.HttpHandler - 

Request DefaultFullHttpRequest(decodeResult: success, version: HTTP/1.1, content: EmptyByteBufBE)
GET /session/5f2b112862c52d4155b6376add39ec37/url HTTP/1.1
User-Agent: selenium/4.8.1 (java mac)
Cache-Control: no-cache
Content-Type: application/json; charset=utf-8
host: localhost:5242
accept: */*

Response DefaultHttpResponse(decodeResult: success, version: HTTP/1.1)
HTTP/1.1 200 OK
Content-Length: 38
Content-Type: application/json; charset=utf-8
cache-control: no-cache

04:21:01.300 [AsyncHttpClient-1-8] DEBUG org.asynchttpclient.netty.channel.ChannelManager - Adding key: http://localhost:5242 for channel [id: 0x404f89ca, L:/127.0.0.1:62341 - R:localhost/127.0.0.1:5242]
04:21:01.304 [Forwarding getPageSource on session 5f2b112862c52d4155b6376add39ec37 to remote] DEBUG org.asynchttpclient.netty.request.NettyRequestSender - Using pooled Channel '[id: 0x404f89ca, L:/127.0.0.1:62341 - R:localhost/127.0.0.1:5242]' for 'POST' to 'http://localhost:5242/session/5f2b112862c52d4155b6376add39ec37/execute/sync'
04:21:01.304 [Forwarding getPageSource on session 5f2b112862c52d4155b6376add39ec37 to remote] DEBUG org.asynchttpclient.netty.request.NettyRequestSender - Using open Channel [id: 0x404f89ca, L:/127.0.0.1:62341 - R:localhost/127.0.0.1:5242] for POST '/session/5f2b112862c52d4155b6376add39ec37/execute/sync'
04:21:01.306 [AsyncHttpClient-1-8] DEBUG org.asynchttpclient.netty.handler.HttpHandler - 

Request DefaultHttpRequest(decodeResult: success, version: HTTP/1.1)
POST /session/5f2b112862c52d4155b6376add39ec37/execute/sync HTTP/1.1
User-Agent: selenium/4.8.1 (java mac)
Content-Length: 176
Content-Type: application/json; charset=utf-8
host: localhost:5242
accept: */*

Response DefaultHttpResponse(decodeResult: success, version: HTTP/1.1)
HTTP/1.1 200 OK
Content-Length: 4298
Content-Type: application/json; charset=utf-8
cache-control: no-cache

04:21:01.306 [AsyncHttpClient-1-8] DEBUG org.asynchttpclient.netty.channel.ChannelManager - Adding key: http://localhost:5242 for channel [id: 0x404f89ca, L:/127.0.0.1:62341 - R:localhost/127.0.0.1:5242]
04:21:01.307 [Forwarding getCurrentUrl on session 5f2b112862c52d4155b6376add39ec37 to remote] DEBUG org.asynchttpclient.netty.request.NettyRequestSender - Using pooled Channel '[id: 0x404f89ca, L:/127.0.0.1:62341 - R:localhost/127.0.0.1:5242]' for 'GET' to 'http://localhost:5242/session/5f2b112862c52d4155b6376add39ec37/url'
04:21:01.307 [Forwarding getCurrentUrl on session 5f2b112862c52d4155b6376add39ec37 to remote] DEBUG org.asynchttpclient.netty.request.NettyRequestSender - Using open Channel [id: 0x404f89ca, L:/127.0.0.1:62341 - R:localhost/127.0.0.1:5242] for GET '/session/5f2b112862c52d4155b6376add39ec37/url'
04:21:01.308 [AsyncHttpClient-1-8] DEBUG org.asynchttpclient.netty.handler.HttpHandler - 

Request DefaultFullHttpRequest(decodeResult: success, version: HTTP/1.1, content: EmptyByteBufBE)
GET /session/5f2b112862c52d4155b6376add39ec37/url HTTP/1.1
User-Agent: selenium/4.8.1 (java mac)
Cache-Control: no-cache
Content-Type: application/json; charset=utf-8
host: localhost:5242
accept: */*

Response DefaultHttpResponse(decodeResult: success, version: HTTP/1.1)
HTTP/1.1 200 OK
Content-Length: 38
Content-Type: application/json; charset=utf-8
cache-control: no-cache

04:21:01.308 [AsyncHttpClient-1-8] DEBUG org.asynchttpclient.netty.channel.ChannelManager - Adding key: http://localhost:5242 for channel [id: 0x404f89ca, L:/127.0.0.1:62341 - R:localhost/127.0.0.1:5242]
04:21:01.309 [main] DEBUG net.thucydides.core.steps.StepInterceptor - STARTING STEP: LoginSteps.iEnterValidPassword - inputPassword
04:21:01.310 [Forwarding findElement on session 5f2b112862c52d4155b6376add39ec37 to remote] DEBUG org.asynchttpclient.netty.request.NettyRequestSender - Using pooled Channel '[id: 0x404f89ca, L:/127.0.0.1:62341 - R:localhost/127.0.0.1:5242]' for 'POST' to 'http://localhost:5242/session/5f2b112862c52d4155b6376add39ec37/element'
04:21:01.310 [Forwarding findElement on session 5f2b112862c52d4155b6376add39ec37 to remote] DEBUG org.asynchttpclient.netty.request.NettyRequestSender - Using open Channel [id: 0x404f89ca, L:/127.0.0.1:62341 - R:localhost/127.0.0.1:5242] for POST '/session/5f2b112862c52d4155b6376add39ec37/element'
04:21:01.315 [AsyncHttpClient-1-8] DEBUG org.asynchttpclient.netty.handler.HttpHandler - 

Request DefaultHttpRequest(decodeResult: success, version: HTTP/1.1)
POST /session/5f2b112862c52d4155b6376add39ec37/element HTTP/1.1
User-Agent: selenium/4.8.1 (java mac)
Content-Length: 53
Content-Type: application/json; charset=utf-8
host: localhost:5242
accept: */*

Response DefaultHttpResponse(decodeResult: success, version: HTTP/1.1)
HTTP/1.1 200 OK
Content-Length: 88
Content-Type: application/json; charset=utf-8
cache-control: no-cache

04:21:01.315 [AsyncHttpClient-1-8] DEBUG org.asynchttpclient.netty.channel.ChannelManager - Adding key: http://localhost:5242 for channel [id: 0x404f89ca, L:/127.0.0.1:62341 - R:localhost/127.0.0.1:5242]
04:21:01.316 [Forwarding clearElement on session 5f2b112862c52d4155b6376add39ec37 to remote] DEBUG org.asynchttpclient.netty.request.NettyRequestSender - Using pooled Channel '[id: 0x404f89ca, L:/127.0.0.1:62341 - R:localhost/127.0.0.1:5242]' for 'POST' to 'http://localhost:5242/session/5f2b112862c52d4155b6376add39ec37/element/24be3760-6935-41dd-97fd-003491514b42/clear'
04:21:01.316 [Forwarding clearElement on session 5f2b112862c52d4155b6376add39ec37 to remote] DEBUG org.asynchttpclient.netty.request.NettyRequestSender - Using open Channel [id: 0x404f89ca, L:/127.0.0.1:62341 - R:localhost/127.0.0.1:5242] for POST '/session/5f2b112862c52d4155b6376add39ec37/element/24be3760-6935-41dd-97fd-003491514b42/clear'
04:21:01.331 [AsyncHttpClient-1-8] DEBUG org.asynchttpclient.netty.handler.HttpHandler - 

Request DefaultHttpRequest(decodeResult: success, version: HTTP/1.1)
POST /session/5f2b112862c52d4155b6376add39ec37/element/24be3760-6935-41dd-97fd-003491514b42/clear HTTP/1.1
User-Agent: selenium/4.8.1 (java mac)
Content-Length: 50
Content-Type: application/json; charset=utf-8
host: localhost:5242
accept: */*

Response DefaultHttpResponse(decodeResult: success, version: HTTP/1.1)
HTTP/1.1 200 OK
Content-Length: 14
Content-Type: application/json; charset=utf-8
cache-control: no-cache

04:21:01.331 [AsyncHttpClient-1-8] DEBUG org.asynchttpclient.netty.channel.ChannelManager - Adding key: http://localhost:5242 for channel [id: 0x404f89ca, L:/127.0.0.1:62341 - R:localhost/127.0.0.1:5242]
04:21:01.332 [Forwarding sendKeysToElement on session 5f2b112862c52d4155b6376add39ec37 to remote] DEBUG org.asynchttpclient.netty.request.NettyRequestSender - Using pooled Channel '[id: 0x404f89ca, L:/127.0.0.1:62341 - R:localhost/127.0.0.1:5242]' for 'POST' to 'http://localhost:5242/session/5f2b112862c52d4155b6376add39ec37/element/24be3760-6935-41dd-97fd-003491514b42/value'
04:21:01.332 [Forwarding sendKeysToElement on session 5f2b112862c52d4155b6376add39ec37 to remote] DEBUG org.asynchttpclient.netty.request.NettyRequestSender - Using open Channel [id: 0x404f89ca, L:/127.0.0.1:62341 - R:localhost/127.0.0.1:5242] for POST '/session/5f2b112862c52d4155b6376add39ec37/element/24be3760-6935-41dd-97fd-003491514b42/value'
04:21:01.409 [AsyncHttpClient-1-8] DEBUG org.asynchttpclient.netty.handler.HttpHandler - 

Request DefaultHttpRequest(decodeResult: success, version: HTTP/1.1)
POST /session/5f2b112862c52d4155b6376add39ec37/element/24be3760-6935-41dd-97fd-003491514b42/value HTTP/1.1
User-Agent: selenium/4.8.1 (java mac)
Content-Length: 201
Content-Type: application/json; charset=utf-8
host: localhost:5242
accept: */*

Response DefaultHttpResponse(decodeResult: success, version: HTTP/1.1)
HTTP/1.1 200 OK
Content-Length: 14
Content-Type: application/json; charset=utf-8
cache-control: no-cache

04:21:01.409 [AsyncHttpClient-1-8] DEBUG org.asynchttpclient.netty.channel.ChannelManager - Adding key: http://localhost:5242 for channel [id: 0x404f89ca, L:/127.0.0.1:62341 - R:localhost/127.0.0.1:5242]
04:21:01.412 [Forwarding getAlertText on session 5f2b112862c52d4155b6376add39ec37 to remote] DEBUG org.asynchttpclient.netty.request.NettyRequestSender - Using pooled Channel '[id: 0x404f89ca, L:/127.0.0.1:62341 - R:localhost/127.0.0.1:5242]' for 'GET' to 'http://localhost:5242/session/5f2b112862c52d4155b6376add39ec37/alert/text'
04:21:01.412 [Forwarding getAlertText on session 5f2b112862c52d4155b6376add39ec37 to remote] DEBUG org.asynchttpclient.netty.request.NettyRequestSender - Using open Channel [id: 0x404f89ca, L:/127.0.0.1:62341 - R:localhost/127.0.0.1:5242] for GET '/session/5f2b112862c52d4155b6376add39ec37/alert/text'
04:21:01.415 [AsyncHttpClient-1-8] DEBUG org.asynchttpclient.netty.handler.HttpHandler - 

Request DefaultFullHttpRequest(decodeResult: success, version: HTTP/1.1, content: EmptyByteBufBE)
GET /session/5f2b112862c52d4155b6376add39ec37/alert/text HTTP/1.1
User-Agent: selenium/4.8.1 (java mac)
Cache-Control: no-cache
Content-Type: application/json; charset=utf-8
host: localhost:5242
accept: */*

Response DefaultHttpResponse(decodeResult: success, version: HTTP/1.1)
HTTP/1.1 404 Not Found
Content-Length: 1762
Content-Type: application/json; charset=utf-8
cache-control: no-cache

04:21:01.415 [AsyncHttpClient-1-8] DEBUG org.asynchttpclient.netty.channel.ChannelManager - Adding key: http://localhost:5242 for channel [id: 0x404f89ca, L:/127.0.0.1:62341 - R:localhost/127.0.0.1:5242]
04:21:01.416 [Forwarding getCurrentUrl on session 5f2b112862c52d4155b6376add39ec37 to remote] DEBUG org.asynchttpclient.netty.request.NettyRequestSender - Using pooled Channel '[id: 0x404f89ca, L:/127.0.0.1:62341 - R:localhost/127.0.0.1:5242]' for 'GET' to 'http://localhost:5242/session/5f2b112862c52d4155b6376add39ec37/url'
04:21:01.416 [Forwarding getCurrentUrl on session 5f2b112862c52d4155b6376add39ec37 to remote] DEBUG org.asynchttpclient.netty.request.NettyRequestSender - Using open Channel [id: 0x404f89ca, L:/127.0.0.1:62341 - R:localhost/127.0.0.1:5242] for GET '/session/5f2b112862c52d4155b6376add39ec37/url'
04:21:01.418 [AsyncHttpClient-1-8] DEBUG org.asynchttpclient.netty.handler.HttpHandler - 

Request DefaultFullHttpRequest(decodeResult: success, version: HTTP/1.1, content: EmptyByteBufBE)
GET /session/5f2b112862c52d4155b6376add39ec37/url HTTP/1.1
User-Agent: selenium/4.8.1 (java mac)
Cache-Control: no-cache
Content-Type: application/json; charset=utf-8
host: localhost:5242
accept: */*

Response DefaultHttpResponse(decodeResult: success, version: HTTP/1.1)
HTTP/1.1 200 OK
Content-Length: 38
Content-Type: application/json; charset=utf-8
cache-control: no-cache

04:21:01.418 [AsyncHttpClient-1-8] DEBUG org.asynchttpclient.netty.channel.ChannelManager - Adding key: http://localhost:5242 for channel [id: 0x404f89ca, L:/127.0.0.1:62341 - R:localhost/127.0.0.1:5242]
04:21:01.418 [Forwarding screenshot on session 5f2b112862c52d4155b6376add39ec37 to remote] DEBUG org.asynchttpclient.netty.request.NettyRequestSender - Using pooled Channel '[id: 0x404f89ca, L:/127.0.0.1:62341 - R:localhost/127.0.0.1:5242]' for 'GET' to 'http://localhost:5242/session/5f2b112862c52d4155b6376add39ec37/screenshot'
04:21:01.418 [Forwarding screenshot on session 5f2b112862c52d4155b6376add39ec37 to remote] DEBUG org.asynchttpclient.netty.request.NettyRequestSender - Using open Channel [id: 0x404f89ca, L:/127.0.0.1:62341 - R:localhost/127.0.0.1:5242] for GET '/session/5f2b112862c52d4155b6376add39ec37/screenshot'
04:21:01.614 [AsyncHttpClient-1-8] DEBUG org.asynchttpclient.netty.handler.HttpHandler - 

Request DefaultFullHttpRequest(decodeResult: success, version: HTTP/1.1, content: EmptyByteBufBE)
GET /session/5f2b112862c52d4155b6376add39ec37/screenshot HTTP/1.1
User-Agent: selenium/4.8.1 (java mac)
Cache-Control: no-cache
Content-Type: application/json; charset=utf-8
host: localhost:5242
accept: */*

Response DefaultHttpResponse(decodeResult: success, version: HTTP/1.1)
HTTP/1.1 200 OK
Content-Length: 97236
Content-Type: application/json; charset=utf-8
cache-control: no-cache

04:21:01.614 [AsyncHttpClient-1-8] DEBUG org.asynchttpclient.netty.channel.ChannelManager - Adding key: http://localhost:5242 for channel [id: 0x404f89ca, L:/127.0.0.1:62341 - R:localhost/127.0.0.1:5242]
04:21:01.616 [main] DEBUG net.serenitybdd.core.photography.Darkroom - Send negative for processing for target/site/serenity/e034a91508b48df3bb924563ea24d6352f4586cb1eff2e3fd41202faca4a474d.png
04:21:01.617 [Darkroom Processing Line] DEBUG net.serenitybdd.core.photography.DarkroomProcessingLine - Processing screenshot image in /var/screenshots/screenshot-14773013697772628847
04:21:01.617 [Darkroom Processing Line] DEBUG net.serenitybdd.core.photography.DarkroomProcessingLine - Saving screenshot to target/site/serenity/e034a91508b48df3bb924563ea24d6352f4586cb1eff2e3fd41202faca4a474d.png
04:21:01.617 [main] DEBUG net.thucydides.core.steps.StepInterceptor - STEP DONE: inputPassword
  &amp#27;[32mAnd &amp#27;[0m&amp#27;[32mI enter valid password&amp#27;[0m                                     &amp#27;[90m# starter.stepdef.LoginSteps.iEnterValidPassword()&amp#27;[0m
04:21:01.620 [Forwarding getPageSource on session 5f2b112862c52d4155b6376add39ec37 to remote] DEBUG org.asynchttpclient.netty.request.NettyRequestSender - Using pooled Channel '[id: 0x404f89ca, L:/127.0.0.1:62341 - R:localhost/127.0.0.1:5242]' for 'POST' to 'http://localhost:5242/session/5f2b112862c52d4155b6376add39ec37/execute/sync'
04:21:01.620 [Forwarding getPageSource on session 5f2b112862c52d4155b6376add39ec37 to remote] DEBUG org.asynchttpclient.netty.request.NettyRequestSender - Using open Channel [id: 0x404f89ca, L:/127.0.0.1:62341 - R:localhost/127.0.0.1:5242] for POST '/session/5f2b112862c52d4155b6376add39ec37/execute/sync'
04:21:01.623 [AsyncHttpClient-1-8] DEBUG org.asynchttpclient.netty.handler.HttpHandler - 

Request DefaultHttpRequest(decodeResult: success, version: HTTP/1.1)
POST /session/5f2b112862c52d4155b6376add39ec37/execute/sync HTTP/1.1
User-Agent: selenium/4.8.1 (java mac)
Content-Length: 176
Content-Type: application/json; charset=utf-8
host: localhost:5242
accept: */*

Response DefaultHttpResponse(decodeResult: success, version: HTTP/1.1)
HTTP/1.1 200 OK
Content-Length: 4310
Content-Type: application/json; charset=utf-8
cache-control: no-cache

04:21:01.623 [AsyncHttpClient-1-8] DEBUG org.asynchttpclient.netty.channel.ChannelManager - Adding key: http://localhost:5242 for channel [id: 0x404f89ca, L:/127.0.0.1:62341 - R:localhost/127.0.0.1:5242]
04:21:01.624 [Forwarding getCurrentUrl on session 5f2b112862c52d4155b6376add39ec37 to remote] DEBUG org.asynchttpclient.netty.request.NettyRequestSender - Using pooled Channel '[id: 0x404f89ca, L:/127.0.0.1:62341 - R:localhost/127.0.0.1:5242]' for 'GET' to 'http://localhost:5242/session/5f2b112862c52d4155b6376add39ec37/url'
04:21:01.624 [Forwarding getCurrentUrl on session 5f2b112862c52d4155b6376add39ec37 to remote] DEBUG org.asynchttpclient.netty.request.NettyRequestSender - Using open Channel [id: 0x404f89ca, L:/127.0.0.1:62341 - R:localhost/127.0.0.1:5242] for GET '/session/5f2b112862c52d4155b6376add39ec37/url'
04:21:01.626 [AsyncHttpClient-1-8] DEBUG org.asynchttpclient.netty.handler.HttpHandler - 

Request DefaultFullHttpRequest(decodeResult: success, version: HTTP/1.1, content: EmptyByteBufBE)
GET /session/5f2b112862c52d4155b6376add39ec37/url HTTP/1.1
User-Agent: selenium/4.8.1 (java mac)
Cache-Control: no-cache
Content-Type: application/json; charset=utf-8
host: localhost:5242
accept: */*

Response DefaultHttpResponse(decodeResult: success, version: HTTP/1.1)
HTTP/1.1 200 OK
Content-Length: 38
Content-Type: application/json; charset=utf-8
cache-control: no-cache

04:21:01.626 [AsyncHttpClient-1-8] DEBUG org.asynchttpclient.netty.channel.ChannelManager - Adding key: http://localhost:5242 for channel [id: 0x404f89ca, L:/127.0.0.1:62341 - R:localhost/127.0.0.1:5242]
04:21:01.630 [Forwarding getPageSource on session 5f2b112862c52d4155b6376add39ec37 to remote] DEBUG org.asynchttpclient.netty.request.NettyRequestSender - Using pooled Channel '[id: 0x404f89ca, L:/127.0.0.1:62341 - R:localhost/127.0.0.1:5242]' for 'POST' to 'http://localhost:5242/session/5f2b112862c52d4155b6376add39ec37/execute/sync'
04:21:01.630 [Forwarding getPageSource on session 5f2b112862c52d4155b6376add39ec37 to remote] DEBUG org.asynchttpclient.netty.request.NettyRequestSender - Using open Channel [id: 0x404f89ca, L:/127.0.0.1:62341 - R:localhost/127.0.0.1:5242] for POST '/session/5f2b112862c52d4155b6376add39ec37/execute/sync'
04:21:01.633 [AsyncHttpClient-1-8] DEBUG org.asynchttpclient.netty.handler.HttpHandler - 

Request DefaultHttpRequest(decodeResult: success, version: HTTP/1.1)
POST /session/5f2b112862c52d4155b6376add39ec37/execute/sync HTTP/1.1
User-Agent: selenium/4.8.1 (java mac)
Content-Length: 176
Content-Type: application/json; charset=utf-8
host: localhost:5242
accept: */*

Response DefaultHttpResponse(decodeResult: success, version: HTTP/1.1)
HTTP/1.1 200 OK
Content-Length: 4310
Content-Type: application/json; charset=utf-8
cache-control: no-cache

04:21:01.634 [AsyncHttpClient-1-8] DEBUG org.asynchttpclient.netty.channel.ChannelManager - Adding key: http://localhost:5242 for channel [id: 0x404f89ca, L:/127.0.0.1:62341 - R:localhost/127.0.0.1:5242]
04:21:01.635 [Forwarding getCurrentUrl on session 5f2b112862c52d4155b6376add39ec37 to remote] DEBUG org.asynchttpclient.netty.request.NettyRequestSender - Using pooled Channel '[id: 0x404f89ca, L:/127.0.0.1:62341 - R:localhost/127.0.0.1:5242]' for 'GET' to 'http://localhost:5242/session/5f2b112862c52d4155b6376add39ec37/url'
04:21:01.635 [Forwarding getCurrentUrl on session 5f2b112862c52d4155b6376add39ec37 to remote] DEBUG org.asynchttpclient.netty.request.NettyRequestSender - Using open Channel [id: 0x404f89ca, L:/127.0.0.1:62341 - R:localhost/127.0.0.1:5242] for GET '/session/5f2b112862c52d4155b6376add39ec37/url'
04:21:01.638 [AsyncHttpClient-1-8] DEBUG org.asynchttpclient.netty.handler.HttpHandler - 

Request DefaultFullHttpRequest(decodeResult: success, version: HTTP/1.1, content: EmptyByteBufBE)
GET /session/5f2b112862c52d4155b6376add39ec37/url HTTP/1.1
User-Agent: selenium/4.8.1 (java mac)
Cache-Control: no-cache
Content-Type: application/json; charset=utf-8
host: localhost:5242
accept: */*

Response DefaultHttpResponse(decodeResult: success, version: HTTP/1.1)
HTTP/1.1 200 OK
Content-Length: 38
Content-Type: application/json; charset=utf-8
cache-control: no-cache

04:21:01.638 [AsyncHttpClient-1-8] DEBUG org.asynchttpclient.netty.channel.ChannelManager - Adding key: http://localhost:5242 for channel [id: 0x404f89ca, L:/127.0.0.1:62341 - R:localhost/127.0.0.1:5242]
04:21:01.639 [main] DEBUG net.thucydides.core.steps.StepInterceptor - STARTING STEP: LoginSteps.iClickLoginButton - clickButtonLogin
04:21:01.640 [Forwarding findElement on session 5f2b112862c52d4155b6376add39ec37 to remote] DEBUG org.asynchttpclient.netty.request.NettyRequestSender - Using pooled Channel '[id: 0x404f89ca, L:/127.0.0.1:62341 - R:localhost/127.0.0.1:5242]' for 'POST' to 'http://localhost:5242/session/5f2b112862c52d4155b6376add39ec37/element'
04:21:01.640 [Forwarding findElement on session 5f2b112862c52d4155b6376add39ec37 to remote] DEBUG org.asynchttpclient.netty.request.NettyRequestSender - Using open Channel [id: 0x404f89ca, L:/127.0.0.1:62341 - R:localhost/127.0.0.1:5242] for POST '/session/5f2b112862c52d4155b6376add39ec37/element'
04:21:01.657 [AsyncHttpClient-1-8] DEBUG org.asynchttpclient.netty.handler.HttpHandler - 

Request DefaultHttpRequest(decodeResult: success, version: HTTP/1.1)
POST /session/5f2b112862c52d4155b6376add39ec37/element HTTP/1.1
User-Agent: selenium/4.8.1 (java mac)
Content-Length: 59
Content-Type: application/json; charset=utf-8
host: localhost:5242
accept: */*

Response DefaultHttpResponse(decodeResult: success, version: HTTP/1.1)
HTTP/1.1 200 OK
Content-Length: 88
Content-Type: application/json; charset=utf-8
cache-control: no-cache

04:21:01.657 [AsyncHttpClient-1-8] DEBUG org.asynchttpclient.netty.channel.ChannelManager - Adding key: http://localhost:5242 for channel [id: 0x404f89ca, L:/127.0.0.1:62341 - R:localhost/127.0.0.1:5242]
04:21:01.658 [Forwarding getElementTagName on session 5f2b112862c52d4155b6376add39ec37 to remote] DEBUG org.asynchttpclient.netty.request.NettyRequestSender - Using pooled Channel '[id: 0x404f89ca, L:/127.0.0.1:62341 - R:localhost/127.0.0.1:5242]' for 'GET' to 'http://localhost:5242/session/5f2b112862c52d4155b6376add39ec37/element/d96d7896-1b68-4a42-b656-e3b12fea5a04/name'
04:21:01.658 [Forwarding getElementTagName on session 5f2b112862c52d4155b6376add39ec37 to remote] DEBUG org.asynchttpclient.netty.request.NettyRequestSender - Using open Channel [id: 0x404f89ca, L:/127.0.0.1:62341 - R:localhost/127.0.0.1:5242] for GET '/session/5f2b112862c52d4155b6376add39ec37/element/d96d7896-1b68-4a42-b656-e3b12fea5a04/name'
04:21:01.661 [AsyncHttpClient-1-8] DEBUG org.asynchttpclient.netty.handler.HttpHandler - 

Request DefaultFullHttpRequest(decodeResult: success, version: HTTP/1.1, content: EmptyByteBufBE)
GET /session/5f2b112862c52d4155b6376add39ec37/element/d96d7896-1b68-4a42-b656-e3b12fea5a04/name HTTP/1.1
User-Agent: selenium/4.8.1 (java mac)
Cache-Control: no-cache
Content-Type: application/json; charset=utf-8
host: localhost:5242
accept: */*

Response DefaultHttpResponse(decodeResult: success, version: HTTP/1.1)
HTTP/1.1 200 OK
Content-Length: 17
Content-Type: application/json; charset=utf-8
cache-control: no-cache

04:21:01.661 [AsyncHttpClient-1-8] DEBUG org.asynchttpclient.netty.channel.ChannelManager - Adding key: http://localhost:5242 for channel [id: 0x404f89ca, L:/127.0.0.1:62341 - R:localhost/127.0.0.1:5242]
04:21:01.662 [Forwarding getElementTagName on session 5f2b112862c52d4155b6376add39ec37 to remote] DEBUG org.asynchttpclient.netty.request.NettyRequestSender - Using pooled Channel '[id: 0x404f89ca, L:/127.0.0.1:62341 - R:localhost/127.0.0.1:5242]' for 'GET' to 'http://localhost:5242/session/5f2b112862c52d4155b6376add39ec37/element/d96d7896-1b68-4a42-b656-e3b12fea5a04/name'
04:21:01.662 [Forwarding getElementTagName on session 5f2b112862c52d4155b6376add39ec37 to remote] DEBUG org.asynchttpclient.netty.request.NettyRequestSender - Using open Channel [id: 0x404f89ca, L:/127.0.0.1:62341 - R:localhost/127.0.0.1:5242] for GET '/session/5f2b112862c52d4155b6376add39ec37/element/d96d7896-1b68-4a42-b656-e3b12fea5a04/name'
04:21:01.664 [AsyncHttpClient-1-8] DEBUG org.asynchttpclient.netty.handler.HttpHandler - 

Request DefaultFullHttpRequest(decodeResult: success, version: HTTP/1.1, content: EmptyByteBufBE)
GET /session/5f2b112862c52d4155b6376add39ec37/element/d96d7896-1b68-4a42-b656-e3b12fea5a04/name HTTP/1.1
User-Agent: selenium/4.8.1 (java mac)
Cache-Control: no-cache
Content-Type: application/json; charset=utf-8
host: localhost:5242
accept: */*

Response DefaultHttpResponse(decodeResult: success, version: HTTP/1.1)
HTTP/1.1 200 OK
Content-Length: 17
Content-Type: application/json; charset=utf-8
cache-control: no-cache

04:21:01.664 [AsyncHttpClient-1-8] DEBUG org.asynchttpclient.netty.channel.ChannelManager - Adding key: http://localhost:5242 for channel [id: 0x404f89ca, L:/127.0.0.1:62341 - R:localhost/127.0.0.1:5242]
04:21:01.665 [Forwarding isElementEnabled on session 5f2b112862c52d4155b6376add39ec37 to remote] DEBUG org.asynchttpclient.netty.request.NettyRequestSender - Using pooled Channel '[id: 0x404f89ca, L:/127.0.0.1:62341 - R:localhost/127.0.0.1:5242]' for 'GET' to 'http://localhost:5242/session/5f2b112862c52d4155b6376add39ec37/element/d96d7896-1b68-4a42-b656-e3b12fea5a04/enabled'
04:21:01.665 [Forwarding isElementEnabled on session 5f2b112862c52d4155b6376add39ec37 to remote] DEBUG org.asynchttpclient.netty.request.NettyRequestSender - Using open Channel [id: 0x404f89ca, L:/127.0.0.1:62341 - R:localhost/127.0.0.1:5242] for GET '/session/5f2b112862c52d4155b6376add39ec37/element/d96d7896-1b68-4a42-b656-e3b12fea5a04/enabled'
04:21:01.672 [AsyncHttpClient-1-8] DEBUG org.asynchttpclient.netty.handler.HttpHandler - 

Request DefaultFullHttpRequest(decodeResult: success, version: HTTP/1.1, content: EmptyByteBufBE)
GET /session/5f2b112862c52d4155b6376add39ec37/element/d96d7896-1b68-4a42-b656-e3b12fea5a04/enabled HTTP/1.1
User-Agent: selenium/4.8.1 (java mac)
Cache-Control: no-cache
Content-Type: application/json; charset=utf-8
host: localhost:5242
accept: */*

Response DefaultHttpResponse(decodeResult: success, version: HTTP/1.1)
HTTP/1.1 200 OK
Content-Length: 14
Content-Type: application/json; charset=utf-8
cache-control: no-cache

04:21:01.673 [AsyncHttpClient-1-8] DEBUG org.asynchttpclient.netty.channel.ChannelManager - Adding key: http://localhost:5242 for channel [id: 0x404f89ca, L:/127.0.0.1:62341 - R:localhost/127.0.0.1:5242]
04:21:01.673 [Forwarding isElementEnabled on session 5f2b112862c52d4155b6376add39ec37 to remote] DEBUG org.asynchttpclient.netty.request.NettyRequestSender - Using pooled Channel '[id: 0x404f89ca, L:/127.0.0.1:62341 - R:localhost/127.0.0.1:5242]' for 'GET' to 'http://localhost:5242/session/5f2b112862c52d4155b6376add39ec37/element/d96d7896-1b68-4a42-b656-e3b12fea5a04/enabled'
04:21:01.673 [Forwarding isElementEnabled on session 5f2b112862c52d4155b6376add39ec37 to remote] DEBUG org.asynchttpclient.netty.request.NettyRequestSender - Using open Channel [id: 0x404f89ca, L:/127.0.0.1:62341 - R:localhost/127.0.0.1:5242] for GET '/session/5f2b112862c52d4155b6376add39ec37/element/d96d7896-1b68-4a42-b656-e3b12fea5a04/enabled'
04:21:01.681 [AsyncHttpClient-1-8] DEBUG org.asynchttpclient.netty.handler.HttpHandler - 

Request DefaultFullHttpRequest(decodeResult: success, version: HTTP/1.1, content: EmptyByteBufBE)
GET /session/5f2b112862c52d4155b6376add39ec37/element/d96d7896-1b68-4a42-b656-e3b12fea5a04/enabled HTTP/1.1
User-Agent: selenium/4.8.1 (java mac)
Cache-Control: no-cache
Content-Type: application/json; charset=utf-8
host: localhost:5242
accept: */*

Response DefaultHttpResponse(decodeResult: success, version: HTTP/1.1)
HTTP/1.1 200 OK
Content-Length: 14
Content-Type: application/json; charset=utf-8
cache-control: no-cache

04:21:01.681 [AsyncHttpClient-1-8] DEBUG org.asynchttpclient.netty.channel.ChannelManager - Adding key: http://localhost:5242 for channel [id: 0x404f89ca, L:/127.0.0.1:62341 - R:localhost/127.0.0.1:5242]
04:21:01.682 [Forwarding findElement on session 5f2b112862c52d4155b6376add39ec37 to remote] DEBUG org.asynchttpclient.netty.request.NettyRequestSender - Using pooled Channel '[id: 0x404f89ca, L:/127.0.0.1:62341 - R:localhost/127.0.0.1:5242]' for 'POST' to 'http://localhost:5242/session/5f2b112862c52d4155b6376add39ec37/element'
04:21:01.682 [Forwarding findElement on session 5f2b112862c52d4155b6376add39ec37 to remote] DEBUG org.asynchttpclient.netty.request.NettyRequestSender - Using open Channel [id: 0x404f89ca, L:/127.0.0.1:62341 - R:localhost/127.0.0.1:5242] for POST '/session/5f2b112862c52d4155b6376add39ec37/element'
04:21:01.688 [AsyncHttpClient-1-8] DEBUG org.asynchttpclient.netty.handler.HttpHandler - 

Request DefaultHttpRequest(decodeResult: success, version: HTTP/1.1)
POST /session/5f2b112862c52d4155b6376add39ec37/element HTTP/1.1
User-Agent: selenium/4.8.1 (java mac)
Content-Length: 59
Content-Type: application/json; charset=utf-8
host: localhost:5242
accept: */*

Response DefaultHttpResponse(decodeResult: success, version: HTTP/1.1)
HTTP/1.1 200 OK
Content-Length: 88
Content-Type: application/json; charset=utf-8
cache-control: no-cache

04:21:01.689 [AsyncHttpClient-1-8] DEBUG org.asynchttpclient.netty.channel.ChannelManager - Adding key: http://localhost:5242 for channel [id: 0x404f89ca, L:/127.0.0.1:62341 - R:localhost/127.0.0.1:5242]
04:21:01.689 [Forwarding clickElement on session 5f2b112862c52d4155b6376add39ec37 to remote] DEBUG org.asynchttpclient.netty.request.NettyRequestSender - Using pooled Channel '[id: 0x404f89ca, L:/127.0.0.1:62341 - R:localhost/127.0.0.1:5242]' for 'POST' to 'http://localhost:5242/session/5f2b112862c52d4155b6376add39ec37/element/d96d7896-1b68-4a42-b656-e3b12fea5a04/click'
04:21:01.689 [Forwarding clickElement on session 5f2b112862c52d4155b6376add39ec37 to remote] DEBUG org.asynchttpclient.netty.request.NettyRequestSender - Using open Channel [id: 0x404f89ca, L:/127.0.0.1:62341 - R:localhost/127.0.0.1:5242] for POST '/session/5f2b112862c52d4155b6376add39ec37/element/d96d7896-1b68-4a42-b656-e3b12fea5a04/click'
04:21:02.193 [AsyncHttpClient-1-1] DEBUG org.asynchttpclient.netty.channel.DefaultChannelPool - Entry count for : http://localhost:62342 : 1
04:21:02.948 [AsyncHttpClient-1-8] DEBUG org.asynchttpclient.netty.handler.HttpHandler - 

Request DefaultHttpRequest(decodeResult: success, version: HTTP/1.1)
POST /session/5f2b112862c52d4155b6376add39ec37/element/d96d7896-1b68-4a42-b656-e3b12fea5a04/click HTTP/1.1
User-Agent: selenium/4.8.1 (java mac)
Content-Length: 50
Content-Type: application/json; charset=utf-8
host: localhost:5242
accept: */*

Response DefaultHttpResponse(decodeResult: success, version: HTTP/1.1)
HTTP/1.1 200 OK
Content-Length: 14
Content-Type: application/json; charset=utf-8
cache-control: no-cache

04:21:02.948 [AsyncHttpClient-1-8] DEBUG org.asynchttpclient.netty.channel.ChannelManager - Adding key: http://localhost:5242 for channel [id: 0x404f89ca, L:/127.0.0.1:62341 - R:localhost/127.0.0.1:5242]
04:21:02.950 [Forwarding getAlertText on session 5f2b112862c52d4155b6376add39ec37 to remote] DEBUG org.asynchttpclient.netty.request.NettyRequestSender - Using pooled Channel '[id: 0x404f89ca, L:/127.0.0.1:62341 - R:localhost/127.0.0.1:5242]' for 'GET' to 'http://localhost:5242/session/5f2b112862c52d4155b6376add39ec37/alert/text'
04:21:02.950 [Forwarding getAlertText on session 5f2b112862c52d4155b6376add39ec37 to remote] DEBUG org.asynchttpclient.netty.request.NettyRequestSender - Using open Channel [id: 0x404f89ca, L:/127.0.0.1:62341 - R:localhost/127.0.0.1:5242] for GET '/session/5f2b112862c52d4155b6376add39ec37/alert/text'
04:21:02.966 [AsyncHttpClient-1-8] DEBUG org.asynchttpclient.netty.handler.HttpHandler - 

Request DefaultFullHttpRequest(decodeResult: success, version: HTTP/1.1, content: EmptyByteBufBE)
GET /session/5f2b112862c52d4155b6376add39ec37/alert/text HTTP/1.1
User-Agent: selenium/4.8.1 (java mac)
Cache-Control: no-cache
Content-Type: application/json; charset=utf-8
host: localhost:5242
accept: */*

Response DefaultHttpResponse(decodeResult: success, version: HTTP/1.1)
HTTP/1.1 404 Not Found
Content-Length: 1762
Content-Type: application/json; charset=utf-8
cache-control: no-cache

04:21:02.966 [AsyncHttpClient-1-8] DEBUG org.asynchttpclient.netty.channel.ChannelManager - Adding key: http://localhost:5242 for channel [id: 0x404f89ca, L:/127.0.0.1:62341 - R:localhost/127.0.0.1:5242]
04:21:02.967 [Forwarding getCurrentUrl on session 5f2b112862c52d4155b6376add39ec37 to remote] DEBUG org.asynchttpclient.netty.request.NettyRequestSender - Using pooled Channel '[id: 0x404f89ca, L:/127.0.0.1:62341 - R:localhost/127.0.0.1:5242]' for 'GET' to 'http://localhost:5242/session/5f2b112862c52d4155b6376add39ec37/url'
04:21:02.967 [Forwarding getCurrentUrl on session 5f2b112862c52d4155b6376add39ec37 to remote] DEBUG org.asynchttpclient.netty.request.NettyRequestSender - Using open Channel [id: 0x404f89ca, L:/127.0.0.1:62341 - R:localhost/127.0.0.1:5242] for GET '/session/5f2b112862c52d4155b6376add39ec37/url'
04:21:02.970 [AsyncHttpClient-1-8] DEBUG org.asynchttpclient.netty.handler.HttpHandler - 

Request DefaultFullHttpRequest(decodeResult: success, version: HTTP/1.1, content: EmptyByteBufBE)
GET /session/5f2b112862c52d4155b6376add39ec37/url HTTP/1.1
User-Agent: selenium/4.8.1 (java mac)
Cache-Control: no-cache
Content-Type: application/json; charset=utf-8
host: localhost:5242
accept: */*

Response DefaultHttpResponse(decodeResult: success, version: HTTP/1.1)
HTTP/1.1 200 OK
Content-Length: 52
Content-Type: application/json; charset=utf-8
cache-control: no-cache

04:21:02.970 [AsyncHttpClient-1-8] DEBUG org.asynchttpclient.netty.channel.ChannelManager - Adding key: http://localhost:5242 for channel [id: 0x404f89ca, L:/127.0.0.1:62341 - R:localhost/127.0.0.1:5242]
04:21:02.971 [Forwarding screenshot on session 5f2b112862c52d4155b6376add39ec37 to remote] DEBUG org.asynchttpclient.netty.request.NettyRequestSender - Using pooled Channel '[id: 0x404f89ca, L:/127.0.0.1:62341 - R:localhost/127.0.0.1:5242]' for 'GET' to 'http://localhost:5242/session/5f2b112862c52d4155b6376add39ec37/screenshot'
04:21:02.971 [Forwarding screenshot on session 5f2b112862c52d4155b6376add39ec37 to remote] DEBUG org.asynchttpclient.netty.request.NettyRequestSender - Using open Channel [id: 0x404f89ca, L:/127.0.0.1:62341 - R:localhost/127.0.0.1:5242] for GET '/session/5f2b112862c52d4155b6376add39ec37/screenshot'
04:21:03.293 [AsyncHttpClient-1-1] DEBUG org.asynchttpclient.netty.channel.DefaultChannelPool - Entry count for : http://localhost:62342 : 1
04:21:03.382 [AsyncHttpClient-1-8] DEBUG org.asynchttpclient.netty.handler.HttpHandler - 

Request DefaultFullHttpRequest(decodeResult: success, version: HTTP/1.1, content: EmptyByteBufBE)
GET /session/5f2b112862c52d4155b6376add39ec37/screenshot HTTP/1.1
User-Agent: selenium/4.8.1 (java mac)
Cache-Control: no-cache
Content-Type: application/json; charset=utf-8
host: localhost:5242
accept: */*

Response DefaultHttpResponse(decodeResult: success, version: HTTP/1.1)
HTTP/1.1 200 OK
Content-Length: 1112100
Content-Type: application/json; charset=utf-8
cache-control: no-cache

04:21:03.383 [AsyncHttpClient-1-8] DEBUG org.asynchttpclient.netty.channel.ChannelManager - Adding key: http://localhost:5242 for channel [id: 0x404f89ca, L:/127.0.0.1:62341 - R:localhost/127.0.0.1:5242]
04:21:03.408 [main] DEBUG net.serenitybdd.core.photography.Darkroom - Send negative for processing for target/site/serenity/940fb0e36054418f9f9e841fc0cfa4fe2cd8d48a14367ff597183ef0ca092306.png
04:21:03.408 [Darkroom Processing Line] DEBUG net.serenitybdd.core.photography.DarkroomProcessingLine - Processing screenshot image in /var/screenshots/screenshot-82764471553445852
04:21:03.408 [Darkroom Processing Line] DEBUG net.serenitybdd.core.photography.DarkroomProcessingLine - Saving screenshot to target/site/serenity/940fb0e36054418f9f9e841fc0cfa4fe2cd8d48a14367ff597183ef0ca092306.png
04:21:03.408 [main] DEBUG net.thucydides.core.steps.StepInterceptor - STEP DONE: clickButtonLogin
  &amp#27;[32mAnd &amp#27;[0m&amp#27;[32mI click login button&amp#27;[0m                                       &amp#27;[90m# starter.stepdef.LoginSteps.iClickLoginButton()&amp#27;[0m
04:21:03.411 [Forwarding getPageSource on session 5f2b112862c52d4155b6376add39ec37 to remote] DEBUG org.asynchttpclient.netty.request.NettyRequestSender - Using pooled Channel '[id: 0x404f89ca, L:/127.0.0.1:62341 - R:localhost/127.0.0.1:5242]' for 'POST' to 'http://localhost:5242/session/5f2b112862c52d4155b6376add39ec37/execute/sync'
04:21:03.411 [Forwarding getPageSource on session 5f2b112862c52d4155b6376add39ec37 to remote] DEBUG org.asynchttpclient.netty.request.NettyRequestSender - Using open Channel [id: 0x404f89ca, L:/127.0.0.1:62341 - R:localhost/127.0.0.1:5242] for POST '/session/5f2b112862c52d4155b6376add39ec37/execute/sync'
04:21:03.427 [AsyncHttpClient-1-8] DEBUG org.asynchttpclient.netty.handler.HttpHandler - 

Request DefaultHttpRequest(decodeResult: success, version: HTTP/1.1)
POST /session/5f2b112862c52d4155b6376add39ec37/execute/sync HTTP/1.1
User-Agent: selenium/4.8.1 (java mac)
Content-Length: 176
Content-Type: application/json; charset=utf-8
host: localhost:5242
accept: */*

Response DefaultHttpResponse(decodeResult: success, version: HTTP/1.1)
HTTP/1.1 200 OK
Content-Length: 16264
Content-Type: application/json; charset=utf-8
cache-control: no-cache

04:21:03.427 [AsyncHttpClient-1-8] DEBUG org.asynchttpclient.netty.channel.ChannelManager - Adding key: http://localhost:5242 for channel [id: 0x404f89ca, L:/127.0.0.1:62341 - R:localhost/127.0.0.1:5242]
04:21:03.430 [Forwarding getCurrentUrl on session 5f2b112862c52d4155b6376add39ec37 to remote] DEBUG org.asynchttpclient.netty.request.NettyRequestSender - Using pooled Channel '[id: 0x404f89ca, L:/127.0.0.1:62341 - R:localhost/127.0.0.1:5242]' for 'GET' to 'http://localhost:5242/session/5f2b112862c52d4155b6376add39ec37/url'
04:21:03.430 [Forwarding getCurrentUrl on session 5f2b112862c52d4155b6376add39ec37 to remote] DEBUG org.asynchttpclient.netty.request.NettyRequestSender - Using open Channel [id: 0x404f89ca, L:/127.0.0.1:62341 - R:localhost/127.0.0.1:5242] for GET '/session/5f2b112862c52d4155b6376add39ec37/url'
04:21:03.432 [AsyncHttpClient-1-8] DEBUG org.asynchttpclient.netty.handler.HttpHandler - 

Request DefaultFullHttpRequest(decodeResult: success, version: HTTP/1.1, content: EmptyByteBufBE)
GET /session/5f2b112862c52d4155b6376add39ec37/url HTTP/1.1
User-Agent: selenium/4.8.1 (java mac)
Cache-Control: no-cache
Content-Type: application/json; charset=utf-8
host: localhost:5242
accept: */*

Response DefaultHttpResponse(decodeResult: success, version: HTTP/1.1)
HTTP/1.1 200 OK
Content-Length: 52
Content-Type: application/json; charset=utf-8
cache-control: no-cache

04:21:03.432 [AsyncHttpClient-1-8] DEBUG org.asynchttpclient.netty.channel.ChannelManager - Adding key: http://localhost:5242 for channel [id: 0x404f89ca, L:/127.0.0.1:62341 - R:localhost/127.0.0.1:5242]
04:21:03.436 [Forwarding getPageSource on session 5f2b112862c52d4155b6376add39ec37 to remote] DEBUG org.asynchttpclient.netty.request.NettyRequestSender - Using pooled Channel '[id: 0x404f89ca, L:/127.0.0.1:62341 - R:localhost/127.0.0.1:5242]' for 'POST' to 'http://localhost:5242/session/5f2b112862c52d4155b6376add39ec37/execute/sync'
04:21:03.436 [Forwarding getPageSource on session 5f2b112862c52d4155b6376add39ec37 to remote] DEBUG org.asynchttpclient.netty.request.NettyRequestSender - Using open Channel [id: 0x404f89ca, L:/127.0.0.1:62341 - R:localhost/127.0.0.1:5242] for POST '/session/5f2b112862c52d4155b6376add39ec37/execute/sync'
04:21:03.438 [AsyncHttpClient-1-8] DEBUG org.asynchttpclient.netty.handler.HttpHandler - 

Request DefaultHttpRequest(decodeResult: success, version: HTTP/1.1)
POST /session/5f2b112862c52d4155b6376add39ec37/execute/sync HTTP/1.1
User-Agent: selenium/4.8.1 (java mac)
Content-Length: 176
Content-Type: application/json; charset=utf-8
host: localhost:5242
accept: */*

Response DefaultHttpResponse(decodeResult: success, version: HTTP/1.1)
HTTP/1.1 200 OK
Content-Length: 16264
Content-Type: application/json; charset=utf-8
cache-control: no-cache

04:21:03.439 [AsyncHttpClient-1-8] DEBUG org.asynchttpclient.netty.channel.ChannelManager - Adding key: http://localhost:5242 for channel [id: 0x404f89ca, L:/127.0.0.1:62341 - R:localhost/127.0.0.1:5242]
04:21:03.440 [Forwarding getCurrentUrl on session 5f2b112862c52d4155b6376add39ec37 to remote] DEBUG org.asynchttpclient.netty.request.NettyRequestSender - Using pooled Channel '[id: 0x404f89ca, L:/127.0.0.1:62341 - R:localhost/127.0.0.1:5242]' for 'GET' to 'http://localhost:5242/session/5f2b112862c52d4155b6376add39ec37/url'
04:21:03.440 [Forwarding getCurrentUrl on session 5f2b112862c52d4155b6376add39ec37 to remote] DEBUG org.asynchttpclient.netty.request.NettyRequestSender - Using open Channel [id: 0x404f89ca, L:/127.0.0.1:62341 - R:localhost/127.0.0.1:5242] for GET '/session/5f2b112862c52d4155b6376add39ec37/url'
04:21:03.442 [AsyncHttpClient-1-8] DEBUG org.asynchttpclient.netty.handler.HttpHandler - 

Request DefaultFullHttpRequest(decodeResult: success, version: HTTP/1.1, content: EmptyByteBufBE)
GET /session/5f2b112862c52d4155b6376add39ec37/url HTTP/1.1
User-Agent: selenium/4.8.1 (java mac)
Cache-Control: no-cache
Content-Type: application/json; charset=utf-8
host: localhost:5242
accept: */*

Response DefaultHttpResponse(decodeResult: success, version: HTTP/1.1)
HTTP/1.1 200 OK
Content-Length: 52
Content-Type: application/json; charset=utf-8
cache-control: no-cache

04:21:03.442 [AsyncHttpClient-1-8] DEBUG org.asynchttpclient.netty.channel.ChannelManager - Adding key: http://localhost:5242 for channel [id: 0x404f89ca, L:/127.0.0.1:62341 - R:localhost/127.0.0.1:5242]
04:21:03.443 [main] DEBUG net.thucydides.core.steps.StepInterceptor - STARTING STEP: LoginSteps.iAmOnTheHomePage - validateOnTheHomePage
04:21:03.444 [Forwarding findElement on session 5f2b112862c52d4155b6376add39ec37 to remote] DEBUG org.asynchttpclient.netty.request.NettyRequestSender - Using pooled Channel '[id: 0x404f89ca, L:/127.0.0.1:62341 - R:localhost/127.0.0.1:5242]' for 'POST' to 'http://localhost:5242/session/5f2b112862c52d4155b6376add39ec37/element'
04:21:03.444 [Forwarding findElement on session 5f2b112862c52d4155b6376add39ec37 to remote] DEBUG org.asynchttpclient.netty.request.NettyRequestSender - Using open Channel [id: 0x404f89ca, L:/127.0.0.1:62341 - R:localhost/127.0.0.1:5242] for POST '/session/5f2b112862c52d4155b6376add39ec37/element'
04:21:03.457 [AsyncHttpClient-1-8] DEBUG org.asynchttpclient.netty.handler.HttpHandler - 

Request DefaultHttpRequest(decodeResult: success, version: HTTP/1.1)
POST /session/5f2b112862c52d4155b6376add39ec37/element HTTP/1.1
User-Agent: selenium/4.8.1 (java mac)
Content-Length: 50
Content-Type: application/json; charset=utf-8
host: localhost:5242
accept: */*

Response DefaultHttpResponse(decodeResult: success, version: HTTP/1.1)
HTTP/1.1 200 OK
Content-Length: 88
Content-Type: application/json; charset=utf-8
cache-control: no-cache

04:21:03.457 [AsyncHttpClient-1-8] DEBUG org.asynchttpclient.netty.channel.ChannelManager - Adding key: http://localhost:5242 for channel [id: 0x404f89ca, L:/127.0.0.1:62341 - R:localhost/127.0.0.1:5242]
04:21:03.458 [Forwarding isElementDisplayed on session 5f2b112862c52d4155b6376add39ec37 to remote] DEBUG org.asynchttpclient.netty.request.NettyRequestSender - Using pooled Channel '[id: 0x404f89ca, L:/127.0.0.1:62341 - R:localhost/127.0.0.1:5242]' for 'POST' to 'http://localhost:5242/session/5f2b112862c52d4155b6376add39ec37/execute/sync'
04:21:03.458 [Forwarding isElementDisplayed on session 5f2b112862c52d4155b6376add39ec37 to remote] DEBUG org.asynchttpclient.netty.request.NettyRequestSender - Using open Channel [id: 0x404f89ca, L:/127.0.0.1:62341 - R:localhost/127.0.0.1:5242] for POST '/session/5f2b112862c52d4155b6376add39ec37/execute/sync'
04:21:03.466 [AsyncHttpClient-1-8] DEBUG org.asynchttpclient.netty.handler.HttpHandler - 

Request DefaultHttpRequest(decodeResult: success, version: HTTP/1.1)
POST /session/5f2b112862c52d4155b6376add39ec37/execute/sync HTTP/1.1
User-Agent: selenium/4.8.1 (java mac)
Content-Length: 48807
Content-Type: application/json; charset=utf-8
host: localhost:5242
accept: */*

Response DefaultHttpResponse(decodeResult: success, version: HTTP/1.1)
HTTP/1.1 200 OK
Content-Length: 14
Content-Type: application/json; charset=utf-8
cache-control: no-cache

04:21:03.466 [AsyncHttpClient-1-8] DEBUG org.asynchttpclient.netty.channel.ChannelManager - Adding key: http://localhost:5242 for channel [id: 0x404f89ca, L:/127.0.0.1:62341 - R:localhost/127.0.0.1:5242]
04:21:03.468 [Forwarding getAlertText on session 5f2b112862c52d4155b6376add39ec37 to remote] DEBUG org.asynchttpclient.netty.request.NettyRequestSender - Using pooled Channel '[id: 0x404f89ca, L:/127.0.0.1:62341 - R:localhost/127.0.0.1:5242]' for 'GET' to 'http://localhost:5242/session/5f2b112862c52d4155b6376add39ec37/alert/text'
04:21:03.468 [Forwarding getAlertText on session 5f2b112862c52d4155b6376add39ec37 to remote] DEBUG org.asynchttpclient.netty.request.NettyRequestSender - Using open Channel [id: 0x404f89ca, L:/127.0.0.1:62341 - R:localhost/127.0.0.1:5242] for GET '/session/5f2b112862c52d4155b6376add39ec37/alert/text'
04:21:03.469 [AsyncHttpClient-1-8] DEBUG org.asynchttpclient.netty.handler.HttpHandler - 

Request DefaultFullHttpRequest(decodeResult: success, version: HTTP/1.1, content: EmptyByteBufBE)
GET /session/5f2b112862c52d4155b6376add39ec37/alert/text HTTP/1.1
User-Agent: selenium/4.8.1 (java mac)
Cache-Control: no-cache
Content-Type: application/json; charset=utf-8
host: localhost:5242
accept: */*

Response DefaultHttpResponse(decodeResult: success, version: HTTP/1.1)
HTTP/1.1 404 Not Found
Content-Length: 1762
Content-Type: application/json; charset=utf-8
cache-control: no-cache

04:21:03.469 [AsyncHttpClient-1-8] DEBUG org.asynchttpclient.netty.channel.ChannelManager - Adding key: http://localhost:5242 for channel [id: 0x404f89ca, L:/127.0.0.1:62341 - R:localhost/127.0.0.1:5242]
04:21:03.470 [Forwarding getCurrentUrl on session 5f2b112862c52d4155b6376add39ec37 to remote] DEBUG org.asynchttpclient.netty.request.NettyRequestSender - Using pooled Channel '[id: 0x404f89ca, L:/127.0.0.1:62341 - R:localhost/127.0.0.1:5242]' for 'GET' to 'http://localhost:5242/session/5f2b112862c52d4155b6376add39ec37/url'
04:21:03.470 [Forwarding getCurrentUrl on session 5f2b112862c52d4155b6376add39ec37 to remote] DEBUG org.asynchttpclient.netty.request.NettyRequestSender - Using open Channel [id: 0x404f89ca, L:/127.0.0.1:62341 - R:localhost/127.0.0.1:5242] for GET '/session/5f2b112862c52d4155b6376add39ec37/url'
04:21:03.472 [AsyncHttpClient-1-8] DEBUG org.asynchttpclient.netty.handler.HttpHandler - 

Request DefaultFullHttpRequest(decodeResult: success, version: HTTP/1.1, content: EmptyByteBufBE)
GET /session/5f2b112862c52d4155b6376add39ec37/url HTTP/1.1
User-Agent: selenium/4.8.1 (java mac)
Cache-Control: no-cache
Content-Type: application/json; charset=utf-8
host: localhost:5242
accept: */*

Response DefaultHttpResponse(decodeResult: success, version: HTTP/1.1)
HTTP/1.1 200 OK
Content-Length: 52
Content-Type: application/json; charset=utf-8
cache-control: no-cache

04:21:03.472 [AsyncHttpClient-1-8] DEBUG org.asynchttpclient.netty.channel.ChannelManager - Adding key: http://localhost:5242 for channel [id: 0x404f89ca, L:/127.0.0.1:62341 - R:localhost/127.0.0.1:5242]
04:21:03.472 [Forwarding screenshot on session 5f2b112862c52d4155b6376add39ec37 to remote] DEBUG org.asynchttpclient.netty.request.NettyRequestSender - Using pooled Channel '[id: 0x404f89ca, L:/127.0.0.1:62341 - R:localhost/127.0.0.1:5242]' for 'GET' to 'http://localhost:5242/session/5f2b112862c52d4155b6376add39ec37/screenshot'
04:21:03.472 [Forwarding screenshot on session 5f2b112862c52d4155b6376add39ec37 to remote] DEBUG org.asynchttpclient.netty.request.NettyRequestSender - Using open Channel [id: 0x404f89ca, L:/127.0.0.1:62341 - R:localhost/127.0.0.1:5242] for GET '/session/5f2b112862c52d4155b6376add39ec37/screenshot'
04:21:03.790 [AsyncHttpClient-1-8] DEBUG org.asynchttpclient.netty.handler.HttpHandler - 

Request DefaultFullHttpRequest(decodeResult: success, version: HTTP/1.1, content: EmptyByteBufBE)
GET /session/5f2b112862c52d4155b6376add39ec37/screenshot HTTP/1.1
User-Agent: selenium/4.8.1 (java mac)
Cache-Control: no-cache
Content-Type: application/json; charset=utf-8
host: localhost:5242
accept: */*

Response DefaultHttpResponse(decodeResult: success, version: HTTP/1.1)
HTTP/1.1 200 OK
Content-Length: 1112100
Content-Type: application/json; charset=utf-8
cache-control: no-cache

04:21:03.791 [AsyncHttpClient-1-8] DEBUG org.asynchttpclient.netty.channel.ChannelManager - Adding key: http://localhost:5242 for channel [id: 0x404f89ca, L:/127.0.0.1:62341 - R:localhost/127.0.0.1:5242]
04:21:03.817 [main] DEBUG net.serenitybdd.core.photography.Darkroom - Send negative for processing for target/site/serenity/940fb0e36054418f9f9e841fc0cfa4fe2cd8d48a14367ff597183ef0ca092306.png
04:21:03.817 [main] DEBUG net.thucydides.core.steps.StepInterceptor - STEP DONE: validateOnTheHomePage
  &amp#27;[32mThen &amp#27;[0m&amp#27;[32mI am on the home page&amp#27;[0m                                     &amp#27;[90m# starter.stepdef.LoginSteps.iAmOnTheHomePage()&amp#27;[0m
04:21:03.819 [main] INFO  - 
  _____   ___   ___   _____     ___     _     ___   ___   ___   ___  
 |_   _| | __| / __| |_   _|   | _ \   /_\   / __| / __| | __| |   \ 
   | |   | _|  \__ \   | |     |  _/  / _ \  \__ \ \__ \ | _|  | |) |
   |_|   |___| |___/   |_|     |_|   /_/ \_\ |___/ |___/ |___| |___/ 

As a user, i login with accepted username problem_user
----------------------------------------------------------------------
04:21:03.820 [Driver Command Executor] DEBUG org.asynchttpclient.netty.request.NettyRequestSender - Using pooled Channel '[id: 0x404f89ca, L:/127.0.0.1:62341 - R:localhost/127.0.0.1:5242]' for 'DELETE' to 'http://localhost:5242/session/5f2b112862c52d4155b6376add39ec37'
04:21:03.820 [Driver Command Executor] DEBUG org.asynchttpclient.netty.request.NettyRequestSender - Using open Channel [id: 0x404f89ca, L:/127.0.0.1:62341 - R:localhost/127.0.0.1:5242] for DELETE '/session/5f2b112862c52d4155b6376add39ec37'
04:21:03.820 [AsyncHttpClient-1-10] DEBUG org.asynchttpclient.netty.handler.WebSocketHandler - Channel Closed: [id: 0xe8e18dbe, L:/127.0.0.1:62348 ! R:localhost/127.0.0.1:62342] with attribute NettyResponseFuture{currentRetry=0,
	isDone=1,
	isCancelled=0,
	asyncHandler=org.asynchttpclient.ws.WebSocketUpgradeHandler@67a8984c,
	nettyRequest=org.asynchttpclient.netty.request.NettyRequest@22aa1add,
	future=java.util.concurrent.CompletableFuture@4809c4a7[Completed normally],
	uri=ws://localhost:62342/devtools/browser/aded3a49-5edd-49d3-bb62-031a1a5b1290,
	keepAlive=true,
	redirectCount=0,
	timeoutsHolder=null,
	inAuth=0,
	touch=1681075258107}
04:21:03.820 [AsyncHttpClient-1-10] DEBUG org.asynchttpclient.netty.channel.ChannelManager - Closing Channel [id: 0xe8e18dbe, L:/127.0.0.1:62348 ! R:localhost/127.0.0.1:62342] 
04:21:03.839 [AsyncHttpClient-1-9] DEBUG org.asynchttpclient.netty.handler.HttpHandler - Channel Closed: [id: 0x1e97e072, L:/127.0.0.1:62347 ! R:localhost/127.0.0.1:62342] with attribute DISCARD
04:21:03.873 [AsyncHttpClient-1-8] DEBUG org.asynchttpclient.netty.handler.HttpHandler - 

Request DefaultFullHttpRequest(decodeResult: success, version: HTTP/1.1, content: EmptyByteBufBE)
DELETE /session/5f2b112862c52d4155b6376add39ec37 HTTP/1.1
User-Agent: selenium/4.8.1 (java mac)
Content-Type: application/json; charset=utf-8
host: localhost:5242
accept: */*

Response DefaultHttpResponse(decodeResult: success, version: HTTP/1.1)
HTTP/1.1 200 OK
Content-Length: 14
Content-Type: application/json; charset=utf-8
cache-control: no-cache

04:21:03.873 [AsyncHttpClient-1-8] DEBUG org.asynchttpclient.netty.channel.ChannelManager - Adding key: http://localhost:5242 for channel [id: 0x404f89ca, L:/127.0.0.1:62341 - R:localhost/127.0.0.1:5242]
04:21:03.886 [AsyncHttpClient-1-8] DEBUG org.asynchttpclient.netty.handler.HttpHandler - Channel Closed: [id: 0x404f89ca, L:/127.0.0.1:62341 ! R:localhost/127.0.0.1:5242] with attribute DISCARD
]]></system-out>
    <system-err><![CDATA[Starting ChromeDriver 111.0.5563.64 (c710e93d5b63b7095afe8c2c17df34408078439d-refs/branch-heads/5563@{#995}) on port 5242
Only local connections are allowed.
Please see https://chromedriver.chromium.org/security-considerations for suggestions on keeping ChromeDriver safe.
ChromeDriver was started successfully.
[1681075257.763][WARNING]: This version of ChromeDriver has not been tested with Chrome version 112.
Apr 10, 2023 4:20:58 AM org.openqa.selenium.devtools.CdpVersionFinder findNearestMatch
WARNING: Unable to find an exact match for CDP version 112, so returning the closest version found: 110
]]></system-err>
  </testcase>
</testsuite>